TN:
SF:/root/Tiger-Compiler/Compiler/myReport.c
FN:11,resetPos
FN:17,recordTokenPos
FN:26,getCurrentPosInfo
FN:31,outputReport
FN:105,errorReport
FNDA:1,resetPos
FNDA:3,recordTokenPos
FNDA:5,getCurrentPosInfo
FNDA:10,outputReport
FNDA:0,errorReport
FNF:5
FNH:4
DA:11,1
DA:13,1
DA:14,1
DA:15,1
DA:17,3
DA:19,3
DA:20,1
DA:21,1
DA:23,3
DA:24,3
DA:26,5
DA:28,5
DA:31,10
DA:33,10
DA:36,7
DA:37,7
DA:39,0
DA:40,0
DA:41,0
DA:42,0
DA:43,0
DA:44,0
DA:45,0
DA:46,0
DA:47,0
DA:48,0
DA:49,0
DA:50,0
DA:51,0
DA:52,0
DA:53,0
DA:54,0
DA:55,0
DA:56,0
DA:57,0
DA:58,0
DA:59,0
DA:60,0
DA:61,0
DA:62,0
DA:63,0
DA:64,0
DA:65,0
DA:66,0
DA:67,0
DA:68,0
DA:69,0
DA:70,0
DA:71,0
DA:72,0
DA:73,0
DA:74,0
DA:75,0
DA:76,0
DA:77,0
DA:78,0
DA:79,0
DA:80,0
DA:81,0
DA:82,0
DA:83,0
DA:86,7
DA:88,7
DA:89,7
DA:91,0
DA:92,0
DA:93,0
DA:95,7
DA:97,4
DA:98,4
DA:99,4
DA:102,7
DA:105,0
DA:107,0
LF:74
LH:24
end_of_record
