TN:
SF:/home/lgxZJ/Desktop/Tiger-Compiler/Compiler/makeMemory.c
FN:19,getRegisteredTypeArray
FN:24,getRegisteredTypeNum
FN:29,getMemoryChain
FN:36,int_compare
FN:42,registerMemoryType
FN:89,registerUniqueType
FN:115,makeMemoryBlock
FN:146,findMemoryBlock
FN:178,freeMemoryChain
FNDA:30,getRegisteredTypeArray
FNDA:18,getRegisteredTypeNum
FNDA:5,getMemoryChain
FNDA:221,int_compare
FNDA:23,registerMemoryType
FNDA:1,registerUniqueType
FNDA:6,makeMemoryBlock
FNDA:6,findMemoryBlock
FNDA:3,freeMemoryChain
FNF:9
FNH:9
DA:19,30
DA:21,30
DA:24,18
DA:26,18
DA:29,5
DA:31,5
DA:36,221
DA:38,221
DA:42,23
DA:45,23
DA:47,100
DA:49,98
DA:51,92
DA:55,16
DA:58,2
DA:59,2
DA:61,2
DA:64,2
DA:65,2
DA:70,2
DA:74,16
DA:75,16
DA:78,16
DA:81,16
DA:89,1
DA:91,8
DA:93,4
DA:95,0
DA:96,1
DA:97,3
DA:101,0
DA:105,0
DA:115,6
DA:118,6
DA:120,6
DA:123,6
DA:124,6
DA:126,0
DA:127,0
DA:130,6
DA:131,6
DA:133,6
DA:134,6
DA:146,6
DA:156,6
DA:158,3
DA:159,3
DA:163,12
DA:165,2
DA:167,2
DA:169,2
DA:170,2
DA:173,4
DA:178,3
DA:180,3
DA:181,10
DA:183,4
DA:185,4
DA:186,4
DA:188,4
DA:191,3
DA:192,3
LF:62
LH:57
end_of_record
