TN:
SF:/root/Tiger-Compiler/Compiler/myTranslate.c
FN:38,Trans_makeAccess
FN:49,Trans_convertAccessFromFrameToLevel
FN:74,Trans_makeAccessList
FN:88,Trans_getAccessListCount
FN:101,Trans_getAccessLevel
FN:108,Trans_accessIsFormal
FN:126,Trans_isLevelEqual
FN:131,Trans_isLevelSame
FN:143,Trans_outermostLevel
FN:160,Trans_isOutermostLevel
FN:167,Trans_resetOutermostLevel
FN:186,Trans_newLevel
FN:206,Trans_allocateLocal
FN:220,Trans_getFormals
FN:229,Trans_getFrame
FN:237,addOneFrag
FN:247,Trans_addOneProcFrag
FN:253,Trans_getProcFrags
FN:258,Trans_resetProcFrags
FN:266,Trans_addOneStringFrag
FN:272,Trans_getStringFrags
FN:277,Trans_resetStringFrags
FN:302,getFrameTotalLocalCount
FN:308,calculateVarAddr
FN:353,getVarAccessFromName
FN:365,doInRegAssigment
FN:379,doInFrameAssigment
FN:403,Trans_decAssignment
FN:419,Trans_LValueExp_simpleVar
FN:436,Trans_LValueExp_GetRecordPtr
FN:452,Trans_LValueExp_GetArrayPtr
FN:478,Trans_noParamfunctionCall
FN:488,Trans_nil
FN:495,Trans_integerLiteralExp
FN:508,Trans_string
FN:515,Trans_stringLiteralExp
FN:529,processFuncBody
FN:548,Trans_proccedureDec
FN:554,Trans_functionDec
FN:562,getAddressContent
FN:585,continueIfCondition
FN:606,exitIfSubscriptNegative
FN:627,exitIfSubscriptExceedMax
FN:633,checkArrayBoundsInDefinition
FN:643,translateSpaceAllocation
FN:676,saveResultForReturn
FN:688,combineInitState
FN:698,prepareArrayAssignmentLoop
FN:712,combineLoopChecker
FN:722,doOneElementAssignment
FN:728,calcNextAddress
FN:736,incrementLoopReg
FN:744,jumpToLoop
FN:753,defineSkipLabel
FN:759,combineLoopState
FN:765,doArrayAssignmentLoop
FN:784,doArrayAssignment
FN:798,Trans_arrayCreation
FN:813,Trans_noFieldRecordCreation
FN:825,calcAndletTempRegHoldResult
FN:871,Trans_arithmetic
FN:890,Trans_noValue
FN:897,translateLoopVarInitial
FN:908,translateHighRange
FN:918,translateLoopLabelDefinition
FN:924,translateLoopChecker
FN:932,translateLoopBody
FN:938,translateLoopJumper
FN:946,translateSkipLabelDefinition
FN:952,translateCommonLoop
FN:973,translateInitDefinition
FN:986,translateLoopDefinition
FN:1002,Trans_for
FN:1022,translateCondition
FN:1035,defineLabel
FN:1041,defineClause
FN:1055,defineValueSaving
FN:1067,translateThenClause
FN:1079,translateElseClause
FN:1090,Trans_ifThenElse
FN:1110,Trans_ifThen
FN:1128,combineOneTrans
FN:1139,jumpToResultSettingStateByEqualValueAndOperator
FN:1152,assignFalseToResultRegAndJumpToEnd
FN:1164,assignTrueToResultRegAndDefineEndLabel
FN:1180,regToCompareResult_Common
FN:1204,regToCompareResult_Equal
FN:1211,regToCompareResult_NotEqual
FN:1223,regToCompareResult_GreaterThan
FN:1230,regToCompareResult_LessThan
FN:1239,regToCompareResult_GreaterEqual
FN:1246,regToCompareResult_LessEqual
FN:1255,regToCompareResult
FN:1277,prepareStringRegForConvert
FN:1287,prepareOthersRegForConvert
FN:1297,convertToReturn
FN:1309,Trans_comparison
FN:1334,combineOperandAndSaveResultToNewReg
FN:1342,skipToEndIfLeftResultIsValueGiven
FN:1349,skipToEndIfLeftResultIsTrue
FN:1355,skipToEndIfLeftResultIsFalse
FN:1361,Trans_booleanOperate
FN:1389,Trans_assignment
FN:1409,Trans_let
FN:1421,jumpToEndIfNotTrue
FN:1430,jumpToWhileLoop
FN:1437,Trans_while
FN:1456,translateNegative
FN:1470,Trans_negative
FN:1481,Trans_break
FNDA:67,Trans_makeAccess
FNDA:27,Trans_convertAccessFromFrameToLevel
FNDA:70,Trans_makeAccessList
FNDA:5,Trans_getAccessListCount
FNDA:2,Trans_getAccessLevel
FNDA:144,Trans_accessIsFormal
FNDA:6,Trans_isLevelEqual
FNDA:1,Trans_isLevelSame
FNDA:2063,Trans_outermostLevel
FNDA:168,Trans_isOutermostLevel
FNDA:0,Trans_resetOutermostLevel
FNDA:27,Trans_newLevel
FNDA:63,Trans_allocateLocal
FNDA:168,Trans_getFormals
FNDA:21,Trans_getFrame
FNDA:44,addOneFrag
FNDA:20,Trans_addOneProcFrag
FNDA:5,Trans_getProcFrags
FNDA:76,Trans_resetProcFrags
FNDA:24,Trans_addOneStringFrag
FNDA:1,Trans_getStringFrags
FNDA:76,Trans_resetStringFrags
FNDA:16,getFrameTotalLocalCount
FNDA:144,calculateVarAddr
FNDA:152,getVarAccessFromName
FNDA:8,doInRegAssigment
FNDA:53,doInFrameAssigment
FNDA:61,Trans_decAssignment
FNDA:91,Trans_LValueExp_simpleVar
FNDA:16,Trans_LValueExp_GetRecordPtr
FNDA:6,Trans_LValueExp_GetArrayPtr
FNDA:2,Trans_noParamfunctionCall
FNDA:9,Trans_nil
FNDA:245,Trans_integerLiteralExp
FNDA:24,Trans_string
FNDA:24,Trans_stringLiteralExp
FNDA:20,processFuncBody
FNDA:3,Trans_proccedureDec
FNDA:17,Trans_functionDec
FNDA:6,getAddressContent
FNDA:52,continueIfCondition
FNDA:26,exitIfSubscriptNegative
FNDA:26,exitIfSubscriptExceedMax
FNDA:26,checkArrayBoundsInDefinition
FNDA:26,translateSpaceAllocation
FNDA:26,saveResultForReturn
FNDA:26,combineInitState
FNDA:26,prepareArrayAssignmentLoop
FNDA:26,combineLoopChecker
FNDA:26,doOneElementAssignment
FNDA:26,calcNextAddress
FNDA:26,incrementLoopReg
FNDA:26,jumpToLoop
FNDA:26,defineSkipLabel
FNDA:26,combineLoopState
FNDA:26,doArrayAssignmentLoop
FNDA:26,doArrayAssignment
FNDA:26,Trans_arrayCreation
FNDA:6,Trans_noFieldRecordCreation
FNDA:21,calcAndletTempRegHoldResult
FNDA:21,Trans_arithmetic
FNDA:16,Trans_noValue
FNDA:8,translateLoopVarInitial
FNDA:8,translateHighRange
FNDA:8,translateLoopLabelDefinition
FNDA:8,translateLoopChecker
FNDA:8,translateLoopBody
FNDA:8,translateLoopJumper
FNDA:8,translateSkipLabelDefinition
FNDA:8,translateCommonLoop
FNDA:8,translateInitDefinition
FNDA:8,translateLoopDefinition
FNDA:8,Trans_for
FNDA:3,translateCondition
FNDA:68,defineLabel
FNDA:5,defineClause
FNDA:2,defineValueSaving
FNDA:2,translateThenClause
FNDA:2,translateElseClause
FNDA:2,Trans_ifThenElse
FNDA:1,Trans_ifThen
FNDA:68,combineOneTrans
FNDA:18,jumpToResultSettingStateByEqualValueAndOperator
FNDA:13,assignFalseToResultRegAndJumpToEnd
FNDA:13,assignTrueToResultRegAndDefineEndLabel
FNDA:13,regToCompareResult_Common
FNDA:8,regToCompareResult_Equal
FNDA:1,regToCompareResult_NotEqual
FNDA:1,regToCompareResult_GreaterThan
FNDA:1,regToCompareResult_LessThan
FNDA:1,regToCompareResult_GreaterEqual
FNDA:2,regToCompareResult_LessEqual
FNDA:13,regToCompareResult
FNDA:7,prepareStringRegForConvert
FNDA:6,prepareOthersRegForConvert
FNDA:13,convertToReturn
FNDA:13,Trans_comparison
FNDA:10,combineOperandAndSaveResultToNewReg
FNDA:5,skipToEndIfLeftResultIsValueGiven
FNDA:2,skipToEndIfLeftResultIsTrue
FNDA:3,skipToEndIfLeftResultIsFalse
FNDA:5,Trans_booleanOperate
FNDA:8,Trans_assignment
FNDA:53,Trans_let
FNDA:3,jumpToEndIfNotTrue
FNDA:3,jumpToWhileLoop
FNDA:3,Trans_while
FNDA:3,translateNegative
FNDA:3,Trans_negative
FNDA:4,Trans_break
FNF:110
FNH:109
DA:38,67
DA:40,67
DA:42,67
DA:44,67
DA:45,67
DA:46,67
DA:49,27
DA:52,27
DA:54,27
DA:55,121
DA:57,67
DA:58,67
DA:60,67
DA:61,67
DA:62,107
DA:63,40
DA:65,67
DA:66,67
DA:68,27
DA:74,70
DA:77,70
DA:79,70
DA:81,70
DA:82,70
DA:83,70
DA:88,5
DA:90,5
DA:91,15
DA:93,5
DA:94,5
DA:96,5
DA:101,2
DA:103,2
DA:108,144
DA:110,144
DA:112,144
DA:113,291
DA:115,6
DA:116,3
DA:118,3
DA:121,141
DA:126,6
DA:128,6
DA:131,1
DA:133,3
DA:134,2
DA:135,3
DA:136,1
DA:143,2063
DA:145,2063
DA:147,1
DA:148,1
DA:149,1
DA:151,1
DA:152,1
DA:153,1
DA:154,1
DA:157,2063
DA:160,168
DA:162,168
DA:163,168
DA:164,168
DA:167,0
DA:169,0
DA:171,0
DA:172,0
DA:174,0
DA:186,27
DA:189,27
DA:191,27
DA:193,27
DA:195,27
DA:196,27
DA:197,27
DA:198,27
DA:199,27
DA:201,27
DA:206,63
DA:208,63
DA:210,63
DA:211,63
DA:213,63
DA:214,63
DA:215,63
DA:220,168
DA:222,168
DA:223,142
DA:226,26
DA:229,21
DA:231,21
DA:237,44
DA:239,44
DA:240,106
DA:241,18
DA:243,44
DA:244,44
DA:247,20
DA:249,20
DA:250,20
DA:251,20
DA:253,5
DA:255,5
DA:258,76
DA:260,76
DA:261,76
DA:266,24
DA:268,24
DA:269,24
DA:270,24
DA:272,1
DA:274,1
DA:277,76
DA:279,76
DA:280,76
DA:302,16
DA:304,32
DA:305,16
DA:308,144
DA:310,144
DA:311,144
DA:313,144
DA:314,144
DA:318,144
DA:319,304
DA:321,16
DA:323,16
DA:325,16
DA:327,16
DA:328,16
DA:330,16
DA:334,144
DA:335,144
DA:336,3
DA:338,144
DA:339,144
DA:341,144
DA:343,144
DA:353,152
DA:355,152
DA:358,152
DA:359,152
DA:365,8
DA:367,8
DA:371,8
DA:373,8
DA:376,8
DA:379,53
DA:381,53
DA:385,53
DA:389,53
DA:392,53
DA:397,53
DA:398,53
DA:400,53
DA:403,61
DA:405,61
DA:407,8
DA:411,53
DA:419,91
DA:421,91
DA:423,91
DA:425,91
DA:426,91
DA:427,91
DA:431,0
DA:436,16
DA:438,16
DA:442,16
DA:443,16
DA:446,16
DA:452,6
DA:455,6
DA:478,2
DA:481,2
DA:488,9
DA:490,9
DA:495,245
DA:499,245
DA:500,245
DA:508,24
DA:510,24
DA:511,24
DA:512,24
DA:513,24
DA:515,24
DA:517,24
DA:518,24
DA:521,24
DA:522,24
DA:529,20
DA:534,20
DA:536,20
DA:537,20
DA:538,17
DA:541,20
DA:544,20
DA:545,20
DA:546,20
DA:548,3
DA:550,3
DA:551,3
DA:552,3
DA:554,17
DA:556,17
DA:557,17
DA:558,17
DA:562,6
DA:564,6
DA:565,6
DA:567,6
DA:568,18
DA:569,6
DA:570,6
DA:571,6
DA:572,6
DA:585,52
DA:589,52
DA:590,52
DA:592,52
DA:596,52
DA:603,52
DA:604,52
DA:606,26
DA:624,26
DA:625,26
DA:627,26
DA:630,26
DA:631,26
DA:633,26
DA:636,26
DA:637,26
DA:639,26
DA:640,26
DA:641,26
DA:643,26
DA:649,26
DA:652,26
DA:653,26
DA:655,26
DA:657,26
DA:658,26
DA:662,26
DA:666,26
DA:669,26
DA:670,26
DA:671,26
DA:676,26
DA:678,26
DA:680,26
DA:681,26
DA:685,26
DA:688,26
DA:692,26
DA:694,26
DA:695,26
DA:698,26
DA:702,26
DA:703,26
DA:706,26
DA:707,26
DA:709,26
DA:710,26
DA:712,26
DA:716,26
DA:720,26
DA:722,26
DA:725,26
DA:728,26
DA:730,26
DA:734,26
DA:736,26
DA:738,26
DA:742,26
DA:744,26
DA:747,26
DA:751,26
DA:753,26
DA:756,26
DA:757,26
DA:759,26
DA:762,26
DA:763,26
DA:765,26
DA:771,26
DA:774,26
DA:775,26
DA:776,26
DA:777,26
DA:778,26
DA:779,26
DA:781,26
DA:782,26
DA:784,26
DA:787,26
DA:788,26
DA:790,26
DA:793,26
DA:796,26
DA:798,26
DA:800,26
DA:801,26
DA:802,26
DA:805,26
DA:806,26
DA:807,26
DA:808,26
DA:813,6
DA:817,6
DA:818,6
DA:825,21
DA:833,21
DA:835,21
DA:836,4
DA:838,17
DA:843,21
DA:844,0
DA:846,0
DA:847,0
DA:848,0
DA:853,0
DA:854,0
DA:856,0
DA:860,21
DA:864,21
DA:865,3
DA:867,21
DA:871,21
DA:875,21
DA:879,21
DA:882,21
DA:885,21
DA:890,16
DA:892,16
DA:897,8
DA:901,8
DA:904,8
DA:905,8
DA:906,8
DA:908,8
DA:913,8
DA:915,8
DA:916,8
DA:918,8
DA:921,8
DA:924,8
DA:927,8
DA:928,8
DA:929,8
DA:930,8
DA:932,8
DA:935,8
DA:936,8
DA:938,8
DA:941,8
DA:944,8
DA:946,8
DA:949,8
DA:950,8
DA:952,8
DA:956,8
DA:957,8
DA:959,8
DA:960,8
DA:961,8
DA:963,8
DA:964,8
DA:965,8
DA:966,8
DA:967,8
DA:968,8
DA:970,8
DA:973,8
DA:979,8
DA:981,8
DA:983,8
DA:986,8
DA:990,8
DA:995,8
DA:996,8
DA:999,8
DA:1002,8
DA:1009,8
DA:1013,8
DA:1014,8
DA:1016,8
DA:1022,3
DA:1025,3
DA:1026,3
DA:1029,3
DA:1033,3
DA:1035,68
DA:1037,68
DA:1039,68
DA:1041,5
DA:1046,5
DA:1047,5
DA:1051,5
DA:1052,5
DA:1055,2
DA:1058,2
DA:1060,2
DA:1062,2
DA:1065,2
DA:1067,2
DA:1071,2
DA:1072,2
DA:1073,1
DA:1074,2
DA:1077,2
DA:1079,2
DA:1084,2
DA:1085,2
DA:1086,2
DA:1087,1
DA:1088,2
DA:1090,2
DA:1094,2
DA:1095,2
DA:1096,2
DA:1098,2
DA:1099,2
DA:1100,2
DA:1101,2
DA:1103,2
DA:1104,1
DA:1105,2
DA:1110,1
DA:1113,1
DA:1115,1
DA:1116,1
DA:1117,1
DA:1120,1
DA:1128,68
DA:1133,68
DA:1135,68
DA:1136,68
DA:1139,18
DA:1143,18
DA:1145,18
DA:1150,18
DA:1152,13
DA:1155,13
DA:1157,13
DA:1159,13
DA:1162,13
DA:1164,13
DA:1168,13
DA:1170,13
DA:1172,13
DA:1174,13
DA:1176,13
DA:1180,13
DA:1183,13
DA:1185,13
DA:1186,13
DA:1187,13
DA:1189,13
DA:1192,13
DA:1194,13
DA:1197,13
DA:1204,8
DA:1207,8
DA:1211,1
DA:1213,1
DA:1214,1
DA:1216,1
DA:1218,1
DA:1223,1
DA:1226,1
DA:1230,1
DA:1233,1
DA:1239,1
DA:1242,1
DA:1246,2
DA:1249,2
DA:1255,13
DA:1258,13
DA:1259,13
DA:1262,7
DA:1264,1
DA:1266,1
DA:1268,1
DA:1270,1
DA:1272,2
DA:1273,0
DA:1277,7
DA:1280,7
DA:1284,7
DA:1287,6
DA:1291,6
DA:1294,6
DA:1297,13
DA:1300,13
DA:1301,13
DA:1302,13
DA:1304,13
DA:1306,13
DA:1309,13
DA:1312,13
DA:1313,13
DA:1315,13
DA:1316,13
DA:1318,13
DA:1320,7
DA:1325,6
DA:1329,13
DA:1334,10
DA:1337,10
DA:1339,10
DA:1340,10
DA:1342,5
DA:1345,5
DA:1347,5
DA:1349,2
DA:1352,2
DA:1353,2
DA:1355,3
DA:1358,3
DA:1359,3
DA:1361,5
DA:1364,5
DA:1365,5
DA:1366,5
DA:1368,5
DA:1370,5
DA:1371,2
DA:1373,3
DA:1375,5
DA:1378,5
DA:1382,5
DA:1384,5
DA:1389,8
DA:1391,8
DA:1396,8
DA:1397,8
DA:1398,8
DA:1400,8
DA:1402,8
DA:1404,8
DA:1409,53
DA:1412,53
DA:1414,53
DA:1421,3
DA:1425,3
DA:1427,3
DA:1428,3
DA:1430,3
DA:1432,3
DA:1434,3
DA:1435,3
DA:1437,3
DA:1439,3
DA:1440,3
DA:1442,3
DA:1443,3
DA:1445,3
DA:1447,3
DA:1448,3
DA:1449,3
DA:1451,3
DA:1456,3
DA:1458,3
DA:1459,3
DA:1462,3
DA:1467,3
DA:1470,3
DA:1472,3
DA:1473,3
DA:1475,3
DA:1476,3
DA:1481,4
DA:1483,4
DA:1485,4
LF:573
LH:559
end_of_record
