TN:
SF:/home/lgxZJ/Projects/Tiger-Compiler/Compiler/Syntax-Analysis/myTable.c
FN:27,hashFunc_MyTable
FN:37,makeMyBinder
FN:52,MyTable_MakeEmptyTable_
FN:67,MyTable_Enter_
FN:95,MyTable_Look_
FN:113,MyTable_Set_
FN:137,MyTable_Pop_
FNDA:36,hashFunc_MyTable
FNDA:14,makeMyBinder
FNDA:14,MyTable_MakeEmptyTable_
FNDA:16,MyTable_Enter_
FNDA:12,MyTable_Look_
FNDA:4,MyTable_Set_
FNDA:6,MyTable_Pop_
FNF:7
FNH:7
DA:27,36
DA:30,36
DA:31,36
DA:37,14
DA:40,14
DA:43,14
DA:44,14
DA:45,14
DA:46,14
DA:47,14
DA:49,14
DA:52,14
DA:54,14
DA:55,14
DA:58,14
DA:59,1792
DA:60,1778
DA:62,14
DA:67,16
DA:70,16
DA:71,2
DA:75,14
DA:76,7
DA:79,7
DA:80,7
DA:81,7
DA:83,14
DA:86,14
DA:87,14
DA:88,14
DA:90,14
DA:95,12
DA:98,12
DA:99,2
DA:102,10
DA:103,20
DA:106,9
DA:107,0
DA:110,1
DA:113,4
DA:116,4
DA:117,2
DA:120,2
DA:121,4
DA:124,1
DA:126,1
DA:127,1
DA:130,0
DA:133,1
DA:137,6
DA:139,6
DA:140,3
DA:143,3
DA:144,3
DA:145,3
DA:147,3
DA:148,3
DA:150,3
LF:58
LH:56
end_of_record
