TN:
SF:/root/Tiger-Compiler/Compiler/mySymbol.c
FN:27,MySymbol_InvalidSymbol
FN:35,MySymbol_IsSymbolEqual
FN:45,makeSymbol_
FN:62,hashFunc_MySymbol
FN:73,MySymbol_MakeSymbol
FN:94,MySymbol_GetName
FN:107,MySymbol_MakeNewTable
FN:113,MySymbol_Enter
FN:121,MySymbol_Look
FN:128,MySymbol_Set
FN:140,MySymbol_BeginScope
FN:147,MySymbol_EndScope
FNDA:47,MySymbol_InvalidSymbol
FNDA:2,MySymbol_IsSymbolEqual
FNDA:9,makeSymbol_
FNDA:23,hashFunc_MySymbol
FNDA:25,MySymbol_MakeSymbol
FNDA:47,MySymbol_GetName
FNDA:11,MySymbol_MakeNewTable
FNDA:25,MySymbol_Enter
FNDA:15,MySymbol_Look
FNDA:1,MySymbol_Set
FNDA:7,MySymbol_BeginScope
FNDA:3,MySymbol_EndScope
FNF:12
FNH:12
DA:27,47
DA:29,47
DA:30,46
DA:32,93
DA:35,2
DA:37,2
DA:38,2
DA:39,2
DA:45,9
DA:48,9
DA:49,0
DA:51,9
DA:53,9
DA:54,9
DA:56,9
DA:62,23
DA:65,23
DA:66,23
DA:73,25
DA:76,25
DA:77,2
DA:80,23
DA:81,44
DA:84,35
DA:88,9
DA:89,9
DA:91,9
DA:94,47
DA:96,47
DA:97,47
DA:107,11
DA:109,11
DA:113,25
DA:115,25
DA:116,25
DA:117,25
DA:118,25
DA:121,15
DA:123,15
DA:124,15
DA:125,15
DA:128,1
DA:130,1
DA:131,1
DA:132,1
DA:140,7
DA:142,7
DA:143,7
DA:144,7
DA:147,8
DA:153,8
DA:154,8
DA:155,3
LF:53
LH:52
end_of_record
