TN:
SF:/root/Tiger-Compiler/Compiler/lexString.c
FN:22,findStringInChain
FN:37,getStringChainHead
FN:42,getStringChainNext
FN:48,getStirngChainString
FN:59,lexString
FN:91,freeStrings
FNDA:4,findStringInChain
FNDA:1,getStringChainHead
FNDA:2,getStringChainNext
FNDA:2,getStirngChainString
FNDA:9,lexString
FNDA:1,freeStrings
FNF:6
FNH:6
DA:22,4
DA:24,4
DA:25,11
DA:27,5
DA:28,2
DA:29,3
DA:31,2
DA:37,1
DA:39,1
DA:42,2
DA:44,2
DA:45,2
DA:48,2
DA:50,2
DA:51,2
DA:59,9
DA:61,9
DA:62,5
DA:63,5
DA:66,4
DA:67,4
DA:70,2
DA:71,2
DA:73,2
DA:74,2
DA:76,0
DA:77,0
DA:81,2
DA:82,2
DA:84,2
DA:85,2
DA:86,2
DA:88,2
DA:91,1
DA:93,1
DA:94,4
DA:97,2
DA:98,2
DA:100,2
DA:102,1
LF:40
LH:38
end_of_record
