TN:
SF:/root/Tiger-Compiler/Compiler/lValueTreater.c
FN:17,initTable
FN:23,treatLValueAsAddress
FN:31,treatLValueAsContent
FN:39,cancelTreatAsAddress
FN:46,cancelTreatAsContent
FN:53,isLValueAsAddress
FN:59,isLValueAsContent
FNDA:1,initTable
FNDA:5,treatLValueAsAddress
FNDA:5,treatLValueAsContent
FNDA:1,cancelTreatAsAddress
FNDA:1,cancelTreatAsContent
FNDA:4,isLValueAsAddress
FNDA:4,isLValueAsContent
FNF:7
FNH:7
DA:17,1
DA:19,1
DA:20,1
DA:21,1
DA:23,5
DA:25,5
DA:27,5
DA:28,5
DA:29,5
DA:31,5
DA:33,5
DA:35,5
DA:36,5
DA:37,5
DA:39,1
DA:41,1
DA:43,1
DA:44,1
DA:46,1
DA:48,1
DA:50,1
DA:51,1
DA:53,4
DA:55,4
DA:56,4
DA:59,4
DA:61,4
DA:62,4
LF:28
LH:28
end_of_record
