TN:
SF:/home/lgxZJ/Desktop/Tiger-Compiler/Compiler/mySemantic.c
FN:41,isExpOneTypeOrIllegal
FN:62,isExpLegalWithResult
FN:70,isExpIntWithResult
FN:75,isExpNoReturnWithTrans
FN:84,isExpIntWithTrans
FN:93,isExpLegalWithTrans
FN:108,isExpThisArrayElementWithTrans
FN:127,getExpActualResultTypeWithTrans
FN:138,isLValueExpLegalWithResult
FN:149,isExpLegal
FN:155,isExpInt
FN:161,isExpNoReturn
FN:168,isExpThisArrayElement
FN:175,isLValueExpLegal
FN:182,getExpActualResultType
FN:192,getLValueExpActualResultType
FN:208,make_MyTranslationAndType
FN:227,getVarOrFuncFromName
FN:236,getVariableType
FN:247,getFunctionReturnType
FN:258,getFunctionFormalTypes
FN:269,isVariableDeclared
FN:283,isFuncDefined
FN:297,isTypeDefined
FN:305,getActualType
FN:315,getActualTypeFromName
FN:338,MySemantic_setVarAndFuncEnvironment
FN:344,MySemantic_setTypeEnvironment
FN:350,MySemantic_getVarAndFuncEnvironment
FN:355,MySemantic_getTypeEnvironment
FN:362,MySemantic_enterNewLevel
FN:370,MySemantic_leaveNewLevel
FN:378,MySemantic_getCurrentLevel
FN:422,MySemantic_LValueExp
FN:461,MySemantic_LValueExp_SimpleVar
FN:515,MySemantic_LValueExp_RecordField
FN:537,isVariableRecordType
FN:544,processRecordFieldErrors
FN:557,doFieldAnalyzeAndTranlation
FN:577,wrapExpToAux
FN:592,analyzeRecordFields
FN:622,typeContainsLValueAux
FN:636,tryToFindFieldAndTranslate
FN:661,processsNextFieldOrReturn
FN:680,recordContainsLValueAux
FN:709,calcArraySubscriptAddr
FN:739,arrayContainsLValueAux
FN:801,MySemantic_LValueExp_ArraySubscript
FN:827,isVariableArrayType
FN:838,processArraySubscriptErrors
FN:861,calculateFirstSubscriptAddress
FN:898,analyzeRecursiveArraySubscripts
FN:966,MySemantic_FunctionCallExp
FN:1005,MySemantic_FunctionCallExp_NoParam
FN:1034,MySemantic_FunctionCallExp_Param
FN:1058,analyzeParamsOfFunction
FN:1104,isNilValueOfRecordType
FN:1109,isFormalTypeMatchesRealTypeOrNil
FN:1131,MySemantic_NilExp
FN:1155,MySemantic_IntegerLiteralExp
FN:1180,MySemantic_StringLiteralExp
FN:1210,MySemantic_ArrayCreationExp
FN:1240,isValueTypeMatchesArrayElementOrNil
FN:1254,isTypeDefinedAsArray
FN:1261,processArrayCreationErrors
FN:1301,MySemantic_RecordCreationExp
FN:1331,MySemantic_RecordCreationExp_NoField
FN:1370,MySemantic_RecordCreationExp_Field
FN:1395,processFieldRecordCreationErrors
FN:1409,isTypeDefinedAsRecord
FN:1425,allocateRecordSpaceTran
FN:1436,saveAddrToResultReg
FN:1445,assignOneFieldTran
FN:1460,moveToNextMemoryAddr
FN:1470,ifFieldNamesAndTypesMatchesWithTrans
FN:1502,getTypeFieldCount
FN:1510,isOneFieldMatches
FN:1535,isTypeAndNameMatchesOrNil
FN:1560,MySemantic_ArithmeticExp
FN:1583,convertArithmeticOperatorFromASTToIR
FN:1595,processArithmeticErrors
FN:1618,MySemantic_ParenthesesExp
FN:1642,MySemantic_NoValueExp
FN:1673,MySemantic_SequencingExp
FN:1703,analyzeAndTranslateFirstTwoExps
FN:1721,translateFirstTwoExps
FN:1737,analyzeAndTranslateFolllowingExps
FN:1780,MySemantic_ForExp
FN:1824,addLoopVarToScope
FN:1838,processForErrors
FN:1874,MySemantic_IfThenElseExp
FN:1916,getThenElseResultType
FN:1932,isTwoClausesTypeMatchesOrNil
FN:1938,isOneRecordTypeAnotherNil
FN:1944,processIfThenElseErrors
FN:1977,MySemantic_IfThenExp
FN:2000,processIfThenErrors
FN:2032,MySemantic_ComparisonExp
FN:2066,isTwoComparisonOperandsTypeEqualsOrNil
FN:2088,convertComparisonOperatorFromASTToIR
FN:2103,processComparisonErrors
FN:2133,MySemantic_BooleanOperateExp
FN:2156,convertBooleanOpFromASTToIR
FN:2167,processBooleanOperateErrors
FN:2198,MySemantic_AssignmentExp
FN:2242,isAssignmentOperandsTypeMatchOrNil
FN:2254,processAssignmentErrors
FN:2286,MySemantic_Dec_Var_ShortForm
FN:2312,allocateAndAddNewVar_Short
FN:2347,MySemantic_Dec_Var_LongForm
FN:2380,isVarDecValueTypeMatchesGivenType
FN:2391,allocateAndAddNewVar_Long
FN:2407,processLongFormVarDecErrors
FN:2431,MySemantic_Dec_Var
FN:2463,MySemantic_Decs
FN:2488,MySemantic_LetExp
FN:2533,areExpressionsLegal
FN:2571,getLastExpResultType
FN:2581,processLetErrors
FN:2606,MySemantic_WhileExp
FN:2637,processWhileErrors
FN:2660,MySemantic_NegationExp
FN:2678,processNegationErrors
FN:2697,MySemantic_BreakExp
FN:2715,MySemantic_Exp_
FN:2772,MySemantic_Exp
FNDA:12,isExpOneTypeOrIllegal
FNDA:12,isExpLegalWithResult
FNDA:0,isExpIntWithResult
FNDA:2,isExpNoReturnWithTrans
FNDA:10,isExpIntWithTrans
FNDA:8,isExpLegalWithTrans
FNDA:8,isExpThisArrayElementWithTrans
FNDA:8,getExpActualResultTypeWithTrans
FNDA:0,isLValueExpLegalWithResult
FNDA:0,isExpLegal
FNDA:0,isExpInt
FNDA:0,isExpNoReturn
FNDA:8,isExpThisArrayElement
FNDA:0,isLValueExpLegal
FNDA:10,getExpActualResultType
FNDA:0,getLValueExpActualResultType
FNDA:68,make_MyTranslationAndType
FNDA:0,getVarOrFuncFromName
FNDA:12,getVariableType
FNDA:0,getFunctionReturnType
FNDA:0,getFunctionFormalTypes
FNDA:12,isVariableDeclared
FNDA:0,isFuncDefined
FNDA:18,isTypeDefined
FNDA:122,getActualType
FNDA:48,getActualTypeFromName
FNDA:6,MySemantic_setVarAndFuncEnvironment
FNDA:6,MySemantic_setTypeEnvironment
FNDA:60,MySemantic_getVarAndFuncEnvironment
FNDA:82,MySemantic_getTypeEnvironment
FNDA:6,MySemantic_enterNewLevel
FNDA:0,MySemantic_leaveNewLevel
FNDA:28,MySemantic_getCurrentLevel
FNDA:12,MySemantic_LValueExp
FNDA:12,MySemantic_LValueExp_SimpleVar
FNDA:0,MySemantic_LValueExp_RecordField
FNDA:0,isVariableRecordType
FNDA:0,processRecordFieldErrors
FNDA:0,doFieldAnalyzeAndTranlation
FNDA:0,wrapExpToAux
FNDA:0,analyzeRecordFields
FNDA:0,typeContainsLValueAux
FNDA:0,tryToFindFieldAndTranslate
FNDA:0,processsNextFieldOrReturn
FNDA:0,recordContainsLValueAux
FNDA:0,calcArraySubscriptAddr
FNDA:0,arrayContainsLValueAux
FNDA:0,MySemantic_LValueExp_ArraySubscript
FNDA:0,isVariableArrayType
FNDA:0,processArraySubscriptErrors
FNDA:0,calculateFirstSubscriptAddress
FNDA:0,analyzeRecursiveArraySubscripts
FNDA:0,MySemantic_FunctionCallExp
FNDA:0,MySemantic_FunctionCallExp_NoParam
FNDA:0,MySemantic_FunctionCallExp_Param
FNDA:0,analyzeParamsOfFunction
FNDA:0,isNilValueOfRecordType
FNDA:0,isFormalTypeMatchesRealTypeOrNil
FNDA:0,MySemantic_NilExp
FNDA:31,MySemantic_IntegerLiteralExp
FNDA:0,MySemantic_StringLiteralExp
FNDA:8,MySemantic_ArrayCreationExp
FNDA:8,isValueTypeMatchesArrayElementOrNil
FNDA:8,isTypeDefinedAsArray
FNDA:0,processArrayCreationErrors
FNDA:8,MySemantic_RecordCreationExp
FNDA:8,MySemantic_RecordCreationExp_NoField
FNDA:0,MySemantic_RecordCreationExp_Field
FNDA:0,processFieldRecordCreationErrors
FNDA:8,isTypeDefinedAsRecord
FNDA:0,allocateRecordSpaceTran
FNDA:0,saveAddrToResultReg
FNDA:0,assignOneFieldTran
FNDA:0,moveToNextMemoryAddr
FNDA:0,ifFieldNamesAndTypesMatchesWithTrans
FNDA:0,getTypeFieldCount
FNDA:0,isOneFieldMatches
FNDA:0,isTypeAndNameMatchesOrNil
FNDA:0,MySemantic_ArithmeticExp
FNDA:0,convertArithmeticOperatorFromASTToIR
FNDA:0,processArithmeticErrors
FNDA:0,MySemantic_ParenthesesExp
FNDA:1,MySemantic_NoValueExp
FNDA:2,MySemantic_SequencingExp
FNDA:2,analyzeAndTranslateFirstTwoExps
FNDA:2,translateFirstTwoExps
FNDA:2,analyzeAndTranslateFolllowingExps
FNDA:0,MySemantic_ForExp
FNDA:0,addLoopVarToScope
FNDA:0,processForErrors
FNDA:0,MySemantic_IfThenElseExp
FNDA:0,getThenElseResultType
FNDA:0,isTwoClausesTypeMatchesOrNil
FNDA:0,isOneRecordTypeAnotherNil
FNDA:0,processIfThenElseErrors
FNDA:2,MySemantic_IfThenExp
FNDA:1,processIfThenErrors
FNDA:6,MySemantic_ComparisonExp
FNDA:6,isTwoComparisonOperandsTypeEqualsOrNil
FNDA:4,convertComparisonOperatorFromASTToIR
FNDA:2,processComparisonErrors
FNDA:0,MySemantic_BooleanOperateExp
FNDA:0,convertBooleanOpFromASTToIR
FNDA:0,processBooleanOperateErrors
FNDA:0,MySemantic_AssignmentExp
FNDA:0,isAssignmentOperandsTypeMatchOrNil
FNDA:0,processAssignmentErrors
FNDA:8,MySemantic_Dec_Var_ShortForm
FNDA:8,allocateAndAddNewVar_Short
FNDA:0,MySemantic_Dec_Var_LongForm
FNDA:0,isVarDecValueTypeMatchesGivenType
FNDA:0,allocateAndAddNewVar_Long
FNDA:0,processLongFormVarDecErrors
FNDA:8,MySemantic_Dec_Var
FNDA:0,MySemantic_Decs
FNDA:4,MySemantic_LetExp
FNDA:4,areExpressionsLegal
FNDA:2,getLastExpResultType
FNDA:2,processLetErrors
FNDA:0,MySemantic_WhileExp
FNDA:0,processWhileErrors
FNDA:0,MySemantic_NegationExp
FNDA:0,processNegationErrors
FNDA:0,MySemantic_BreakExp
FNDA:74,MySemantic_Exp_
FNDA:6,MySemantic_Exp
FNF:126
FNH:50
DA:41,12
DA:44,12
DA:45,12
DA:47,12
DA:48,0
DA:50,12
DA:52,12
DA:53,12
DA:55,10
DA:56,2
DA:57,0
DA:58,0
DA:62,12
DA:64,12
DA:66,12
DA:67,12
DA:70,0
DA:72,0
DA:75,2
DA:78,2
DA:80,2
DA:81,2
DA:84,10
DA:87,10
DA:89,10
DA:90,10
DA:93,8
DA:95,8
DA:97,8
DA:99,8
DA:100,0
DA:103,8
DA:104,8
DA:108,8
DA:111,8
DA:112,8
DA:114,8
DA:115,8
DA:116,8
DA:117,8
DA:118,8
DA:120,8
DA:121,8
DA:124,0
DA:127,8
DA:129,8
DA:131,8
DA:132,8
DA:133,8
DA:135,8
DA:138,0
DA:141,0
DA:142,0
DA:149,0
DA:152,0
DA:155,0
DA:158,0
DA:161,0
DA:164,0
DA:168,8
DA:172,8
DA:175,0
DA:178,0
DA:182,10
DA:184,10
DA:186,10
DA:187,10
DA:189,10
DA:192,0
DA:194,0
DA:196,0
DA:197,0
DA:199,0
DA:208,68
DA:211,68
DA:213,68
DA:215,68
DA:216,68
DA:218,68
DA:227,0
DA:229,0
DA:230,0
DA:231,0
DA:236,12
DA:238,12
DA:240,12
DA:241,12
DA:247,0
DA:249,0
DA:251,0
DA:252,0
DA:258,0
DA:260,0
DA:262,0
DA:263,0
DA:269,12
DA:271,12
DA:273,12
DA:274,12
DA:277,12
DA:278,0
DA:280,12
DA:283,0
DA:285,0
DA:287,0
DA:288,0
DA:291,0
DA:292,0
DA:294,0
DA:297,18
DA:299,18
DA:301,18
DA:302,18
DA:305,122
DA:307,244
DA:309,0
DA:311,122
DA:315,48
DA:317,48
DA:318,48
DA:319,48
DA:338,6
DA:340,6
DA:341,6
DA:342,6
DA:344,6
DA:346,6
DA:347,6
DA:348,6
DA:350,60
DA:352,60
DA:355,82
DA:357,82
DA:362,6
DA:364,6
DA:365,1
DA:367,6
DA:368,6
DA:370,0
DA:372,0
DA:374,0
DA:376,0
DA:378,28
DA:380,28
DA:381,28
DA:382,28
DA:384,28
DA:422,12
DA:425,12
DA:428,12
DA:429,12
DA:431,0
DA:432,0
DA:434,0
DA:435,0
DA:438,12
DA:461,12
DA:464,12
DA:466,0
DA:469,0
DA:472,12
DA:515,0
DA:518,0
DA:520,0
DA:521,0
DA:523,0
DA:524,0
DA:525,0
DA:527,0
DA:531,0
DA:532,0
DA:537,0
DA:539,0
DA:540,0
DA:541,0
DA:544,0
DA:547,0
DA:548,0
DA:551,0
DA:552,0
DA:555,0
DA:557,0
DA:559,0
DA:560,0
DA:562,0
DA:563,0
DA:567,0
DA:569,0
DA:577,0
DA:579,0
DA:580,0
DA:592,0
DA:595,0
DA:597,0
DA:598,0
DA:599,0
DA:600,0
DA:602,0
DA:603,0
DA:622,0
DA:625,0
DA:628,0
DA:630,0
DA:632,0
DA:636,0
DA:641,0
DA:642,0
DA:644,0
DA:646,0
DA:649,0
DA:650,0
DA:651,0
DA:652,0
DA:653,0
DA:656,0
DA:657,0
DA:659,0
DA:661,0
DA:665,0
DA:669,0
DA:671,0
DA:675,0
DA:680,0
DA:683,0
DA:684,0
DA:686,0
DA:687,0
DA:689,0
DA:690,0
DA:692,0
DA:695,0
DA:697,0
DA:699,0
DA:703,0
DA:709,0
DA:712,0
DA:713,0
DA:717,0
DA:720,0
DA:721,0
DA:726,0
DA:727,0
DA:730,0
DA:732,0
DA:733,0
DA:735,0
DA:739,0
DA:742,0
DA:743,0
DA:746,0
DA:747,0
DA:748,0
DA:750,0
DA:751,0
DA:754,0
DA:756,0
DA:760,0
DA:761,0
DA:762,0
DA:765,0
DA:801,0
DA:804,0
DA:806,0
DA:808,0
DA:809,0
DA:810,0
DA:812,0
DA:813,0
DA:814,0
DA:817,0
DA:818,0
DA:821,0
DA:823,0
DA:827,0
DA:829,0
DA:831,0
DA:832,0
DA:833,0
DA:835,0
DA:838,0
DA:842,0
DA:844,0
DA:846,0
DA:847,0
DA:850,0
DA:851,0
DA:854,0
DA:855,0
DA:858,0
DA:861,0
DA:866,0
DA:867,0
DA:872,0
DA:873,0
DA:879,0
DA:880,0
DA:881,0
DA:883,0
DA:885,0
DA:887,0
DA:890,0
DA:898,0
DA:901,0
DA:903,0
DA:904,0
DA:908,0
DA:909,0
DA:912,0
DA:913,0
DA:914,0
DA:915,0
DA:917,0
DA:919,0
DA:920,0
DA:924,0
DA:926,0
DA:928,0
DA:930,0
DA:932,0
DA:933,0
DA:935,0
DA:938,0
DA:941,0
DA:942,0
DA:943,0
DA:944,0
DA:945,0
DA:966,0
DA:970,0
DA:973,0
DA:975,0
DA:977,0
DA:979,0
DA:982,0
DA:983,0
DA:989,0
DA:991,0
DA:992,0
DA:1005,0
DA:1008,0
DA:1009,0
DA:1011,0
DA:1014,0
DA:1017,0
DA:1034,0
DA:1037,0
DA:1038,0
DA:1040,0
DA:1043,0
DA:1046,0
DA:1047,0
DA:1049,0
DA:1058,0
DA:1062,0
DA:1065,0
DA:1066,0
DA:1067,0
DA:1069,0
DA:1070,0
DA:1071,0
DA:1074,0
DA:1077,0
DA:1081,0
DA:1082,0
DA:1084,0
DA:1085,0
DA:1089,0
DA:1091,0
DA:1094,0
DA:1098,0
DA:1099,0
DA:1104,0
DA:1106,0
DA:1109,0
DA:1111,0
DA:1112,0
DA:1131,0
DA:1135,0
DA:1155,31
DA:1159,31
DA:1180,0
DA:1183,0
DA:1210,8
DA:1213,8
DA:1215,8
DA:1217,8
DA:1218,8
DA:1221,8
DA:1222,8
DA:1223,8
DA:1224,8
DA:1227,8
DA:1229,8
DA:1230,8
DA:1234,0
DA:1236,0
DA:1240,8
DA:1243,8
DA:1244,8
DA:1245,8
DA:1246,8
DA:1249,16
DA:1250,8
DA:1251,0
DA:1254,8
DA:1256,8
DA:1257,8
DA:1258,0
DA:1261,0
DA:1265,0
DA:1266,0
DA:1267,0
DA:1269,0
DA:1270,0
DA:1272,0
DA:1273,0
DA:1275,0
DA:1301,8
DA:1305,8
DA:1308,8
DA:1310,8
DA:1312,0
DA:1314,0
DA:1317,8
DA:1331,8
DA:1334,8
DA:1336,8
DA:1337,8
DA:1342,0
DA:1345,0
DA:1370,0
DA:1373,0
DA:1375,0
DA:1378,0
DA:1379,0
DA:1380,0
DA:1381,0
DA:1384,0
DA:1385,0
DA:1389,0
DA:1391,0
DA:1395,0
DA:1400,0
DA:1401,0
DA:1402,0
DA:1404,0
DA:1405,0
DA:1407,0
DA:1409,8
DA:1411,8
DA:1412,8
DA:1413,0
DA:1425,0
DA:1428,0
DA:1431,0
DA:1432,0
DA:1433,0
DA:1434,0
DA:1436,0
DA:1439,0
DA:1440,0
DA:1442,0
DA:1445,0
DA:1452,0
DA:1454,0
DA:1455,0
DA:1458,0
DA:1460,0
DA:1463,0
DA:1467,0
DA:1470,0
DA:1473,0
DA:1474,0
DA:1475,0
DA:1476,0
DA:1480,0
DA:1481,0
DA:1483,0
DA:1485,0
DA:1486,0
DA:1487,0
DA:1489,0
DA:1490,0
DA:1492,0
DA:1493,0
DA:1495,0
DA:1498,0
DA:1499,0
DA:1502,0
DA:1504,0
DA:1505,0
DA:1506,0
DA:1507,0
DA:1510,0
DA:1514,0
DA:1515,0
DA:1517,0
DA:1518,0
DA:1519,0
DA:1520,0
DA:1522,0
DA:1525,0
DA:1528,0
DA:1531,0
DA:1532,0
DA:1535,0
DA:1539,0
DA:1540,0
DA:1560,0
DA:1563,0
DA:1564,0
DA:1566,0
DA:1567,0
DA:1569,0
DA:1571,0
DA:1574,0
DA:1578,0
DA:1579,0
DA:1583,0
DA:1585,0
DA:1587,0
DA:1588,0
DA:1589,0
DA:1590,0
DA:1591,0
DA:1595,0
DA:1597,0
DA:1598,0
DA:1600,0
DA:1601,0
DA:1603,0
DA:1618,0
DA:1621,0
DA:1642,1
DA:1646,1
DA:1673,2
DA:1677,2
DA:1678,2
DA:1679,2
DA:1680,2
DA:1682,2
DA:1685,0
DA:1687,2
DA:1689,0
DA:1694,2
DA:1696,1
DA:1698,1
DA:1703,2
DA:1708,2
DA:1709,2
DA:1711,2
DA:1712,0
DA:1714,2
DA:1717,2
DA:1718,2
DA:1721,2
DA:1727,2
DA:1731,2
DA:1733,2
DA:1734,2
DA:1735,2
DA:1737,2
DA:1742,2
DA:1743,2
DA:1745,5
DA:1748,2
DA:1749,2
DA:1750,1
DA:1753,1
DA:1754,1
DA:1756,1
DA:1759,1
DA:1760,1
DA:1780,0
DA:1782,0
DA:1784,0
DA:1785,0
DA:1786,0
DA:1788,0
DA:1789,0
DA:1790,0
DA:1792,0
DA:1793,0
DA:1794,0
DA:1796,0
DA:1797,0
DA:1798,0
DA:1799,0
DA:1801,0
DA:1802,0
DA:1803,0
DA:1805,0
DA:1806,0
DA:1807,0
DA:1809,0
DA:1811,0
DA:1813,0
DA:1814,0
DA:1815,0
DA:1819,0
DA:1820,0
DA:1824,0
DA:1826,0
DA:1827,0
DA:1830,0
DA:1832,0
DA:1835,0
DA:1836,0
DA:1838,0
DA:1840,0
DA:1841,0
DA:1843,0
DA:1844,0
DA:1846,0
DA:1847,0
DA:1849,0
DA:1874,0
DA:1876,0
DA:1877,0
DA:1878,0
DA:1880,0
DA:1881,0
DA:1882,0
DA:1883,0
DA:1884,0
DA:1885,0
DA:1887,0
DA:1889,0
DA:1890,0
DA:1892,0
DA:1894,0
DA:1895,0
DA:1896,0
DA:1897,0
DA:1898,0
DA:1899,0
DA:1903,0
DA:1905,0
DA:1916,0
DA:1920,0
DA:1922,0
DA:1923,0
DA:1926,0
DA:1932,0
DA:1934,0
DA:1935,0
DA:1938,0
DA:1940,0
DA:1941,0
DA:1944,0
DA:1948,0
DA:1949,0
DA:1952,0
DA:1953,0
DA:1955,0
DA:1956,0
DA:1958,0
DA:1977,2
DA:1981,2
DA:1982,2
DA:1985,2
DA:1986,2
DA:1988,2
DA:1990,1
DA:1991,1
DA:1995,1
DA:1996,1
DA:2000,1
DA:2002,1
DA:2003,0
DA:2005,1
DA:2006,1
DA:2008,1
DA:2032,6
DA:2035,6
DA:2036,6
DA:2039,6
DA:2040,6
DA:2042,6
DA:2043,6
DA:2045,18
DA:2046,12
DA:2049,6
DA:2051,12
DA:2052,4
DA:2053,4
DA:2055,4
DA:2056,4
DA:2060,2
DA:2062,2
DA:2066,6
DA:2069,6
DA:2070,6
DA:2072,6
DA:2073,0
DA:2076,6
DA:2078,6
DA:2079,6
DA:2080,2
DA:2081,4
DA:2084,0
DA:2088,4
DA:2091,4
DA:2093,2
DA:2094,2
DA:2095,0
DA:2096,0
DA:2097,0
DA:2098,0
DA:2099,0
DA:2103,2
DA:2107,2
DA:2108,0
DA:2110,2
DA:2111,0
DA:2113,2
DA:2114,2
DA:2115,2
DA:2133,0
DA:2135,0
DA:2136,0
DA:2137,0
DA:2139,0
DA:2140,0
DA:2141,0
DA:2143,0
DA:2145,0
DA:2147,0
DA:2151,0
DA:2152,0
DA:2156,0
DA:2159,0
DA:2161,0
DA:2162,0
DA:2163,0
DA:2167,0
DA:2169,0
DA:2170,0
DA:2172,0
DA:2173,0
DA:2175,0
DA:2198,0
DA:2200,0
DA:2205,0
DA:2206,0
DA:2207,0
DA:2208,0
DA:2209,0
DA:2211,0
DA:2212,0
DA:2213,0
DA:2215,0
DA:2216,0
DA:2217,0
DA:2219,0
DA:2220,0
DA:2221,0
DA:2222,0
DA:2225,0
DA:2226,0
DA:2228,0
DA:2229,0
DA:2230,0
DA:2234,0
DA:2238,0
DA:2242,0
DA:2244,0
DA:2245,0
DA:2247,0
DA:2248,0
DA:2250,0
DA:2251,0
DA:2254,0
DA:2259,0
DA:2260,0
DA:2262,0
DA:2263,0
DA:2265,0
DA:2266,0
DA:2267,0
DA:2268,0
DA:2270,0
DA:2286,8
DA:2288,8
DA:2289,8
DA:2291,8
DA:2293,8
DA:2294,8
DA:2295,8
DA:2297,8
DA:2298,16
DA:2300,8
DA:2301,8
DA:2305,0
DA:2309,0
DA:2312,8
DA:2314,8
DA:2316,8
DA:2317,0
DA:2318,8
DA:2320,8
DA:2321,8
DA:2322,8
DA:2324,8
DA:2325,8
DA:2347,0
DA:2349,0
DA:2351,0
DA:2352,0
DA:2355,0
DA:2356,0
DA:2358,0
DA:2363,0
DA:2365,0
DA:2366,0
DA:2368,0
DA:2369,0
DA:2373,0
DA:2376,0
DA:2380,0
DA:2382,0
DA:2383,0
DA:2384,0
DA:2385,0
DA:2387,0
DA:2388,0
DA:2391,0
DA:2393,0
DA:2394,0
DA:2395,0
DA:2396,0
DA:2397,0
DA:2399,0
DA:2400,0
DA:2401,0
DA:2404,0
DA:2405,0
DA:2407,0
DA:2411,0
DA:2412,0
DA:2415,0
DA:2416,0
DA:2418,0
DA:2419,0
DA:2422,0
DA:2431,8
DA:2433,8
DA:2435,0
DA:2436,0
DA:2439,8
DA:2442,8
DA:2445,0
DA:2448,0
DA:2463,0
DA:2465,0
DA:2488,4
DA:2490,4
DA:2491,4
DA:2493,4
DA:2494,4
DA:2495,4
DA:2497,4
DA:2498,4
DA:2499,4
DA:2502,4
DA:2504,2
DA:2510,2
DA:2511,2
DA:2514,4
DA:2515,4
DA:2516,4
DA:2533,4
DA:2535,4
DA:2536,4
DA:2538,4
DA:2539,4
DA:2540,10
DA:2542,4
DA:2543,4
DA:2545,2
DA:2546,2
DA:2550,2
DA:2551,2
DA:2552,2
DA:2555,2
DA:2559,2
DA:2560,0
DA:2561,2
DA:2562,2
DA:2571,2
DA:2574,2
DA:2576,4
DA:2577,0
DA:2578,2
DA:2581,2
DA:2583,2
DA:2584,0
DA:2585,2
DA:2586,2
DA:2587,2
DA:2606,0
DA:2608,0
DA:2609,0
DA:2610,0
DA:2613,0
DA:2614,0
DA:2616,0
DA:2617,0
DA:2618,0
DA:2619,0
DA:2620,0
DA:2623,0
DA:2625,0
DA:2627,0
DA:2628,0
DA:2632,0
DA:2633,0
DA:2637,0
DA:2639,0
DA:2640,0
DA:2641,0
DA:2642,0
DA:2643,0
DA:2660,0
DA:2663,0
DA:2664,0
DA:2666,0
DA:2668,0
DA:2669,0
DA:2673,0
DA:2674,0
DA:2678,0
DA:2680,0
DA:2681,0
DA:2683,0
DA:2697,0
DA:2700,0
DA:2702,0
DA:2703,0
DA:2708,0
DA:2709,0
DA:2715,74
DA:2717,74
DA:2720,12
DA:2722,0
DA:2724,0
DA:2726,31
DA:2728,0
DA:2730,8
DA:2732,8
DA:2734,0
DA:2736,0
DA:2738,1
DA:2740,2
DA:2742,0
DA:2744,0
DA:2746,2
DA:2748,6
DA:2750,0
DA:2752,0
DA:2754,4
DA:2756,0
DA:2758,0
DA:2760,0
DA:2762,0
DA:2772,6
DA:2774,6
DA:2776,6
DA:2777,6
DA:2780,6
LF:970
LH:313
end_of_record
