TN:
SF:/root/Tiger-Compiler/Compiler/typeChecker.c
FN:10,checkType_RecordContainsFields
FN:30,isTypeEmpty
FN:32,isTypeInt
FN:33,isTypeString
FN:34,isTypeNil
FN:35,isTypeNoReturn
FN:36,isTypeArray
FN:37,isTypeRecord
FN:38,isTypeNamed
FN:44,isArrayEqual_
FN:51,isRecordEqual_
FN:58,isNamedEqual_
FN:63,isTypeEqual
FNDA:5,checkType_RecordContainsFields
FNDA:0,isTypeEmpty
FNDA:2,isTypeInt
FNDA:2,isTypeString
FNDA:2,isTypeNil
FNDA:2,isTypeNoReturn
FNDA:5,isTypeArray
FNDA:2,isTypeRecord
FNDA:2,isTypeNamed
FNDA:4,isArrayEqual_
FNDA:2,isRecordEqual_
FNDA:2,isNamedEqual_
FNDA:17,isTypeEqual
FNF:13
FNH:12
DA:10,5
DA:12,5
DA:13,2
DA:14,3
DA:15,1
DA:17,2
DA:18,5
DA:20,2
DA:21,1
DA:22,1
DA:25,1
DA:30,0
DA:32,2
DA:33,2
DA:34,2
DA:35,2
DA:36,5
DA:37,2
DA:38,2
DA:44,4
DA:46,4
DA:51,2
DA:53,2
DA:58,2
DA:60,2
DA:63,17
DA:65,17
DA:67,2
DA:68,2
DA:69,2
DA:70,2
DA:72,9
DA:73,4
DA:75,4
DA:76,2
DA:78,4
DA:79,2
DA:81,0
LF:38
LH:36
end_of_record
