TN:
SF:/home/lgxZJ/Desktop/Tiger-Compiler/Compiler/myTemp.c
FN:15,Temp_getTotalTempCount
FN:20,Temp_getTotalLabelCount
FN:26,Temp_isLabelEqual
FN:31,Temp_newTemp
FN:40,Temp_getTempNum
FN:45,Temp_newLabel
FN:56,Temp_newNamedLabel
FN:61,Temp_getLabelString
FN:66,Temp_makeTempList
FN:76,Temp_makeLabelList
FNDA:2,Temp_getTotalTempCount
FNDA:2,Temp_getTotalLabelCount
FNDA:3,Temp_isLabelEqual
FNDA:2,Temp_newTemp
FNDA:0,Temp_getTempNum
FNDA:7,Temp_newLabel
FNDA:12,Temp_newNamedLabel
FNDA:4,Temp_getLabelString
FNDA:1,Temp_makeTempList
FNDA:1,Temp_makeLabelList
FNF:10
FNH:9
DA:15,2
DA:20,2
DA:26,3
DA:28,3
DA:31,2
DA:33,2
DA:34,2
DA:36,2
DA:37,2
DA:40,0
DA:42,0
DA:45,7
DA:47,7
DA:48,7
DA:50,7
DA:51,7
DA:56,12
DA:58,12
DA:61,4
DA:63,4
DA:66,1
DA:68,1
DA:69,1
DA:71,1
DA:72,1
DA:73,1
DA:76,1
DA:78,1
DA:79,1
DA:81,1
DA:82,1
DA:83,1
LF:32
LH:30
end_of_record
