TN:
SF:/home/lgxZJ/Desktop/Tiger-Compiler/Compiler/myFrame_X86.c
FN:49,makeInFrameAccess
FN:62,makeInRegAccess
FN:74,Frame_isAccessInFrame
FN:79,Frame_isAccessInReg
FN:86,Frame_makeBoolList
FN:96,Frame_makeAccessList
FN:106,Frame_getBoolListCount
FN:111,Frame_getAccessListCount
FN:116,Frame_makeStringFrag
FN:127,Frame_makeProcFrag
FN:140,Frame_makeFragList
FN:155,Frame_newFrame
FN:168,fillFormalsFromFlags
FN:195,fillViewShiftFromFlags
FN:201,Frame_resetFrame
FN:211,Frame_isFrameEqual
FN:216,Frame_isFrameSame
FN:228,Frame_allocateLocal
FN:236,Frame_getLocalCount
FN:242,Frame_getformalLocalCount
FN:250,Frame_getFormals
FN:257,Frame_getAccessOffset
FN:263,Frame_getAccessReg
FN:285,Frame_EAX
FN:286,Frame_EBX
FN:287,Frame_ECX
FN:288,Frame_EDX
FN:290,Frame_ESI
FN:291,Frame_EDI
FN:293,Frame_EBP
FN:296,Frame_ESP
FN:298,Frame_FP
FN:303,Frame_RV
FN:308,Frame_callerSaveRegs
FN:315,Frame_calleeSaveRegs
FN:327,Frame_externalCall
FN:343,Frame_procEntryExit1
FNDA:11,makeInFrameAccess
FNDA:6,makeInRegAccess
FNDA:6,Frame_isAccessInFrame
FNDA:2,Frame_isAccessInReg
FNDA:8,Frame_makeBoolList
FNDA:8,Frame_makeAccessList
FNDA:2,Frame_getBoolListCount
FNDA:6,Frame_getAccessListCount
FNDA:0,Frame_makeStringFrag
FNDA:0,Frame_makeProcFrag
FNDA:0,Frame_makeFragList
FNDA:15,Frame_newFrame
FNDA:15,fillFormalsFromFlags
FNDA:15,fillViewShiftFromFlags
FNDA:0,Frame_resetFrame
FNDA:2,Frame_isFrameEqual
FNDA:0,Frame_isFrameSame
FNDA:10,Frame_allocateLocal
FNDA:4,Frame_getLocalCount
FNDA:0,Frame_getformalLocalCount
FNDA:8,Frame_getFormals
FNDA:4,Frame_getAccessOffset
FNDA:0,Frame_getAccessReg
FNDA:0,Frame_EAX
FNDA:0,Frame_EBX
FNDA:0,Frame_ECX
FNDA:0,Frame_EDX
FNDA:0,Frame_ESI
FNDA:0,Frame_EDI
FNDA:0,Frame_EBP
FNDA:0,Frame_ESP
FNDA:0,Frame_FP
FNDA:0,Frame_RV
FNDA:0,Frame_callerSaveRegs
FNDA:0,Frame_calleeSaveRegs
FNDA:0,Frame_externalCall
FNDA:0,Frame_procEntryExit1
FNF:37
FNH:16
DA:49,11
DA:54,11
DA:55,11
DA:57,11
DA:58,11
DA:59,11
DA:62,6
DA:64,6
DA:65,6
DA:67,6
DA:68,6
DA:69,6
DA:74,6
DA:76,6
DA:79,2
DA:81,2
DA:86,8
DA:88,8
DA:89,8
DA:91,8
DA:92,8
DA:93,8
DA:96,8
DA:98,8
DA:99,8
DA:101,8
DA:102,8
DA:103,8
DA:106,2
DA:108,2
DA:111,6
DA:113,6
DA:116,0
DA:118,0
DA:119,0
DA:121,0
DA:122,0
DA:123,0
DA:124,0
DA:127,0
DA:130,0
DA:131,0
DA:133,0
DA:134,0
DA:135,0
DA:136,0
DA:137,0
DA:140,0
DA:142,0
DA:143,0
DA:145,0
DA:146,0
DA:147,0
DA:155,15
DA:157,15
DA:158,15
DA:160,15
DA:161,15
DA:162,15
DA:163,15
DA:165,15
DA:168,15
DA:170,15
DA:171,15
DA:172,11
DA:174,4
DA:177,15
DA:178,37
DA:182,7
DA:183,4
DA:185,3
DA:187,7
DA:188,10
DA:189,3
DA:190,7
DA:191,7
DA:193,15
DA:195,15
DA:198,15
DA:199,15
DA:201,0
DA:203,0
DA:204,0
DA:205,0
DA:206,0
DA:207,0
DA:211,2
DA:213,2
DA:216,0
DA:218,0
DA:219,0
DA:220,0
DA:221,0
DA:222,0
DA:223,0
DA:228,10
DA:230,10
DA:231,7
DA:233,3
DA:236,4
DA:238,4
DA:239,4
DA:242,0
DA:244,0
DA:245,0
DA:250,8
DA:252,8
DA:257,4
DA:259,4
DA:260,4
DA:263,0
DA:265,0
DA:266,0
DA:285,0
DA:286,0
DA:287,0
DA:288,0
DA:290,0
DA:291,0
DA:293,0
DA:296,0
DA:298,0
DA:300,0
DA:303,0
DA:305,0
DA:308,0
DA:310,0
DA:315,0
DA:317,0
DA:327,0
DA:331,0
DA:335,0
DA:338,0
DA:343,0
DA:346,0
LF:135
LH:73
end_of_record
