TN:
SF:/usr/include/c++/4.8/bits/alloc_traits.h
FN:253,_ZNSt16allocator_traitsISaISt13_Rb_tree_nodeISt4pairIKP7myTemp_S3_EEEE12_S_constructIS6_IRKSt21piecewise_construct_tSt5tupleIIOS3_EESD_IIEEEEENSt9enable_ifIXsrNS8_18__construct_helperIT_IDpT0_EEE5valueEvE4typeERS7_PSJ_DpOSK_
FN:253,_ZNSt16allocator_traitsISaIN5lgxZJ2LA4EdgeEEE12_S_constructIS2_IRKS2_EEENSt9enable_ifIXsrNS4_18__construct_helperIT_IDpT0_EEE5valueEvE4typeERS3_PSA_DpOSB_
FN:253,_ZNSt16allocator_traitsISaIN5lgxZJ2IS4MoveEEE12_S_constructIS2_IRP7myTemp_S7_EEENSt9enable_ifIXsrNS4_18__construct_helperIT_IDpT0_EEE5valueEvE4typeERS3_PSB_DpOSC_
FN:253,_ZNSt16allocator_traitsISaISt13_Rb_tree_nodeISt4pairIKiP9myAccess_EEEE12_S_constructIS6_IRKSt21piecewise_construct_tSt5tupleIIOiEESD_IIEEEEENSt9enable_ifIXsrNS8_18__construct_helperIT_IDpT0_EEE5valueEvE4typeERS7_PSJ_DpOSK_
FN:253,_ZNSt16allocator_traitsISaISt23_Sp_counted_ptr_inplaceIN5lgxZJ2IS4MoveESaIS3_ELN9__gnu_cxx12_Lock_policyE2EEEE12_S_constructIS7_IKS4_RP7myTemp_SE_NS3_11OperandTypeESF_EEENSt9enable_ifIXsrNS9_18__construct_helperIT_IDpT0_EEE5valueEvE4typeERS8_PSI_DpOSJ_
FN:253,_ZNSt16allocator_traitsISaIiEE12_S_constructIiIiEEENSt9enable_ifIXsrNS1_18__construct_helperIT_IDpT0_EEE5valueEvE4typeERS0_PS5_DpOS6_
FN:253,_ZNSt16allocator_traitsISaIN5lgxZJ2IS4MoveEEE12_S_constructIS2_IRP7myTemp_S8_NS2_11OperandTypeES9_EEENSt9enable_ifIXsrNS4_18__construct_helperIT_IDpT0_EEE5valueEvE4typeERS3_PSC_DpOSD_
FN:253,_ZNSt16allocator_traitsISaISt13_Rb_tree_nodeISt4pairIKijEEEE12_S_constructIS4_IRKSt21piecewise_construct_tSt5tupleIIOiEESB_IIEEEEENSt9enable_ifIXsrNS6_18__construct_helperIT_IDpT0_EEE5valueEvE4typeERS5_PSH_DpOSI_
FN:253,_ZNSt16allocator_traitsISaISt10shared_ptrIN5lgxZJ2IS3AAIEEEE12_S_constructIS4_IRKS4_EEENSt9enable_ifIXsrNS6_18__construct_helperIT_IDpT0_EEE5valueEvE4typeERS5_PSC_DpOSD_
FN:253,_ZNSt16allocator_traitsISaISt13_Rb_tree_nodeISt4pairIKiP9myAccess_EEEE12_S_constructIS6_IRKSt21piecewise_construct_tSt5tupleIIRS2_EESD_IIEEEEENSt9enable_ifIXsrNS8_18__construct_helperIT_IDpT0_EEE5valueEvE4typeERS7_PSJ_DpOSK_
FN:253,_ZNSt16allocator_traitsISaISt23_Sp_counted_ptr_inplaceIN5lgxZJ2IS3SubESaIS3_ELN9__gnu_cxx12_Lock_policyE2EEEE12_S_constructIS7_IKS4_RP7myTemp_iEEENSt9enable_ifIXsrNS9_18__construct_helperIT_IDpT0_EEE5valueEvE4typeERS8_PSH_DpOSI_
FN:253,_ZNSt16allocator_traitsISaISt23_Sp_counted_ptr_inplaceIN5lgxZJ2IS4MoveESaIS3_ELN9__gnu_cxx12_Lock_policyE2EEEE12_S_constructIS7_IKS4_RP7myTemp_SD_EEENSt9enable_ifIXsrNS9_18__construct_helperIT_IDpT0_EEE5valueEvE4typeERS8_PSH_DpOSI_
FN:253,_ZNSt16allocator_traitsISaISt13_Rb_tree_nodeISt4pairIKijEEEE12_S_constructIS4_IRKSt21piecewise_construct_tSt5tupleIIRS2_EESB_IIEEEEENSt9enable_ifIXsrNS6_18__construct_helperIT_IDpT0_EEE5valueEvE4typeERS5_PSH_DpOSI_
FN:253,_ZNSt16allocator_traitsISaIN5lgxZJ2IS3SubEEE12_S_constructIS2_IRP7myTemp_iEEENSt9enable_ifIXsrNS4_18__construct_helperIT_IDpT0_EEE5valueEvE4typeERS3_PSB_DpOSC_
FN:253,_ZNSt16allocator_traitsISaISt13_Rb_tree_nodeISt4pairIKiP7myTemp_EEEE12_S_constructIS6_IRKSt21piecewise_construct_tSt5tupleIIRS2_EESD_IIEEEEENSt9enable_ifIXsrNS8_18__construct_helperIT_IDpT0_EEE5valueEvE4typeERS7_PSJ_DpOSK_
FN:253,_ZNSt16allocator_traitsISaIiEE12_S_constructIiIRKiEEENSt9enable_ifIXsrNS1_18__construct_helperIT_IDpT0_EEE5valueEvE4typeERS0_PS7_DpOS8_
FN:253,_ZNSt16allocator_traitsISaISt13_Rb_tree_nodeISt4pairIKiSt6vectorIiSaIiEEEEEE12_S_constructIS7_IRKSt21piecewise_construct_tSt5tupleIIRS2_EESE_IIEEEEENSt9enable_ifIXsrNS9_18__construct_helperIT_IDpT0_EEE5valueEvE4typeERS8_PSK_DpOSL_
FN:253,_ZNSt16allocator_traitsISaISt10shared_ptrIN5lgxZJ2IS3AAIEEEE12_S_constructIS4_IS4_EEENSt9enable_ifIXsrNS6_18__construct_helperIT_IDpT0_EEE5valueEvE4typeERS5_PSA_DpOSB_
FN:280,_ZNSt16allocator_traitsISaISt23_Sp_counted_ptr_inplaceIN5lgxZJ2IS4MoveESaIS3_ELN9__gnu_cxx12_Lock_policyE2EEEE10_S_destroyIS7_EENSt9enable_ifIXsrNS9_16__destroy_helperIT_EE5valueEvE4typeERS8_PSD_
FN:280,_ZNSt16allocator_traitsISaISt10shared_ptrIN5lgxZJ2IS3AAIEEEE10_S_destroyIS4_EENSt9enable_ifIXsrNS6_16__destroy_helperIT_EE5valueEvE4typeERS5_PSA_
FN:280,_ZNSt16allocator_traitsISaIN5lgxZJ2IS3SubEEE10_S_destroyIS2_EENSt9enable_ifIXsrNS4_16__destroy_helperIT_EE5valueEvE4typeERS3_PS8_
FN:280,_ZNSt16allocator_traitsISaISt23_Sp_counted_ptr_inplaceIN5lgxZJ2IS3SubESaIS3_ELN9__gnu_cxx12_Lock_policyE2EEEE10_S_destroyIS7_EENSt9enable_ifIXsrNS9_16__destroy_helperIT_EE5valueEvE4typeERS8_PSD_
FN:280,_ZNSt16allocator_traitsISaIN5lgxZJ2IS4MoveEEE10_S_destroyIS2_EENSt9enable_ifIXsrNS4_16__destroy_helperIT_EE5valueEvE4typeERS3_PS8_
FN:280,_ZNSt16allocator_traitsISaIN5lgxZJ2LA4EdgeEEE10_S_destroyIS2_EENSt9enable_ifIXsrNS4_16__destroy_helperIT_EE5valueEvE4typeERS3_PS8_
FN:280,_ZNSt16allocator_traitsISaIP7myTemp_EE10_S_destroyIS1_EENSt9enable_ifIXsrNS3_16__destroy_helperIT_EE5valueEvE4typeERS2_PS7_
FN:280,_ZNSt16allocator_traitsISaIiEE10_S_destroyIiEENSt9enable_ifIXsrNS1_16__destroy_helperIT_EE5valueEvE4typeERS0_PS5_
FN:305,_ZNSt16allocator_traitsISaIN5lgxZJ2LA4EdgeEEE11_S_max_sizeIKS3_EENSt9enable_ifIXsrNS4_16__maxsize_helperIT_EE5valueEmE4typeERS9_
FN:305,_ZNSt16allocator_traitsISaISt10shared_ptrIN5lgxZJ2IS3AAIEEEE11_S_max_sizeIKS5_EENSt9enable_ifIXsrNS6_16__maxsize_helperIT_EE5valueEmE4typeERSB_
FN:305,_ZNSt16allocator_traitsISaIiEE11_S_max_sizeIKS0_EENSt9enable_ifIXsrNS1_16__maxsize_helperIT_EE5valueEmE4typeERS6_
FN:337,_ZNSt16allocator_traitsISaIiEE9_S_selectIKS0_EENSt9enable_ifIXntsrNS1_15__select_helperIT_EE5valueES6_E4typeERS6_
FN:337,_ZNSt16allocator_traitsISaIN5lgxZJ2LA13DirectedGraph8RealNodeEEE9_S_selectIKS4_EENSt9enable_ifIXntsrNS5_15__select_helperIT_EE5valueESA_E4typeERSA_
FN:337,_ZNSt16allocator_traitsISaISt10shared_ptrIN5lgxZJ2IS3AAIEEEE9_S_selectIKS5_EENSt9enable_ifIXntsrNS6_15__select_helperIT_EE5valueESB_E4typeERSB_
FN:337,_ZNSt16allocator_traitsISaIN5lgxZJ2LA4EdgeEEE9_S_selectIKS3_EENSt9enable_ifIXntsrNS4_15__select_helperIT_EE5valueES9_E4typeERS9_
FN:350,_ZNSt16allocator_traitsISaISt23_Sp_counted_ptr_inplaceIN5lgxZJ2IS4MoveESaIS3_ELN9__gnu_cxx12_Lock_policyE2EEEE8allocateERS8_m
FN:350,_ZNSt16allocator_traitsISaISt23_Sp_counted_ptr_inplaceIN5lgxZJ2IS3SubESaIS3_ELN9__gnu_cxx12_Lock_policyE2EEEE8allocateERS8_m
FN:376,_ZNSt16allocator_traitsISaISt23_Sp_counted_ptr_inplaceIN5lgxZJ2IS4MoveESaIS3_ELN9__gnu_cxx12_Lock_policyE2EEEE10deallocateERS8_PS7_m
FN:376,_ZNSt16allocator_traitsISaISt23_Sp_counted_ptr_inplaceIN5lgxZJ2IS3SubESaIS3_ELN9__gnu_cxx12_Lock_policyE2EEEE10deallocateERS8_PS7_m
FN:391,_ZNSt16allocator_traitsISaIN5lgxZJ2LA4EdgeEEE9constructIS2_IRKS2_EEEDTcl12_S_constructfp_fp0_spcl7forwardIT0_Efp1_EEERS3_PT_DpOS8_
FN:391,_ZNSt16allocator_traitsISaISt13_Rb_tree_nodeISt4pairIKiP9myAccess_EEEE9constructIS6_IRKSt21piecewise_construct_tSt5tupleIIOiEESD_IIEEEEEDTcl12_S_constructfp_fp0_spcl7forwardIT0_Efp1_EEERS7_PT_DpOSH_
FN:391,_ZNSt16allocator_traitsISaIN5lgxZJ2IS3SubEEE9constructIS2_IRP7myTemp_iEEEDTcl12_S_constructfp_fp0_spcl7forwardIT0_Efp1_EEERS3_PT_DpOS9_
FN:391,_ZNSt16allocator_traitsISaIN5lgxZJ2IS4MoveEEE9constructIS2_IRP7myTemp_S7_EEEDTcl12_S_constructfp_fp0_spcl7forwardIT0_Efp1_EEERS3_PT_DpOS9_
FN:391,_ZNSt16allocator_traitsISaISt23_Sp_counted_ptr_inplaceIN5lgxZJ2IS4MoveESaIS3_ELN9__gnu_cxx12_Lock_policyE2EEEE9constructIS7_IKS4_RP7myTemp_SD_EEEDTcl12_S_constructfp_fp0_spcl7forwardIT0_Efp1_EEERS8_PT_DpOSF_
FN:391,_ZNSt16allocator_traitsISaIN5lgxZJ2IS4MoveEEE9constructIS2_IRP7myTemp_S8_NS2_11OperandTypeES9_EEEDTcl12_S_constructfp_fp0_spcl7forwardIT0_Efp1_EEERS3_PT_DpOSA_
FN:391,_ZNSt16allocator_traitsISaIiEE9constructIiIRKiEEEDTcl12_S_constructfp_fp0_spcl7forwardIT0_Efp1_EEERS0_PT_DpOS5_
FN:391,_ZNSt16allocator_traitsISaISt13_Rb_tree_nodeISt4pairIKijEEEE9constructIS4_IRKSt21piecewise_construct_tSt5tupleIIRS2_EESB_IIEEEEEDTcl12_S_constructfp_fp0_spcl7forwardIT0_Efp1_EEERS5_PT_DpOSF_
FN:391,_ZNSt16allocator_traitsISaISt13_Rb_tree_nodeISt4pairIKiP9myAccess_EEEE9constructIS6_IRKSt21piecewise_construct_tSt5tupleIIRS2_EESD_IIEEEEEDTcl12_S_constructfp_fp0_spcl7forwardIT0_Efp1_EEERS7_PT_DpOSH_
FN:391,_ZNSt16allocator_traitsISaISt23_Sp_counted_ptr_inplaceIN5lgxZJ2IS4MoveESaIS3_ELN9__gnu_cxx12_Lock_policyE2EEEE9constructIS7_IKS4_RP7myTemp_SE_NS3_11OperandTypeESF_EEEDTcl12_S_constructfp_fp0_spcl7forwardIT0_Efp1_EEERS8_PT_DpOSG_
FN:391,_ZNSt16allocator_traitsISaISt10shared_ptrIN5lgxZJ2IS3AAIEEEE9constructIS4_IRKS4_EEEDTcl12_S_constructfp_fp0_spcl7forwardIT0_Efp1_EEERS5_PT_DpOSA_
FN:391,_ZNSt16allocator_traitsISaIiEE9constructIiIiEEEDTcl12_S_constructfp_fp0_spcl7forwardIT0_Efp1_EEERS0_PT_DpOS3_
FN:391,_ZNSt16allocator_traitsISaISt13_Rb_tree_nodeISt4pairIKP7myTemp_S3_EEEE9constructIS6_IRKSt21piecewise_construct_tSt5tupleIIOS3_EESD_IIEEEEEDTcl12_S_constructfp_fp0_spcl7forwardIT0_Efp1_EEERS7_PT_DpOSH_
FN:391,_ZNSt16allocator_traitsISaISt23_Sp_counted_ptr_inplaceIN5lgxZJ2IS3SubESaIS3_ELN9__gnu_cxx12_Lock_policyE2EEEE9constructIS7_IKS4_RP7myTemp_iEEEDTcl12_S_constructfp_fp0_spcl7forwardIT0_Efp1_EEERS8_PT_DpOSF_
FN:391,_ZNSt16allocator_traitsISaISt10shared_ptrIN5lgxZJ2IS3AAIEEEE9constructIS4_IS4_EEEDTcl12_S_constructfp_fp0_spcl7forwardIT0_Efp1_EEERS5_PT_DpOS8_
FN:391,_ZNSt16allocator_traitsISaISt13_Rb_tree_nodeISt4pairIKijEEEE9constructIS4_IRKSt21piecewise_construct_tSt5tupleIIOiEESB_IIEEEEEDTcl12_S_constructfp_fp0_spcl7forwardIT0_Efp1_EEERS5_PT_DpOSF_
FN:391,_ZNSt16allocator_traitsISaISt13_Rb_tree_nodeISt4pairIKiP7myTemp_EEEE9constructIS6_IRKSt21piecewise_construct_tSt5tupleIIRS2_EESD_IIEEEEEDTcl12_S_constructfp_fp0_spcl7forwardIT0_Efp1_EEERS7_PT_DpOSH_
FN:391,_ZNSt16allocator_traitsISaISt13_Rb_tree_nodeISt4pairIKiSt6vectorIiSaIiEEEEEE9constructIS7_IRKSt21piecewise_construct_tSt5tupleIIRS2_EESE_IIEEEEEDTcl12_S_constructfp_fp0_spcl7forwardIT0_Efp1_EEERS8_PT_DpOSI_
FN:404,_ZNSt16allocator_traitsISaISt10shared_ptrIN5lgxZJ2IS3AAIEEEE7destroyIS4_EEvRS5_PT_
FN:404,_ZNSt16allocator_traitsISaIN5lgxZJ2LA4EdgeEEE7destroyIS2_EEvRS3_PT_
FN:404,_ZNSt16allocator_traitsISaIiEE7destroyIiEEvRS0_PT_
FN:404,_ZNSt16allocator_traitsISaIN5lgxZJ2IS3SubEEE7destroyIS2_EEvRS3_PT_
FN:404,_ZNSt16allocator_traitsISaIP7myTemp_EE7destroyIS1_EEvRS2_PT_
FN:404,_ZNSt16allocator_traitsISaIN5lgxZJ2IS4MoveEEE7destroyIS2_EEvRS3_PT_
FN:404,_ZNSt16allocator_traitsISaISt23_Sp_counted_ptr_inplaceIN5lgxZJ2IS3SubESaIS3_ELN9__gnu_cxx12_Lock_policyE2EEEE7destroyIS7_EEvRS8_PT_
FN:404,_ZNSt16allocator_traitsISaISt23_Sp_counted_ptr_inplaceIN5lgxZJ2IS4MoveESaIS3_ELN9__gnu_cxx12_Lock_policyE2EEEE7destroyIS7_EEvRS8_PT_
FN:415,_ZNSt16allocator_traitsISaISt10shared_ptrIN5lgxZJ2IS3AAIEEEE8max_sizeERKS5_
FN:415,_ZNSt16allocator_traitsISaIN5lgxZJ2LA4EdgeEEE8max_sizeERKS3_
FN:415,_ZNSt16allocator_traitsISaIiEE8max_sizeERKS0_
FN:427,_ZNSt16allocator_traitsISaIN5lgxZJ2LA4EdgeEEE37select_on_container_copy_constructionERKS3_
FN:427,_ZNSt16allocator_traitsISaIN5lgxZJ2LA13DirectedGraph8RealNodeEEE37select_on_container_copy_constructionERKS4_
FN:427,_ZNSt16allocator_traitsISaIiEE37select_on_container_copy_constructionERKS0_
FN:427,_ZNSt16allocator_traitsISaISt10shared_ptrIN5lgxZJ2IS3AAIEEEE37select_on_container_copy_constructionERKS5_
FN:459,_ZSt18__do_alloc_on_copyISaISt10shared_ptrIN5lgxZJ2IS3AAIEEEEvRT_RKS6_St17integral_constantIbLb0EE
FN:459,_ZSt18__do_alloc_on_copyISaIiEEvRT_RKS1_St17integral_constantIbLb0EE
FN:463,_ZSt15__alloc_on_copyISaIiEEvRT_RKS1_
FN:463,_ZSt15__alloc_on_copyISaISt10shared_ptrIN5lgxZJ2IS3AAIEEEEvRT_RKS6_
FN:478,_ZSt18__do_alloc_on_moveISaIN5lgxZJ2LA13DirectedGraph8RealNodeEEEvRT_S6_St17integral_constantIbLb1EE
FN:478,_ZSt18__do_alloc_on_moveISaISt6vectorIP7myTemp_SaIS2_EEEEvRT_S7_St17integral_constantIbLb1EE
FN:478,_ZSt18__do_alloc_on_moveISaISt10shared_ptrIN5lgxZJ2IS3AAIEEEEvRT_S7_St17integral_constantIbLb1EE
FN:478,_ZSt18__do_alloc_on_moveISaIP7myTemp_EEvRT_S4_St17integral_constantIbLb1EE
FN:478,_ZSt18__do_alloc_on_moveISaIN5lgxZJ2LA4EdgeEEEvRT_S5_St17integral_constantIbLb1EE
FN:486,_ZSt15__alloc_on_moveISaIN5lgxZJ2LA13DirectedGraph8RealNodeEEEvRT_S6_
FN:486,_ZSt15__alloc_on_moveISaISt6vectorIP7myTemp_SaIS2_EEEEvRT_S7_
FN:486,_ZSt15__alloc_on_moveISaIN5lgxZJ2LA4EdgeEEEvRT_S5_
FN:486,_ZSt15__alloc_on_moveISaIP7myTemp_EEvRT_S4_
FN:486,_ZSt15__alloc_on_moveISaISt10shared_ptrIN5lgxZJ2IS3AAIEEEEvRT_S7_
FN:501,_ZSt18__do_alloc_on_swapISaISt10shared_ptrIN5lgxZJ2IS3AAIEEEEvRT_S7_St17integral_constantIbLb0EE
FN:501,_ZSt18__do_alloc_on_swapISaIN5lgxZJ2LA4EdgeEEEvRT_S5_St17integral_constantIbLb0EE
FN:505,_ZSt15__alloc_on_swapISaIN5lgxZJ2LA4EdgeEEEvRT_S5_
FN:505,_ZSt15__alloc_on_swapISaISt10shared_ptrIN5lgxZJ2IS3AAIEEEEvRT_S7_
FNDA:0,_ZNSt16allocator_traitsISaIN5lgxZJ2IS3SubEEE12_S_constructIS2_IRP7myTemp_iEEENSt9enable_ifIXsrNS4_18__construct_helperIT_IDpT0_EEE5valueEvE4typeERS3_PSB_DpOSC_
FNDA:0,_ZNSt16allocator_traitsISaIN5lgxZJ2IS4MoveEEE12_S_constructIS2_IRP7myTemp_S7_EEENSt9enable_ifIXsrNS4_18__construct_helperIT_IDpT0_EEE5valueEvE4typeERS3_PSB_DpOSC_
FNDA:0,_ZNSt16allocator_traitsISaIN5lgxZJ2IS4MoveEEE12_S_constructIS2_IRP7myTemp_S8_NS2_11OperandTypeES9_EEENSt9enable_ifIXsrNS4_18__construct_helperIT_IDpT0_EEE5valueEvE4typeERS3_PSC_DpOSD_
FNDA:0,_ZNSt16allocator_traitsISaISt23_Sp_counted_ptr_inplaceIN5lgxZJ2IS3SubESaIS3_ELN9__gnu_cxx12_Lock_policyE2EEEE12_S_constructIS7_IKS4_RP7myTemp_iEEENSt9enable_ifIXsrNS9_18__construct_helperIT_IDpT0_EEE5valueEvE4typeERS8_PSH_DpOSI_
FNDA:0,_ZNSt16allocator_traitsISaISt23_Sp_counted_ptr_inplaceIN5lgxZJ2IS4MoveESaIS3_ELN9__gnu_cxx12_Lock_policyE2EEEE12_S_constructIS7_IKS4_RP7myTemp_SD_EEENSt9enable_ifIXsrNS9_18__construct_helperIT_IDpT0_EEE5valueEvE4typeERS8_PSH_DpOSI_
FNDA:0,_ZNSt16allocator_traitsISaISt23_Sp_counted_ptr_inplaceIN5lgxZJ2IS4MoveESaIS3_ELN9__gnu_cxx12_Lock_policyE2EEEE12_S_constructIS7_IKS4_RP7myTemp_SE_NS3_11OperandTypeESF_EEENSt9enable_ifIXsrNS9_18__construct_helperIT_IDpT0_EEE5valueEvE4typeERS8_PSI_DpOSJ_
FNDA:0,_ZNSt16allocator_traitsISaISt13_Rb_tree_nodeISt4pairIKP7myTemp_S3_EEEE12_S_constructIS6_IRKSt21piecewise_construct_tSt5tupleIIOS3_EESD_IIEEEEENSt9enable_ifIXsrNS8_18__construct_helperIT_IDpT0_EEE5valueEvE4typeERS7_PSJ_DpOSK_
FNDA:0,_ZNSt16allocator_traitsISaISt13_Rb_tree_nodeISt4pairIKiP9myAccess_EEEE12_S_constructIS6_IRKSt21piecewise_construct_tSt5tupleIIOiEESD_IIEEEEENSt9enable_ifIXsrNS8_18__construct_helperIT_IDpT0_EEE5valueEvE4typeERS7_PSJ_DpOSK_
FNDA:0,_ZNSt16allocator_traitsISaISt13_Rb_tree_nodeISt4pairIKiP9myAccess_EEEE12_S_constructIS6_IRKSt21piecewise_construct_tSt5tupleIIRS2_EESD_IIEEEEENSt9enable_ifIXsrNS8_18__construct_helperIT_IDpT0_EEE5valueEvE4typeERS7_PSJ_DpOSK_
FNDA:82,_ZNSt16allocator_traitsISaISt13_Rb_tree_nodeISt4pairIKiP7myTemp_EEEE12_S_constructIS6_IRKSt21piecewise_construct_tSt5tupleIIRS2_EESD_IIEEEEENSt9enable_ifIXsrNS8_18__construct_helperIT_IDpT0_EEE5valueEvE4typeERS7_PSJ_DpOSK_
FNDA:0,_ZNSt16allocator_traitsISaISt13_Rb_tree_nodeISt4pairIKijEEEE12_S_constructIS4_IRKSt21piecewise_construct_tSt5tupleIIOiEESB_IIEEEEENSt9enable_ifIXsrNS6_18__construct_helperIT_IDpT0_EEE5valueEvE4typeERS5_PSH_DpOSI_
FNDA:93,_ZNSt16allocator_traitsISaISt13_Rb_tree_nodeISt4pairIKiSt6vectorIiSaIiEEEEEE12_S_constructIS7_IRKSt21piecewise_construct_tSt5tupleIIRS2_EESE_IIEEEEENSt9enable_ifIXsrNS9_18__construct_helperIT_IDpT0_EEE5valueEvE4typeERS8_PSK_DpOSL_
FNDA:122,_ZNSt16allocator_traitsISaISt13_Rb_tree_nodeISt4pairIKijEEEE12_S_constructIS4_IRKSt21piecewise_construct_tSt5tupleIIRS2_EESB_IIEEEEENSt9enable_ifIXsrNS6_18__construct_helperIT_IDpT0_EEE5valueEvE4typeERS5_PSH_DpOSI_
FNDA:0,_ZNSt16allocator_traitsISaISt10shared_ptrIN5lgxZJ2IS3AAIEEEE12_S_constructIS4_IS4_EEENSt9enable_ifIXsrNS6_18__construct_helperIT_IDpT0_EEE5valueEvE4typeERS5_PSA_DpOSB_
FNDA:859,_ZNSt16allocator_traitsISaIiEE12_S_constructIiIiEEENSt9enable_ifIXsrNS1_18__construct_helperIT_IDpT0_EEE5valueEvE4typeERS0_PS5_DpOS6_
FNDA:0,_ZNSt16allocator_traitsISaISt10shared_ptrIN5lgxZJ2IS3AAIEEEE12_S_constructIS4_IRKS4_EEENSt9enable_ifIXsrNS6_18__construct_helperIT_IDpT0_EEE5valueEvE4typeERS5_PSC_DpOSD_
FNDA:77,_ZNSt16allocator_traitsISaIN5lgxZJ2LA4EdgeEEE12_S_constructIS2_IRKS2_EEENSt9enable_ifIXsrNS4_18__construct_helperIT_IDpT0_EEE5valueEvE4typeERS3_PSA_DpOSB_
FNDA:1762,_ZNSt16allocator_traitsISaIiEE12_S_constructIiIRKiEEENSt9enable_ifIXsrNS1_18__construct_helperIT_IDpT0_EEE5valueEvE4typeERS0_PS7_DpOS8_
FNDA:0,_ZNSt16allocator_traitsISaISt23_Sp_counted_ptr_inplaceIN5lgxZJ2IS4MoveESaIS3_ELN9__gnu_cxx12_Lock_policyE2EEEE10_S_destroyIS7_EENSt9enable_ifIXsrNS9_16__destroy_helperIT_EE5valueEvE4typeERS8_PSD_
FNDA:0,_ZNSt16allocator_traitsISaIN5lgxZJ2IS4MoveEEE10_S_destroyIS2_EENSt9enable_ifIXsrNS4_16__destroy_helperIT_EE5valueEvE4typeERS3_PS8_
FNDA:0,_ZNSt16allocator_traitsISaISt23_Sp_counted_ptr_inplaceIN5lgxZJ2IS3SubESaIS3_ELN9__gnu_cxx12_Lock_policyE2EEEE10_S_destroyIS7_EENSt9enable_ifIXsrNS9_16__destroy_helperIT_EE5valueEvE4typeERS8_PSD_
FNDA:0,_ZNSt16allocator_traitsISaIN5lgxZJ2IS3SubEEE10_S_destroyIS2_EENSt9enable_ifIXsrNS4_16__destroy_helperIT_EE5valueEvE4typeERS3_PS8_
FNDA:0,_ZNSt16allocator_traitsISaISt10shared_ptrIN5lgxZJ2IS3AAIEEEE10_S_destroyIS4_EENSt9enable_ifIXsrNS6_16__destroy_helperIT_EE5valueEvE4typeERS5_PSA_
FNDA:46,_ZNSt16allocator_traitsISaIP7myTemp_EE10_S_destroyIS1_EENSt9enable_ifIXsrNS3_16__destroy_helperIT_EE5valueEvE4typeERS2_PS7_
FNDA:35,_ZNSt16allocator_traitsISaIN5lgxZJ2LA4EdgeEEE10_S_destroyIS2_EENSt9enable_ifIXsrNS4_16__destroy_helperIT_EE5valueEvE4typeERS3_PS8_
FNDA:127,_ZNSt16allocator_traitsISaIiEE10_S_destroyIiEENSt9enable_ifIXsrNS1_16__destroy_helperIT_EE5valueEvE4typeERS0_PS5_
FNDA:0,_ZNSt16allocator_traitsISaISt10shared_ptrIN5lgxZJ2IS3AAIEEEE11_S_max_sizeIKS5_EENSt9enable_ifIXsrNS6_16__maxsize_helperIT_EE5valueEmE4typeERSB_
FNDA:482,_ZNSt16allocator_traitsISaIN5lgxZJ2LA4EdgeEEE11_S_max_sizeIKS3_EENSt9enable_ifIXsrNS4_16__maxsize_helperIT_EE5valueEmE4typeERS9_
FNDA:4256,_ZNSt16allocator_traitsISaIiEE11_S_max_sizeIKS0_EENSt9enable_ifIXsrNS1_16__maxsize_helperIT_EE5valueEmE4typeERS6_
FNDA:403,_ZNSt16allocator_traitsISaIN5lgxZJ2LA4EdgeEEE9_S_selectIKS3_EENSt9enable_ifIXntsrNS4_15__select_helperIT_EE5valueES9_E4typeERS9_
FNDA:388,_ZNSt16allocator_traitsISaIN5lgxZJ2LA13DirectedGraph8RealNodeEEE9_S_selectIKS4_EENSt9enable_ifIXntsrNS5_15__select_helperIT_EE5valueESA_E4typeERSA_
FNDA:11460,_ZNSt16allocator_traitsISaIiEE9_S_selectIKS0_EENSt9enable_ifIXntsrNS1_15__select_helperIT_EE5valueES6_E4typeERS6_
FNDA:90,_ZNSt16allocator_traitsISaISt10shared_ptrIN5lgxZJ2IS3AAIEEEE9_S_selectIKS5_EENSt9enable_ifIXntsrNS6_15__select_helperIT_EE5valueESB_E4typeERSB_
FNDA:0,_ZNSt16allocator_traitsISaISt23_Sp_counted_ptr_inplaceIN5lgxZJ2IS3SubESaIS3_ELN9__gnu_cxx12_Lock_policyE2EEEE8allocateERS8_m
FNDA:0,_ZNSt16allocator_traitsISaISt23_Sp_counted_ptr_inplaceIN5lgxZJ2IS4MoveESaIS3_ELN9__gnu_cxx12_Lock_policyE2EEEE8allocateERS8_m
FNDA:0,_ZNSt16allocator_traitsISaISt23_Sp_counted_ptr_inplaceIN5lgxZJ2IS3SubESaIS3_ELN9__gnu_cxx12_Lock_policyE2EEEE10deallocateERS8_PS7_m
FNDA:0,_ZNSt16allocator_traitsISaISt23_Sp_counted_ptr_inplaceIN5lgxZJ2IS4MoveESaIS3_ELN9__gnu_cxx12_Lock_policyE2EEEE10deallocateERS8_PS7_m
FNDA:0,_ZNSt16allocator_traitsISaIN5lgxZJ2IS3SubEEE9constructIS2_IRP7myTemp_iEEEDTcl12_S_constructfp_fp0_spcl7forwardIT0_Efp1_EEERS3_PT_DpOS9_
FNDA:0,_ZNSt16allocator_traitsISaIN5lgxZJ2IS4MoveEEE9constructIS2_IRP7myTemp_S7_EEEDTcl12_S_constructfp_fp0_spcl7forwardIT0_Efp1_EEERS3_PT_DpOS9_
FNDA:0,_ZNSt16allocator_traitsISaIN5lgxZJ2IS4MoveEEE9constructIS2_IRP7myTemp_S8_NS2_11OperandTypeES9_EEEDTcl12_S_constructfp_fp0_spcl7forwardIT0_Efp1_EEERS3_PT_DpOSA_
FNDA:0,_ZNSt16allocator_traitsISaISt23_Sp_counted_ptr_inplaceIN5lgxZJ2IS3SubESaIS3_ELN9__gnu_cxx12_Lock_policyE2EEEE9constructIS7_IKS4_RP7myTemp_iEEEDTcl12_S_constructfp_fp0_spcl7forwardIT0_Efp1_EEERS8_PT_DpOSF_
FNDA:0,_ZNSt16allocator_traitsISaISt23_Sp_counted_ptr_inplaceIN5lgxZJ2IS4MoveESaIS3_ELN9__gnu_cxx12_Lock_policyE2EEEE9constructIS7_IKS4_RP7myTemp_SD_EEEDTcl12_S_constructfp_fp0_spcl7forwardIT0_Efp1_EEERS8_PT_DpOSF_
FNDA:0,_ZNSt16allocator_traitsISaISt23_Sp_counted_ptr_inplaceIN5lgxZJ2IS4MoveESaIS3_ELN9__gnu_cxx12_Lock_policyE2EEEE9constructIS7_IKS4_RP7myTemp_SE_NS3_11OperandTypeESF_EEEDTcl12_S_constructfp_fp0_spcl7forwardIT0_Efp1_EEERS8_PT_DpOSG_
FNDA:0,_ZNSt16allocator_traitsISaISt13_Rb_tree_nodeISt4pairIKP7myTemp_S3_EEEE9constructIS6_IRKSt21piecewise_construct_tSt5tupleIIOS3_EESD_IIEEEEEDTcl12_S_constructfp_fp0_spcl7forwardIT0_Efp1_EEERS7_PT_DpOSH_
FNDA:0,_ZNSt16allocator_traitsISaISt13_Rb_tree_nodeISt4pairIKiP9myAccess_EEEE9constructIS6_IRKSt21piecewise_construct_tSt5tupleIIOiEESD_IIEEEEEDTcl12_S_constructfp_fp0_spcl7forwardIT0_Efp1_EEERS7_PT_DpOSH_
FNDA:0,_ZNSt16allocator_traitsISaISt13_Rb_tree_nodeISt4pairIKiP9myAccess_EEEE9constructIS6_IRKSt21piecewise_construct_tSt5tupleIIRS2_EESD_IIEEEEEDTcl12_S_constructfp_fp0_spcl7forwardIT0_Efp1_EEERS7_PT_DpOSH_
FNDA:82,_ZNSt16allocator_traitsISaISt13_Rb_tree_nodeISt4pairIKiP7myTemp_EEEE9constructIS6_IRKSt21piecewise_construct_tSt5tupleIIRS2_EESD_IIEEEEEDTcl12_S_constructfp_fp0_spcl7forwardIT0_Efp1_EEERS7_PT_DpOSH_
FNDA:0,_ZNSt16allocator_traitsISaISt13_Rb_tree_nodeISt4pairIKijEEEE9constructIS4_IRKSt21piecewise_construct_tSt5tupleIIOiEESB_IIEEEEEDTcl12_S_constructfp_fp0_spcl7forwardIT0_Efp1_EEERS5_PT_DpOSF_
FNDA:93,_ZNSt16allocator_traitsISaISt13_Rb_tree_nodeISt4pairIKiSt6vectorIiSaIiEEEEEE9constructIS7_IRKSt21piecewise_construct_tSt5tupleIIRS2_EESE_IIEEEEEDTcl12_S_constructfp_fp0_spcl7forwardIT0_Efp1_EEERS8_PT_DpOSI_
FNDA:122,_ZNSt16allocator_traitsISaISt13_Rb_tree_nodeISt4pairIKijEEEE9constructIS4_IRKSt21piecewise_construct_tSt5tupleIIRS2_EESB_IIEEEEEDTcl12_S_constructfp_fp0_spcl7forwardIT0_Efp1_EEERS5_PT_DpOSF_
FNDA:0,_ZNSt16allocator_traitsISaISt10shared_ptrIN5lgxZJ2IS3AAIEEEE9constructIS4_IS4_EEEDTcl12_S_constructfp_fp0_spcl7forwardIT0_Efp1_EEERS5_PT_DpOS8_
FNDA:859,_ZNSt16allocator_traitsISaIiEE9constructIiIiEEEDTcl12_S_constructfp_fp0_spcl7forwardIT0_Efp1_EEERS0_PT_DpOS3_
FNDA:0,_ZNSt16allocator_traitsISaISt10shared_ptrIN5lgxZJ2IS3AAIEEEE9constructIS4_IRKS4_EEEDTcl12_S_constructfp_fp0_spcl7forwardIT0_Efp1_EEERS5_PT_DpOSA_
FNDA:77,_ZNSt16allocator_traitsISaIN5lgxZJ2LA4EdgeEEE9constructIS2_IRKS2_EEEDTcl12_S_constructfp_fp0_spcl7forwardIT0_Efp1_EEERS3_PT_DpOS8_
FNDA:1762,_ZNSt16allocator_traitsISaIiEE9constructIiIRKiEEEDTcl12_S_constructfp_fp0_spcl7forwardIT0_Efp1_EEERS0_PT_DpOS5_
FNDA:0,_ZNSt16allocator_traitsISaISt23_Sp_counted_ptr_inplaceIN5lgxZJ2IS4MoveESaIS3_ELN9__gnu_cxx12_Lock_policyE2EEEE7destroyIS7_EEvRS8_PT_
FNDA:0,_ZNSt16allocator_traitsISaIN5lgxZJ2IS4MoveEEE7destroyIS2_EEvRS3_PT_
FNDA:0,_ZNSt16allocator_traitsISaISt23_Sp_counted_ptr_inplaceIN5lgxZJ2IS3SubESaIS3_ELN9__gnu_cxx12_Lock_policyE2EEEE7destroyIS7_EEvRS8_PT_
FNDA:0,_ZNSt16allocator_traitsISaIN5lgxZJ2IS3SubEEE7destroyIS2_EEvRS3_PT_
FNDA:0,_ZNSt16allocator_traitsISaISt10shared_ptrIN5lgxZJ2IS3AAIEEEE7destroyIS4_EEvRS5_PT_
FNDA:46,_ZNSt16allocator_traitsISaIP7myTemp_EE7destroyIS1_EEvRS2_PT_
FNDA:35,_ZNSt16allocator_traitsISaIN5lgxZJ2LA4EdgeEEE7destroyIS2_EEvRS3_PT_
FNDA:127,_ZNSt16allocator_traitsISaIiEE7destroyIiEEvRS0_PT_
FNDA:0,_ZNSt16allocator_traitsISaISt10shared_ptrIN5lgxZJ2IS3AAIEEEE8max_sizeERKS5_
FNDA:482,_ZNSt16allocator_traitsISaIN5lgxZJ2LA4EdgeEEE8max_sizeERKS3_
FNDA:4256,_ZNSt16allocator_traitsISaIiEE8max_sizeERKS0_
FNDA:403,_ZNSt16allocator_traitsISaIN5lgxZJ2LA4EdgeEEE37select_on_container_copy_constructionERKS3_
FNDA:388,_ZNSt16allocator_traitsISaIN5lgxZJ2LA13DirectedGraph8RealNodeEEE37select_on_container_copy_constructionERKS4_
FNDA:11460,_ZNSt16allocator_traitsISaIiEE37select_on_container_copy_constructionERKS0_
FNDA:90,_ZNSt16allocator_traitsISaISt10shared_ptrIN5lgxZJ2IS3AAIEEEE37select_on_container_copy_constructionERKS5_
FNDA:0,_ZSt18__do_alloc_on_copyISaIiEEvRT_RKS1_St17integral_constantIbLb0EE
FNDA:0,_ZSt18__do_alloc_on_copyISaISt10shared_ptrIN5lgxZJ2IS3AAIEEEEvRT_RKS6_St17integral_constantIbLb0EE
FNDA:0,_ZSt15__alloc_on_copyISaIiEEvRT_RKS1_
FNDA:0,_ZSt15__alloc_on_copyISaISt10shared_ptrIN5lgxZJ2IS3AAIEEEEvRT_RKS6_
FNDA:581,_ZSt18__do_alloc_on_moveISaIP7myTemp_EEvRT_S4_St17integral_constantIbLb1EE
FNDA:30,_ZSt18__do_alloc_on_moveISaISt6vectorIP7myTemp_SaIS2_EEEEvRT_S7_St17integral_constantIbLb1EE
FNDA:45,_ZSt18__do_alloc_on_moveISaIN5lgxZJ2LA4EdgeEEEvRT_S5_St17integral_constantIbLb1EE
FNDA:30,_ZSt18__do_alloc_on_moveISaIN5lgxZJ2LA13DirectedGraph8RealNodeEEEvRT_S6_St17integral_constantIbLb1EE
FNDA:15,_ZSt18__do_alloc_on_moveISaISt10shared_ptrIN5lgxZJ2IS3AAIEEEEvRT_S7_St17integral_constantIbLb1EE
FNDA:581,_ZSt15__alloc_on_moveISaIP7myTemp_EEvRT_S4_
FNDA:30,_ZSt15__alloc_on_moveISaISt6vectorIP7myTemp_SaIS2_EEEEvRT_S7_
FNDA:45,_ZSt15__alloc_on_moveISaIN5lgxZJ2LA4EdgeEEEvRT_S5_
FNDA:30,_ZSt15__alloc_on_moveISaIN5lgxZJ2LA13DirectedGraph8RealNodeEEEvRT_S6_
FNDA:15,_ZSt15__alloc_on_moveISaISt10shared_ptrIN5lgxZJ2IS3AAIEEEEvRT_S7_
FNDA:0,_ZSt18__do_alloc_on_swapISaISt10shared_ptrIN5lgxZJ2IS3AAIEEEEvRT_S7_St17integral_constantIbLb0EE
FNDA:32,_ZSt18__do_alloc_on_swapISaIN5lgxZJ2LA4EdgeEEEvRT_S5_St17integral_constantIbLb0EE
FNDA:0,_ZSt15__alloc_on_swapISaISt10shared_ptrIN5lgxZJ2IS3AAIEEEEvRT_S7_
FNDA:32,_ZSt15__alloc_on_swapISaIN5lgxZJ2LA4EdgeEEEvRT_S5_
FNF:88
FNH:42
DA:253,2995
DA:254,2995
DA:280,208
DA:281,208
DA:305,4738
DA:306,4738
DA:337,12341
DA:338,12341
DA:350,0
DA:351,0
DA:376,0
DA:377,0
DA:391,2995
DA:393,2995
DA:404,208
DA:405,208
DA:415,4738
DA:416,4738
DA:427,12341
DA:428,12341
DA:459,0
DA:460,0
DA:463,0
DA:467,0
DA:468,0
DA:478,701
DA:479,701
DA:486,701
DA:490,701
DA:491,701
DA:501,32
DA:502,32
DA:505,32
DA:509,32
DA:510,32
LF:35
LH:26
end_of_record
SF:/usr/include/c++/4.8/bits/allocator.h
FN:113,_ZNSaISt13_Rb_tree_nodeISt4pairIKiP7myTemp_EEEC2Ev
FN:113,_ZNSaIN5lgxZJ2LA4EdgeEEC2Ev
FN:113,_ZNSaIiEC2Ev
FN:113,_ZNSaISt13_Rb_tree_nodeISt4pairIKijEEEC2Ev
FN:113,_ZNSaIP7myTemp_EC2Ev
FN:113,_ZNSaIN5lgxZJ2IS3SubEEC2Ev
FN:113,_ZNSaISt10shared_ptrIN5lgxZJ2IS3AAIEEEC2Ev
FN:113,_ZNSaISt13_Rb_tree_nodeISt4pairIKP7myTemp_S2_EEEC2Ev
FN:113,_ZNSaISt13_Rb_tree_nodeISt4pairIKiP9myAccess_EEEC2Ev
FN:113,_ZNSaIN5lgxZJ2IS4MoveEEC2Ev
FN:113,_ZNSaISt13_Rb_tree_nodeISt4pairIKiSt6vectorIiSaIiEEEEEC2Ev
FN:115,_ZNSaIN5lgxZJ2IS4MoveEEC2ERKS2_
FN:115,_ZNSaIN5lgxZJ2IS3SubEEC2ERKS2_
FN:115,_ZNSaISt6vectorIP7myTemp_SaIS1_EEEC2ERKS4_
FN:115,_ZNSaIN5lgxZJ2LA4EdgeEEC2ERKS2_
FN:115,_ZNSaIP7myTemp_EC2ERKS1_
FN:115,_ZNSaIiEC2ERKS_
FN:115,_ZNSaIN5lgxZJ2LA13DirectedGraph8RealNodeEEC2ERKS3_
FN:115,_ZNSaISt10shared_ptrIN5lgxZJ2IS3AAIEEEC2ERKS4_
FN:119,_ZNSaIPiEC2IiEERKSaIT_E
FN:119,_ZNSaISt23_Sp_counted_ptr_inplaceIN5lgxZJ2IS3SubESaIS2_ELN9__gnu_cxx12_Lock_policyE2EEEC2IS2_EERKSaIT_E
FN:119,_ZNSaISt23_Sp_counted_ptr_inplaceIN5lgxZJ2IS4MoveESaIS2_ELN9__gnu_cxx12_Lock_policyE2EEEC2IS2_EERKSaIT_E
FN:121,_ZNSaIN5lgxZJ2LA13DirectedGraph8RealNodeEED2Ev
FN:121,_ZNSaIiED2Ev
FN:121,_ZNSaISt13_Rb_tree_nodeISt4pairIKP7myTemp_S2_EEED2Ev
FN:121,_ZNSaISt23_Sp_counted_ptr_inplaceIN5lgxZJ2IS4MoveESaIS2_ELN9__gnu_cxx12_Lock_policyE2EEED2Ev
FN:121,_ZNSaIPiED2Ev
FN:121,_ZNSaIP7myTemp_ED2Ev
FN:121,_ZNSaIN5lgxZJ2LA4EdgeEED2Ev
FN:121,_ZNSaISt13_Rb_tree_nodeISt4pairIKP7myTemp_iEEED2Ev
FN:121,_ZNSaISt13_Rb_tree_nodeISt4pairIKiP7myTemp_EEED2Ev
FN:121,_ZNSaISt23_Sp_counted_ptr_inplaceIN5lgxZJ2IS3SubESaIS2_ELN9__gnu_cxx12_Lock_policyE2EEED2Ev
FN:121,_ZNSaISt6vectorIP7myTemp_SaIS1_EEED2Ev
FN:121,_ZNSaISt10shared_ptrIN5lgxZJ2IS3AAIEEED2Ev
FN:121,_ZNSaIN5lgxZJ2IS3SubEED2Ev
FN:121,_ZNSaISt13_Rb_tree_nodeISt4pairIKiSt6vectorIiSaIiEEEEED2Ev
FN:121,_ZNSaISt13_Rb_tree_nodeISt4pairIKijEEED2Ev
FN:121,_ZNSaIN5lgxZJ2IS4MoveEED2Ev
FN:121,_ZNSaISt13_Rb_tree_nodeISt4pairIKiP9myAccess_EEED2Ev
FN:143,_ZStneIiEbRKSaIT_ES3_
FN:143,_ZStneISt10shared_ptrIN5lgxZJ2IS3AAIEEEbRKSaIT_ES8_
FN:161,_ZNSt12__alloc_swapISaIiELb1EE8_S_do_itERS0_S2_
FN:161,_ZNSt12__alloc_swapISaISt13_Rb_tree_nodeISt4pairIKP7myTemp_iEEELb1EE8_S_do_itERS7_S9_
FNDA:15,_ZNSaISt13_Rb_tree_nodeISt4pairIKP7myTemp_S2_EEEC2Ev
FNDA:152,_ZNSaIN5lgxZJ2LA4EdgeEEC2Ev
FNDA:0,_ZNSaISt10shared_ptrIN5lgxZJ2IS3AAIEEEC2Ev
FNDA:30,_ZNSaISt13_Rb_tree_nodeISt4pairIKiSt6vectorIiSaIiEEEEEC2Ev
FNDA:15,_ZNSaISt13_Rb_tree_nodeISt4pairIKiP9myAccess_EEEC2Ev
FNDA:15,_ZNSaISt13_Rb_tree_nodeISt4pairIKiP7myTemp_EEEC2Ev
FNDA:15,_ZNSaISt13_Rb_tree_nodeISt4pairIKijEEEC2Ev
FNDA:2261,_ZNSaIiEC2Ev
FNDA:0,_ZNSaIN5lgxZJ2IS3SubEEC2Ev
FNDA:0,_ZNSaIN5lgxZJ2IS4MoveEEC2Ev
FNDA:3347,_ZNSaIP7myTemp_EC2Ev
FNDA:0,_ZNSaIN5lgxZJ2IS3SubEEC2ERKS2_
FNDA:0,_ZNSaIN5lgxZJ2IS4MoveEEC2ERKS2_
FNDA:5005,_ZNSaIP7myTemp_EC2ERKS1_
FNDA:120,_ZNSaISt6vectorIP7myTemp_SaIS1_EEEC2ERKS4_
FNDA:896,_ZNSaIN5lgxZJ2LA4EdgeEEC2ERKS2_
FNDA:896,_ZNSaIN5lgxZJ2LA13DirectedGraph8RealNodeEEC2ERKS3_
FNDA:22976,_ZNSaIiEC2ERKS_
FNDA:0,_ZNSaISt10shared_ptrIN5lgxZJ2IS3AAIEEEC2ERKS4_
FNDA:0,_ZNSaISt23_Sp_counted_ptr_inplaceIN5lgxZJ2IS3SubESaIS2_ELN9__gnu_cxx12_Lock_policyE2EEEC2IS2_EERKSaIT_E
FNDA:0,_ZNSaISt23_Sp_counted_ptr_inplaceIN5lgxZJ2IS4MoveESaIS2_ELN9__gnu_cxx12_Lock_policyE2EEEC2IS2_EERKSaIT_E
FNDA:0,_ZNSaIPiEC2IiEERKSaIT_E
FNDA:0,_ZNSaISt23_Sp_counted_ptr_inplaceIN5lgxZJ2IS3SubESaIS2_ELN9__gnu_cxx12_Lock_policyE2EEED2Ev
FNDA:0,_ZNSaISt23_Sp_counted_ptr_inplaceIN5lgxZJ2IS4MoveESaIS2_ELN9__gnu_cxx12_Lock_policyE2EEED2Ev
FNDA:0,_ZNSaIPiED2Ev
FNDA:0,_ZNSaISt6vectorIP7myTemp_SaIS1_EEED2Ev
FNDA:0,_ZNSaISt13_Rb_tree_nodeISt4pairIKP7myTemp_S2_EEED2Ev
FNDA:0,_ZNSaIN5lgxZJ2IS3SubEED2Ev
FNDA:0,_ZNSaIN5lgxZJ2IS4MoveEED2Ev
FNDA:0,_ZNSaIN5lgxZJ2LA4EdgeEED2Ev
FNDA:0,_ZNSaIN5lgxZJ2LA13DirectedGraph8RealNodeEED2Ev
FNDA:0,_ZNSaIiED2Ev
FNDA:0,_ZNSaISt13_Rb_tree_nodeISt4pairIKP7myTemp_iEEED2Ev
FNDA:0,_ZNSaISt10shared_ptrIN5lgxZJ2IS3AAIEEED2Ev
FNDA:0,_ZNSaISt13_Rb_tree_nodeISt4pairIKiSt6vectorIiSaIiEEEEED2Ev
FNDA:0,_ZNSaISt13_Rb_tree_nodeISt4pairIKiP9myAccess_EEED2Ev
FNDA:0,_ZNSaISt13_Rb_tree_nodeISt4pairIKiP7myTemp_EEED2Ev
FNDA:0,_ZNSaISt13_Rb_tree_nodeISt4pairIKijEEED2Ev
FNDA:0,_ZNSaIP7myTemp_ED2Ev
FNDA:0,_ZStneIiEbRKSaIT_ES3_
FNDA:0,_ZStneISt10shared_ptrIN5lgxZJ2IS3AAIEEEbRKSaIT_ES8_
FNDA:15,_ZNSt12__alloc_swapISaISt13_Rb_tree_nodeISt4pairIKP7myTemp_iEEELb1EE8_S_do_itERS7_S9_
FNDA:15,_ZNSt12__alloc_swapISaIiELb1EE8_S_do_itERS0_S2_
FNF:43
FNH:15
DA:113,5850
DA:115,29893
DA:116,29893
DA:119,0
DA:121,0
DA:143,0
DA:144,0
DA:161,30
LF:8
LH:4
end_of_record
SF:/usr/include/c++/4.8/bits/basic_string.h
FN:272,_ZNSs12_Alloc_hiderD2Ev
FNDA:0,_ZNSs12_Alloc_hiderD2Ev
FNF:1
FNH:0
DA:272,0
LF:1
LH:0
end_of_record
SF:/usr/include/c++/4.8/bits/char_traits.h
FN:258,_ZNSt11char_traitsIcE6lengthEPKc
FNDA:0,_ZNSt11char_traitsIcE6lengthEPKc
FNF:1
FNH:0
DA:258,0
DA:259,0
LF:2
LH:0
end_of_record
SF:/usr/include/c++/4.8/bits/deque.tcc
FN:438,_ZNSt5dequeIiSaIiEE16_M_push_back_auxIIRKiEEEvDpOT_
FN:504,_ZNSt5dequeIiSaIiEE15_M_pop_back_auxEv
FN:873,_ZNSt5dequeIiSaIiEE17_M_reallocate_mapEmb
FNDA:0,_ZNSt5dequeIiSaIiEE16_M_push_back_auxIIRKiEEEvDpOT_
FNDA:0,_ZNSt5dequeIiSaIiEE15_M_pop_back_auxEv
FNDA:0,_ZNSt5dequeIiSaIiEE17_M_reallocate_mapEmb
FNF:3
FNH:0
DA:438,0
DA:446,0
DA:447,0
DA:451,0
DA:452,0
DA:456,0
DA:458,0
DA:460,0
DA:462,0
DA:463,0
DA:465,0
DA:504,0
DA:507,0
DA:508,0
DA:509,0
DA:510,0
DA:511,0
DA:873,0
DA:877,0
DA:878,0
DA:881,0
DA:883,0
DA:885,0
DA:886,0
DA:887,0
DA:889,0
DA:891,0
DA:893,0
DA:899,0
DA:901,0
DA:902,0
DA:903,0
DA:904,0
DA:906,0
DA:907,0
DA:909,0
DA:910,0
DA:913,0
DA:914,0
DA:915,0
LF:40
LH:0
end_of_record
SF:/usr/include/c++/4.8/bits/move.h
FN:47,_ZSt11__addressofIN5lgxZJ2LA13DirectedGraph8RealNodeEEPT_RS4_
FN:47,_ZSt11__addressofIN5lgxZJ2LA4EdgeEEPT_RS3_
FN:47,_ZSt11__addressofISt10shared_ptrIN5lgxZJ2IS3AAIEEEPT_RS5_
FN:47,_ZSt11__addressofISt4pairIKiP7myTemp_EEPT_RS5_
FN:47,_ZSt11__addressofISt6vectorIP7myTemp_SaIS2_EEEPT_RS5_
FN:76,_ZSt7forwardIRPSt13_Rb_tree_nodeISt4pairIKP7myTemp_S3_EEEOT_RNSt16remove_referenceIS9_E4typeE
FN:76,_ZSt7forwardISt17_Rb_tree_iteratorISt4pairIKijEEEOT_RNSt16remove_referenceIS5_E4typeE
FN:76,_ZSt7forwardIRPSt13_Rb_tree_nodeISt4pairIKiSt6vectorIiSaIiEEEEEOT_RNSt16remove_referenceISA_E4typeE
FN:76,_ZSt7forwardIiEOT_RNSt16remove_referenceIS0_E4typeE
FN:76,_ZSt7forwardIRKSt10shared_ptrIN5lgxZJ2IS3AAIEEEOT_RNSt16remove_referenceIS7_E4typeE
FN:76,_ZSt7forwardIRP7myTemp_EOT_RNSt16remove_referenceIS3_E4typeE
FN:76,_ZSt7forwardIRSt10shared_ptrIN5lgxZJ2IS3AAIEEEOT_RNSt16remove_referenceIS6_E4typeE
FN:76,_ZSt7forwardIP7myTemp_EOT_RNSt16remove_referenceIS2_E4typeE
FN:76,_ZSt7forwardIN5lgxZJ2IS4Move11OperandTypeEEOT_RNSt16remove_referenceIS4_E4typeE
FN:76,_ZSt7forwardIKSaIN5lgxZJ2IS4MoveEEEOT_RNSt16remove_referenceIS5_E4typeE
FN:76,_ZSt7forwardIRPSt13_Rb_tree_nodeISt4pairIKiP7myTemp_EEEOT_RNSt16remove_referenceIS9_E4typeE
FN:76,_ZSt7forwardIRPSt13_Rb_tree_nodeISt4pairIKiP9myAccess_EEEOT_RNSt16remove_referenceIS9_E4typeE
FN:76,_ZSt7forwardISt5tupleIIOP7myTemp_EEEOT_RNSt16remove_referenceIS5_E4typeE
FN:76,_ZSt7forwardISt5tupleIIEEEOT_RNSt16remove_referenceIS2_E4typeE
FN:76,_ZSt7forwardIRKiEOT_RNSt16remove_referenceIS2_E4typeE
FN:76,_ZSt7forwardISt10shared_ptrIN5lgxZJ2IS3AAIEEEOT_RNSt16remove_referenceIS5_E4typeE
FN:76,_ZSt7forwardIRKN5lgxZJ2LA13DirectedGraph8RealNodeEEOT_RNSt16remove_referenceIS6_E4typeE
FN:76,_ZSt7forwardISt5tupleIIRKiEEEOT_RNSt16remove_referenceIS4_E4typeE
FN:76,_ZSt7forwardISt5tupleIIOiEEEOT_RNSt16remove_referenceIS3_E4typeE
FN:76,_ZSt7forwardIRKN5lgxZJ2LA4EdgeEEOT_RNSt16remove_referenceIS5_E4typeE
FN:76,_ZSt7forwardIRKSt21piecewise_construct_tEOT_RNSt16remove_referenceIS3_E4typeE
FN:76,_ZSt7forwardIOiEOT_RNSt16remove_referenceIS1_E4typeE
FN:76,_ZSt7forwardIN5lgxZJ2LA4EdgeEEOT_RNSt16remove_referenceIS3_E4typeE
FN:76,_ZSt7forwardIRPSt18_Rb_tree_node_baseEOT_RNSt16remove_referenceIS3_E4typeE
FN:76,_ZSt7forwardIOP7myTemp_EOT_RNSt16remove_referenceIS3_E4typeE
FN:76,_ZSt7forwardIRPSt13_Rb_tree_nodeISt4pairIKijEEEOT_RNSt16remove_referenceIS7_E4typeE
FN:76,_ZSt7forwardIKSaIN5lgxZJ2IS3SubEEEOT_RNSt16remove_referenceIS5_E4typeE
FN:101,_ZSt4moveIRPSt18_Rb_tree_node_baseEONSt16remove_referenceIT_E4typeEOS4_
FN:101,_ZSt4moveIRPSt10shared_ptrIN5lgxZJ2IS3AAIEEEONSt16remove_referenceIT_E4typeEOS8_
FN:101,_ZSt4moveIRSaISt10shared_ptrIN5lgxZJ2IS3AAIEEEEONSt16remove_referenceIT_E4typeEOS8_
FN:101,_ZSt4moveIRPN5lgxZJ2LA4EdgeEEONSt16remove_referenceIT_E4typeEOS6_
FN:101,_ZSt4moveIRSaIP7myTemp_EEONSt16remove_referenceIT_E4typeEOS5_
FN:101,_ZSt4moveIRKSaIN5lgxZJ2IS4MoveEEEONSt16remove_referenceIT_E4typeEOS7_
FN:101,_ZSt4moveIRPN5lgxZJ2LA13DirectedGraph8RealNodeEEONSt16remove_referenceIT_E4typeEOS7_
FN:101,_ZSt4moveIRSt5dequeIiSaIiEEEONSt16remove_referenceIT_E4typeEOS5_
FN:101,_ZSt4moveIRPP7myTemp_EONSt16remove_referenceIT_E4typeEOS5_
FN:101,_ZSt4moveIRSaIN5lgxZJ2LA13DirectedGraph8RealNodeEEEONSt16remove_referenceIT_E4typeEOS7_
FN:101,_ZSt4moveIRP7myTemp_EONSt16remove_referenceIT_E4typeEOS4_
FN:101,_ZSt4moveIRSaIiEEONSt16remove_referenceIT_E4typeEOS3_
FN:101,_ZSt4moveIRSt6vectorIN5lgxZJ2LA13DirectedGraph8RealNodeESaIS4_EEEONSt16remove_referenceIT_E4typeEOS9_
FN:101,_ZSt4moveIRSt6vectorIP7myTemp_SaIS2_EEEONSt16remove_referenceIT_E4typeEOS7_
FN:101,_ZSt4moveIRKSaIN5lgxZJ2IS3SubEEEONSt16remove_referenceIT_E4typeEOS7_
FN:101,_ZSt4moveIRSt10shared_ptrIN5lgxZJ2IS3AAIEEEONSt16remove_referenceIT_E4typeEOS7_
FN:101,_ZSt4moveIRPSt6vectorIP7myTemp_SaIS2_EEEONSt16remove_referenceIT_E4typeEOS8_
FN:101,_ZSt4moveIRSt6vectorISt10shared_ptrIN5lgxZJ2IS3AAIEESaIS5_EEEONSt16remove_referenceIT_E4typeEOSA_
FN:101,_ZSt4moveIRSt15_Deque_iteratorIiRiPiEEONSt16remove_referenceIT_E4typeEOS6_
FN:101,_ZSt4moveIRmEONSt16remove_referenceIT_E4typeEOS2_
FN:101,_ZSt4moveIRPPiEONSt16remove_referenceIT_E4typeEOS4_
FN:101,_ZSt4moveIRSt6vectorIN5lgxZJ2LA4EdgeESaIS3_EEEONSt16remove_referenceIT_E4typeEOS8_
FN:101,_ZSt4moveIRSt6vectorIS0_IP7myTemp_SaIS2_EESaIS4_EEEONSt16remove_referenceIT_E4typeEOS9_
FN:101,_ZSt4moveIRSt10shared_ptrIN5lgxZJ2IS3SubEEEONSt16remove_referenceIT_E4typeEOS7_
FN:101,_ZSt4moveIRiEONSt16remove_referenceIT_E4typeEOS2_
FN:101,_ZSt4moveIRSt4lessIP7myTemp_EEONSt16remove_referenceIT_E4typeEOS6_
FN:101,_ZSt4moveIRSaISt6vectorIP7myTemp_SaIS2_EEEEONSt16remove_referenceIT_E4typeEOS8_
FN:101,_ZSt4moveIRN5lgxZJ2LA4EdgeEEONSt16remove_referenceIT_E4typeEOS5_
FN:101,_ZSt4moveIRSt11_Tuple_implILm1EIEEEONSt16remove_referenceIT_E4typeEOS4_
FN:101,_ZSt4moveIRSaIN5lgxZJ2LA4EdgeEEEONSt16remove_referenceIT_E4typeEOS6_
FN:101,_ZSt4moveIRSt10shared_ptrIN5lgxZJ2IS4MoveEEEONSt16remove_referenceIT_E4typeEOS7_
FN:166,_ZSt4swapIPP7myTemp_EvRT_S4_
FN:166,_ZSt4swapIPN5lgxZJ2LA4EdgeEEvRT_S5_
FN:166,_ZSt4swapIPPiEvRT_S3_
FN:166,_ZSt4swapIPSt6vectorIP7myTemp_SaIS2_EEEvRT_S7_
FN:166,_ZSt4swapIPN5lgxZJ2LA13DirectedGraph8RealNodeEEvRT_S6_
FN:166,_ZSt4swapISt15_Deque_iteratorIiRiPiEEvRT_S5_
FN:166,_ZSt4swapIiEvRT_S1_
FN:166,_ZSt4swapISt4lessIP7myTemp_EEvRT_S5_
FN:166,_ZSt4swapIPSt10shared_ptrIN5lgxZJ2IS3AAIEEEvRT_S7_
FN:166,_ZSt4swapIPSt18_Rb_tree_node_baseEvRT_S3_
FN:166,_ZSt4swapImEvRT_S1_
FNDA:5856,_ZSt11__addressofIN5lgxZJ2LA4EdgeEEPT_RS3_
FNDA:0,_ZSt11__addressofISt6vectorIP7myTemp_SaIS2_EEEPT_RS5_
FNDA:0,_ZSt11__addressofIN5lgxZJ2LA13DirectedGraph8RealNodeEEPT_RS4_
FNDA:0,_ZSt11__addressofISt10shared_ptrIN5lgxZJ2IS3AAIEEEPT_RS5_
FNDA:164,_ZSt11__addressofISt4pairIKiP7myTemp_EEPT_RS5_
FNDA:2199,_ZSt7forwardIN5lgxZJ2LA4EdgeEEOT_RNSt16remove_referenceIS3_E4typeE
FNDA:0,_ZSt7forwardIKSaIN5lgxZJ2IS3SubEEEOT_RNSt16remove_referenceIS5_E4typeE
FNDA:0,_ZSt7forwardIKSaIN5lgxZJ2IS4MoveEEEOT_RNSt16remove_referenceIS5_E4typeE
FNDA:5621,_ZSt7forwardIRKN5lgxZJ2LA13DirectedGraph8RealNodeEEOT_RNSt16remove_referenceIS6_E4typeE
FNDA:0,_ZSt7forwardIRSt10shared_ptrIN5lgxZJ2IS3AAIEEEOT_RNSt16remove_referenceIS6_E4typeE
FNDA:0,_ZSt7forwardIRPSt13_Rb_tree_nodeISt4pairIKP7myTemp_S3_EEEOT_RNSt16remove_referenceIS9_E4typeE
FNDA:0,_ZSt7forwardIRPSt13_Rb_tree_nodeISt4pairIKiP9myAccess_EEEOT_RNSt16remove_referenceIS9_E4typeE
FNDA:30,_ZSt7forwardIRPSt13_Rb_tree_nodeISt4pairIKiP7myTemp_EEEOT_RNSt16remove_referenceIS9_E4typeE
FNDA:46,_ZSt7forwardIRPSt13_Rb_tree_nodeISt4pairIKiSt6vectorIiSaIiEEEEEOT_RNSt16remove_referenceISA_E4typeE
FNDA:34,_ZSt7forwardIRPSt13_Rb_tree_nodeISt4pairIKijEEEOT_RNSt16remove_referenceIS7_E4typeE
FNDA:134,_ZSt7forwardISt17_Rb_tree_iteratorISt4pairIKijEEEOT_RNSt16remove_referenceIS5_E4typeE
FNDA:0,_ZSt7forwardIRPSt18_Rb_tree_node_baseEOT_RNSt16remove_referenceIS3_E4typeE
FNDA:0,_ZSt7forwardISt5tupleIIOP7myTemp_EEEOT_RNSt16remove_referenceIS5_E4typeE
FNDA:0,_ZSt7forwardIOP7myTemp_EOT_RNSt16remove_referenceIS3_E4typeE
FNDA:0,_ZSt7forwardISt10shared_ptrIN5lgxZJ2IS3AAIEEEOT_RNSt16remove_referenceIS5_E4typeE
FNDA:0,_ZSt7forwardISt5tupleIIOiEEEOT_RNSt16remove_referenceIS3_E4typeE
FNDA:0,_ZSt7forwardIOiEOT_RNSt16remove_referenceIS1_E4typeE
FNDA:0,_ZSt7forwardISt5tupleIIEEEOT_RNSt16remove_referenceIS2_E4typeE
FNDA:1782,_ZSt7forwardISt5tupleIIRKiEEEOT_RNSt16remove_referenceIS4_E4typeE
FNDA:0,_ZSt7forwardIRKSt21piecewise_construct_tEOT_RNSt16remove_referenceIS3_E4typeE
FNDA:0,_ZSt7forwardIiEOT_RNSt16remove_referenceIS0_E4typeE
FNDA:0,_ZSt7forwardIP7myTemp_EOT_RNSt16remove_referenceIS2_E4typeE
FNDA:0,_ZSt7forwardIN5lgxZJ2IS4Move11OperandTypeEEOT_RNSt16remove_referenceIS4_E4typeE
FNDA:0,_ZSt7forwardIRP7myTemp_EOT_RNSt16remove_referenceIS3_E4typeE
FNDA:0,_ZSt7forwardIRKSt10shared_ptrIN5lgxZJ2IS3AAIEEEOT_RNSt16remove_referenceIS7_E4typeE
FNDA:5617,_ZSt7forwardIRKN5lgxZJ2LA4EdgeEEOT_RNSt16remove_referenceIS5_E4typeE
FNDA:7294,_ZSt7forwardIRKiEOT_RNSt16remove_referenceIS2_E4typeE
FNDA:904,_ZSt4moveIRN5lgxZJ2LA4EdgeEEONSt16remove_referenceIT_E4typeEOS5_
FNDA:0,_ZSt4moveIRKSaIN5lgxZJ2IS3SubEEEONSt16remove_referenceIT_E4typeEOS7_
FNDA:0,_ZSt4moveIRKSaIN5lgxZJ2IS4MoveEEEONSt16remove_referenceIT_E4typeEOS7_
FNDA:10458,_ZSt4moveIRPP7myTemp_EONSt16remove_referenceIT_E4typeEOS5_
FNDA:45,_ZSt4moveIRSt4lessIP7myTemp_EEONSt16remove_referenceIT_E4typeEOS6_
FNDA:0,_ZSt4moveIRPSt18_Rb_tree_node_baseEONSt16remove_referenceIT_E4typeEOS4_
FNDA:30,_ZSt4moveIRSaISt6vectorIP7myTemp_SaIS2_EEEEONSt16remove_referenceIT_E4typeEOS8_
FNDA:540,_ZSt4moveIRPSt6vectorIP7myTemp_SaIS2_EEEONSt16remove_referenceIT_E4typeEOS8_
FNDA:45,_ZSt4moveIRSaIN5lgxZJ2LA4EdgeEEEONSt16remove_referenceIT_E4typeEOS6_
FNDA:30,_ZSt4moveIRSaIN5lgxZJ2LA13DirectedGraph8RealNodeEEEONSt16remove_referenceIT_E4typeEOS7_
FNDA:540,_ZSt4moveIRPN5lgxZJ2LA13DirectedGraph8RealNodeEEONSt16remove_referenceIT_E4typeEOS7_
FNDA:15,_ZSt4moveIRSaISt10shared_ptrIN5lgxZJ2IS3AAIEEEEONSt16remove_referenceIT_E4typeEOS8_
FNDA:180,_ZSt4moveIRmEONSt16remove_referenceIT_E4typeEOS2_
FNDA:135,_ZSt4moveIRPPiEONSt16remove_referenceIT_E4typeEOS4_
FNDA:270,_ZSt4moveIRSt15_Deque_iteratorIiRiPiEEONSt16remove_referenceIT_E4typeEOS6_
FNDA:270,_ZSt4moveIRPSt10shared_ptrIN5lgxZJ2IS3AAIEEEONSt16remove_referenceIT_E4typeEOS8_
FNDA:1098,_ZSt4moveIRPN5lgxZJ2LA4EdgeEEONSt16remove_referenceIT_E4typeEOS6_
FNDA:581,_ZSt4moveIRSaIP7myTemp_EEONSt16remove_referenceIT_E4typeEOS5_
FNDA:0,_ZSt4moveIRSt11_Tuple_implILm1EIEEEONSt16remove_referenceIT_E4typeEOS4_
FNDA:60,_ZSt4moveIRSaIiEEONSt16remove_referenceIT_E4typeEOS3_
FNDA:0,_ZSt4moveIRP7myTemp_EONSt16remove_referenceIT_E4typeEOS4_
FNDA:0,_ZSt4moveIRSt10shared_ptrIN5lgxZJ2IS3SubEEEONSt16remove_referenceIT_E4typeEOS7_
FNDA:0,_ZSt4moveIRSt10shared_ptrIN5lgxZJ2IS3AAIEEEONSt16remove_referenceIT_E4typeEOS7_
FNDA:0,_ZSt4moveIRSt10shared_ptrIN5lgxZJ2IS4MoveEEEONSt16remove_referenceIT_E4typeEOS7_
FNDA:1035,_ZSt4moveIRiEONSt16remove_referenceIT_E4typeEOS2_
FNDA:581,_ZSt4moveIRSt6vectorIP7myTemp_SaIS2_EEEONSt16remove_referenceIT_E4typeEOS7_
FNDA:30,_ZSt4moveIRSt6vectorIS0_IP7myTemp_SaIS2_EESaIS4_EEEONSt16remove_referenceIT_E4typeEOS9_
FNDA:45,_ZSt4moveIRSt6vectorIN5lgxZJ2LA4EdgeESaIS3_EEEONSt16remove_referenceIT_E4typeEOS8_
FNDA:30,_ZSt4moveIRSt6vectorIN5lgxZJ2LA13DirectedGraph8RealNodeESaIS4_EEEONSt16remove_referenceIT_E4typeEOS9_
FNDA:15,_ZSt4moveIRSt6vectorISt10shared_ptrIN5lgxZJ2IS3AAIEESaIS5_EEEONSt16remove_referenceIT_E4typeEOSA_
FNDA:60,_ZSt4moveIRSt5dequeIiSaIiEEEONSt16remove_referenceIT_E4typeEOS5_
FNDA:0,_ZSt4swapIiEvRT_S1_
FNDA:3486,_ZSt4swapIPP7myTemp_EvRT_S4_
FNDA:15,_ZSt4swapISt4lessIP7myTemp_EEvRT_S5_
FNDA:0,_ZSt4swapIPSt18_Rb_tree_node_baseEvRT_S3_
FNDA:180,_ZSt4swapIPSt6vectorIP7myTemp_SaIS2_EEEvRT_S7_
FNDA:180,_ZSt4swapIPN5lgxZJ2LA13DirectedGraph8RealNodeEEvRT_S6_
FNDA:60,_ZSt4swapImEvRT_S1_
FNDA:45,_ZSt4swapIPPiEvRT_S3_
FNDA:90,_ZSt4swapISt15_Deque_iteratorIiRiPiEEvRT_S5_
FNDA:90,_ZSt4swapIPSt10shared_ptrIN5lgxZJ2IS3AAIEEEvRT_S7_
FNDA:366,_ZSt4swapIPN5lgxZJ2LA4EdgeEEvRT_S5_
FNF:74
FNH:43
DA:47,6020
DA:50,6020
DA:76,22757
DA:77,22757
DA:101,16997
DA:102,16997
DA:166,4512
DA:175,4512
DA:176,4512
DA:177,4512
DA:178,4512
LF:11
LH:11
end_of_record
SF:/usr/include/c++/4.8/bits/shared_ptr.h
FN:93,_ZNSt10shared_ptrIN5lgxZJ2IS3AAIEEaSERKS3_
FN:93,_ZNSt10shared_ptrIN5lgxZJ2IS3SubEED2Ev
FN:93,_ZNSt10shared_ptrIN5lgxZJ2IS3AAIEED2Ev
FN:93,_ZNSt10shared_ptrIN5lgxZJ2IS4MoveEED2Ev
FN:103,_ZNSt10shared_ptrIN5lgxZJ2IS3AAIEEC2ERKS3_
FN:226,_ZNSt10shared_ptrIN5lgxZJ2IS3AAIEEC2EOS3_
FN:236,_ZNSt10shared_ptrIN5lgxZJ2IS3AAIEEC2INS1_4MoveEvEEOS_IT_E
FN:236,_ZNSt10shared_ptrIN5lgxZJ2IS3AAIEEC2INS1_3SubEvEEOS_IT_E
FN:314,_ZNSt10shared_ptrIN5lgxZJ2IS4MoveEEC2ISaIS2_EIRP7myTemp_S8_NS2_11OperandTypeES9_EEESt19_Sp_make_shared_tagRKT_DpOT0_
FN:314,_ZNSt10shared_ptrIN5lgxZJ2IS4MoveEEC2ISaIS2_EIRP7myTemp_S7_EEESt19_Sp_make_shared_tagRKT_DpOT0_
FN:314,_ZNSt10shared_ptrIN5lgxZJ2IS3SubEEC2ISaIS2_EIRP7myTemp_iEEESt19_Sp_make_shared_tagRKT_DpOT0_
FN:595,_ZSt15allocate_sharedIN5lgxZJ2IS4MoveESaIS2_EIRP7myTemp_S5_EESt10shared_ptrIT_ERKT0_DpOT1_
FN:595,_ZSt15allocate_sharedIN5lgxZJ2IS4MoveESaIS2_EIRP7myTemp_S6_NS2_11OperandTypeES7_EESt10shared_ptrIT_ERKT0_DpOT1_
FN:595,_ZSt15allocate_sharedIN5lgxZJ2IS3SubESaIS2_EIRP7myTemp_iEESt10shared_ptrIT_ERKT0_DpOT1_
FN:610,_ZSt11make_sharedIN5lgxZJ2IS3SubEIRP7myTemp_iEESt10shared_ptrIT_EDpOT0_
FN:610,_ZSt11make_sharedIN5lgxZJ2IS4MoveEIRP7myTemp_S4_EESt10shared_ptrIT_EDpOT0_
FN:610,_ZSt11make_sharedIN5lgxZJ2IS4MoveEIRP7myTemp_S5_NS2_11OperandTypeES6_EESt10shared_ptrIT_EDpOT0_
FNDA:0,_ZNSt10shared_ptrIN5lgxZJ2IS3AAIEEaSERKS3_
FNDA:0,_ZNSt10shared_ptrIN5lgxZJ2IS3SubEED2Ev
FNDA:0,_ZNSt10shared_ptrIN5lgxZJ2IS4MoveEED2Ev
FNDA:0,_ZNSt10shared_ptrIN5lgxZJ2IS3AAIEED2Ev
FNDA:0,_ZNSt10shared_ptrIN5lgxZJ2IS3AAIEEC2ERKS3_
FNDA:0,_ZNSt10shared_ptrIN5lgxZJ2IS3AAIEEC2EOS3_
FNDA:0,_ZNSt10shared_ptrIN5lgxZJ2IS3AAIEEC2INS1_3SubEvEEOS_IT_E
FNDA:0,_ZNSt10shared_ptrIN5lgxZJ2IS3AAIEEC2INS1_4MoveEvEEOS_IT_E
FNDA:0,_ZNSt10shared_ptrIN5lgxZJ2IS3SubEEC2ISaIS2_EIRP7myTemp_iEEESt19_Sp_make_shared_tagRKT_DpOT0_
FNDA:0,_ZNSt10shared_ptrIN5lgxZJ2IS4MoveEEC2ISaIS2_EIRP7myTemp_S7_EEESt19_Sp_make_shared_tagRKT_DpOT0_
FNDA:0,_ZNSt10shared_ptrIN5lgxZJ2IS4MoveEEC2ISaIS2_EIRP7myTemp_S8_NS2_11OperandTypeES9_EEESt19_Sp_make_shared_tagRKT_DpOT0_
FNDA:0,_ZSt15allocate_sharedIN5lgxZJ2IS3SubESaIS2_EIRP7myTemp_iEESt10shared_ptrIT_ERKT0_DpOT1_
FNDA:0,_ZSt15allocate_sharedIN5lgxZJ2IS4MoveESaIS2_EIRP7myTemp_S5_EESt10shared_ptrIT_ERKT0_DpOT1_
FNDA:0,_ZSt15allocate_sharedIN5lgxZJ2IS4MoveESaIS2_EIRP7myTemp_S6_NS2_11OperandTypeES7_EESt10shared_ptrIT_ERKT0_DpOT1_
FNDA:0,_ZSt11make_sharedIN5lgxZJ2IS3SubEIRP7myTemp_iEESt10shared_ptrIT_EDpOT0_
FNDA:0,_ZSt11make_sharedIN5lgxZJ2IS4MoveEIRP7myTemp_S4_EESt10shared_ptrIT_EDpOT0_
FNDA:0,_ZSt11make_sharedIN5lgxZJ2IS4MoveEIRP7myTemp_S5_NS2_11OperandTypeES6_EESt10shared_ptrIT_EDpOT0_
FNF:17
FNH:0
DA:93,0
DA:103,0
DA:226,0
DA:227,0
DA:236,0
DA:237,0
DA:314,0
DA:316,0
DA:317,0
DA:595,0
DA:598,0
DA:610,0
DA:614,0
LF:13
LH:0
end_of_record
SF:/usr/include/c++/4.8/bits/shared_ptr_base.h
FN:86,_ZNSt11_Mutex_baseILN9__gnu_cxx12_Lock_policyE2EEC2Ev
FN:109,_ZNSt16_Sp_counted_baseILN9__gnu_cxx12_Lock_policyE2EEC2Ev
FN:113,_ZNSt16_Sp_counted_baseILN9__gnu_cxx12_Lock_policyE2EED0Ev
FN:113,_ZNSt16_Sp_counted_baseILN9__gnu_cxx12_Lock_policyE2EED2Ev
FN:123,_ZNSt16_Sp_counted_baseILN9__gnu_cxx12_Lock_policyE2EE10_M_destroyEv
FN:130,_ZNSt16_Sp_counted_baseILN9__gnu_cxx12_Lock_policyE2EE15_M_add_ref_copyEv
FN:137,_ZNSt16_Sp_counted_baseILN9__gnu_cxx12_Lock_policyE2EE10_M_releaseEv
FN:384,_ZNSt23_Sp_counted_ptr_inplaceIN5lgxZJ2IS3SubESaIS2_ELN9__gnu_cxx12_Lock_policyE2EE5_ImplD2Ev
FN:384,_ZNSt23_Sp_counted_ptr_inplaceIN5lgxZJ2IS4MoveESaIS2_ELN9__gnu_cxx12_Lock_policyE2EE5_ImplD2Ev
FN:387,_ZNSt23_Sp_counted_ptr_inplaceIN5lgxZJ2IS4MoveESaIS2_ELN9__gnu_cxx12_Lock_policyE2EE5_ImplC2ES3_
FN:387,_ZNSt23_Sp_counted_ptr_inplaceIN5lgxZJ2IS3SubESaIS2_ELN9__gnu_cxx12_Lock_policyE2EE5_ImplC2ES3_
FN:393,_ZNSt23_Sp_counted_ptr_inplaceIN5lgxZJ2IS3SubESaIS2_ELN9__gnu_cxx12_Lock_policyE2EEC2IIRP7myTemp_iEEES3_DpOT_
FN:393,_ZNSt23_Sp_counted_ptr_inplaceIN5lgxZJ2IS4MoveESaIS2_ELN9__gnu_cxx12_Lock_policyE2EEC2IIRP7myTemp_SA_NS2_11OperandTypeESB_EEES3_DpOT_
FN:393,_ZNSt23_Sp_counted_ptr_inplaceIN5lgxZJ2IS4MoveESaIS2_ELN9__gnu_cxx12_Lock_policyE2EEC2IIRP7myTemp_S9_EEES3_DpOT_
FN:403,_ZNSt23_Sp_counted_ptr_inplaceIN5lgxZJ2IS4MoveESaIS2_ELN9__gnu_cxx12_Lock_policyE2EED0Ev
FN:403,_ZNSt23_Sp_counted_ptr_inplaceIN5lgxZJ2IS3SubESaIS2_ELN9__gnu_cxx12_Lock_policyE2EED0Ev
FN:403,_ZNSt23_Sp_counted_ptr_inplaceIN5lgxZJ2IS4MoveESaIS2_ELN9__gnu_cxx12_Lock_policyE2EED2Ev
FN:403,_ZNSt23_Sp_counted_ptr_inplaceIN5lgxZJ2IS3SubESaIS2_ELN9__gnu_cxx12_Lock_policyE2EED2Ev
FN:406,_ZNSt23_Sp_counted_ptr_inplaceIN5lgxZJ2IS4MoveESaIS2_ELN9__gnu_cxx12_Lock_policyE2EE10_M_disposeEv
FN:406,_ZNSt23_Sp_counted_ptr_inplaceIN5lgxZJ2IS3SubESaIS2_ELN9__gnu_cxx12_Lock_policyE2EE10_M_disposeEv
FN:411,_ZNSt23_Sp_counted_ptr_inplaceIN5lgxZJ2IS3SubESaIS2_ELN9__gnu_cxx12_Lock_policyE2EE10_M_destroyEv
FN:411,_ZNSt23_Sp_counted_ptr_inplaceIN5lgxZJ2IS4MoveESaIS2_ELN9__gnu_cxx12_Lock_policyE2EE10_M_destroyEv
FN:422,_ZNSt23_Sp_counted_ptr_inplaceIN5lgxZJ2IS4MoveESaIS2_ELN9__gnu_cxx12_Lock_policyE2EE14_M_get_deleterERKSt9type_info
FN:422,_ZNSt23_Sp_counted_ptr_inplaceIN5lgxZJ2IS3SubESaIS2_ELN9__gnu_cxx12_Lock_policyE2EE14_M_get_deleterERKSt9type_info
FN:443,_ZNSt14__shared_countILN9__gnu_cxx12_Lock_policyE2EEC2Ev
FN:491,_ZNSt14__shared_countILN9__gnu_cxx12_Lock_policyE2EEC2IN5lgxZJ2IS3SubESaIS6_EIRP7myTemp_iEEESt19_Sp_make_shared_tagPT_RKT0_DpOT1_
FN:491,_ZNSt14__shared_countILN9__gnu_cxx12_Lock_policyE2EEC2IN5lgxZJ2IS4MoveESaIS6_EIRP7myTemp_SA_NS6_11OperandTypeESB_EEESt19_Sp_make_shared_tagPT_RKT0_DpOT1_
FN:491,_ZNSt14__shared_countILN9__gnu_cxx12_Lock_policyE2EEC2IN5lgxZJ2IS4MoveESaIS6_EIRP7myTemp_S9_EEESt19_Sp_make_shared_tagPT_RKT0_DpOT1_
FN:543,_ZNSt14__shared_countILN9__gnu_cxx12_Lock_policyE2EED2Ev
FN:549,_ZNSt14__shared_countILN9__gnu_cxx12_Lock_policyE2EEC2ERKS2_
FN:557,_ZNSt14__shared_countILN9__gnu_cxx12_Lock_policyE2EEaSERKS2_
FN:572,_ZNSt14__shared_countILN9__gnu_cxx12_Lock_policyE2EE7_M_swapERS2_
FN:588,_ZNKSt14__shared_countILN9__gnu_cxx12_Lock_policyE2EE14_M_get_deleterERKSt9type_info
FN:723,_ZSt32__enable_shared_from_this_helperILN9__gnu_cxx12_Lock_policyE2EEvRKSt14__shared_countIXT_EEz
FN:728,_ZNSt12__shared_ptrIN5lgxZJ2IS3AAIELN9__gnu_cxx12_Lock_policyE2EEaSERKS5_
FN:779,_ZNSt12__shared_ptrIN5lgxZJ2IS3AAIELN9__gnu_cxx12_Lock_policyE2EEC2ERKS5_
FN:781,_ZNSt12__shared_ptrIN5lgxZJ2IS4MoveELN9__gnu_cxx12_Lock_policyE2EED2Ev
FN:781,_ZNSt12__shared_ptrIN5lgxZJ2IS3AAIELN9__gnu_cxx12_Lock_policyE2EED2Ev
FN:781,_ZNSt12__shared_ptrIN5lgxZJ2IS3SubELN9__gnu_cxx12_Lock_policyE2EED2Ev
FN:789,_ZNSt12__shared_ptrIN5lgxZJ2IS3AAIELN9__gnu_cxx12_Lock_policyE2EEC2EOS5_
FN:798,_ZNSt12__shared_ptrIN5lgxZJ2IS3AAIELN9__gnu_cxx12_Lock_policyE2EEC2INS1_3SubEvEEOS_IT_LS4_2EE
FN:798,_ZNSt12__shared_ptrIN5lgxZJ2IS3AAIELN9__gnu_cxx12_Lock_policyE2EEC2INS1_4MoveEvEEOS_IT_LS4_2EE
FN:912,_ZNKSt12__shared_ptrIN5lgxZJ2IS3AAIELN9__gnu_cxx12_Lock_policyE2EEptEv
FN:954,_ZNSt12__shared_ptrIN5lgxZJ2IS4MoveELN9__gnu_cxx12_Lock_policyE2EEC2ISaIS2_EIRP7myTemp_SA_NS2_11OperandTypeESB_EEESt19_Sp_make_shared_tagRKT_DpOT0_
FN:954,_ZNSt12__shared_ptrIN5lgxZJ2IS4MoveELN9__gnu_cxx12_Lock_policyE2EEC2ISaIS2_EIRP7myTemp_S9_EEESt19_Sp_make_shared_tagRKT_DpOT0_
FN:954,_ZNSt12__shared_ptrIN5lgxZJ2IS3SubELN9__gnu_cxx12_Lock_policyE2EEC2ISaIS2_EIRP7myTemp_iEEESt19_Sp_make_shared_tagRKT_DpOT0_
FNDA:0,_ZNSt11_Mutex_baseILN9__gnu_cxx12_Lock_policyE2EEC2Ev
FNDA:0,_ZNSt16_Sp_counted_baseILN9__gnu_cxx12_Lock_policyE2EEC2Ev
FNDA:0,_ZNSt16_Sp_counted_baseILN9__gnu_cxx12_Lock_policyE2EED0Ev
FNDA:0,_ZNSt16_Sp_counted_baseILN9__gnu_cxx12_Lock_policyE2EED2Ev
FNDA:0,_ZNSt16_Sp_counted_baseILN9__gnu_cxx12_Lock_policyE2EE10_M_destroyEv
FNDA:0,_ZNSt16_Sp_counted_baseILN9__gnu_cxx12_Lock_policyE2EE15_M_add_ref_copyEv
FNDA:0,_ZNSt16_Sp_counted_baseILN9__gnu_cxx12_Lock_policyE2EE10_M_releaseEv
FNDA:0,_ZNSt23_Sp_counted_ptr_inplaceIN5lgxZJ2IS3SubESaIS2_ELN9__gnu_cxx12_Lock_policyE2EE5_ImplD2Ev
FNDA:0,_ZNSt23_Sp_counted_ptr_inplaceIN5lgxZJ2IS4MoveESaIS2_ELN9__gnu_cxx12_Lock_policyE2EE5_ImplD2Ev
FNDA:0,_ZNSt23_Sp_counted_ptr_inplaceIN5lgxZJ2IS3SubESaIS2_ELN9__gnu_cxx12_Lock_policyE2EE5_ImplC2ES3_
FNDA:0,_ZNSt23_Sp_counted_ptr_inplaceIN5lgxZJ2IS4MoveESaIS2_ELN9__gnu_cxx12_Lock_policyE2EE5_ImplC2ES3_
FNDA:0,_ZNSt23_Sp_counted_ptr_inplaceIN5lgxZJ2IS3SubESaIS2_ELN9__gnu_cxx12_Lock_policyE2EEC2IIRP7myTemp_iEEES3_DpOT_
FNDA:0,_ZNSt23_Sp_counted_ptr_inplaceIN5lgxZJ2IS4MoveESaIS2_ELN9__gnu_cxx12_Lock_policyE2EEC2IIRP7myTemp_S9_EEES3_DpOT_
FNDA:0,_ZNSt23_Sp_counted_ptr_inplaceIN5lgxZJ2IS4MoveESaIS2_ELN9__gnu_cxx12_Lock_policyE2EEC2IIRP7myTemp_SA_NS2_11OperandTypeESB_EEES3_DpOT_
FNDA:0,_ZNSt23_Sp_counted_ptr_inplaceIN5lgxZJ2IS4MoveESaIS2_ELN9__gnu_cxx12_Lock_policyE2EED0Ev
FNDA:0,_ZNSt23_Sp_counted_ptr_inplaceIN5lgxZJ2IS4MoveESaIS2_ELN9__gnu_cxx12_Lock_policyE2EED2Ev
FNDA:0,_ZNSt23_Sp_counted_ptr_inplaceIN5lgxZJ2IS3SubESaIS2_ELN9__gnu_cxx12_Lock_policyE2EED0Ev
FNDA:0,_ZNSt23_Sp_counted_ptr_inplaceIN5lgxZJ2IS3SubESaIS2_ELN9__gnu_cxx12_Lock_policyE2EED2Ev
FNDA:0,_ZNSt23_Sp_counted_ptr_inplaceIN5lgxZJ2IS4MoveESaIS2_ELN9__gnu_cxx12_Lock_policyE2EE10_M_disposeEv
FNDA:0,_ZNSt23_Sp_counted_ptr_inplaceIN5lgxZJ2IS3SubESaIS2_ELN9__gnu_cxx12_Lock_policyE2EE10_M_disposeEv
FNDA:0,_ZNSt23_Sp_counted_ptr_inplaceIN5lgxZJ2IS4MoveESaIS2_ELN9__gnu_cxx12_Lock_policyE2EE10_M_destroyEv
FNDA:0,_ZNSt23_Sp_counted_ptr_inplaceIN5lgxZJ2IS3SubESaIS2_ELN9__gnu_cxx12_Lock_policyE2EE10_M_destroyEv
FNDA:0,_ZNSt23_Sp_counted_ptr_inplaceIN5lgxZJ2IS4MoveESaIS2_ELN9__gnu_cxx12_Lock_policyE2EE14_M_get_deleterERKSt9type_info
FNDA:0,_ZNSt23_Sp_counted_ptr_inplaceIN5lgxZJ2IS3SubESaIS2_ELN9__gnu_cxx12_Lock_policyE2EE14_M_get_deleterERKSt9type_info
FNDA:0,_ZNSt14__shared_countILN9__gnu_cxx12_Lock_policyE2EEC2Ev
FNDA:0,_ZNSt14__shared_countILN9__gnu_cxx12_Lock_policyE2EEC2IN5lgxZJ2IS3SubESaIS6_EIRP7myTemp_iEEESt19_Sp_make_shared_tagPT_RKT0_DpOT1_
FNDA:0,_ZNSt14__shared_countILN9__gnu_cxx12_Lock_policyE2EEC2IN5lgxZJ2IS4MoveESaIS6_EIRP7myTemp_S9_EEESt19_Sp_make_shared_tagPT_RKT0_DpOT1_
FNDA:0,_ZNSt14__shared_countILN9__gnu_cxx12_Lock_policyE2EEC2IN5lgxZJ2IS4MoveESaIS6_EIRP7myTemp_SA_NS6_11OperandTypeESB_EEESt19_Sp_make_shared_tagPT_RKT0_DpOT1_
FNDA:0,_ZNSt14__shared_countILN9__gnu_cxx12_Lock_policyE2EED2Ev
FNDA:0,_ZNSt14__shared_countILN9__gnu_cxx12_Lock_policyE2EEC2ERKS2_
FNDA:0,_ZNSt14__shared_countILN9__gnu_cxx12_Lock_policyE2EEaSERKS2_
FNDA:0,_ZNSt14__shared_countILN9__gnu_cxx12_Lock_policyE2EE7_M_swapERS2_
FNDA:0,_ZNKSt14__shared_countILN9__gnu_cxx12_Lock_policyE2EE14_M_get_deleterERKSt9type_info
FNDA:0,_ZSt32__enable_shared_from_this_helperILN9__gnu_cxx12_Lock_policyE2EEvRKSt14__shared_countIXT_EEz
FNDA:0,_ZNSt12__shared_ptrIN5lgxZJ2IS3AAIELN9__gnu_cxx12_Lock_policyE2EEaSERKS5_
FNDA:0,_ZNSt12__shared_ptrIN5lgxZJ2IS3AAIELN9__gnu_cxx12_Lock_policyE2EEC2ERKS5_
FNDA:0,_ZNSt12__shared_ptrIN5lgxZJ2IS3SubELN9__gnu_cxx12_Lock_policyE2EED2Ev
FNDA:0,_ZNSt12__shared_ptrIN5lgxZJ2IS4MoveELN9__gnu_cxx12_Lock_policyE2EED2Ev
FNDA:0,_ZNSt12__shared_ptrIN5lgxZJ2IS3AAIELN9__gnu_cxx12_Lock_policyE2EED2Ev
FNDA:0,_ZNSt12__shared_ptrIN5lgxZJ2IS3AAIELN9__gnu_cxx12_Lock_policyE2EEC2EOS5_
FNDA:0,_ZNSt12__shared_ptrIN5lgxZJ2IS3AAIELN9__gnu_cxx12_Lock_policyE2EEC2INS1_3SubEvEEOS_IT_LS4_2EE
FNDA:0,_ZNSt12__shared_ptrIN5lgxZJ2IS3AAIELN9__gnu_cxx12_Lock_policyE2EEC2INS1_4MoveEvEEOS_IT_LS4_2EE
FNDA:2403,_ZNKSt12__shared_ptrIN5lgxZJ2IS3AAIELN9__gnu_cxx12_Lock_policyE2EEptEv
FNDA:0,_ZNSt12__shared_ptrIN5lgxZJ2IS3SubELN9__gnu_cxx12_Lock_policyE2EEC2ISaIS2_EIRP7myTemp_iEEESt19_Sp_make_shared_tagRKT_DpOT0_
FNDA:0,_ZNSt12__shared_ptrIN5lgxZJ2IS4MoveELN9__gnu_cxx12_Lock_policyE2EEC2ISaIS2_EIRP7myTemp_S9_EEESt19_Sp_make_shared_tagRKT_DpOT0_
FNDA:0,_ZNSt12__shared_ptrIN5lgxZJ2IS4MoveELN9__gnu_cxx12_Lock_policyE2EEC2ISaIS2_EIRP7myTemp_SA_NS2_11OperandTypeESB_EEESt19_Sp_make_shared_tagRKT_DpOT0_
FNF:46
FNH:1
DA:86,0
DA:109,0
DA:110,0
DA:113,0
DA:114,0
DA:123,0
DA:124,0
DA:130,0
DA:131,0
DA:137,0
DA:141,0
DA:144,0
DA:157,0
DA:158,0
DA:161,0
DA:164,0
DA:384,0
DA:387,0
DA:393,0
DA:394,0
DA:396,0
DA:399,0
DA:400,0
DA:401,0
DA:403,0
DA:406,0
DA:407,0
DA:411,0
DA:415,0
DA:416,0
DA:417,0
DA:418,0
DA:422,0
DA:425,0
DA:427,0
DA:443,0
DA:444,0
DA:491,0
DA:493,0
DA:498,0
DA:499,0
DA:502,0
DA:503,0
DA:504,0
DA:506,0
DA:508,0
DA:509,0
DA:510,0
DA:511,0
DA:543,0
DA:545,0
DA:546,0
DA:547,0
DA:549,0
DA:550,0
DA:552,0
DA:553,0
DA:554,0
DA:557,0
DA:559,0
DA:560,0
DA:562,0
DA:563,0
DA:564,0
DA:565,0
DA:566,0
DA:568,0
DA:572,0
DA:574,0
DA:575,0
DA:576,0
DA:577,0
DA:588,0
DA:589,0
DA:723,0
DA:724,0
DA:728,0
DA:779,0
DA:781,0
DA:789,0
DA:790,0
DA:792,0
DA:793,0
DA:794,0
DA:798,0
DA:799,0
DA:801,0
DA:802,0
DA:803,0
DA:912,2403
DA:915,2403
DA:954,0
DA:957,0
DA:961,0
DA:962,0
DA:963,0
DA:964,0
LF:97
LH:2
end_of_record
SF:/usr/include/c++/4.8/bits/stl_algo.h
FN:78,_ZSt22__move_median_to_firstIN9__gnu_cxx17__normal_iteratorIPiSt6vectorIiSaIiEEEEEvT_S7_S7_S7_
FN:158,_ZSt6__findIN9__gnu_cxx17__normal_iteratorIPP7myTemp_St6vectorIS3_SaIS3_EEEES3_ET_S9_S9_RKT0_St26random_access_iterator_tag
FN:158,_ZSt6__findIN9__gnu_cxx17__normal_iteratorIPiSt6vectorIiSaIiEEEEiET_S7_S7_RKT0_St26random_access_iterator_tag
FN:1929,_ZSt13__heap_selectIN9__gnu_cxx17__normal_iteratorIPiSt6vectorIiSaIiEEEEEvT_S7_S7_
FN:2092,_ZSt25__unguarded_linear_insertIN9__gnu_cxx17__normal_iteratorIPiSt6vectorIiSaIiEEEEEvT_
FN:2129,_ZSt16__insertion_sortIN9__gnu_cxx17__normal_iteratorIPiSt6vectorIiSaIiEEEEEvT_S7_
FN:2174,_ZSt26__unguarded_insertion_sortIN9__gnu_cxx17__normal_iteratorIPiSt6vectorIiSaIiEEEEEvT_S7_
FN:2206,_ZSt22__final_insertion_sortIN9__gnu_cxx17__normal_iteratorIPiSt6vectorIiSaIiEEEEEvT_S7_
FN:2237,_ZSt21__unguarded_partitionIN9__gnu_cxx17__normal_iteratorIPiSt6vectorIiSaIiEEEEiET_S7_S7_RKT0_
FN:2278,_ZSt27__unguarded_partition_pivotIN9__gnu_cxx17__normal_iteratorIPiSt6vectorIiSaIiEEEEET_S7_S7_
FN:2302,_ZSt16__introsort_loopIN9__gnu_cxx17__normal_iteratorIPiSt6vectorIiSaIiEEEElEvT_S7_T0_
FN:4432,_ZSt4findIN9__gnu_cxx17__normal_iteratorIPiSt6vectorIiSaIiEEEEiET_S7_S7_RKT0_
FN:4432,_ZSt4findIN9__gnu_cxx17__normal_iteratorIPP7myTemp_St6vectorIS3_SaIS3_EEEES3_ET_S9_S9_RKT0_
FN:5294,_ZSt12partial_sortIN9__gnu_cxx17__normal_iteratorIPiSt6vectorIiSaIiEEEEEvT_S7_S7_
FN:5447,_ZSt4sortIN9__gnu_cxx17__normal_iteratorIPiSt6vectorIiSaIiEEEEEvT_S7_
FN:5526,_ZSt5mergeIN9__gnu_cxx17__normal_iteratorIPiSt6vectorIiSaIiEEEES6_St20back_insert_iteratorIS5_EET1_T_SA_T0_SB_S9_
FN:5738,_ZSt9set_unionIN9__gnu_cxx17__normal_iteratorIPiSt6vectorIiSaIiEEEES6_St20back_insert_iteratorIS5_EET1_T_SA_T0_SB_S9_
FNDA:0,_ZSt22__move_median_to_firstIN9__gnu_cxx17__normal_iteratorIPiSt6vectorIiSaIiEEEEEvT_S7_S7_S7_
FNDA:61,_ZSt6__findIN9__gnu_cxx17__normal_iteratorIPP7myTemp_St6vectorIS3_SaIS3_EEEES3_ET_S9_S9_RKT0_St26random_access_iterator_tag
FNDA:102,_ZSt6__findIN9__gnu_cxx17__normal_iteratorIPiSt6vectorIiSaIiEEEEiET_S7_S7_RKT0_St26random_access_iterator_tag
FNDA:0,_ZSt13__heap_selectIN9__gnu_cxx17__normal_iteratorIPiSt6vectorIiSaIiEEEEEvT_S7_S7_
FNDA:84,_ZSt25__unguarded_linear_insertIN9__gnu_cxx17__normal_iteratorIPiSt6vectorIiSaIiEEEEEvT_
FNDA:83,_ZSt16__insertion_sortIN9__gnu_cxx17__normal_iteratorIPiSt6vectorIiSaIiEEEEEvT_S7_
FNDA:0,_ZSt26__unguarded_insertion_sortIN9__gnu_cxx17__normal_iteratorIPiSt6vectorIiSaIiEEEEEvT_S7_
FNDA:83,_ZSt22__final_insertion_sortIN9__gnu_cxx17__normal_iteratorIPiSt6vectorIiSaIiEEEEEvT_S7_
FNDA:0,_ZSt21__unguarded_partitionIN9__gnu_cxx17__normal_iteratorIPiSt6vectorIiSaIiEEEEiET_S7_S7_RKT0_
FNDA:0,_ZSt27__unguarded_partition_pivotIN9__gnu_cxx17__normal_iteratorIPiSt6vectorIiSaIiEEEEET_S7_S7_
FNDA:83,_ZSt16__introsort_loopIN9__gnu_cxx17__normal_iteratorIPiSt6vectorIiSaIiEEEElEvT_S7_T0_
FNDA:61,_ZSt4findIN9__gnu_cxx17__normal_iteratorIPP7myTemp_St6vectorIS3_SaIS3_EEEES3_ET_S9_S9_RKT0_
FNDA:102,_ZSt4findIN9__gnu_cxx17__normal_iteratorIPiSt6vectorIiSaIiEEEEiET_S7_S7_RKT0_
FNDA:0,_ZSt12partial_sortIN9__gnu_cxx17__normal_iteratorIPiSt6vectorIiSaIiEEEEEvT_S7_S7_
FNDA:164,_ZSt4sortIN9__gnu_cxx17__normal_iteratorIPiSt6vectorIiSaIiEEEEEvT_S7_
FNDA:33,_ZSt5mergeIN9__gnu_cxx17__normal_iteratorIPiSt6vectorIiSaIiEEEES6_St20back_insert_iteratorIS5_EET1_T_SA_T0_SB_S9_
FNDA:82,_ZSt9set_unionIN9__gnu_cxx17__normal_iteratorIPiSt6vectorIiSaIiEEEES6_St20back_insert_iteratorIS5_EET1_T_SA_T0_SB_S9_
FNF:17
FNH:11
DA:78,0
DA:85,0
DA:87,0
DA:88,0
DA:89,0
DA:90,0
DA:92,0
DA:94,0
DA:95,0
DA:96,0
DA:97,0
DA:99,0
DA:100,0
DA:158,163
DA:162,163
DA:164,180
DA:166,69
DA:167,36
DA:168,33
DA:170,33
DA:171,11
DA:172,22
DA:174,22
DA:175,5
DA:176,17
DA:178,17
DA:179,0
DA:180,17
DA:183,111
DA:186,14
DA:187,2
DA:188,12
DA:190,41
DA:191,9
DA:192,32
DA:194,79
DA:195,29
DA:196,50
DA:199,71
DA:1929,0
DA:1933,0
DA:1934,0
DA:1935,0
DA:1936,0
DA:1937,0
DA:2092,84
DA:2095,84
DA:2096,84
DA:2097,84
DA:2098,170
DA:2100,2
DA:2101,2
DA:2102,2
DA:2104,84
DA:2105,84
DA:2129,83
DA:2132,83
DA:2133,83
DA:2135,170
DA:2137,87
DA:2140,3
DA:2141,3
DA:2142,3
DA:2145,84
DA:2174,0
DA:2180,0
DA:2181,0
DA:2182,0
DA:2206,83
DA:2209,83
DA:2211,0
DA:2212,0
DA:2215,83
DA:2216,83
DA:2237,0
DA:2242,0
DA:2243,0
DA:2244,0
DA:2245,0
DA:2246,0
DA:2247,0
DA:2248,0
DA:2249,0
DA:2250,0
DA:2278,0
DA:2281,0
DA:2282,0
DA:2283,0
DA:2302,83
DA:2306,166
DA:2308,0
DA:2310,0
DA:2311,83
DA:2313,0
DA:2315,0
DA:2316,0
DA:2317,0
DA:4432,163
DA:4441,163
DA:5294,0
DA:5308,0
DA:5309,0
DA:5310,0
DA:5447,164
DA:5458,164
DA:5460,83
DA:5461,83
DA:5462,83
DA:5464,164
DA:5526,33
DA:5546,72
DA:5548,6
DA:5550,6
DA:5551,6
DA:5555,0
DA:5556,0
DA:5558,6
DA:5561,33
DA:5738,82
DA:5759,186
DA:5761,22
DA:5763,8
DA:5764,8
DA:5766,14
DA:5768,14
DA:5769,14
DA:5773,0
DA:5774,0
DA:5775,0
DA:5777,22
DA:5780,82
LF:131
LH:76
end_of_record
SF:/usr/include/c++/4.8/bits/stl_algobase.h
FN:119,_ZSt9iter_swapIN9__gnu_cxx17__normal_iteratorIPiSt6vectorIiSaIiEEEES6_EvT_T0_
FN:216,_ZSt3maxImERKT_S2_S2_
FN:277,_ZSt12__niter_baseIN9__gnu_cxx17__normal_iteratorIPKiSt6vectorIiSaIiEEEEENSt11_Niter_baseIT_E13iterator_typeES9_
FN:277,_ZSt12__niter_baseIPKP7myTemp_ENSt11_Niter_baseIT_E13iterator_typeES5_
FN:277,_ZSt12__niter_baseIPPiENSt11_Niter_baseIT_E13iterator_typeES3_
FN:277,_ZSt12__niter_baseIPP7myTemp_ENSt11_Niter_baseIT_E13iterator_typeES4_
FN:277,_ZSt12__niter_baseISt20back_insert_iteratorISt6vectorIiSaIiEEEENSt11_Niter_baseIT_E13iterator_typeES6_
FN:277,_ZSt12__niter_baseISt15_Deque_iteratorIiRKiPS1_EENSt11_Niter_baseIT_E13iterator_typeES6_
FN:277,_ZSt12__niter_baseIPSt10shared_ptrIN5lgxZJ2IS3AAIEEENSt11_Niter_baseIT_E13iterator_typeES7_
FN:277,_ZSt12__niter_baseIN9__gnu_cxx17__normal_iteratorIPKSt10shared_ptrIN5lgxZJ2IS3AAIEESt6vectorIS6_SaIS6_EEEEENSt11_Niter_baseIT_E13iterator_typeESE_
FN:277,_ZSt12__niter_baseISt15_Deque_iteratorIiRiPiEENSt11_Niter_baseIT_E13iterator_typeES5_
FN:277,_ZSt12__niter_baseIN9__gnu_cxx17__normal_iteratorIPSt10shared_ptrIN5lgxZJ2IS3AAIEESt6vectorIS6_SaIS6_EEEEENSt11_Niter_baseIT_E13iterator_typeESD_
FN:277,_ZSt12__niter_baseIN9__gnu_cxx17__normal_iteratorIPP7myTemp_St6vectorIS3_SaIS3_EEEEENSt11_Niter_baseIT_E13iterator_typeESA_
FN:277,_ZSt12__niter_baseIN9__gnu_cxx17__normal_iteratorIPiSt6vectorIiSaIiEEEEENSt11_Niter_baseIT_E13iterator_typeES8_
FN:277,_ZSt12__niter_baseIPiENSt11_Niter_baseIT_E13iterator_typeES2_
FN:288,_ZSt12__miter_baseIPiENSt11_Miter_baseIT_E13iterator_typeES2_
FN:288,_ZSt12__miter_baseIN9__gnu_cxx17__normal_iteratorIPKiSt6vectorIiSaIiEEEEENSt11_Miter_baseIT_E13iterator_typeES9_
FN:288,_ZSt12__miter_baseISt13move_iteratorIPiEENSt11_Miter_baseIT_E13iterator_typeES4_
FN:288,_ZSt12__miter_baseIN9__gnu_cxx17__normal_iteratorIPKSt10shared_ptrIN5lgxZJ2IS3AAIEESt6vectorIS6_SaIS6_EEEEENSt11_Miter_baseIT_E13iterator_typeESE_
FN:288,_ZSt12__miter_baseIPSt10shared_ptrIN5lgxZJ2IS3AAIEEENSt11_Miter_baseIT_E13iterator_typeES7_
FN:288,_ZSt12__miter_baseIPPiENSt11_Miter_baseIT_E13iterator_typeES3_
FN:288,_ZSt12__miter_baseISt15_Deque_iteratorIiRKiPS1_EENSt11_Miter_baseIT_E13iterator_typeES6_
FN:288,_ZSt12__miter_baseIN9__gnu_cxx17__normal_iteratorIPP7myTemp_St6vectorIS3_SaIS3_EEEEENSt11_Miter_baseIT_E13iterator_typeESA_
FN:288,_ZSt12__miter_baseIPKP7myTemp_ENSt11_Miter_baseIT_E13iterator_typeES5_
FN:288,_ZSt12__miter_baseIN9__gnu_cxx17__normal_iteratorIPiSt6vectorIiSaIiEEEEENSt11_Miter_baseIT_E13iterator_typeES8_
FN:330,_ZNSt11__copy_moveILb0ELb0ESt26random_access_iterator_tagE8__copy_mIPKSt10shared_ptrIN5lgxZJ2IS3AAIEEPS7_EET0_T_SC_SB_
FN:330,_ZNSt11__copy_moveILb0ELb0ESt26random_access_iterator_tagE8__copy_mIPiSt20back_insert_iteratorISt6vectorIiSaIiEEEEET0_T_SA_S9_
FN:330,_ZNSt11__copy_moveILb0ELb0ESt26random_access_iterator_tagE8__copy_mISt15_Deque_iteratorIiRKiPS4_ES3_IiRiPiEEET0_T_SC_SB_
FN:330,_ZNSt11__copy_moveILb0ELb0ESt26random_access_iterator_tagE8__copy_mIPSt10shared_ptrIN5lgxZJ2IS3AAIEES8_EET0_T_SA_S9_
FN:368,_ZNSt11__copy_moveILb0ELb1ESt26random_access_iterator_tagE8__copy_mIP7myTemp_EEPT_PKS5_S8_S6_
FN:368,_ZNSt11__copy_moveILb0ELb1ESt26random_access_iterator_tagE8__copy_mIPiEEPT_PKS4_S7_S5_
FN:368,_ZNSt11__copy_moveILb0ELb1ESt26random_access_iterator_tagE8__copy_mIiEEPT_PKS3_S6_S4_
FN:368,_ZNSt11__copy_moveILb1ELb1ESt26random_access_iterator_tagE8__copy_mIP7myTemp_EEPT_PKS5_S8_S6_
FN:368,_ZNSt11__copy_moveILb1ELb1ESt26random_access_iterator_tagE8__copy_mIiEEPT_PKS3_S6_S4_
FN:379,_ZSt13__copy_move_aILb0EPiSt20back_insert_iteratorISt6vectorIiSaIiEEEET1_T0_S7_S6_
FN:379,_ZSt13__copy_move_aILb0EPPiS1_ET1_T0_S3_S2_
FN:379,_ZSt13__copy_move_aILb0EPKSt10shared_ptrIN5lgxZJ2IS3AAIEEPS4_ET1_T0_S9_S8_
FN:379,_ZSt13__copy_move_aILb0EPiS0_ET1_T0_S2_S1_
FN:379,_ZSt13__copy_move_aILb0EPKP7myTemp_PS1_ET1_T0_S6_S5_
FN:379,_ZSt13__copy_move_aILb1EPiS0_ET1_T0_S2_S1_
FN:379,_ZSt13__copy_move_aILb0EPSt10shared_ptrIN5lgxZJ2IS3AAIEES5_ET1_T0_S7_S6_
FN:379,_ZSt13__copy_move_aILb1EPP7myTemp_S2_ET1_T0_S4_S3_
FN:379,_ZSt13__copy_move_aILb0EPKiPiET1_T0_S4_S3_
FN:379,_ZSt13__copy_move_aILb0EPP7myTemp_S2_ET1_T0_S4_S3_
FN:379,_ZSt13__copy_move_aILb0ESt15_Deque_iteratorIiRKiPS1_ES0_IiRiPiEET1_T0_S9_S8_
FN:424,_ZSt14__copy_move_a2ILb0EN9__gnu_cxx17__normal_iteratorIPKSt10shared_ptrIN5lgxZJ2IS3AAIEESt6vectorIS6_SaIS6_EEEENS1_IPS6_SB_EEET1_T0_SG_SF_
FN:424,_ZSt14__copy_move_a2ILb0EN9__gnu_cxx17__normal_iteratorIPKiSt6vectorIiSaIiEEEENS1_IPiS6_EEET1_T0_SB_SA_
FN:424,_ZSt14__copy_move_a2ILb1EPiS0_ET1_T0_S2_S1_
FN:424,_ZSt14__copy_move_a2ILb0EPKP7myTemp_PS1_ET1_T0_S6_S5_
FN:424,_ZSt14__copy_move_a2ILb1EN9__gnu_cxx17__normal_iteratorIPiSt6vectorIiSaIiEEEES6_ET1_T0_S8_S7_
FN:424,_ZSt14__copy_move_a2ILb1EN9__gnu_cxx17__normal_iteratorIPP7myTemp_St6vectorIS3_SaIS3_EEEES8_ET1_T0_SA_S9_
FN:424,_ZSt14__copy_move_a2ILb0EN9__gnu_cxx17__normal_iteratorIPP7myTemp_St6vectorIS3_SaIS3_EEEES4_ET1_T0_SA_S9_
FN:424,_ZSt14__copy_move_a2ILb0EN9__gnu_cxx17__normal_iteratorIPKiSt6vectorIiSaIiEEEEPiET1_T0_SA_S9_
FN:424,_ZSt14__copy_move_a2ILb0EPPiS1_ET1_T0_S3_S2_
FN:424,_ZSt14__copy_move_a2ILb0ESt15_Deque_iteratorIiRKiPS1_ES0_IiRiPiEET1_T0_S9_S8_
FN:424,_ZSt14__copy_move_a2ILb0EN9__gnu_cxx17__normal_iteratorIPiSt6vectorIiSaIiEEEESt20back_insert_iteratorIS5_EET1_T0_SA_S9_
FN:424,_ZSt14__copy_move_a2ILb0EPSt10shared_ptrIN5lgxZJ2IS3AAIEES5_ET1_T0_S7_S6_
FN:424,_ZSt14__copy_move_a2ILb0EPiS0_ET1_T0_S2_S1_
FN:450,_ZSt4copyISt13move_iteratorIPiES1_ET0_T_S4_S3_
FN:450,_ZSt4copyIN9__gnu_cxx17__normal_iteratorIPKiSt6vectorIiSaIiEEEENS1_IPiS6_EEET0_T_SB_SA_
FN:450,_ZSt4copyIPKP7myTemp_PS1_ET0_T_S6_S5_
FN:450,_ZSt4copyIN9__gnu_cxx17__normal_iteratorIPKSt10shared_ptrIN5lgxZJ2IS3AAIEESt6vectorIS6_SaIS6_EEEENS1_IPS6_SB_EEET0_T_SG_SF_
FN:450,_ZSt4copyISt15_Deque_iteratorIiRKiPS1_ES0_IiRiPiEET0_T_S9_S8_
FN:450,_ZSt4copyIN9__gnu_cxx17__normal_iteratorIPKiSt6vectorIiSaIiEEEEPiET0_T_SA_S9_
FN:450,_ZSt4copyIPPiS1_ET0_T_S3_S2_
FN:450,_ZSt4copyIPiS0_ET0_T_S2_S1_
FN:450,_ZSt4copyIN9__gnu_cxx17__normal_iteratorIPP7myTemp_St6vectorIS3_SaIS3_EEEES4_ET0_T_SA_S9_
FN:450,_ZSt4copyIN9__gnu_cxx17__normal_iteratorIPiSt6vectorIiSaIiEEEESt20back_insert_iteratorIS5_EET0_T_SA_S9_
FN:450,_ZSt4copyIPSt10shared_ptrIN5lgxZJ2IS3AAIEES5_ET0_T_S7_S6_
FN:483,_ZSt4moveIN9__gnu_cxx17__normal_iteratorIPP7myTemp_St6vectorIS3_SaIS3_EEEES8_ET0_T_SA_S9_
FN:483,_ZSt4moveIN9__gnu_cxx17__normal_iteratorIPiSt6vectorIiSaIiEEEES6_ET0_T_S8_S7_
FN:563,_ZNSt20__copy_move_backwardILb0ELb1ESt26random_access_iterator_tagE13__copy_move_bIPiEEPT_PKS4_S7_S5_
FN:563,_ZNSt20__copy_move_backwardILb1ELb1ESt26random_access_iterator_tagE13__copy_move_bIiEEPT_PKS3_S6_S4_
FN:574,_ZSt22__copy_move_backward_aILb0EPPiS1_ET1_T0_S3_S2_
FN:574,_ZSt22__copy_move_backward_aILb1EPiS0_ET1_T0_S2_S1_
FN:592,_ZSt23__copy_move_backward_a2ILb1EN9__gnu_cxx17__normal_iteratorIPiSt6vectorIiSaIiEEEES6_ET1_T0_S8_S7_
FN:592,_ZSt23__copy_move_backward_a2ILb0EPPiS1_ET1_T0_S3_S2_
FN:619,_ZSt13copy_backwardIPPiS1_ET0_T_S3_S2_
FN:655,_ZSt13move_backwardIN9__gnu_cxx17__normal_iteratorIPiSt6vectorIiSaIiEEEES6_ET0_T_S8_S7_
FN:988,_ZSt4__lgl
FNDA:0,_ZSt9iter_swapIN9__gnu_cxx17__normal_iteratorIPiSt6vectorIiSaIiEEEES6_EvT_T0_
FNDA:5925,_ZSt3maxImERKT_S2_S2_
FNDA:13116,_ZSt12__niter_baseIPP7myTemp_ENSt11_Niter_baseIT_E13iterator_typeES4_
FNDA:100,_ZSt12__niter_baseIPKP7myTemp_ENSt11_Niter_baseIT_E13iterator_typeES5_
FNDA:0,_ZSt12__niter_baseIPPiENSt11_Niter_baseIT_E13iterator_typeES3_
FNDA:26,_ZSt12__niter_baseISt15_Deque_iteratorIiRiPiEENSt11_Niter_baseIT_E13iterator_typeES5_
FNDA:52,_ZSt12__niter_baseISt15_Deque_iteratorIiRKiPS1_EENSt11_Niter_baseIT_E13iterator_typeES6_
FNDA:3254,_ZSt12__niter_baseIN9__gnu_cxx17__normal_iteratorIPP7myTemp_St6vectorIS3_SaIS3_EEEEENSt11_Niter_baseIT_E13iterator_typeESA_
FNDA:17910,_ZSt12__niter_baseIPiENSt11_Niter_baseIT_E13iterator_typeES2_
FNDA:23084,_ZSt12__niter_baseIN9__gnu_cxx17__normal_iteratorIPKiSt6vectorIiSaIiEEEEENSt11_Niter_baseIT_E13iterator_typeES9_
FNDA:230,_ZSt12__niter_baseISt20back_insert_iteratorISt6vectorIiSaIiEEEENSt11_Niter_baseIT_E13iterator_typeES6_
FNDA:539,_ZSt12__niter_baseIN9__gnu_cxx17__normal_iteratorIPiSt6vectorIiSaIiEEEEENSt11_Niter_baseIT_E13iterator_typeES8_
FNDA:0,_ZSt12__niter_baseIPSt10shared_ptrIN5lgxZJ2IS3AAIEEENSt11_Niter_baseIT_E13iterator_typeES7_
FNDA:0,_ZSt12__niter_baseIN9__gnu_cxx17__normal_iteratorIPSt10shared_ptrIN5lgxZJ2IS3AAIEESt6vectorIS6_SaIS6_EEEEENSt11_Niter_baseIT_E13iterator_typeESD_
FNDA:0,_ZSt12__niter_baseIN9__gnu_cxx17__normal_iteratorIPKSt10shared_ptrIN5lgxZJ2IS3AAIEESt6vectorIS6_SaIS6_EEEEENSt11_Niter_baseIT_E13iterator_typeESE_
FNDA:4256,_ZSt12__miter_baseISt13move_iteratorIPiEENSt11_Miter_baseIT_E13iterator_typeES4_
FNDA:100,_ZSt12__miter_baseIPKP7myTemp_ENSt11_Miter_baseIT_E13iterator_typeES5_
FNDA:0,_ZSt12__miter_baseIPPiENSt11_Miter_baseIT_E13iterator_typeES3_
FNDA:52,_ZSt12__miter_baseISt15_Deque_iteratorIiRKiPS1_EENSt11_Miter_baseIT_E13iterator_typeES6_
FNDA:3130,_ZSt12__miter_baseIN9__gnu_cxx17__normal_iteratorIPP7myTemp_St6vectorIS3_SaIS3_EEEEENSt11_Miter_baseIT_E13iterator_typeESA_
FNDA:0,_ZSt12__miter_baseIPiENSt11_Miter_baseIT_E13iterator_typeES2_
FNDA:23084,_ZSt12__miter_baseIN9__gnu_cxx17__normal_iteratorIPKiSt6vectorIiSaIiEEEEENSt11_Miter_baseIT_E13iterator_typeES9_
FNDA:502,_ZSt12__miter_baseIN9__gnu_cxx17__normal_iteratorIPiSt6vectorIiSaIiEEEEENSt11_Miter_baseIT_E13iterator_typeES8_
FNDA:0,_ZSt12__miter_baseIPSt10shared_ptrIN5lgxZJ2IS3AAIEEENSt11_Miter_baseIT_E13iterator_typeES7_
FNDA:0,_ZSt12__miter_baseIN9__gnu_cxx17__normal_iteratorIPKSt10shared_ptrIN5lgxZJ2IS3AAIEESt6vectorIS6_SaIS6_EEEEENSt11_Miter_baseIT_E13iterator_typeESE_
FNDA:26,_ZNSt11__copy_moveILb0ELb0ESt26random_access_iterator_tagE8__copy_mISt15_Deque_iteratorIiRKiPS4_ES3_IiRiPiEEET0_T_SC_SB_
FNDA:230,_ZNSt11__copy_moveILb0ELb0ESt26random_access_iterator_tagE8__copy_mIPiSt20back_insert_iteratorISt6vectorIiSaIiEEEEET0_T_SA_S9_
FNDA:0,_ZNSt11__copy_moveILb0ELb0ESt26random_access_iterator_tagE8__copy_mIPSt10shared_ptrIN5lgxZJ2IS3AAIEES8_EET0_T_SA_S9_
FNDA:0,_ZNSt11__copy_moveILb0ELb0ESt26random_access_iterator_tagE8__copy_mIPKSt10shared_ptrIN5lgxZJ2IS3AAIEEPS7_EET0_T_SC_SB_
FNDA:1738,_ZNSt11__copy_moveILb0ELb1ESt26random_access_iterator_tagE8__copy_mIP7myTemp_EEPT_PKS5_S8_S6_
FNDA:0,_ZNSt11__copy_moveILb0ELb1ESt26random_access_iterator_tagE8__copy_mIPiEEPT_PKS4_S7_S5_
FNDA:3485,_ZNSt11__copy_moveILb1ELb1ESt26random_access_iterator_tagE8__copy_mIP7myTemp_EEPT_PKS5_S8_S6_
FNDA:2146,_ZNSt11__copy_moveILb1ELb1ESt26random_access_iterator_tagE8__copy_mIiEEPT_PKS3_S6_S4_
FNDA:11542,_ZNSt11__copy_moveILb0ELb1ESt26random_access_iterator_tagE8__copy_mIiEEPT_PKS3_S6_S4_
FNDA:50,_ZSt13__copy_move_aILb0EPP7myTemp_S2_ET1_T0_S4_S3_
FNDA:1688,_ZSt13__copy_move_aILb0EPKP7myTemp_PS1_ET1_T0_S6_S5_
FNDA:0,_ZSt13__copy_move_aILb0EPPiS1_ET1_T0_S3_S2_
FNDA:26,_ZSt13__copy_move_aILb0ESt15_Deque_iteratorIiRKiPS1_ES0_IiRiPiEET1_T0_S9_S8_
FNDA:3485,_ZSt13__copy_move_aILb1EPP7myTemp_S2_ET1_T0_S4_S3_
FNDA:2146,_ZSt13__copy_move_aILb1EPiS0_ET1_T0_S2_S1_
FNDA:0,_ZSt13__copy_move_aILb0EPiS0_ET1_T0_S2_S1_
FNDA:11542,_ZSt13__copy_move_aILb0EPKiPiET1_T0_S4_S3_
FNDA:230,_ZSt13__copy_move_aILb0EPiSt20back_insert_iteratorISt6vectorIiSaIiEEEET1_T0_S7_S6_
FNDA:0,_ZSt13__copy_move_aILb0EPSt10shared_ptrIN5lgxZJ2IS3AAIEES5_ET1_T0_S7_S6_
FNDA:0,_ZSt13__copy_move_aILb0EPKSt10shared_ptrIN5lgxZJ2IS3AAIEEPS4_ET1_T0_S9_S8_
FNDA:50,_ZSt14__copy_move_a2ILb0EN9__gnu_cxx17__normal_iteratorIPP7myTemp_St6vectorIS3_SaIS3_EEEES4_ET1_T0_SA_S9_
FNDA:2128,_ZSt14__copy_move_a2ILb1EPiS0_ET1_T0_S2_S1_
FNDA:50,_ZSt14__copy_move_a2ILb0EPKP7myTemp_PS1_ET1_T0_S6_S5_
FNDA:0,_ZSt14__copy_move_a2ILb0EPPiS1_ET1_T0_S3_S2_
FNDA:26,_ZSt14__copy_move_a2ILb0ESt15_Deque_iteratorIiRKiPS1_ES0_IiRiPiEET1_T0_S9_S8_
FNDA:11526,_ZSt14__copy_move_a2ILb0EN9__gnu_cxx17__normal_iteratorIPKiSt6vectorIiSaIiEEEEPiET1_T0_SA_S9_
FNDA:45,_ZSt14__copy_move_a2ILb1EN9__gnu_cxx17__normal_iteratorIPP7myTemp_St6vectorIS3_SaIS3_EEEES8_ET1_T0_SA_S9_
FNDA:18,_ZSt14__copy_move_a2ILb1EN9__gnu_cxx17__normal_iteratorIPiSt6vectorIiSaIiEEEES6_ET1_T0_S8_S7_
FNDA:0,_ZSt14__copy_move_a2ILb0EPiS0_ET1_T0_S2_S1_
FNDA:16,_ZSt14__copy_move_a2ILb0EN9__gnu_cxx17__normal_iteratorIPKiSt6vectorIiSaIiEEEENS1_IPiS6_EEET1_T0_SB_SA_
FNDA:230,_ZSt14__copy_move_a2ILb0EN9__gnu_cxx17__normal_iteratorIPiSt6vectorIiSaIiEEEESt20back_insert_iteratorIS5_EET1_T0_SA_S9_
FNDA:0,_ZSt14__copy_move_a2ILb0EPSt10shared_ptrIN5lgxZJ2IS3AAIEES5_ET1_T0_S7_S6_
FNDA:0,_ZSt14__copy_move_a2ILb0EN9__gnu_cxx17__normal_iteratorIPKSt10shared_ptrIN5lgxZJ2IS3AAIEESt6vectorIS6_SaIS6_EEEENS1_IPS6_SB_EEET1_T0_SG_SF_
FNDA:50,_ZSt4copyIN9__gnu_cxx17__normal_iteratorIPP7myTemp_St6vectorIS3_SaIS3_EEEES4_ET0_T_SA_S9_
FNDA:2128,_ZSt4copyISt13move_iteratorIPiES1_ET0_T_S4_S3_
FNDA:50,_ZSt4copyIPKP7myTemp_PS1_ET0_T_S6_S5_
FNDA:0,_ZSt4copyIPPiS1_ET0_T_S3_S2_
FNDA:26,_ZSt4copyISt15_Deque_iteratorIiRKiPS1_ES0_IiRiPiEET0_T_S9_S8_
FNDA:11526,_ZSt4copyIN9__gnu_cxx17__normal_iteratorIPKiSt6vectorIiSaIiEEEEPiET0_T_SA_S9_
FNDA:0,_ZSt4copyIPiS0_ET0_T_S2_S1_
FNDA:16,_ZSt4copyIN9__gnu_cxx17__normal_iteratorIPKiSt6vectorIiSaIiEEEENS1_IPiS6_EEET0_T_SB_SA_
FNDA:230,_ZSt4copyIN9__gnu_cxx17__normal_iteratorIPiSt6vectorIiSaIiEEEESt20back_insert_iteratorIS5_EET0_T_SA_S9_
FNDA:0,_ZSt4copyIPSt10shared_ptrIN5lgxZJ2IS3AAIEES5_ET0_T_S7_S6_
FNDA:0,_ZSt4copyIN9__gnu_cxx17__normal_iteratorIPKSt10shared_ptrIN5lgxZJ2IS3AAIEESt6vectorIS6_SaIS6_EEEENS1_IPS6_SB_EEET0_T_SG_SF_
FNDA:45,_ZSt4moveIN9__gnu_cxx17__normal_iteratorIPP7myTemp_St6vectorIS3_SaIS3_EEEES8_ET0_T_SA_S9_
FNDA:18,_ZSt4moveIN9__gnu_cxx17__normal_iteratorIPiSt6vectorIiSaIiEEEES6_ET0_T_S8_S7_
FNDA:0,_ZNSt20__copy_move_backwardILb0ELb1ESt26random_access_iterator_tagE13__copy_move_bIPiEEPT_PKS4_S7_S5_
FNDA:3,_ZNSt20__copy_move_backwardILb1ELb1ESt26random_access_iterator_tagE13__copy_move_bIiEEPT_PKS3_S6_S4_
FNDA:0,_ZSt22__copy_move_backward_aILb0EPPiS1_ET1_T0_S3_S2_
FNDA:3,_ZSt22__copy_move_backward_aILb1EPiS0_ET1_T0_S2_S1_
FNDA:0,_ZSt23__copy_move_backward_a2ILb0EPPiS1_ET1_T0_S3_S2_
FNDA:3,_ZSt23__copy_move_backward_a2ILb1EN9__gnu_cxx17__normal_iteratorIPiSt6vectorIiSaIiEEEES6_ET1_T0_S8_S7_
FNDA:0,_ZSt13copy_backwardIPPiS1_ET0_T_S3_S2_
FNDA:3,_ZSt13move_backwardIN9__gnu_cxx17__normal_iteratorIPiSt6vectorIiSaIiEEEES6_ET0_T_S8_S7_
FNDA:1539,_ZSt4__lgl
FNF:80
FNH:52
DA:119,0
DA:147,0
DA:149,0
DA:216,5925
DA:221,5925
DA:222,3166
DA:223,2759
DA:277,58311
DA:278,58311
DA:288,31124
DA:289,31124
DA:330,256
DA:333,586
DA:335,330
DA:336,330
DA:337,330
DA:339,256
DA:368,18911
DA:370,18911
DA:371,18911
DA:372,14482
DA:373,18911
DA:379,19167
DA:387,19167
DA:390,19167
DA:424,14089
DA:428,14089
DA:450,14026
DA:460,14026
DA:483,63
DA:492,63
DA:563,3
DA:565,3
DA:566,3
DA:567,3
DA:568,3
DA:574,3
DA:582,3
DA:587,3
DA:592,3
DA:596,3
DA:619,0
DA:631,0
DA:655,3
DA:667,3
DA:988,1539
DA:989,1539
LF:47
LH:42
end_of_record
SF:/usr/include/c++/4.8/bits/stl_construct.h
FN:74,_ZSt10_ConstructIN5lgxZJ2LA13DirectedGraph8RealNodeEIRKS3_EEvPT_DpOT0_
FN:74,_ZSt10_ConstructISt10shared_ptrIN5lgxZJ2IS3AAIEEIS4_EEvPT_DpOT0_
FN:74,_ZSt10_ConstructIN5lgxZJ2LA4EdgeEIS2_EEvPT_DpOT0_
FN:74,_ZSt10_ConstructISt10shared_ptrIN5lgxZJ2IS3AAIEEIRKS4_EEvPT_DpOT0_
FN:74,_ZSt10_ConstructIN5lgxZJ2LA4EdgeEIRKS2_EEvPT_DpOT0_
FN:74,_ZSt10_ConstructISt10shared_ptrIN5lgxZJ2IS3AAIEEIRS4_EEvPT_DpOT0_
FN:92,_ZSt8_DestroyISt6vectorIP7myTemp_SaIS2_EEEvPT_
FN:92,_ZSt8_DestroyIN5lgxZJ2LA13DirectedGraph8RealNodeEEvPT_
FN:92,_ZSt8_DestroyISt10shared_ptrIN5lgxZJ2IS3AAIEEEvPT_
FN:100,_ZNSt12_Destroy_auxILb0EE9__destroyIPN5lgxZJ2LA13DirectedGraph8RealNodeEEEvT_S7_
FN:100,_ZNSt12_Destroy_auxILb0EE9__destroyIPSt10shared_ptrIN5lgxZJ2IS3AAIEEEEvT_S8_
FN:100,_ZNSt12_Destroy_auxILb0EE9__destroyIN9__gnu_cxx17__normal_iteratorIPSt10shared_ptrIN5lgxZJ2IS3AAIEESt6vectorIS8_SaIS8_EEEEEEvT_SE_
FN:100,_ZNSt12_Destroy_auxILb0EE9__destroyIPSt6vectorIP7myTemp_SaIS4_EEEEvT_S8_
FN:112,_ZNSt12_Destroy_auxILb1EE9__destroyIN9__gnu_cxx17__normal_iteratorIPiSt6vectorIiSaIiEEEEEEvT_S9_
FN:112,_ZNSt12_Destroy_auxILb1EE9__destroyIPiEEvT_S3_
FN:112,_ZNSt12_Destroy_auxILb1EE9__destroyIPP7myTemp_EEvT_S5_
FN:112,_ZNSt12_Destroy_auxILb1EE9__destroyIPN5lgxZJ2LA4EdgeEEEvT_S6_
FN:122,_ZSt8_DestroyIPP7myTemp_EvT_S3_
FN:122,_ZSt8_DestroyIPiEvT_S1_
FN:122,_ZSt8_DestroyIN9__gnu_cxx17__normal_iteratorIPiSt6vectorIiSaIiEEEEEvT_S7_
FN:122,_ZSt8_DestroyIPN5lgxZJ2LA13DirectedGraph8RealNodeEEvT_S5_
FN:122,_ZSt8_DestroyIPSt10shared_ptrIN5lgxZJ2IS3AAIEEEvT_S6_
FN:122,_ZSt8_DestroyIPSt6vectorIP7myTemp_SaIS2_EEEvT_S6_
FN:122,_ZSt8_DestroyIN9__gnu_cxx17__normal_iteratorIPSt10shared_ptrIN5lgxZJ2IS3AAIEESt6vectorIS6_SaIS6_EEEEEvT_SC_
FN:122,_ZSt8_DestroyIPN5lgxZJ2LA4EdgeEEvT_S4_
FN:148,_ZSt8_DestroyIPiiEvT_S1_RSaIT0_E
FN:148,_ZSt8_DestroyIPN5lgxZJ2LA4EdgeES2_EvT_S4_RSaIT0_E
FN:148,_ZSt8_DestroyIN9__gnu_cxx17__normal_iteratorIPiSt6vectorIiSaIiEEEEiEvT_S7_RSaIT0_E
FN:148,_ZSt8_DestroyIPP7myTemp_S1_EvT_S3_RSaIT0_E
FN:148,_ZSt8_DestroyIPSt10shared_ptrIN5lgxZJ2IS3AAIEES4_EvT_S6_RSaIT0_E
FN:148,_ZSt8_DestroyIN9__gnu_cxx17__normal_iteratorIPSt10shared_ptrIN5lgxZJ2IS3AAIEESt6vectorIS6_SaIS6_EEEES6_EvT_SC_RSaIT0_E
FN:148,_ZSt8_DestroyIPSt6vectorIP7myTemp_SaIS2_EES4_EvT_S6_RSaIT0_E
FN:148,_ZSt8_DestroyIPN5lgxZJ2LA13DirectedGraph8RealNodeES3_EvT_S5_RSaIT0_E
FNDA:0,_ZSt10_ConstructISt10shared_ptrIN5lgxZJ2IS3AAIEEIS4_EEvPT_DpOT0_
FNDA:532,_ZSt10_ConstructIN5lgxZJ2LA4EdgeEIS2_EEvPT_DpOT0_
FNDA:5324,_ZSt10_ConstructIN5lgxZJ2LA4EdgeEIRKS2_EEvPT_DpOT0_
FNDA:5621,_ZSt10_ConstructIN5lgxZJ2LA13DirectedGraph8RealNodeEIRKS3_EEvPT_DpOT0_
FNDA:0,_ZSt10_ConstructISt10shared_ptrIN5lgxZJ2IS3AAIEEIRS4_EEvPT_DpOT0_
FNDA:0,_ZSt10_ConstructISt10shared_ptrIN5lgxZJ2IS3AAIEEIRKS4_EEvPT_DpOT0_
FNDA:0,_ZSt8_DestroyISt6vectorIP7myTemp_SaIS2_EEEvPT_
FNDA:0,_ZSt8_DestroyIN5lgxZJ2LA13DirectedGraph8RealNodeEEvPT_
FNDA:0,_ZSt8_DestroyISt10shared_ptrIN5lgxZJ2IS3AAIEEEvPT_
FNDA:0,_ZNSt12_Destroy_auxILb0EE9__destroyIN9__gnu_cxx17__normal_iteratorIPSt10shared_ptrIN5lgxZJ2IS3AAIEESt6vectorIS8_SaIS8_EEEEEEvT_SE_
FNDA:0,_ZNSt12_Destroy_auxILb0EE9__destroyIPSt6vectorIP7myTemp_SaIS4_EEEEvT_S8_
FNDA:0,_ZNSt12_Destroy_auxILb0EE9__destroyIPN5lgxZJ2LA13DirectedGraph8RealNodeEEEvT_S7_
FNDA:0,_ZNSt12_Destroy_auxILb0EE9__destroyIPSt10shared_ptrIN5lgxZJ2IS3AAIEEEEvT_S8_
FNDA:16,_ZNSt12_Destroy_auxILb1EE9__destroyIN9__gnu_cxx17__normal_iteratorIPiSt6vectorIiSaIiEEEEEEvT_S9_
FNDA:0,_ZNSt12_Destroy_auxILb1EE9__destroyIPN5lgxZJ2LA4EdgeEEEvT_S6_
FNDA:0,_ZNSt12_Destroy_auxILb1EE9__destroyIPiEEvT_S3_
FNDA:0,_ZNSt12_Destroy_auxILb1EE9__destroyIPP7myTemp_EEvT_S5_
FNDA:16,_ZSt8_DestroyIN9__gnu_cxx17__normal_iteratorIPiSt6vectorIiSaIiEEEEEvT_S7_
FNDA:0,_ZSt8_DestroyIN9__gnu_cxx17__normal_iteratorIPSt10shared_ptrIN5lgxZJ2IS3AAIEESt6vectorIS6_SaIS6_EEEEEvT_SC_
FNDA:0,_ZSt8_DestroyIPSt6vectorIP7myTemp_SaIS2_EEEvT_S6_
FNDA:0,_ZSt8_DestroyIPN5lgxZJ2LA4EdgeEEvT_S4_
FNDA:0,_ZSt8_DestroyIPN5lgxZJ2LA13DirectedGraph8RealNodeEEvT_S5_
FNDA:0,_ZSt8_DestroyIPSt10shared_ptrIN5lgxZJ2IS3AAIEEEvT_S6_
FNDA:0,_ZSt8_DestroyIPiEvT_S1_
FNDA:0,_ZSt8_DestroyIPP7myTemp_EvT_S3_
FNDA:16,_ZSt8_DestroyIN9__gnu_cxx17__normal_iteratorIPiSt6vectorIiSaIiEEEEiEvT_S7_RSaIT0_E
FNDA:0,_ZSt8_DestroyIN9__gnu_cxx17__normal_iteratorIPSt10shared_ptrIN5lgxZJ2IS3AAIEESt6vectorIS6_SaIS6_EEEES6_EvT_SC_RSaIT0_E
FNDA:0,_ZSt8_DestroyIPSt6vectorIP7myTemp_SaIS2_EES4_EvT_S6_RSaIT0_E
FNDA:0,_ZSt8_DestroyIPN5lgxZJ2LA4EdgeES2_EvT_S4_RSaIT0_E
FNDA:0,_ZSt8_DestroyIPN5lgxZJ2LA13DirectedGraph8RealNodeES3_EvT_S5_RSaIT0_E
FNDA:0,_ZSt8_DestroyIPSt10shared_ptrIN5lgxZJ2IS3AAIEES4_EvT_S6_RSaIT0_E
FNDA:0,_ZSt8_DestroyIPiiEvT_S1_RSaIT0_E
FNDA:0,_ZSt8_DestroyIPP7myTemp_S1_EvT_S3_RSaIT0_E
FNF:33
FNH:6
DA:74,11477
DA:75,11477
DA:92,0
DA:93,0
DA:100,0
DA:102,0
DA:103,0
DA:104,0
DA:112,16
DA:122,16
DA:126,16
DA:128,16
DA:148,16
DA:151,16
DA:152,16
LF:15
LH:9
end_of_record
SF:/usr/include/c++/4.8/bits/stl_deque.h
FN:89,_ZSt16__deque_buf_sizem
FN:111,_ZNSt15_Deque_iteratorIiRKiPS0_E14_S_buffer_sizeEv
FN:111,_ZNSt15_Deque_iteratorIiRiPiE14_S_buffer_sizeEv
FN:132,_ZNSt15_Deque_iteratorIiRiPiEC2Ev
FN:135,_ZNSt15_Deque_iteratorIiRiPiEC2ERKS2_
FN:135,_ZNSt15_Deque_iteratorIiRKiPS0_EC2ERKS_IiRiPiE
FN:140,_ZNKSt15_Deque_iteratorIiRiPiEdeEv
FN:140,_ZNKSt15_Deque_iteratorIiRKiPS0_EdeEv
[...]
FNDA:0,_ZSt12__get_helperILm0EOP7myTemp_IEENSt9__add_refIT0_E4typeERSt11_Tuple_implIXT_EIS4_DpT1_EE
FNDA:0,_ZSt12__get_helperILm0EOiIEENSt9__add_refIT0_E4typeERSt11_Tuple_implIXT_EIS2_DpT1_EE
FNDA:297,_ZSt12__get_helperILm0ERKiIEENSt9__add_refIT0_E4typeERSt11_Tuple_implIXT_EIS3_DpT1_EE
FNDA:0,_ZSt3getILm0EIOP7myTemp_EENSt9__add_refINSt13tuple_elementIXT_ESt5tupleIIDpT0_EEE4typeEE4typeERS8_
FNDA:0,_ZSt3getILm0EIOiEENSt9__add_refINSt13tuple_elementIXT_ESt5tupleIIDpT0_EEE4typeEE4typeERS6_
FNDA:297,_ZSt3getILm0EIRKiEENSt9__add_refINSt13tuple_elementIXT_ESt5tupleIIDpT0_EEE4typeEE4typeERS7_
FNDA:0,_ZSt16forward_as_tupleIIP7myTemp_EESt5tupleIIDpOT_EES5_
FNDA:0,_ZSt16forward_as_tupleIIiEESt5tupleIIDpOT_EES3_
FNDA:0,_ZNSt4pairIKP7myTemp_S1_EC2IIOS1_EIEEESt21piecewise_construct_tSt5tupleIIDpT_EES7_IIDpT0_EE
FNDA:0,_ZNSt4pairIKiP9myAccess_EC2IIOiEIEEESt21piecewise_construct_tSt5tupleIIDpT_EES7_IIDpT0_EE
FNDA:0,_ZNSt4pairIKiP9myAccess_EC2IIRS0_EIEEESt21piecewise_construct_tSt5tupleIIDpT_EES7_IIDpT0_EE
FNDA:82,_ZNSt4pairIKiP7myTemp_EC2IIRS0_EIEEESt21piecewise_construct_tSt5tupleIIDpT_EES7_IIDpT0_EE
FNDA:0,_ZNSt4pairIKijEC2IIOiEIEEESt21piecewise_construct_tSt5tupleIIDpT_EES5_IIDpT0_EE
FNDA:93,_ZNSt4pairIKiSt6vectorIiSaIiEEEC2IIRS0_EIEEESt21piecewise_construct_tSt5tupleIIDpT_EES8_IIDpT0_EE
FNDA:122,_ZNSt4pairIKijEC2IIRS0_EIEEESt21piecewise_construct_tSt5tupleIIDpT_EES5_IIDpT0_EE
FNDA:0,_ZNSt4pairIKP7myTemp_S1_EC2IIOS1_EILm0EEIEIEEERSt5tupleIIDpT_EERS6_IIDpT1_EESt12_Index_tupleIIXspT0_EEESF_IIXspT2_EEE
FNDA:0,_ZNSt4pairIKiP9myAccess_EC2IIOiEILm0EEIEIEEERSt5tupleIIDpT_EERS6_IIDpT1_EESt12_Index_tupleIIXspT0_EEESF_IIXspT2_EEE
FNDA:0,_ZNSt4pairIKiP9myAccess_EC2IIRS0_EILm0EEIEIEEERSt5tupleIIDpT_EERS6_IIDpT1_EESt12_Index_tupleIIXspT0_EEESF_IIXspT2_EEE
FNDA:82,_ZNSt4pairIKiP7myTemp_EC2IIRS0_EILm0EEIEIEEERSt5tupleIIDpT_EERS6_IIDpT1_EESt12_Index_tupleIIXspT0_EEESF_IIXspT2_EEE
FNDA:0,_ZNSt4pairIKijEC2IIOiEILm0EEIEIEEERSt5tupleIIDpT_EERS4_IIDpT1_EESt12_Index_tupleIIXspT0_EEESD_IIXspT2_EEE
FNDA:93,_ZNSt4pairIKiSt6vectorIiSaIiEEEC2IIRS0_EILm0EEIEIEEERSt5tupleIIDpT_EERS7_IIDpT1_EESt12_Index_tupleIIXspT0_EEESG_IIXspT2_EEE
FNDA:122,_ZNSt4pairIKijEC2IIRS0_EILm0EEIEIEEERSt5tupleIIDpT_EERS4_IIDpT1_EESt12_Index_tupleIIXspT0_EEESD_IIXspT2_EEE
FNF:47
FNH:16
DA:134,594
DA:135,594
DA:141,0
DA:142,0
DA:169,594
DA:197,0
DA:241,594
DA:247,297
DA:256,297
DA:257,297
DA:262,0
DA:264,0
DA:269,297
DA:272,297
DA:273,297
DA:399,297
DA:400,297
DA:406,0
DA:407,0
DA:411,297
DA:744,297
DA:745,297
DA:759,297
DA:760,297
DA:869,0
DA:870,0
DA:1074,297
DA:1079,297
DA:1080,297
DA:1086,297
DA:1089,297
DA:1090,297
DA:1091,297
LF:33
LH:24
end_of_record
SF:/usr/include/c++/4.8/typeinfo
FN:120,_ZNKSt9type_infoeqERKS_
FNDA:0,_ZNKSt9type_infoeqERKS_
FNF:1
FNH:0
DA:120,0
DA:122,0
DA:123,0
DA:124,0
LF:4
LH:0
end_of_record
SF:/usr/include/c++/4.8/x86_64-suse-linux/bits/gthr-default.h
FN:247,_ZL18__gthread_active_pv
FNDA:0,_ZL18__gthread_active_pv
FNF:1
FNH:0
DA:247,0
DA:251,0
LF:2
LH:0
end_of_record
SF:/home/lgxZJ/Desktop/Tiger-Compiler/Compiler/myCFGraph.h
FN:17,_ZN5lgxZJ2LA7CFGraphD2Ev
FN:17,_ZN5lgxZJ2LA7CFGraphaSEOS1_
FNDA:15,_ZN5lgxZJ2LA7CFGraphaSEOS1_
FNDA:0,_ZN5lgxZJ2LA7CFGraphD2Ev
FNF:2
FNH:1
DA:17,15
LF:1
LH:1
end_of_record
SF:/home/lgxZJ/Desktop/Tiger-Compiler/Compiler/myDirectedGraph.h
FN:33,_ZNK5lgxZJ2LA4Edge7GetFromEv
FN:34,_ZNK5lgxZJ2LA4Edge5GetToEv
FN:43,_ZN5lgxZJ2LA13DirectedGraphD2Ev
FN:43,_ZN5lgxZJ2LA13DirectedGraphC2ERKS1_
FN:43,_ZN5lgxZJ2LA13DirectedGraphaSEOS1_
FN:46,_ZN5lgxZJ2LA13DirectedGraph8RealNodeD2Ev
FN:46,_ZN5lgxZJ2LA13DirectedGraph8RealNodeC2ERKS2_
FNDA:15720,_ZNK5lgxZJ2LA4Edge7GetFromEv
FNDA:5310,_ZNK5lgxZJ2LA4Edge5GetToEv
FNDA:388,_ZN5lgxZJ2LA13DirectedGraphC2ERKS1_
FNDA:30,_ZN5lgxZJ2LA13DirectedGraphaSEOS1_
FNDA:0,_ZN5lgxZJ2LA13DirectedGraphD2Ev
FNDA:5621,_ZN5lgxZJ2LA13DirectedGraph8RealNodeC2ERKS2_
FNDA:0,_ZN5lgxZJ2LA13DirectedGraph8RealNodeD2Ev
FNF:7
FNH:5
DA:33,15720
DA:34,5310
DA:43,418
DA:46,5621
LF:4
LH:4
end_of_record
SF:/home/lgxZJ/Desktop/Tiger-Compiler/Compiler/myLiveness.h
FN:21,_ZN5lgxZJ2LA17InterferenceGraphaSEOS1_
FN:21,_ZN5lgxZJ2LA17InterferenceGraphD2Ev
FN:89,_ZN5lgxZJ2LA8LivenessD2Ev
FNDA:15,_ZN5lgxZJ2LA17InterferenceGraphaSEOS1_
FNDA:0,_ZN5lgxZJ2LA17InterferenceGraphD2Ev
FNDA:15,_ZN5lgxZJ2LA8LivenessD2Ev
FNF:3
FNH:2
DA:21,15
DA:89,15
LF:2
LH:2
end_of_record
SF:/home/lgxZJ/Desktop/Tiger-Compiler/Compiler/myRegisterAllocation.cpp
FN:22,_ZN5lgxZJ2RA18RegisterAllocationC2ESt6vectorISt10shared_ptrINS_2IS3AAIEESaIS6_EEP14Trans_myLevel_j
FN:30,_ZN5lgxZJ2RA18RegisterAllocation8RealWorkESt6vectorISt10shared_ptrINS_2IS3AAIEESaIS6_EE
FN:55,_ZN5lgxZJ2RA18RegisterAllocation15InitInformationESt6vectorISt10shared_ptrINS_2IS3AAIEESaIS6_EE
FN:85,_ZN5lgxZJ2RA18RegisterAllocation19HaveHighDegreeNodesEv
FN:92,_ZN5lgxZJ2RA18RegisterAllocation5BuildEv
FN:101,_ZN5lgxZJ2RA18RegisterAllocation21SaveDegreeInformationERSt6vectorIiSaIiEE
FN:111,_ZN5lgxZJ2RA18RegisterAllocation17SaveAdjacentNodesERSt6vectorIiSaIiEE
FN:135,_ZN5lgxZJ2RA18RegisterAllocation25ClassifyIntoDifferentSetsERSt6vectorIiSaIiEE
FN:157,_ZN5lgxZJ2RA18RegisterAllocation11InMovePairsEi
FN:174,_ZN5lgxZJ2RA18RegisterAllocation8SimplifyEv
FN:197,_ZN5lgxZJ2RA18RegisterAllocation28AdjustNodeCategoryInSimplifyEi
FN:216,_ZN5lgxZJ2RA18RegisterAllocation8CoalesceEv
FN:241,_ZN5lgxZJ2RA18RegisterAllocation13IsCoalescableENS_2LA4EdgeEPSt6vectorIiSaIiEEPjPb
FN:280,_ZN5lgxZJ2RA18RegisterAllocation10DoCoalesceENS_2LA4EdgeERSt6vectorIiSaIiEEjb
FN:298,_ZN5lgxZJ2RA18RegisterAllocation12AnalyzeAliasEPiS2_NS_2LA4EdgeE
FN:312,_ZN5lgxZJ2RA18RegisterAllocation12GetNodeAliasEi
FN:326,_ZN5lgxZJ2RA18RegisterAllocation8AddAliasEii
FN:332,_ZN5lgxZJ2RA18RegisterAllocation16GetNodeNeighborsEiPSt6vectorIiSaIiEE
FN:343,_ZN5lgxZJ2RA18RegisterAllocation12IsSimplifiedEi
FN:356,_ZN5lgxZJ2RA18RegisterAllocation21AdjustAdjacentDegreesENS_2LA4EdgeERSt6vectorIiSaIiEEjb
FN:366,_ZN5lgxZJ2RA18RegisterAllocation28AdjustNodeCategoryInCoalesceEiNS_2LA4EdgeE
FN:389,_ZN5lgxZJ2RA18RegisterAllocation17RemoveNodeFromSetERSt6vectorIiSaIiEEi
FN:406,_ZN5lgxZJ2RA18RegisterAllocation25RemoveNonAliasNodeFromSetERSt6vectorIiSaIiEEi
FN:413,_ZN5lgxZJ2RA18RegisterAllocation30AdjustNodeCategoryNotCoalescedEi
FN:436,_ZN5lgxZJ2RA18RegisterAllocation6FreezeEv
FN:450,_ZN5lgxZJ2RA18RegisterAllocation38MoveFreezedNodeIntoLowDegreeNonMoveSetEi
FN:456,_ZN5lgxZJ2RA18RegisterAllocation22UpdateMoveRelatedNodesEi
FN:474,_ZN5lgxZJ2RA18RegisterAllocation16UpdateOnePairSetERSt6vectorINS_2LA4EdgeESaIS4_EEiPS2_IiSaIiEE
FN:490,_ZN5lgxZJ2RA18RegisterAllocation9InNodeSetEiRSt6vectorIiSaIiEE
FN:498,_ZN5lgxZJ2RA18RegisterAllocation35MoveHighDegreeNodeFromMoveToNonMoveEi
FN:504,_ZN5lgxZJ2RA18RegisterAllocation34MoveLowDegreeNodeFromMoveToNonMoveEi
FN:512,_ZN5lgxZJ2RA18RegisterAllocation5SpillEv
FN:537,_ZN5lgxZJ2RA18RegisterAllocation15SelectSpillNodeESt6vectorIiSaIiEE
FN:561,_ZN5lgxZJ2RA18RegisterAllocation12AssignColorsEv
FN:577,_ZN5lgxZJ2RA18RegisterAllocation23AssignColorToPrecoloredEi
FN:583,_ZN5lgxZJ2RA18RegisterAllocation26AssignColorToNonPrecoloredEi
FN:598,_ZN5lgxZJ2RA18RegisterAllocation24RemoveAdjacentNodeColorsEPSt6vectorIP7myTemp_SaIS4_EES2_IiSaIiEE
FN:604,_ZN5lgxZJ2RA18RegisterAllocation29RemoveAliasAdjacentNodeColorsEPSt6vectorIP7myTemp_SaIS4_EEi
FN:619,_ZN5lgxZJ2RA18RegisterAllocation28RemoveOneNodeColorFromColorsEPSt6vectorIP7myTemp_SaIS4_EEi
FN:629,_ZN5lgxZJ2RA18RegisterAllocation18GetAvailableColorsEv
FN:641,_ZN5lgxZJ2RA18RegisterAllocation16IsPrecoloredNodeEi
FN:660,_ZN5lgxZJ2RA18RegisterAllocation21RemoveColorFromColorsERSt6vectorIP7myTemp_SaIS4_EES4_
FN:668,_ZN5lgxZJ2RA18RegisterAllocation28AssignColorsOnCoalescedNodesEi
FN:689,_ZN5lgxZJ2RA18RegisterAllocation7RewriteEv
FN:700,_ZN5lgxZJ2RA18RegisterAllocation28AllocateMemoryForSpilledRegsEv
FN:707,_ZN5lgxZJ2RA18RegisterAllocation13RewriteOneInsESt10shared_ptrINS_2IS3AAIEEPSt6vectorIS5_SaIS5_EE
FN:728,_ZN5lgxZJ2RA18RegisterAllocation13RewriteOneAddESt10shared_ptrINS_2IS3AAIEEPSt6vectorIS5_SaIS5_EE
FN:769,_ZN5lgxZJ2RA18RegisterAllocation15RewriteBothRegsEPSt6vectorISt10shared_ptrINS_2IS3AAIEESaIS6_EES6_P7myTemp_SB_
FN:792,_ZN5lgxZJ2RA18RegisterAllocation14RewriteLeftRegEPSt6vectorISt10shared_ptrINS_2IS3AAIEESaIS6_EES6_P7myTemp_
FN:809,_ZN5lgxZJ2RA18RegisterAllocation15RewriteRightRegEPSt6vectorISt10shared_ptrINS_2IS3AAIEESaIS6_EES6_P7myTemp_
FN:823,_ZN5lgxZJ2RA18RegisterAllocation13RewriteOneSubESt10shared_ptrINS_2IS3AAIEEPSt6vectorIS5_SaIS5_EE
FN:828,_ZN5lgxZJ2RA18RegisterAllocation13RewriteOneXorESt10shared_ptrINS_2IS3AAIEEPSt6vectorIS5_SaIS5_EE
FN:833,_ZN5lgxZJ2RA18RegisterAllocation13RewriteOneMulESt10shared_ptrINS_2IS3AAIEEPSt6vectorIS5_SaIS5_EE
FN:866,_ZN5lgxZJ2RA18RegisterAllocation13RewriteOneDivESt10shared_ptrINS_2IS3AAIEEPSt6vectorIS5_SaIS5_EE
FN:871,_ZN5lgxZJ2RA18RegisterAllocation13RewriteOneCmpESt10shared_ptrINS_2IS3AAIEEPSt6vectorIS5_SaIS5_EE
FN:895,_ZN5lgxZJ2RA18RegisterAllocation21RewriteOneRegToMemoryEPSt6vectorISt10shared_ptrINS_2IS3AAIEESaIS6_EEPP7myTemp_
FN:907,_ZN5lgxZJ2RA18RegisterAllocation14RewriteOneCallESt10shared_ptrINS_2IS3AAIEEPSt6vectorIS5_SaIS5_EE
FN:928,_ZN5lgxZJ2RA18RegisterAllocation13RewriteOneMovESt10shared_ptrINS_2IS3AAIEEPSt6vectorIS5_SaIS5_EE
FN:952,_ZN5lgxZJ2RA18RegisterAllocation29RewriteRegsToMemoryAndReplaceEPSt6vectorISt10shared_ptrINS_2IS3AAIEESaIS6_EES6_RS2_IP7myTemp_SaISB_EE
FN:964,_ZN5lgxZJ2RA18RegisterAllocation23CalculateNodeMemoryAddrEPSt6vectorISt10shared_ptrINS_2IS3AAIEESaIS6_EEP7myTemp_
FN:977,_ZN5lgxZJ2RA18RegisterAllocation10RegSpilledEP7myTemp_
FN:985,_ZN5lgxZJ2RA18RegisterAllocation14GetRegisterMapEv
FN:998,_ZN5lgxZJ2RA18RegisterAllocation6GetInsEv
FNDA:15,_ZN5lgxZJ2RA18RegisterAllocationC2ESt6vectorISt10shared_ptrINS_2IS3AAIEESaIS6_EEP14Trans_myLevel_j
FNDA:15,_ZN5lgxZJ2RA18RegisterAllocation8RealWorkESt6vectorISt10shared_ptrINS_2IS3AAIEESaIS6_EE
FNDA:15,_ZN5lgxZJ2RA18RegisterAllocation15InitInformationESt6vectorISt10shared_ptrINS_2IS3AAIEESaIS6_EE
FNDA:17,_ZN5lgxZJ2RA18RegisterAllocation19HaveHighDegreeNodesEv
FNDA:15,_ZN5lgxZJ2RA18RegisterAllocation5BuildEv
FNDA:15,_ZN5lgxZJ2RA18RegisterAllocation21SaveDegreeInformationERSt6vectorIiSaIiEE
FNDA:15,_ZN5lgxZJ2RA18RegisterAllocation17SaveAdjacentNodesERSt6vectorIiSaIiEE
FNDA:15,_ZN5lgxZJ2RA18RegisterAllocation25ClassifyIntoDifferentSetsERSt6vectorIiSaIiEE
FNDA:148,_ZN5lgxZJ2RA18RegisterAllocation11InMovePairsEi
FNDA:67,_ZN5lgxZJ2RA18RegisterAllocation8SimplifyEv
FNDA:157,_ZN5lgxZJ2RA18RegisterAllocation28AdjustNodeCategoryInSimplifyEi
FNDA:20,_ZN5lgxZJ2RA18RegisterAllocation8CoalesceEv
FNDA:35,_ZN5lgxZJ2RA18RegisterAllocation13IsCoalescableENS_2LA4EdgeEPSt6vectorIiSaIiEEPjPb
FNDA:15,_ZN5lgxZJ2RA18RegisterAllocation10DoCoalesceENS_2LA4EdgeERSt6vectorIiSaIiEEjb
FNDA:15,_ZN5lgxZJ2RA18RegisterAllocation12AnalyzeAliasEPiS2_NS_2LA4EdgeE
FNDA:147,_ZN5lgxZJ2RA18RegisterAllocation12GetNodeAliasEi
FNDA:15,_ZN5lgxZJ2RA18RegisterAllocation8AddAliasEii
FNDA:32,_ZN5lgxZJ2RA18RegisterAllocation16GetNodeNeighborsEiPSt6vectorIiSaIiEE
FNDA:26,_ZN5lgxZJ2RA18RegisterAllocation12IsSimplifiedEi
FNDA:15,_ZN5lgxZJ2RA18RegisterAllocation21AdjustAdjacentDegreesENS_2LA4EdgeERSt6vectorIiSaIiEEjb
FNDA:15,_ZN5lgxZJ2RA18RegisterAllocation28AdjustNodeCategoryInCoalesceEiNS_2LA4EdgeE
FNDA:59,_ZN5lgxZJ2RA18RegisterAllocation17RemoveNodeFromSetERSt6vectorIiSaIiEEi
FNDA:70,_ZN5lgxZJ2RA18RegisterAllocation25RemoveNonAliasNodeFromSetERSt6vectorIiSaIiEEi
FNDA:0,_ZN5lgxZJ2RA18RegisterAllocation30AdjustNodeCategoryNotCoalescedEi
FNDA:16,_ZN5lgxZJ2RA18RegisterAllocation6FreezeEv
FNDA:16,_ZN5lgxZJ2RA18RegisterAllocation38MoveFreezedNodeIntoLowDegreeNonMoveSetEi
FNDA:16,_ZN5lgxZJ2RA18RegisterAllocation22UpdateMoveRelatedNodesEi
FNDA:32,_ZN5lgxZJ2RA18RegisterAllocation16UpdateOnePairSetERSt6vectorINS_2LA4EdgeESaIS4_EEiPS2_IiSaIiEE
FNDA:128,_ZN5lgxZJ2RA18RegisterAllocation9InNodeSetEiRSt6vectorIiSaIiEE
FNDA:1,_ZN5lgxZJ2RA18RegisterAllocation35MoveHighDegreeNodeFromMoveToNonMoveEi
FNDA:8,_ZN5lgxZJ2RA18RegisterAllocation34MoveLowDegreeNodeFromMoveToNonMoveEi
FNDA:1,_ZN5lgxZJ2RA18RegisterAllocation5SpillEv
FNDA:1,_ZN5lgxZJ2RA18RegisterAllocation15SelectSpillNodeESt6vectorIiSaIiEE
FNDA:15,_ZN5lgxZJ2RA18RegisterAllocation12AssignColorsEv
FNDA:17,_ZN5lgxZJ2RA18RegisterAllocation23AssignColorToPrecoloredEi
FNDA:50,_ZN5lgxZJ2RA18RegisterAllocation26AssignColorToNonPrecoloredEi
FNDA:63,_ZN5lgxZJ2RA18RegisterAllocation24RemoveAdjacentNodeColorsEPSt6vectorIP7myTemp_SaIS4_EES2_IiSaIiEE
FNDA:50,_ZN5lgxZJ2RA18RegisterAllocation29RemoveAliasAdjacentNodeColorsEPSt6vectorIP7myTemp_SaIS4_EEi
FNDA:109,_ZN5lgxZJ2RA18RegisterAllocation28RemoveOneNodeColorFromColorsEPSt6vectorIP7myTemp_SaIS4_EEi
FNDA:50,_ZN5lgxZJ2RA18RegisterAllocation18GetAvailableColorsEv
FNDA:209,_ZN5lgxZJ2RA18RegisterAllocation16IsPrecoloredNodeEi
FNDA:61,_ZN5lgxZJ2RA18RegisterAllocation21RemoveColorFromColorsERSt6vectorIP7myTemp_SaIS4_EES4_
FNDA:67,_ZN5lgxZJ2RA18RegisterAllocation28AssignColorsOnCoalescedNodesEi
FNDA:0,_ZN5lgxZJ2RA18RegisterAllocation7RewriteEv
FNDA:0,_ZN5lgxZJ2RA18RegisterAllocation28AllocateMemoryForSpilledRegsEv
FNDA:0,_ZN5lgxZJ2RA18RegisterAllocation13RewriteOneInsESt10shared_ptrINS_2IS3AAIEEPSt6vectorIS5_SaIS5_EE
FNDA:0,_ZN5lgxZJ2RA18RegisterAllocation13RewriteOneAddESt10shared_ptrINS_2IS3AAIEEPSt6vectorIS5_SaIS5_EE
FNDA:0,_ZN5lgxZJ2RA18RegisterAllocation15RewriteBothRegsEPSt6vectorISt10shared_ptrINS_2IS3AAIEESaIS6_EES6_P7myTemp_SB_
FNDA:0,_ZN5lgxZJ2RA18RegisterAllocation14RewriteLeftRegEPSt6vectorISt10shared_ptrINS_2IS3AAIEESaIS6_EES6_P7myTemp_
FNDA:0,_ZN5lgxZJ2RA18RegisterAllocation15RewriteRightRegEPSt6vectorISt10shared_ptrINS_2IS3AAIEESaIS6_EES6_P7myTemp_
FNDA:0,_ZN5lgxZJ2RA18RegisterAllocation13RewriteOneSubESt10shared_ptrINS_2IS3AAIEEPSt6vectorIS5_SaIS5_EE
FNDA:0,_ZN5lgxZJ2RA18RegisterAllocation13RewriteOneXorESt10shared_ptrINS_2IS3AAIEEPSt6vectorIS5_SaIS5_EE
FNDA:0,_ZN5lgxZJ2RA18RegisterAllocation13RewriteOneMulESt10shared_ptrINS_2IS3AAIEEPSt6vectorIS5_SaIS5_EE
FNDA:0,_ZN5lgxZJ2RA18RegisterAllocation13RewriteOneDivESt10shared_ptrINS_2IS3AAIEEPSt6vectorIS5_SaIS5_EE
FNDA:0,_ZN5lgxZJ2RA18RegisterAllocation13RewriteOneCmpESt10shared_ptrINS_2IS3AAIEEPSt6vectorIS5_SaIS5_EE
FNDA:0,_ZN5lgxZJ2RA18RegisterAllocation21RewriteOneRegToMemoryEPSt6vectorISt10shared_ptrINS_2IS3AAIEESaIS6_EEPP7myTemp_
FNDA:0,_ZN5lgxZJ2RA18RegisterAllocation14RewriteOneCallESt10shared_ptrINS_2IS3AAIEEPSt6vectorIS5_SaIS5_EE
FNDA:0,_ZN5lgxZJ2RA18RegisterAllocation13RewriteOneMovESt10shared_ptrINS_2IS3AAIEEPSt6vectorIS5_SaIS5_EE
FNDA:0,_ZN5lgxZJ2RA18RegisterAllocation29RewriteRegsToMemoryAndReplaceEPSt6vectorISt10shared_ptrINS_2IS3AAIEESaIS6_EES6_RS2_IP7myTemp_SaISB_EE
FNDA:0,_ZN5lgxZJ2RA18RegisterAllocation23CalculateNodeMemoryAddrEPSt6vectorISt10shared_ptrINS_2IS3AAIEESaIS6_EEP7myTemp_
FNDA:0,_ZN5lgxZJ2RA18RegisterAllocation10RegSpilledEP7myTemp_
FNDA:15,_ZN5lgxZJ2RA18RegisterAllocation14GetRegisterMapEv
FNDA:0,_ZN5lgxZJ2RA18RegisterAllocation6GetInsEv
FNF:63
FNH:43
DA:22,15
DA:24,15
DA:26,15
DA:27,15
DA:28,15
DA:30,15
DA:32,15
DA:33,15
DA:35,305
DA:36,68
DA:37,151
DA:38,16
DA:40,104
DA:41,67
DA:42,37
DA:43,20
DA:44,17
DA:45,16
DA:46,1
DA:47,1
DA:50,15
DA:51,15
DA:52,0
DA:53,15
DA:55,15
DA:57,15
DA:58,15
DA:59,15
DA:60,15
DA:62,15
DA:63,15
DA:65,15
DA:66,15
DA:67,15
DA:68,15
DA:69,15
DA:70,15
DA:72,15
DA:73,15
DA:74,15
DA:75,15
DA:77,15
DA:78,30
DA:80,15
DA:81,15
DA:82,30
DA:83,15
DA:85,17
DA:87,17
DA:92,15
DA:94,15
DA:96,15
DA:97,15
DA:98,15
DA:99,15
DA:101,15
DA:103,15
DA:104,97
DA:106,82
DA:107,82
DA:109,15
DA:111,15
DA:113,97
DA:116,82
DA:117,164
DA:119,82
DA:120,82
DA:122,164
DA:125,82
DA:127,164
DA:128,252
DA:129,170
DA:131,82
DA:132,82
DA:133,15
DA:135,15
DA:137,15
DA:138,97
DA:140,82
DA:142,9
DA:143,7
DA:145,2
DA:149,73
DA:150,44
DA:152,29
DA:155,15
DA:157,148
DA:159,304
DA:161,211
DA:162,55
DA:164,125
DA:166,55
DA:167,23
DA:169,70
DA:174,67
DA:178,67
DA:180,67
DA:182,67
DA:183,67
DA:184,67
DA:186,224
DA:188,157
DA:189,157
DA:191,67
DA:194,0
DA:197,157
DA:200,157
DA:202,8
DA:203,6
DA:205,2
DA:207,8
DA:208,6
DA:210,2
DA:212,157
DA:216,20
DA:219,60
DA:221,35
DA:222,35
DA:223,35
DA:225,35
DA:226,35
DA:228,35
DA:232,15
DA:233,15
DA:236,20
DA:237,20
DA:238,5
DA:241,35
DA:244,35
DA:245,19
DA:249,16
DA:250,16
DA:252,32
DA:253,16
DA:255,16
DA:256,16
DA:257,29
DA:259,13
DA:261,2
DA:263,2
DA:264,0
DA:266,15
DA:268,13
DA:269,7
DA:270,13
DA:271,2
DA:276,16
DA:277,32
DA:280,15
DA:283,15
DA:284,15
DA:286,15
DA:287,15
DA:289,15
DA:290,15
DA:291,15
DA:293,15
DA:295,15
DA:296,15
DA:298,15
DA:300,15
DA:301,15
DA:303,15
DA:304,15
DA:306,15
DA:307,0
DA:308,15
DA:309,4
DA:310,15
DA:312,147
DA:314,245
DA:316,122
DA:317,16
DA:319,214
DA:320,116
DA:321,8
DA:322,98
DA:323,123
DA:326,15
DA:329,15
DA:330,15
DA:332,32
DA:334,32
DA:336,64
DA:337,64
DA:340,64
DA:341,32
DA:343,26
DA:345,26
DA:346,160
DA:348,125
DA:349,17
DA:350,108
DA:353,9
DA:356,15
DA:359,15
DA:362,16
DA:363,1
DA:364,15
DA:366,15
DA:368,15
DA:370,15
DA:372,0
DA:375,0
DA:376,0
DA:378,0
DA:383,15
DA:384,11
DA:385,11
DA:387,15
DA:389,59
DA:391,59
DA:393,91
DA:395,32
DA:396,18
DA:397,9
DA:398,96
DA:399,96
DA:402,2
DA:403,32
DA:404,59
DA:406,70
DA:408,70
DA:409,70
DA:410,44
DA:411,70
DA:413,0
DA:416,0
DA:418,0
DA:421,0
DA:422,0
DA:423,0
DA:428,0
DA:429,0
DA:430,0
DA:432,0
DA:436,16
DA:438,16
DA:439,0
DA:443,16
DA:444,16
DA:445,16
DA:446,16
DA:450,16
DA:452,16
DA:453,16
DA:454,16
DA:456,16
DA:458,16
DA:460,16
DA:462,16
DA:464,36
DA:465,20
DA:467,9
DA:468,1
DA:469,9
DA:470,8
DA:471,16
DA:472,16
DA:474,32
DA:476,32
DA:477,94
DA:479,62
DA:480,10
DA:481,52
DA:482,10
DA:484,42
DA:487,32
DA:488,32
DA:490,128
DA:492,345
DA:493,280
DA:495,65
DA:498,1
DA:500,1
DA:501,1
DA:502,1
DA:504,8
DA:506,8
DA:507,8
DA:508,8
DA:512,1
DA:514,1
DA:517,1
DA:519,1
DA:521,1
DA:523,1
DA:525,0
DA:526,0
DA:530,1
DA:533,1
DA:534,1
DA:535,1
DA:537,1
DA:541,1
DA:543,3
DA:544,4
DA:545,2
DA:547,2
DA:549,3
DA:550,4
DA:551,2
DA:552,1
DA:554,0
DA:556,1
DA:561,15
DA:563,97
DA:565,67
DA:566,67
DA:568,67
DA:569,17
DA:571,50
DA:573,67
DA:575,15
DA:577,17
DA:579,17
DA:580,17
DA:581,17
DA:583,50
DA:585,50
DA:586,50
DA:587,50
DA:589,50
DA:590,0
DA:593,50
DA:594,50
DA:595,50
DA:596,50
DA:598,63
DA:600,172
DA:601,109
DA:602,63
DA:604,50
DA:606,50
DA:608,50
DA:610,9
DA:611,2
DA:613,22
DA:614,13
DA:615,11
DA:617,50
DA:619,109
DA:621,109
DA:624,61
DA:625,29
DA:626,90
DA:627,109
DA:629,50
DA:633,200
DA:634,100
DA:635,350
DA:637,50
DA:638,50
DA:641,209
DA:643,209
DA:645,209
DA:647,614
DA:648,379
DA:649,355
DA:650,336
DA:651,328
DA:652,537
DA:653,164
DA:655,58
DA:657,151
DA:660,61
DA:662,61
DA:664,61
DA:665,46
DA:666,61
DA:668,67
DA:670,67
DA:672,67
DA:674,11
DA:675,3
DA:676,8
DA:677,1
DA:679,26
DA:680,15
DA:681,2
DA:682,13
DA:683,11
DA:685,67
DA:689,0
DA:691,0
DA:693,0
DA:694,0
DA:695,0
DA:697,0
DA:698,0
DA:700,0
DA:702,0
DA:703,0
DA:704,0
DA:705,0
DA:707,0
DA:709,0
DA:710,0
DA:711,0
DA:712,0
DA:713,0
DA:714,0
DA:715,0
DA:716,0
DA:717,0
DA:718,0
DA:719,0
DA:720,0
DA:721,0
DA:722,0
DA:723,0
DA:724,0
DA:726,0
DA:728,0
DA:747,0
DA:748,0
DA:749,0
DA:751,0
DA:752,0
DA:754,0
DA:755,0
DA:756,0
DA:757,0
DA:759,0
DA:760,0
DA:761,0
DA:762,0
DA:763,0
DA:764,0
DA:766,0
DA:767,0
DA:769,0
DA:772,0
DA:773,0
DA:776,0
DA:778,0
DA:779,0
DA:782,0
DA:784,0
DA:785,0
DA:786,0
DA:789,0
DA:790,0
DA:792,0
DA:795,0
DA:796,0
DA:800,0
DA:802,0
DA:803,0
DA:806,0
DA:807,0
DA:809,0
DA:812,0
DA:813,0
DA:817,0
DA:819,0
DA:820,0
DA:821,0
DA:823,0
DA:825,0
DA:826,0
DA:828,0
DA:830,0
DA:831,0
DA:833,0
DA:846,0
DA:847,0
DA:848,0
DA:850,0
DA:852,0
DA:853,0
DA:857,0
DA:859,0
DA:860,0
DA:863,0
DA:864,0
DA:866,0
DA:868,0
DA:869,0
DA:871,0
DA:879,0
DA:880,0
DA:881,0
DA:882,0
DA:883,0
DA:885,0
DA:887,0
DA:889,0
DA:890,0
DA:892,0
DA:893,0
DA:895,0
DA:897,0
DA:898,0
DA:902,0
DA:904,0
DA:905,0
DA:907,0
DA:909,0
DA:924,0
DA:925,0
DA:926,0
DA:928,0
DA:943,0
DA:944,0
DA:945,0
DA:947,0
DA:948,0
DA:949,0
DA:950,0
DA:952,0
DA:955,0
DA:957,0
DA:958,0
DA:959,0
DA:960,0
DA:962,0
DA:964,0
DA:967,0
DA:968,0
DA:971,0
DA:972,0
DA:974,0
DA:977,0
DA:979,0
DA:980,0
DA:985,15
DA:987,15
DA:988,97
DA:990,82
DA:993,15
DA:998,0
DA:1000,0
LF:533
LH:365
end_of_record
