TN:
SF:/home/lgxZJ/Desktop/Tiger-Compiler/Compiler/myEnvironment.c
FN:22,myEnvironment_makeVarEntry
FN:36,myEnvironment_makeFuncEntry
FN:53,myEnvironment_isVarEntry
FN:58,myEnvironment_isFuncEntry
FN:65,MyEnvironment_addNewVarOrFunc
FN:71,MyEnvironment_addNewType
FN:78,MyEnvironment_getVarOrFuncFromName
FN:84,MyEnvironment_getVarType
FN:94,MyEnvironment_getTypeFromName
FN:101,MyEnvironment_getFuncFormalTypes
FN:109,MyEnvironment_getFuncReturnType
FN:116,MyEnvironment_getFuncLevel
FN:123,MyEnvironment_getFuncLabel
FN:130,MyEnvironment_getVarAccess
FN:139,MyEnvironment_updateTypeValue
FN:147,MyEnvironment_updateFuncLevel
FN:159,MyEnvironment_updateFuncLabel
FN:175,myEnvironment_BaseVarAndFunc
FN:296,myEnvironment_BaseType
FNDA:2,myEnvironment_makeVarEntry
FNDA:29,myEnvironment_makeFuncEntry
FNDA:2,myEnvironment_isVarEntry
FNDA:7,myEnvironment_isFuncEntry
FNDA:3,MyEnvironment_addNewVarOrFunc
FNDA:2,MyEnvironment_addNewType
FNDA:3,MyEnvironment_getVarOrFuncFromName
FNDA:1,MyEnvironment_getVarType
FNDA:2,MyEnvironment_getTypeFromName
FNDA:1,MyEnvironment_getFuncFormalTypes
FNDA:1,MyEnvironment_getFuncReturnType
FNDA:1,MyEnvironment_getFuncLevel
FNDA:1,MyEnvironment_getFuncLabel
FNDA:0,MyEnvironment_getVarAccess
FNDA:1,MyEnvironment_updateTypeValue
FNDA:1,MyEnvironment_updateFuncLevel
FNDA:1,MyEnvironment_updateFuncLabel
FNDA:2,myEnvironment_BaseVarAndFunc
FNDA:3,myEnvironment_BaseType
FNF:19
FNH:18
DA:22,2
DA:25,2
DA:27,2
DA:29,2
DA:30,2
DA:31,2
DA:33,2
DA:36,29
DA:40,29
DA:42,29
DA:44,29
DA:45,29
DA:46,29
DA:47,29
DA:48,29
DA:50,29
DA:53,2
DA:55,2
DA:58,7
DA:60,7
DA:65,3
DA:68,3
DA:69,3
DA:71,2
DA:74,2
DA:75,2
DA:78,3
DA:81,3
DA:84,1
DA:86,1
DA:87,1
DA:88,1
DA:94,2
DA:97,2
DA:101,1
DA:103,1
DA:104,1
DA:105,1
DA:109,1
DA:111,1
DA:112,1
DA:113,1
DA:116,1
DA:118,1
DA:119,1
DA:120,1
DA:123,1
DA:125,1
DA:126,1
DA:127,1
DA:130,0
DA:132,0
DA:133,0
DA:134,0
DA:139,1
DA:142,1
DA:143,1
DA:144,1
DA:147,1
DA:150,1
DA:151,1
DA:153,1
DA:154,1
DA:156,1
DA:157,1
DA:159,1
DA:162,1
DA:163,1
DA:165,1
DA:166,1
DA:168,1
DA:169,1
DA:175,2
DA:177,2
DA:178,2
DA:181,2
DA:186,2
DA:188,2
DA:193,2
DA:195,2
DA:200,2
DA:203,2
DA:208,2
DA:212,2
DA:217,2
DA:220,2
DA:225,2
DA:228,2
DA:233,2
DA:236,2
DA:241,2
DA:244,2
DA:253,2
DA:256,2
DA:265,2
DA:268,2
DA:273,2
DA:276,2
DA:281,2
DA:284,2
DA:291,2
DA:292,2
DA:296,3
DA:298,3
DA:299,3
DA:301,3
DA:303,3
DA:305,3
DA:306,3
DA:308,3
LF:110
LH:106
end_of_record
