TN:
SF:/home/lgxZJ/Projects/Tiger-Compiler/Compiler/Lexical-Analysis/stringEscape.c
FN:24,translateNormalEscape
FN:46,translateControlEscape
FN:74,containThreeOctalNumber
FN:81,translateOctalEscape
FN:122,translateMultiline
FN:160,translateEscape
FNDA:149,translateNormalEscape
FNDA:136,translateControlEscape
FNDA:32,containThreeOctalNumber
FNDA:122,translateOctalEscape
FNDA:116,translateMultiline
FNDA:26,translateEscape
FNF:6
FNH:6
DA:24,149
DA:28,149
DA:30,140
DA:31,140
DA:33,664
DA:35,537
DA:37,13
DA:38,13
DA:43,136
DA:46,136
DA:49,136
DA:51,136
DA:54,160
DA:55,43
DA:57,7
DA:58,7
DA:62,877
DA:63,755
DA:65,7
DA:66,7
DA:70,122
DA:74,32
DA:76,94
DA:77,64
DA:78,16
DA:81,122
DA:85,224
DA:86,134
DA:87,32
DA:95,6
DA:97,6
DA:98,3
DA:101,3
DA:103,3
DA:104,0
DA:107,6
DA:108,6
DA:111,116
DA:122,116
DA:126,116
DA:128,31
DA:129,122
DA:131,60
DA:133,12
DA:135,30
DA:138,12
DA:139,12
DA:141,0
DA:143,18
DA:147,1
DA:149,85
DA:160,26
DA:162,26
DA:165,25
DA:167,1
DA:168,1
DA:169,0
DA:172,25
DA:175,25
DA:179,174
DA:181,149
DA:182,149
DA:183,13
DA:184,136
DA:185,14
DA:186,122
DA:187,6
DA:188,116
DA:190,12
DA:191,12
DA:195,104
DA:196,104
DA:200,25
DA:201,25
LF:74
LH:71
end_of_record
