TN:
SF:/home/lgxZJ/Projects/Tiger-Compiler/Compiler/Commom/makeMemory.c
FN:21,getRegisteredTypeArray
FN:26,getRegisteredTypeNum
FN:31,getMemoryChain
FN:38,int_compare
FN:44,registerMemoryType
FN:91,registerUniqueType
FN:117,makeMemoryBlock
FN:148,findMemoryBlock
FN:180,freeMemoryChain
FNDA:30,getRegisteredTypeArray
FNDA:18,getRegisteredTypeNum
FNDA:5,getMemoryChain
FNDA:221,int_compare
FNDA:23,registerMemoryType
FNDA:1,registerUniqueType
FNDA:6,makeMemoryBlock
FNDA:6,findMemoryBlock
FNDA:3,freeMemoryChain
FNF:9
FNH:9
DA:21,30
DA:23,30
DA:26,18
DA:28,18
DA:31,5
DA:33,5
DA:38,221
DA:40,221
DA:44,23
DA:47,23
DA:49,100
DA:51,98
DA:53,92
DA:57,16
DA:60,2
DA:61,2
DA:63,2
DA:66,2
DA:67,2
DA:72,2
DA:76,16
DA:77,16
DA:80,16
DA:83,16
DA:91,1
DA:93,8
DA:95,4
DA:97,0
DA:98,1
DA:99,3
DA:103,0
DA:107,0
DA:117,6
DA:120,6
DA:122,6
DA:125,6
DA:126,6
DA:128,0
DA:129,0
DA:132,6
DA:133,6
DA:135,6
DA:136,6
DA:148,6
DA:158,6
DA:160,3
DA:161,3
DA:165,12
DA:167,2
DA:169,2
DA:171,2
DA:172,2
DA:175,4
DA:180,3
DA:182,3
DA:183,10
DA:185,4
DA:187,4
DA:188,4
DA:190,4
DA:193,3
DA:194,3
LF:62
LH:57
end_of_record
