TN:
SF:/home/lgxZJ/Desktop/Tiger-Compiler/Compiler/abstractSyntaxMaker.c
FN:24,makeMyTyField
FN:39,makeMyTyFieldList
FN:51,makeMyTy_
FN:71,makeMyTy_Named
FN:77,makeMyTy_Record
FN:82,makeMyTy_Array
FN:90,makeMyTyDec
FN:103,makeMyLongFormVar
FN:119,makeMyShortFormVar
FN:133,makeMyVarDec_
FN:151,makeMyVarDec_LongForm
FN:156,makeMyVarDec_ShortForm
FN:163,makeMyProcedureDec
FN:178,makeMyFunctionDec
FN:196,makeMyFuncDec_
FN:213,makeMyFuncDec_Procedure
FN:218,makeMyFuncDec_Function
FN:225,makeMyDec_
FN:246,makeMyDec_Type
FN:251,makeMyDec_Var
FN:256,makeMyDec_Func
FN:263,makeMyDecList
FN:275,makeMyLValueAux
FN:314,makeMySimpleVarAux
FN:322,makeMyRecordFieldAux
FN:336,makeMyArraySubsrciptAux
FN:347,getLValueKind
FN:361,makeMyLValue
FN:408,makeMyNoParamFunctionCallExp
FN:417,makeMyParamFunctionCallExp
FN:430,makeMyFunctionCallExp_
FN:450,makeMyFunctionCallExp_NoParam
FN:455,makeMyFunctionCallExp_Param
FN:463,makeMyNilExp
FN:470,makeMyIntegerLiteralExp
FN:480,makeMyStringLiteralExp
FN:491,makeMyArrayCreationExp
FN:508,makeMyRecordField
FN:522,makeMyRecordFieldList
FN:534,makeMyNoFieldRecordCreationExp
FN:547,makeMyFieldRecordCreationExp
FN:563,makeMyRecordCreationExp_NoField
FN:576,makeMyRecordCreationExp_Field
FN:589,makeMyArithmeticExp_
FN:603,makeMyArithmeticExp_Plus
FN:610,makeMyArithmeticExp_Minus
FN:617,makeMyArithmeticExp_Multiply
FN:624,makeMyArithmeticExp_Divide
FN:632,makeMyParenthesesExp
FN:641,makeMyNoValueExp
FN:649,makeMySequencingExp
FN:662,makeMyForExp
FN:681,makeMyIfThenElseExp
FN:694,makeMyIfThenExp
FN:706,makeMyComparisonExp_
FN:720,makeMyComparisonExp_Equal
FN:727,makeMyComparisonExp_NotEqual
FN:734,makeMyComparisonExp_LargerThan
FN:741,makeMyComparisonExp_SmallerThan
FN:749,makeMyComparisonExp_LargerEqualThan
FN:756,makeMyComparisonExp_SmallerEqualThan
FN:764,makeMyBooleanOperateExp_
FN:778,makeMyBooleanOperateExp_And
FN:785,makeMyBooleanOperateExp_Or
FN:792,makeMyAssignmentExp
FN:804,makeMyLetExp
FN:816,makeMyWhileExp
FN:828,makeMyNegationExp
FN:837,makeMyBreakExp
FN:845,makeMyExp_
FN:881,makeMyExp_LValue
FN:888,makeMyExp_FunctionCall
FN:895,makeMyExp_Nil
FN:902,makeMyExp_IntegerLiteral
FN:909,makeMyExp_StringLiteral
FN:916,makeMyExp_ArrayCreation
FN:923,makeMyExp_RecordCreation
FN:930,makeMyExp_Arithmetic
FN:937,makeMyExp_Parentheses
FN:944,makeMyExp_NoValue
FN:951,makeMyExp_Sequencing
FN:958,makeMyExp_For
FN:965,makeMyExp_IfThenElse
FN:972,makeMyExp_IfThen
FN:979,makeMyExp_Comparison
FN:986,makeMyExp_BooleanOperate
FN:993,makeMyExp_Assignment
FN:1000,makeMyExp_Let
FN:1007,makeMyExp_While
FN:1014,makeMyExp_Negation
FN:1021,makeMyExp_Break
FN:1026,makeMyExpList
FNDA:4,makeMyTyField
FNDA:0,makeMyTyFieldList
FNDA:0,makeMyTy_
FNDA:0,makeMyTy_Named
FNDA:0,makeMyTy_Record
FNDA:0,makeMyTy_Array
FNDA:0,makeMyTyDec
FNDA:0,makeMyLongFormVar
FNDA:0,makeMyShortFormVar
FNDA:0,makeMyVarDec_
FNDA:0,makeMyVarDec_LongForm
FNDA:0,makeMyVarDec_ShortForm
FNDA:0,makeMyProcedureDec
FNDA:0,makeMyFunctionDec
FNDA:0,makeMyFuncDec_
FNDA:0,makeMyFuncDec_Procedure
FNDA:0,makeMyFuncDec_Function
FNDA:0,makeMyDec_
FNDA:0,makeMyDec_Type
FNDA:0,makeMyDec_Var
FNDA:0,makeMyDec_Func
FNDA:0,makeMyDecList
FNDA:2,makeMyLValueAux
FNDA:0,makeMySimpleVarAux
FNDA:0,makeMyRecordFieldAux
FNDA:0,makeMyArraySubsrciptAux
FNDA:3,getLValueKind
FNDA:0,makeMyLValue
FNDA:0,makeMyNoParamFunctionCallExp
FNDA:0,makeMyParamFunctionCallExp
FNDA:0,makeMyFunctionCallExp_
FNDA:0,makeMyFunctionCallExp_NoParam
FNDA:0,makeMyFunctionCallExp_Param
FNDA:0,makeMyNilExp
FNDA:0,makeMyIntegerLiteralExp
FNDA:0,makeMyStringLiteralExp
FNDA:0,makeMyArrayCreationExp
FNDA:0,makeMyRecordField
FNDA:0,makeMyRecordFieldList
FNDA:0,makeMyNoFieldRecordCreationExp
FNDA:0,makeMyFieldRecordCreationExp
FNDA:0,makeMyRecordCreationExp_NoField
FNDA:0,makeMyRecordCreationExp_Field
FNDA:0,makeMyArithmeticExp_
FNDA:0,makeMyArithmeticExp_Plus
FNDA:0,makeMyArithmeticExp_Minus
FNDA:0,makeMyArithmeticExp_Multiply
FNDA:0,makeMyArithmeticExp_Divide
FNDA:0,makeMyParenthesesExp
FNDA:0,makeMyNoValueExp
FNDA:0,makeMySequencingExp
FNDA:0,makeMyForExp
FNDA:0,makeMyIfThenElseExp
FNDA:0,makeMyIfThenExp
FNDA:0,makeMyComparisonExp_
FNDA:0,makeMyComparisonExp_Equal
FNDA:0,makeMyComparisonExp_NotEqual
FNDA:0,makeMyComparisonExp_LargerThan
FNDA:0,makeMyComparisonExp_SmallerThan
FNDA:0,makeMyComparisonExp_LargerEqualThan
FNDA:0,makeMyComparisonExp_SmallerEqualThan
FNDA:0,makeMyBooleanOperateExp_
FNDA:0,makeMyBooleanOperateExp_And
FNDA:0,makeMyBooleanOperateExp_Or
FNDA:0,makeMyAssignmentExp
FNDA:0,makeMyLetExp
FNDA:0,makeMyWhileExp
FNDA:0,makeMyNegationExp
FNDA:0,makeMyBreakExp
FNDA:0,makeMyExp_
FNDA:0,makeMyExp_LValue
FNDA:0,makeMyExp_FunctionCall
FNDA:0,makeMyExp_Nil
FNDA:0,makeMyExp_IntegerLiteral
FNDA:0,makeMyExp_StringLiteral
FNDA:0,makeMyExp_ArrayCreation
FNDA:0,makeMyExp_RecordCreation
FNDA:0,makeMyExp_Arithmetic
FNDA:0,makeMyExp_Parentheses
FNDA:0,makeMyExp_NoValue
FNDA:0,makeMyExp_Sequencing
FNDA:0,makeMyExp_For
FNDA:0,makeMyExp_IfThenElse
FNDA:0,makeMyExp_IfThen
FNDA:0,makeMyExp_Comparison
FNDA:0,makeMyExp_BooleanOperate
FNDA:0,makeMyExp_Assignment
FNDA:0,makeMyExp_Let
FNDA:0,makeMyExp_While
FNDA:0,makeMyExp_Negation
FNDA:0,makeMyExp_Break
FNDA:0,makeMyExpList
FNF:92
FNH:3
DA:24,4
DA:26,4
DA:27,3
DA:29,1
DA:31,1
DA:32,1
DA:33,1
DA:34,1
DA:39,0
DA:41,0
DA:43,0
DA:44,0
DA:45,0
DA:51,0
DA:53,0
DA:55,0
DA:56,0
DA:58,0
DA:61,0
DA:63,0
DA:65,0
DA:67,0
DA:71,0
DA:73,0
DA:74,0
DA:77,0
DA:79,0
DA:82,0
DA:84,0
DA:85,0
DA:90,0
DA:92,0
DA:94,0
DA:96,0
DA:97,0
DA:98,0
DA:103,0
DA:105,0
DA:106,0
DA:108,0
DA:110,0
DA:111,0
DA:112,0
DA:113,0
DA:114,0
DA:119,0
DA:121,0
DA:123,0
DA:125,0
DA:126,0
DA:127,0
DA:128,0
DA:133,0
DA:135,0
DA:137,0
DA:138,0
DA:141,0
DA:143,0
DA:146,0
DA:151,0
DA:153,0
DA:156,0
DA:158,0
DA:163,0
DA:166,0
DA:168,0
DA:170,0
DA:171,0
DA:172,0
DA:173,0
DA:178,0
DA:182,0
DA:183,0
DA:185,0
DA:187,0
DA:188,0
DA:189,0
DA:190,0
DA:191,0
DA:196,0
DA:198,0
DA:200,0
DA:201,0
DA:204,0
DA:206,0
DA:209,0
DA:213,0
DA:215,0
DA:218,0
DA:220,0
DA:225,0
DA:227,0
DA:229,0
DA:230,0
DA:232,0
DA:235,0
DA:237,0
DA:239,0
DA:242,0
DA:246,0
DA:248,0
DA:251,0
DA:253,0
DA:256,0
DA:258,0
DA:263,0
DA:265,0
DA:267,0
DA:268,0
DA:269,0
DA:275,2
DA:277,2
DA:278,0
DA:280,2
DA:282,2
DA:283,2
DA:284,2
DA:286,2
DA:314,0
DA:316,0
DA:322,0
DA:324,0
DA:326,0
DA:328,0
DA:329,0
DA:330,0
DA:336,0
DA:338,0
DA:340,0
DA:341,0
DA:342,0
DA:347,3
DA:349,3
DA:350,1
DA:351,2
DA:352,1
DA:353,1
DA:354,1
DA:356,0
DA:361,0
DA:364,0
DA:366,0
DA:368,0
DA:369,0
DA:370,0
DA:372,0
DA:375,0
DA:376,0
DA:378,0
DA:379,0
DA:381,0
DA:382,0
DA:385,0
DA:408,0
DA:410,0
DA:412,0
DA:413,0
DA:414,0
DA:417,0
DA:419,0
DA:421,0
DA:423,0
DA:424,0
DA:426,0
DA:430,0
DA:433,0
DA:435,0
DA:436,0
DA:439,0
DA:440,0
DA:442,0
DA:443,0
DA:446,0
DA:450,0
DA:452,0
DA:455,0
DA:457,0
DA:463,0
DA:465,0
DA:470,0
DA:472,0
DA:473,0
DA:474,0
DA:480,0
DA:482,0
DA:484,0
DA:485,0
DA:486,0
DA:491,0
DA:494,0
DA:495,0
DA:497,0
DA:499,0
DA:500,0
DA:501,0
DA:503,0
DA:508,0
DA:510,0
DA:512,0
DA:514,0
DA:515,0
DA:517,0
DA:522,0
DA:524,0
DA:526,0
DA:527,0
DA:529,0
DA:534,0
DA:537,0
DA:538,0
DA:540,0
DA:541,0
DA:542,0
DA:547,0
DA:550,0
DA:551,0
DA:553,0
DA:555,0
DA:556,0
DA:558,0
DA:563,0
DA:566,0
DA:568,0
DA:569,0
DA:571,0
DA:576,0
DA:579,0
DA:581,0
DA:582,0
DA:584,0
DA:589,0
DA:592,0
DA:594,0
DA:595,0
DA:596,0
DA:598,0
DA:603,0
DA:605,0
DA:610,0
DA:612,0
DA:617,0
DA:619,0
DA:624,0
DA:626,0
DA:632,0
DA:634,0
DA:635,0
DA:636,0
DA:641,0
DA:643,0
DA:644,0
DA:649,0
DA:651,0
DA:653,0
DA:654,0
DA:655,0
DA:657,0
DA:662,0
DA:665,0
DA:666,0
DA:668,0
DA:670,0
DA:671,0
DA:672,0
DA:673,0
DA:674,0
DA:676,0
DA:681,0
DA:683,0
DA:685,0
DA:686,0
DA:687,0
DA:689,0
DA:694,0
DA:696,0
DA:698,0
DA:699,0
DA:701,0
DA:706,0
DA:709,0
DA:711,0
DA:712,0
DA:713,0
DA:715,0
DA:720,0
DA:722,0
DA:727,0
DA:729,0
DA:734,0
DA:736,0
DA:741,0
DA:743,0
DA:749,0
DA:751,0
DA:756,0
DA:758,0
DA:764,0
DA:767,0
DA:769,0
DA:770,0
DA:771,0
DA:773,0
DA:778,0
DA:780,0
DA:785,0
DA:787,0
DA:792,0
DA:794,0
DA:796,0
DA:797,0
DA:799,0
DA:804,0
DA:806,0
DA:808,0
DA:809,0
DA:811,0
DA:816,0
DA:818,0
DA:820,0
DA:821,0
DA:823,0
DA:828,0
DA:830,0
DA:831,0
DA:832,0
DA:837,0
DA:840,0
DA:845,0
DA:847,0
DA:849,0
DA:850,0
DA:851,0
DA:853,0
DA:854,0
DA:855,0
DA:856,0
DA:857,0
DA:858,0
DA:859,0
DA:860,0
DA:861,0
DA:862,0
DA:863,0
DA:864,0
DA:865,0
DA:866,0
DA:867,0
DA:868,0
DA:869,0
DA:870,0
DA:871,0
DA:872,0
DA:873,0
DA:876,0
DA:881,0
DA:883,0
DA:888,0
DA:890,0
DA:895,0
DA:897,0
DA:902,0
DA:904,0
DA:909,0
DA:911,0
DA:916,0
DA:918,0
DA:923,0
DA:925,0
DA:930,0
DA:932,0
DA:937,0
DA:939,0
DA:944,0
DA:946,0
DA:951,0
DA:953,0
DA:958,0
DA:960,0
DA:965,0
DA:967,0
DA:972,0
DA:974,0
DA:979,0
DA:981,0
DA:986,0
DA:988,0
DA:993,0
DA:995,0
DA:1000,0
DA:1002,0
DA:1007,0
DA:1009,0
DA:1014,0
DA:1016,0
DA:1021,0
DA:1023,0
DA:1026,0
DA:1028,0
DA:1030,0
DA:1031,0
DA:1033,0
LF:401
LH:22
end_of_record
