TN:
SF:/home/lgxZJ/Desktop/Tiger-Compiler/Compiler/myIRTree.c
FN:18,IR_makeSeq
FN:28,IR_makeLabel
FN:37,IR_makeJump
FN:47,IR_makeMove
FN:57,IR_makeExp
FN:66,IR_makeCJump
FN:84,IR_makeBinOperation
FN:97,IR_makeMem
FN:106,IR_makeTemp
FN:115,IR_makeESeq
FN:125,IR_makeName
FN:134,IR_makeConst
FN:143,IR_makeCall
FN:157,IR_makeStatementList
FN:168,IR_makeExpList
FN:181,IR_divideExp_BinOperation
FN:202,IR_divideExp_Call
FN:239,IR_divideExp_ESeq
FN:251,IR_divideExp_Mem
FN:272,IR_divideExp_Const
FN:281,IR_divideExp
FN:316,revertRelOperator
FNDA:11,IR_makeSeq
FNDA:3,IR_makeLabel
FNDA:1,IR_makeJump
FNDA:9,IR_makeMove
FNDA:4,IR_makeExp
FNDA:1,IR_makeCJump
FNDA:5,IR_makeBinOperation
FNDA:7,IR_makeMem
FNDA:15,IR_makeTemp
FNDA:4,IR_makeESeq
FNDA:3,IR_makeName
FNDA:11,IR_makeConst
FNDA:3,IR_makeCall
FNDA:1,IR_makeStatementList
FNDA:5,IR_makeExpList
FNDA:2,IR_divideExp_BinOperation
FNDA:1,IR_divideExp_Call
FNDA:3,IR_divideExp_ESeq
FNDA:3,IR_divideExp_Mem
FNDA:5,IR_divideExp_Const
FNDA:18,IR_divideExp
FNDA:6,revertRelOperator
FNF:22
FNH:22
DA:18,11
DA:20,11
DA:22,11
DA:23,11
DA:24,11
DA:25,11
DA:28,3
DA:30,3
DA:32,3
DA:33,3
DA:34,3
DA:37,1
DA:39,1
DA:41,1
DA:42,1
DA:43,1
DA:44,1
DA:47,9
DA:49,9
DA:51,9
DA:52,9
DA:53,9
DA:54,9
DA:57,4
DA:59,4
DA:61,4
DA:62,4
DA:63,4
DA:66,1
DA:71,1
DA:73,1
DA:74,1
DA:75,1
DA:76,1
DA:77,1
DA:78,1
DA:79,1
DA:84,5
DA:86,5
DA:88,5
DA:90,5
DA:91,5
DA:92,5
DA:93,5
DA:94,5
DA:97,7
DA:99,7
DA:101,7
DA:102,7
DA:103,7
DA:106,15
DA:108,15
DA:110,15
DA:111,15
DA:112,15
DA:115,4
DA:117,4
DA:119,4
DA:120,4
DA:121,4
DA:122,4
DA:125,3
DA:127,3
DA:129,3
DA:130,3
DA:131,3
DA:134,11
DA:136,11
DA:138,11
DA:139,11
DA:140,11
DA:143,3
DA:145,3
DA:147,3
DA:149,3
DA:150,3
DA:151,3
DA:152,3
DA:157,1
DA:160,1
DA:161,1
DA:163,1
DA:164,1
DA:165,1
DA:168,5
DA:170,5
DA:171,5
DA:173,5
DA:174,5
DA:175,5
DA:181,2
DA:184,2
DA:188,2
DA:190,2
DA:192,2
DA:194,4
DA:195,2
DA:197,0
DA:199,2
DA:200,2
DA:202,1
DA:206,1
DA:207,1
DA:208,1
DA:211,1
DA:212,1
DA:213,4
DA:217,2
DA:220,2
DA:221,2
DA:223,2
DA:224,2
DA:226,2
DA:230,1
DA:231,1
DA:236,1
DA:237,1
DA:239,3
DA:242,3
DA:245,3
DA:247,3
DA:248,3
DA:249,3
DA:251,3
DA:256,3
DA:259,3
DA:261,1
DA:262,1
DA:263,1
DA:267,2
DA:268,2
DA:270,3
DA:272,5
DA:275,5
DA:277,5
DA:278,5
DA:279,5
DA:281,18
DA:283,18
DA:285,0
DA:286,0
DA:287,18
DA:290,18
DA:293,2
DA:294,2
DA:296,1
DA:297,1
DA:299,3
DA:300,3
DA:302,3
DA:303,3
DA:305,5
DA:306,5
DA:309,4
DA:310,0
DA:316,6
DA:318,6
DA:320,2
DA:321,0
DA:323,1
DA:324,1
DA:325,1
DA:326,1
DA:328,0
DA:329,0
DA:330,0
DA:331,0
DA:332,0
LF:168
LH:158
end_of_record
