TN:
SF:/root/Tiger-Compiler/Compiler/typeMaker.c
FN:10,wrapToType_
FN:31,makeType_Empty
FN:37,makeType_Int
FN:43,makeType_String
FN:50,makeType_Nil
FN:56,makeType_NoReturn
FN:63,makeType_Record
FN:79,makeType_Array
FN:95,makeType_Named
FN:110,makeType_TypeField
FN:122,makeType_TypeFieldList
FN:134,makeType_TypeList
FNDA:8,wrapToType_
FNDA:1,makeType_Empty
FNDA:1,makeType_Int
FNDA:1,makeType_String
FNDA:1,makeType_Nil
FNDA:1,makeType_NoReturn
FNDA:1,makeType_Record
FNDA:1,makeType_Array
FNDA:1,makeType_Named
FNDA:1,makeType_TypeField
FNDA:1,makeType_TypeFieldList
FNDA:1,makeType_TypeList
FNF:12
FNH:12
DA:10,8
DA:12,8
DA:13,8
DA:15,8
DA:16,8
DA:18,1
DA:19,1
DA:20,1
DA:21,1
DA:22,1
DA:23,1
DA:24,1
DA:25,1
DA:28,8
DA:31,1
DA:33,1
DA:37,1
DA:39,1
DA:43,1
DA:45,1
DA:50,1
DA:52,1
DA:56,1
DA:58,1
DA:63,1
DA:67,1
DA:69,1
DA:71,1
DA:73,1
DA:74,1
DA:76,1
DA:79,1
DA:83,1
DA:85,1
DA:87,1
DA:89,1
DA:90,1
DA:92,1
DA:95,1
DA:97,1
DA:99,1
DA:101,1
DA:102,1
DA:104,1
DA:110,1
DA:112,1
DA:114,1
DA:116,1
DA:117,1
DA:119,1
DA:122,1
DA:124,1
DA:126,1
DA:128,1
DA:129,1
DA:131,1
DA:134,1
DA:136,1
DA:138,1
DA:140,1
DA:141,1
DA:143,1
LF:62
LH:62
end_of_record
