TN:
SF:/home/lgxZJ/Desktop/Tiger-Compiler/Compiler/myError.c
FN:110,MyError_pushErrorCodeWithMsg
FN:133,MyError_pushErrorCode
FN:140,MyError_getErrorCode
FN:147,MyError_getErrorMsg
FN:156,MyError_getErrorCount
FN:162,MyError_getErrorCapacity
FN:167,MyError_isErrorSet
FN:173,MyError_clearErrors
FN:179,MyError_printErrors
FNDA:38,MyError_pushErrorCodeWithMsg
FNDA:4,MyError_pushErrorCode
FNDA:35,MyError_getErrorCode
FNDA:36,MyError_getErrorMsg
FNDA:13,MyError_getErrorCount
FNDA:1,MyError_getErrorCapacity
FNDA:1,MyError_isErrorSet
FNDA:2,MyError_clearErrors
FNDA:1,MyError_printErrors
FNF:9
FNH:9
DA:110,38
DA:115,38
DA:117,2
DA:118,2
DA:120,2
DA:122,2
DA:123,2
DA:124,2
DA:128,38
DA:129,38
DA:130,38
DA:131,38
DA:133,4
DA:135,4
DA:136,4
DA:140,35
DA:142,35
DA:144,35
DA:147,36
DA:149,36
DA:151,36
DA:156,13
DA:158,13
DA:162,1
DA:164,1
DA:167,1
DA:169,1
DA:173,2
DA:175,2
DA:176,2
DA:179,1
DA:181,4
DA:183,3
DA:185,3
DA:186,2
DA:188,1
DA:191,1
DA:192,1
LF:38
LH:38
end_of_record
