TN:
SF:/root/Tiger-Compiler/Compiler/myEscape.c
FN:48,Escape_addVarEntry
FN:58,Escape_getVarEntry
FN:67,makeEscapeEntry
FN:79,isVarNestedUsed
FN:90,setVarEscape
FN:95,getVarEscape
FN:133,Escape_findEscape_LValueExp
FN:159,Escape_findEscape_FunctionCallExp
FN:181,Escape_findEscape_NilExp
FN:188,Escape_findEscape_IntegerLiteralExp
FN:196,Escape_findEscape_StringLiteralExp
FN:204,Escape_findEscape_ArrayCreationExp
FN:213,Escape_findEscape_RecordCreationExp
FN:235,Escape_findEscape_ArithmeticExp
FN:244,Escape_findEscape_ParenthesesExp
FN:252,Escape_findEscape_NoValueExp
FN:259,Escape_findEscape_SequencingExp
FN:272,Escape_findEscape_ForExp
FN:285,Escape_findEscape_IfThenElseExp
FN:294,Escape_findEscape_IfThenExp
FN:302,Escape_findEscape_ComparisonExp
FN:310,Escape_findEscape_BooleanOperateExp
FN:319,Escape_findEscape_AssignmentExp
FN:329,getVarNameAndBody
FN:348,Escape_findEscape_VarDec
FN:371,Escape_findEscape_TypeDec
FN:378,treatFormalsAsNotEscapedVars
FN:391,Escape_findEscape_FuncDec
FN:421,Escape_findEscape_Dec
FN:438,Escape_findEscape_Decs
FN:447,Escape_findEscape_Exps
FN:456,Escape_findEscape_LetExp
FN:465,Escape_findEscape_WhileExp
FN:473,Escape_findEscape_NegationExp
FN:480,Escape_findEscape_BreakExp
FN:487,Escape_findEscape_Exp
FN:547,Escape_findEscape
FN:552,Escape_isVarEscaped
FN:558,Escape_getEscapeEnvironment
FN:565,Escape_setEscapeEnvironment
FNDA:53,Escape_addVarEntry
FNDA:99,Escape_getVarEntry
FNDA:53,makeEscapeEntry
FNDA:41,isVarNestedUsed
FNDA:22,setVarEscape
FNDA:36,getVarEscape
FNDA:45,Escape_findEscape_LValueExp
FNDA:2,Escape_findEscape_FunctionCallExp
FNDA:0,Escape_findEscape_NilExp
FNDA:18,Escape_findEscape_IntegerLiteralExp
FNDA:2,Escape_findEscape_StringLiteralExp
FNDA:3,Escape_findEscape_ArrayCreationExp
FNDA:4,Escape_findEscape_RecordCreationExp
FNDA:1,Escape_findEscape_ArithmeticExp
FNDA:0,Escape_findEscape_ParenthesesExp
FNDA:2,Escape_findEscape_NoValueExp
FNDA:2,Escape_findEscape_SequencingExp
FNDA:3,Escape_findEscape_ForExp
FNDA:2,Escape_findEscape_IfThenElseExp
FNDA:2,Escape_findEscape_IfThenExp
FNDA:2,Escape_findEscape_ComparisonExp
FNDA:2,Escape_findEscape_BooleanOperateExp
FNDA:2,Escape_findEscape_AssignmentExp
FNDA:8,getVarNameAndBody
FNDA:8,Escape_findEscape_VarDec
FNDA:0,Escape_findEscape_TypeDec
FNDA:5,treatFormalsAsNotEscapedVars
FNDA:5,Escape_findEscape_FuncDec
FNDA:2,Escape_findEscape_Dec
FNDA:4,Escape_findEscape_Decs
FNDA:4,Escape_findEscape_Exps
FNDA:4,Escape_findEscape_LetExp
FNDA:1,Escape_findEscape_WhileExp
FNDA:1,Escape_findEscape_NegationExp
FNDA:0,Escape_findEscape_BreakExp
FNDA:65,Escape_findEscape_Exp
FNDA:0,Escape_findEscape
FNDA:36,Escape_isVarEscaped
FNDA:9,Escape_getEscapeEnvironment
FNDA:30,Escape_setEscapeEnvironment
FNF:40
FNH:35
DA:48,53
DA:50,53
DA:51,0
DA:53,53
DA:54,53
DA:55,53
DA:56,53
DA:58,99
DA:60,99
DA:61,99
DA:63,99
DA:64,99
DA:67,53
DA:69,53
DA:70,53
DA:72,53
DA:74,53
DA:75,53
DA:76,53
DA:79,41
DA:81,41
DA:82,41
DA:84,41
DA:85,23
DA:87,18
DA:90,22
DA:92,22
DA:93,22
DA:95,36
DA:97,36
DA:133,45
DA:135,45
DA:139,41
DA:140,18
DA:141,41
DA:148,4
DA:149,4
DA:150,0
DA:152,45
DA:159,2
DA:162,2
DA:166,2
DA:167,2
DA:168,6
DA:169,2
DA:170,2
DA:171,2
DA:174,0
DA:175,0
DA:177,2
DA:181,0
DA:184,0
DA:188,18
DA:192,18
DA:196,2
DA:200,2
DA:204,3
DA:207,3
DA:208,3
DA:209,3
DA:213,4
DA:216,4
DA:220,2
DA:221,2
DA:222,6
DA:223,2
DA:224,2
DA:225,2
DA:228,2
DA:229,0
DA:231,4
DA:235,1
DA:238,1
DA:239,1
DA:240,1
DA:244,0
DA:247,0
DA:248,0
DA:252,2
DA:255,2
DA:259,2
DA:261,2
DA:262,2
DA:264,2
DA:265,6
DA:266,2
DA:267,2
DA:268,2
DA:272,3
DA:275,3
DA:278,3
DA:279,3
DA:280,3
DA:281,3
DA:285,2
DA:287,2
DA:288,2
DA:289,2
DA:290,2
DA:294,2
DA:296,2
DA:297,2
DA:298,2
DA:302,2
DA:304,2
DA:305,2
DA:306,2
DA:310,2
DA:313,2
DA:314,2
DA:315,2
DA:319,2
DA:322,2
DA:323,2
DA:324,2
DA:329,8
DA:332,8
DA:335,7
DA:336,7
DA:337,7
DA:339,1
DA:340,1
DA:341,1
DA:342,0
DA:344,8
DA:348,8
DA:350,8
DA:354,8
DA:356,16
DA:357,15
DA:358,7
DA:359,8
DA:363,8
DA:365,8
DA:371,0
DA:374,0
DA:378,5
DA:380,14
DA:382,4
DA:383,4
DA:384,4
DA:386,4
DA:388,5
DA:391,5
DA:396,5
DA:401,3
DA:402,3
DA:403,3
DA:408,2
DA:409,2
DA:410,2
DA:412,0
DA:415,5
DA:416,5
DA:417,5
DA:421,2
DA:423,2
DA:426,0
DA:428,0
DA:430,2
DA:431,2
DA:432,2
DA:433,2
DA:434,0
DA:438,4
DA:440,10
DA:442,2
DA:443,2
DA:445,4
DA:447,4
DA:449,10
DA:451,2
DA:452,2
DA:454,4
DA:456,4
DA:458,4
DA:459,4
DA:460,4
DA:465,1
DA:467,1
DA:468,1
DA:469,1
DA:473,1
DA:475,1
DA:476,1
DA:480,0
DA:483,0
DA:487,65
DA:489,65
DA:492,37
DA:495,0
DA:497,0
DA:499,18
DA:501,2
DA:503,2
DA:505,2
DA:507,0
DA:509,0
DA:511,2
DA:513,0
DA:515,0
DA:516,0
DA:517,0
DA:518,0
DA:520,0
DA:522,0
DA:524,0
DA:526,0
DA:528,0
DA:530,2
DA:531,2
DA:532,2
DA:533,2
DA:535,0
DA:537,0
DA:539,0
DA:541,0
DA:547,0
DA:549,0
DA:550,0
DA:552,36
DA:554,36
DA:555,36
DA:558,9
DA:560,9
DA:561,0
DA:562,9
DA:565,30
DA:567,30
DA:568,30
DA:569,30
LF:231
LH:190
end_of_record
