TN:
SF:/root/Tiger-Compiler/Compiler/stringEscape.c
FN:25,translateNormalEscape
FN:48,translateControlEscape
FN:78,containThreeOctalNumber
FN:85,translateOctalEscape
FN:125,translateMultiline
FN:163,translateEscape
FNDA:149,translateNormalEscape
FNDA:135,translateControlEscape
FNDA:32,containThreeOctalNumber
FNDA:121,translateOctalEscape
FNDA:115,translateMultiline
FNDA:26,translateEscape
FNF:6
FNH:6
DA:25,149
DA:29,149
DA:31,141
DA:32,141
DA:34,668
DA:36,541
DA:38,14
DA:39,14
DA:40,14
DA:45,135
DA:48,135
DA:51,135
DA:53,135
DA:56,159
DA:57,43
DA:59,7
DA:60,7
DA:61,7
DA:65,870
DA:66,749
DA:68,7
DA:69,7
DA:70,7
DA:74,121
DA:78,32
DA:80,94
DA:81,64
DA:82,16
DA:85,121
DA:89,223
DA:90,134
DA:91,32
DA:93,6
DA:95,6
DA:96,3
DA:99,3
DA:101,3
DA:102,0
DA:105,6
DA:106,0
DA:107,0
DA:109,6
DA:110,6
DA:111,6
DA:114,115
DA:125,115
DA:129,115
DA:131,30
DA:132,120
DA:134,60
DA:136,12
DA:138,30
DA:141,12
DA:142,12
DA:144,0
DA:146,18
DA:150,0
DA:152,85
DA:163,26
DA:165,26
DA:168,25
DA:170,1
DA:171,1
DA:172,0
DA:175,25
DA:178,25
DA:182,199
DA:184,149
DA:185,149
DA:186,14
DA:187,135
DA:188,14
DA:189,121
DA:190,6
DA:191,115
DA:192,12
DA:195,103
DA:196,103
DA:197,103
DA:201,25
DA:202,25
LF:81
LH:75
end_of_record
