TN:
SF:/home/lgxZJ/Projects/Tiger-Compiler/Chapter 5/mySemantic.c
FN:13,make_MyTranslationAndType
FN:31,MySemantic_ErrorString
FN:36,MySemantic_ErrorSymbol
FN:46,getTypeEntry
FN:53,getVarAndFuncEntry
FN:60,getVariableType
FN:68,getFunctionReturnType
FN:76,getFunctionFormalTypes
FN:83,isVariableDeclared_
FN:96,isFuncDefined_
FN:109,isTypeDefined_
FN:117,mySemantic_Dec
FN:135,arrayContainsLValueAux_
FN:160,recordContainsLValueAux_
FN:210,typeContainsLValueAux
FN:246,MySemantic_LValueExp_SimpleVar
FN:263,checkRecordFields_
FN:292,MySemantic_LValueExp_RecordField
FN:313,resultOfArrayElements_
FN:358,MySemantic_LValueExp_ArraySubscript
FN:398,MySemantic_LValueExp
FN:426,MySemantic_CheckParamsOfFunction_
FN:466,MySemantic_FunctionCallExp_NoParam
FN:487,MySemantic_FunctionCallExp_Param
FN:512,MySemantic_FunctionCallExp
FN:539,MySemantic_NilExp
FN:558,MySemantic_IntegerLiteralExp
FN:577,MySemantic_StringLiteralExp
FN:586,isTypeNotDefinedAndPrompt_
FN:598,isTypeNotArrayAndPrompt_
FN:610,analyzeIfSubscriptInteger_
FN:627,analyzeIfInitialTypeCorrect_
FN:656,MySemantic_ArrayCreationExp
FN:676,isTypeNotRecordAndPrompt_
FN:688,ifFieldsMatches_
FN:722,MySemantic_RecordCreationExp_NoField
FN:746,MySemantic_RecordCreationExp_Field
FN:769,MySemantic_RecordCreationExp
FN:787,analyzeOperandIfInteger_
FN:809,MySemantic_ArithmeticExp
FN:823,MySemantic_ParenthesesExp
FN:840,MySemantic_NoValueExp
FN:847,MySemantic_SequencingExp
FN:853,MySemantic_ForExp
FN:859,MySemantic_IfThenElseExp
FN:865,MySemantic_IfThenExp
FN:871,MySemantic_ComparisonExp
FN:877,MySemantic_BooleanOperateExp
FN:883,MySemantic_AssignmentExp
FN:889,MySemantic_LetExp
FN:895,MySemantic_WhileExp
FN:901,MySemantic_NegationExp
FN:916,MySemantic_BreakExp
FN:926,MySemantic_Exp
FNDA:25,make_MyTranslationAndType
FNDA:0,MySemantic_ErrorString
FNDA:0,MySemantic_ErrorSymbol
FNDA:7,getTypeEntry
FNDA:11,getVarAndFuncEntry
FNDA:2,getVariableType
FNDA:2,getFunctionReturnType
FNDA:1,getFunctionFormalTypes
FNDA:3,isVariableDeclared_
FNDA:2,isFuncDefined_
FNDA:2,isTypeDefined_
FNDA:0,mySemantic_Dec
FNDA:3,arrayContainsLValueAux_
FNDA:5,recordContainsLValueAux_
FNDA:8,typeContainsLValueAux
FNDA:1,MySemantic_LValueExp_SimpleVar
FNDA:1,checkRecordFields_
FNDA:1,MySemantic_LValueExp_RecordField
FNDA:1,resultOfArrayElements_
FNDA:1,MySemantic_LValueExp_ArraySubscript
FNDA:0,MySemantic_LValueExp
FNDA:1,MySemantic_CheckParamsOfFunction_
FNDA:1,MySemantic_FunctionCallExp_NoParam
FNDA:1,MySemantic_FunctionCallExp_Param
FNDA:0,MySemantic_FunctionCallExp
FNDA:1,MySemantic_NilExp
FNDA:11,MySemantic_IntegerLiteralExp
FNDA:3,MySemantic_StringLiteralExp
FNDA:2,isTypeNotDefinedAndPrompt_
FNDA:1,isTypeNotArrayAndPrompt_
FNDA:1,analyzeIfSubscriptInteger_
FNDA:1,analyzeIfInitialTypeCorrect_
FNDA:1,MySemantic_ArrayCreationExp
FNDA:1,isTypeNotRecordAndPrompt_
FNDA:0,ifFieldsMatches_
FNDA:1,MySemantic_RecordCreationExp_NoField
FNDA:0,MySemantic_RecordCreationExp_Field
FNDA:0,MySemantic_RecordCreationExp
FNDA:4,analyzeOperandIfInteger_
FNDA:2,MySemantic_ArithmeticExp
FNDA:0,MySemantic_ParenthesesExp
FNDA:1,MySemantic_NoValueExp
FNDA:0,MySemantic_SequencingExp
FNDA:0,MySemantic_ForExp
FNDA:0,MySemantic_IfThenElseExp
FNDA:0,MySemantic_IfThenExp
FNDA:0,MySemantic_ComparisonExp
FNDA:0,MySemantic_BooleanOperateExp
FNDA:0,MySemantic_AssignmentExp
FNDA:0,MySemantic_LetExp
FNDA:0,MySemantic_WhileExp
FNDA:0,MySemantic_NegationExp
FNDA:1,MySemantic_BreakExp
FNDA:12,MySemantic_Exp
FNF:54
FNH:35
DA:13,25
DA:16,25
DA:18,25
DA:20,25
DA:21,25
DA:23,25
DA:31,0
DA:33,0
DA:34,0
DA:36,0
DA:38,0
DA:39,0
DA:46,7
DA:48,7
DA:53,11
DA:55,11
DA:60,2
DA:62,2
DA:68,2
DA:70,2
DA:76,1
DA:79,1
DA:83,3
DA:85,3
DA:88,3
DA:90,0
DA:91,0
DA:93,3
DA:96,2
DA:98,2
DA:101,2
DA:103,0
DA:104,0
DA:106,2
DA:109,2
DA:111,2
DA:117,0
DA:119,0
DA:120,0
DA:135,3
DA:138,3
DA:139,3
DA:142,3
DA:143,3
DA:144,3
DA:146,0
DA:147,0
DA:150,3
DA:151,2
DA:152,1
DA:154,2
DA:160,5
DA:163,5
DA:164,5
DA:166,5
DA:167,5
DA:169,11
DA:171,6
DA:173,5
DA:174,5
DA:176,1
DA:179,5
DA:181,0
DA:182,0
DA:186,5
DA:187,1
DA:190,4
DA:210,8
DA:213,8
DA:216,3
DA:218,5
DA:220,0
DA:246,1
DA:249,1
DA:250,0
DA:252,1
DA:263,1
DA:266,1
DA:267,1
DA:268,1
DA:269,1
DA:270,1
DA:273,1
DA:292,1
DA:295,1
DA:296,0
DA:298,1
DA:302,1
DA:303,1
DA:313,1
DA:316,1
DA:320,1
DA:321,1
DA:323,1
DA:326,0
DA:327,0
DA:328,0
DA:330,0
DA:331,0
DA:336,1
DA:338,1
DA:358,1
DA:361,1
DA:362,0
DA:364,1
DA:365,1
DA:366,1
DA:368,0
DA:369,0
DA:370,0
DA:371,0
DA:375,1
DA:398,0
DA:401,0
DA:404,0
DA:407,0
DA:408,0
DA:410,0
DA:411,0
DA:413,0
DA:414,0
DA:417,0
DA:418,0
DA:420,0
DA:426,1
DA:431,4
DA:433,2
DA:434,2
DA:435,2
DA:438,2
DA:440,0
DA:441,0
DA:444,2
DA:445,2
DA:449,1
DA:452,1
DA:466,1
DA:470,1
DA:471,0
DA:473,1
DA:474,1
DA:487,1
DA:491,1
DA:492,1
DA:493,0
DA:495,1
DA:496,1
DA:499,1
DA:512,0
DA:515,0
DA:518,0
DA:521,0
DA:525,0
DA:539,1
DA:543,1
DA:558,11
DA:562,11
DA:577,3
DA:581,3
DA:586,2
DA:588,2
DA:590,0
DA:592,0
DA:594,2
DA:598,1
DA:600,1
DA:602,0
DA:604,0
DA:606,1
DA:610,1
DA:613,1
DA:614,1
DA:616,1
DA:618,1
DA:620,0
DA:622,0
DA:624,1
DA:627,1
DA:630,1
DA:632,1
DA:633,1
DA:634,1
DA:636,2
DA:637,2
DA:638,1
DA:640,0
DA:642,0
DA:644,1
DA:656,1
DA:659,1
DA:661,1
DA:662,0
DA:663,1
DA:664,0
DA:666,1
DA:667,1
DA:669,1
DA:670,1
DA:676,1
DA:678,1
DA:680,0
DA:682,0
DA:684,1
DA:688,0
DA:692,0
DA:694,0
DA:695,0
DA:696,0
DA:698,0
DA:700,0
DA:702,0
DA:703,0
DA:704,0
DA:706,0
DA:707,0
DA:710,0
DA:711,0
DA:722,1
DA:726,1
DA:728,1
DA:729,0
DA:730,1
DA:731,0
DA:733,1
DA:746,0
DA:750,0
DA:752,0
DA:753,0
DA:754,0
DA:755,0
DA:756,0
DA:757,0
DA:759,0
DA:769,0
DA:772,0
DA:775,0
DA:778,0
DA:782,0
DA:787,4
DA:790,4
DA:792,4
DA:794,1
DA:795,1
DA:797,3
DA:809,2
DA:812,2
DA:813,2
DA:814,2
DA:815,2
DA:817,2
DA:818,1
DA:820,1
DA:823,0
DA:828,0
DA:840,1
DA:844,1
DA:847,0
DA:851,0
DA:853,0
DA:857,0
DA:859,0
DA:863,0
DA:865,0
DA:869,0
DA:871,0
DA:875,0
DA:877,0
DA:881,0
DA:883,0
DA:887,0
DA:889,0
DA:893,0
DA:895,0
DA:899,0
DA:901,0
DA:905,0
DA:916,1
DA:919,1
DA:926,12
DA:929,12
DA:932,0
DA:934,0
DA:936,0
DA:938,10
DA:940,2
DA:942,0
DA:944,0
DA:946,0
DA:948,0
DA:950,0
DA:952,0
DA:954,0
DA:956,0
DA:958,0
DA:960,0
DA:962,0
DA:964,0
DA:966,0
DA:968,0
DA:970,0
DA:972,0
DA:975,0
LF:302
LH:167
end_of_record
SF:/home/lgxZJ/Projects/Tiger-Compiler/Chapter 5/mySemantic.c
FN:13,make_MyTranslationAndType
FN:31,MySemantic_ErrorString
FN:36,MySemantic_ErrorSymbol
FN:46,getTypeEntry
FN:53,getVarAndFuncEntry
FN:60,getVariableType
FN:68,getFunctionReturnType
FN:76,getFunctionFormalTypes
FN:83,isVariableDeclared_
FN:96,isFuncDefined_
FN:109,isTypeDefined_
FN:117,mySemantic_Dec
FN:135,arrayContainsLValueAux_
FN:160,recordContainsLValueAux_
FN:210,typeContainsLValueAux
FN:246,MySemantic_LValueExp_SimpleVar
FN:263,checkRecordFields_
FN:292,MySemantic_LValueExp_RecordField
FN:313,resultOfArrayElements_
FN:358,MySemantic_LValueExp_ArraySubscript
FN:398,MySemantic_LValueExp
FN:426,MySemantic_CheckParamsOfFunction_
FN:466,MySemantic_FunctionCallExp_NoParam
FN:487,MySemantic_FunctionCallExp_Param
FN:512,MySemantic_FunctionCallExp
FN:539,MySemantic_NilExp
FN:558,MySemantic_IntegerLiteralExp
FN:577,MySemantic_StringLiteralExp
FN:586,isTypeNotDefinedAndPrompt_
FN:598,isTypeNotArrayAndPrompt_
FN:610,analyzeIfSubscriptInteger_
FN:627,analyzeIfInitialTypeCorrect_
FN:656,MySemantic_ArrayCreationExp
FN:676,isTypeNotRecordAndPrompt_
FN:688,ifFieldsMatches_
FN:722,MySemantic_RecordCreationExp_NoField
FN:746,MySemantic_RecordCreationExp_Field
FN:769,MySemantic_RecordCreationExp
FN:787,analyzeOperandIfInteger_
FN:809,MySemantic_ArithmeticExp
FN:823,MySemantic_ParenthesesExp
FN:840,MySemantic_NoValueExp
FN:847,MySemantic_SequencingExp
FN:853,MySemantic_ForExp
FN:859,MySemantic_IfThenElseExp
FN:865,MySemantic_IfThenExp
FN:871,MySemantic_ComparisonExp
FN:877,MySemantic_BooleanOperateExp
FN:883,MySemantic_AssignmentExp
FN:889,MySemantic_LetExp
FN:895,MySemantic_WhileExp
FN:901,MySemantic_NegationExp
FN:916,MySemantic_BreakExp
FN:926,MySemantic_Exp
FNDA:25,make_MyTranslationAndType
FNDA:0,MySemantic_ErrorString
FNDA:0,MySemantic_ErrorSymbol
FNDA:7,getTypeEntry
FNDA:11,getVarAndFuncEntry
FNDA:2,getVariableType
FNDA:2,getFunctionReturnType
FNDA:1,getFunctionFormalTypes
FNDA:3,isVariableDeclared_
FNDA:2,isFuncDefined_
FNDA:2,isTypeDefined_
FNDA:0,mySemantic_Dec
FNDA:3,arrayContainsLValueAux_
FNDA:5,recordContainsLValueAux_
FNDA:8,typeContainsLValueAux
FNDA:1,MySemantic_LValueExp_SimpleVar
FNDA:1,checkRecordFields_
FNDA:1,MySemantic_LValueExp_RecordField
FNDA:1,resultOfArrayElements_
FNDA:1,MySemantic_LValueExp_ArraySubscript
FNDA:0,MySemantic_LValueExp
FNDA:1,MySemantic_CheckParamsOfFunction_
FNDA:1,MySemantic_FunctionCallExp_NoParam
FNDA:1,MySemantic_FunctionCallExp_Param
FNDA:0,MySemantic_FunctionCallExp
FNDA:1,MySemantic_NilExp
FNDA:11,MySemantic_IntegerLiteralExp
FNDA:3,MySemantic_StringLiteralExp
FNDA:2,isTypeNotDefinedAndPrompt_
FNDA:1,isTypeNotArrayAndPrompt_
FNDA:1,analyzeIfSubscriptInteger_
FNDA:1,analyzeIfInitialTypeCorrect_
FNDA:1,MySemantic_ArrayCreationExp
FNDA:1,isTypeNotRecordAndPrompt_
FNDA:0,ifFieldsMatches_
FNDA:1,MySemantic_RecordCreationExp_NoField
FNDA:0,MySemantic_RecordCreationExp_Field
FNDA:0,MySemantic_RecordCreationExp
FNDA:4,analyzeOperandIfInteger_
FNDA:2,MySemantic_ArithmeticExp
FNDA:0,MySemantic_ParenthesesExp
FNDA:1,MySemantic_NoValueExp
FNDA:0,MySemantic_SequencingExp
FNDA:0,MySemantic_ForExp
FNDA:0,MySemantic_IfThenElseExp
FNDA:0,MySemantic_IfThenExp
FNDA:0,MySemantic_ComparisonExp
FNDA:0,MySemantic_BooleanOperateExp
FNDA:0,MySemantic_AssignmentExp
FNDA:0,MySemantic_LetExp
FNDA:0,MySemantic_WhileExp
FNDA:0,MySemantic_NegationExp
FNDA:1,MySemantic_BreakExp
FNDA:12,MySemantic_Exp
FNF:54
FNH:35
DA:13,25
DA:16,25
DA:18,25
DA:20,25
DA:21,25
DA:23,25
DA:31,0
DA:33,0
DA:34,0
DA:36,0
DA:38,0
DA:39,0
DA:46,7
DA:48,7
DA:53,11
DA:55,11
DA:60,2
DA:62,2
DA:68,2
DA:70,2
DA:76,1
DA:79,1
DA:83,3
DA:85,3
DA:88,3
DA:90,0
DA:91,0
DA:93,3
DA:96,2
DA:98,2
DA:101,2
DA:103,0
DA:104,0
DA:106,2
DA:109,2
DA:111,2
DA:117,0
DA:119,0
DA:120,0
DA:135,3
DA:138,3
DA:139,3
DA:142,3
DA:143,3
DA:144,3
DA:146,0
DA:147,0
DA:150,3
DA:151,2
DA:152,1
DA:154,2
DA:160,5
DA:163,5
DA:164,5
DA:166,5
DA:167,5
DA:169,11
DA:171,6
DA:173,5
DA:174,5
DA:176,1
DA:179,5
DA:181,0
DA:182,0
DA:186,5
DA:187,1
DA:190,4
DA:210,8
DA:213,8
DA:216,3
DA:218,5
DA:220,0
DA:246,1
DA:249,1
DA:250,0
DA:252,1
DA:263,1
DA:266,1
DA:267,1
DA:268,1
DA:269,1
DA:270,1
DA:273,1
DA:292,1
DA:295,1
DA:296,0
DA:298,1
DA:302,1
DA:303,1
DA:313,1
DA:316,1
DA:320,1
DA:321,1
DA:323,1
DA:326,0
DA:327,0
DA:328,0
DA:330,0
DA:331,0
DA:336,1
DA:338,1
DA:358,1
DA:361,1
DA:362,0
DA:364,1
DA:365,1
DA:366,1
DA:368,0
DA:369,0
DA:370,0
DA:371,0
DA:375,1
DA:398,0
DA:401,0
DA:404,0
DA:407,0
DA:408,0
DA:410,0
DA:411,0
DA:413,0
DA:414,0
DA:417,0
DA:418,0
DA:420,0
DA:426,1
DA:431,4
DA:433,2
DA:434,2
DA:435,2
DA:438,2
DA:440,0
DA:441,0
DA:444,2
DA:445,2
DA:449,1
DA:452,1
DA:466,1
DA:470,1
DA:471,0
DA:473,1
DA:474,1
DA:487,1
DA:491,1
DA:492,1
DA:493,0
DA:495,1
DA:496,1
DA:499,1
DA:512,0
DA:515,0
DA:518,0
DA:521,0
DA:525,0
DA:539,1
DA:543,1
DA:558,11
DA:562,11
DA:577,3
DA:581,3
DA:586,2
DA:588,2
DA:590,0
DA:592,0
DA:594,2
DA:598,1
DA:600,1
DA:602,0
DA:604,0
DA:606,1
DA:610,1
DA:613,1
DA:614,1
DA:616,1
DA:618,1
DA:620,0
DA:622,0
DA:624,1
DA:627,1
DA:630,1
DA:632,1
DA:633,1
DA:634,1
DA:636,2
DA:637,2
DA:638,1
DA:640,0
DA:642,0
DA:644,1
DA:656,1
DA:659,1
DA:661,1
DA:662,0
DA:663,1
DA:664,0
DA:666,1
DA:667,1
DA:669,1
DA:670,1
DA:676,1
DA:678,1
DA:680,0
DA:682,0
DA:684,1
DA:688,0
DA:692,0
DA:694,0
DA:695,0
DA:696,0
DA:698,0
DA:700,0
DA:702,0
DA:703,0
DA:704,0
DA:706,0
DA:707,0
DA:710,0
DA:711,0
DA:722,1
DA:726,1
DA:728,1
DA:729,0
DA:730,1
DA:731,0
DA:733,1
DA:746,0
DA:750,0
DA:752,0
DA:753,0
DA:754,0
DA:755,0
DA:756,0
DA:757,0
DA:759,0
DA:769,0
DA:772,0
DA:775,0
DA:778,0
DA:782,0
DA:787,4
DA:790,4
DA:792,4
DA:794,1
DA:795,1
DA:797,3
DA:809,2
DA:812,2
DA:813,2
DA:814,2
DA:815,2
DA:817,2
DA:818,1
DA:820,1
DA:823,0
DA:828,0
DA:840,1
DA:844,1
DA:847,0
DA:851,0
DA:853,0
DA:857,0
DA:859,0
DA:863,0
DA:865,0
DA:869,0
DA:871,0
DA:875,0
DA:877,0
DA:881,0
DA:883,0
DA:887,0
DA:889,0
DA:893,0
DA:895,0
DA:899,0
DA:901,0
DA:905,0
DA:916,1
DA:919,1
DA:926,12
DA:929,12
DA:932,0
DA:934,0
DA:936,0
DA:938,10
DA:940,2
DA:942,0
DA:944,0
DA:946,0
DA:948,0
DA:950,0
DA:952,0
DA:954,0
DA:956,0
DA:958,0
DA:960,0
DA:962,0
DA:964,0
DA:966,0
DA:968,0
DA:970,0
DA:972,0
DA:975,0
LF:302
LH:167
end_of_record
