TN:
SF:/home/lgxZJ/Projects/Tiger-Compiler/Chapter 6/myEscape.c
FN:42,Escape_addVarEntry
FN:52,Escape_getVarEntry
FN:61,makeDefaultEscapeEntry
FN:72,isVarNestedUsed
FN:83,setVarEscape
FN:88,getVarEscape
FN:96,getActualType
FN:105,getActualVarTypeFromName
FN:122,Escape_findEscape_LValueExp
FN:143,Escape_findEscape_FunctionCallExp
FN:151,Escape_findEscape_NilExp
FN:158,Escape_findEscape_IntegerLiteralExp
FN:166,Escape_findEscape_StringLiteralExp
FN:174,Escape_findEscape_ArrayCreationExp
FN:182,Escape_findEscape_RecordCreationExp
FN:190,Escape_findEscape_ArithmeticExp
FN:198,Escape_findEscape_ParenthesesExp
FN:206,Escape_findEscape_NoValueExp
FN:213,Escape_findEscape_SequencingExp
FN:220,Escape_findEscape_ForExp
FN:227,Escape_findEscape_IfThenElseExp
FN:234,Escape_findEscape_IfThenExp
FN:241,Escape_findEscape_ComparisonExp
FN:248,Escape_findEscape_BooleanOperateExp
FN:256,Escape_findEscape_AssignmentExp
FN:264,getVarNameAndBody
FN:283,Escape_findEscape_VarDec
FN:304,Escape_findEscape_TypeDec
FN:311,treatFormalsAsEscapeVars
FN:325,Escape_findEscape_FuncDec
FN:355,Escape_findEscape_Dec
FN:369,Escape_findEscape_Decs
FN:378,Escape_findEscape_Exps
FN:387,Escape_findEscape_LetExp
FN:396,Escape_findEscape_WhileExp
FN:403,Escape_findEscape_NegationExp
FN:410,Escape_findEscape_BreakExp
FN:417,Escape_findEscape_Exp
FN:471,Escape_findEscape
FN:476,Escape_isVarEscaped
FN:482,Escape_getEscapeEnvironment
FN:488,Escape_setEscapeEnvironment
FNDA:8,Escape_addVarEntry
FNDA:14,Escape_getVarEntry
FNDA:8,makeDefaultEscapeEntry
FNDA:0,isVarNestedUsed
FNDA:6,setVarEscape
FNDA:8,getVarEscape
FNDA:4,getActualType
FNDA:4,getActualVarTypeFromName
FNDA:0,Escape_findEscape_LValueExp
FNDA:0,Escape_findEscape_FunctionCallExp
FNDA:0,Escape_findEscape_NilExp
FNDA:3,Escape_findEscape_IntegerLiteralExp
FNDA:0,Escape_findEscape_StringLiteralExp
FNDA:0,Escape_findEscape_ArrayCreationExp
FNDA:2,Escape_findEscape_RecordCreationExp
FNDA:0,Escape_findEscape_ArithmeticExp
FNDA:0,Escape_findEscape_ParenthesesExp
FNDA:1,Escape_findEscape_NoValueExp
FNDA:0,Escape_findEscape_SequencingExp
FNDA:0,Escape_findEscape_ForExp
FNDA:0,Escape_findEscape_IfThenElseExp
FNDA:0,Escape_findEscape_IfThenExp
FNDA:0,Escape_findEscape_ComparisonExp
FNDA:0,Escape_findEscape_BooleanOperateExp
FNDA:0,Escape_findEscape_AssignmentExp
FNDA:4,getVarNameAndBody
FNDA:4,Escape_findEscape_VarDec
FNDA:0,Escape_findEscape_TypeDec
FNDA:2,treatFormalsAsEscapeVars
FNDA:2,Escape_findEscape_FuncDec
FNDA:0,Escape_findEscape_Dec
FNDA:0,Escape_findEscape_Decs
FNDA:0,Escape_findEscape_Exps
FNDA:0,Escape_findEscape_LetExp
FNDA:0,Escape_findEscape_WhileExp
FNDA:0,Escape_findEscape_NegationExp
FNDA:0,Escape_findEscape_BreakExp
FNDA:6,Escape_findEscape_Exp
FNDA:0,Escape_findEscape
FNDA:8,Escape_isVarEscaped
FNDA:1,Escape_getEscapeEnvironment
FNDA:1,Escape_setEscapeEnvironment
FNF:42
FNH:18
DA:42,8
DA:44,8
DA:45,0
DA:47,8
DA:48,8
DA:49,8
DA:50,8
DA:52,14
DA:54,14
DA:55,14
DA:57,14
DA:58,14
DA:61,8
DA:63,8
DA:64,8
DA:66,8
DA:68,8
DA:69,8
DA:72,0
DA:74,0
DA:75,0
DA:77,0
DA:78,0
DA:80,0
DA:83,6
DA:85,6
DA:86,6
DA:88,8
DA:90,8
DA:96,4
DA:98,8
DA:100,0
DA:102,4
DA:105,4
DA:107,4
DA:122,0
DA:124,0
DA:127,0
DA:128,0
DA:129,0
DA:135,0
DA:136,0
DA:137,0
DA:139,0
DA:143,0
DA:147,0
DA:151,0
DA:154,0
DA:158,3
DA:162,3
DA:166,0
DA:170,0
DA:174,0
DA:178,0
DA:182,2
DA:186,2
DA:190,0
DA:194,0
DA:198,0
DA:202,0
DA:206,1
DA:209,1
DA:213,0
DA:216,0
DA:220,0
DA:223,0
DA:227,0
DA:230,0
DA:234,0
DA:237,0
DA:241,0
DA:244,0
DA:248,0
DA:252,0
DA:256,0
DA:259,0
DA:264,4
DA:267,4
DA:270,3
DA:271,3
DA:272,3
DA:274,1
DA:275,1
DA:276,1
DA:277,0
DA:279,4
DA:283,4
DA:285,4
DA:289,4
DA:291,4
DA:292,4
DA:293,4
DA:294,2
DA:296,4
DA:298,4
DA:304,0
DA:307,0
DA:311,2
DA:313,8
DA:315,4
DA:316,4
DA:317,4
DA:319,4
DA:321,2
DA:325,2
DA:330,2
DA:335,1
DA:336,1
DA:337,1
DA:342,1
DA:343,1
DA:344,1
DA:346,0
DA:349,2
DA:350,2
DA:351,2
DA:355,0
DA:357,0
DA:360,0
DA:362,0
DA:364,0
DA:365,0
DA:369,0
DA:371,0
DA:373,0
DA:374,0
DA:376,0
DA:378,0
DA:380,0
DA:382,0
DA:383,0
DA:385,0
DA:387,0
DA:389,0
DA:390,0
DA:391,0
DA:396,0
DA:399,0
DA:403,0
DA:406,0
DA:410,0
DA:413,0
DA:417,6
DA:419,6
DA:422,0
DA:425,0
DA:427,0
DA:429,3
DA:431,0
DA:433,0
DA:435,2
DA:437,0
DA:439,0
DA:441,1
DA:443,0
DA:445,0
DA:447,0
DA:449,0
DA:451,0
DA:453,0
DA:455,0
DA:457,0
DA:459,0
DA:461,0
DA:463,0
DA:465,0
DA:471,0
DA:473,0
DA:474,0
DA:476,8
DA:478,8
DA:479,8
DA:482,1
DA:484,1
DA:485,1
DA:488,1
DA:490,1
DA:491,1
DA:492,1
LF:179
LH:84
end_of_record
