TN:
SF:/home/lgxZJ/Projects/Tiger-Compiler/Chapter 6/myEscape.c
FN:36,Escape_addVarEntry
FN:46,Escape_getVarEntry
FN:58,makeEscapeEntry
FN:68,isVarNestedUsed
FN:79,setVarEscape
FN:84,getVarEscape
FN:93,getVarSymbol
FN:103,Escape_findEscape_Decs
FN:121,Escape_findEscape_LetExp
FN:131,Escape_findEscape_LValueExp
FN:152,Escape_findEscape_Exp
FN:206,Escape_findEscape
FN:211,Escape_isVarEscaped
FNDA:1,Escape_addVarEntry
FNDA:1,Escape_getVarEntry
FNDA:1,makeEscapeEntry
FNDA:0,isVarNestedUsed
FNDA:0,setVarEscape
FNDA:1,getVarEscape
FNDA:1,getVarSymbol
FNDA:1,Escape_findEscape_Decs
FNDA:1,Escape_findEscape_LetExp
FNDA:0,Escape_findEscape_LValueExp
FNDA:1,Escape_findEscape_Exp
FNDA:1,Escape_findEscape
FNDA:1,Escape_isVarEscaped
FNF:13
FNH:10
DA:36,1
DA:38,1
DA:39,1
DA:41,1
DA:42,1
DA:43,1
DA:44,1
DA:46,1
DA:48,1
DA:49,1
DA:51,1
DA:52,1
DA:58,1
DA:60,1
DA:61,1
DA:63,1
DA:64,1
DA:65,1
DA:68,0
DA:70,0
DA:71,0
DA:73,0
DA:74,0
DA:76,0
DA:79,0
DA:81,0
DA:82,0
DA:84,1
DA:86,1
DA:93,1
DA:95,1
DA:97,0
DA:98,1
DA:99,0
DA:103,1
DA:105,3
DA:107,1
DA:110,2
DA:111,1
DA:113,1
DA:117,1
DA:119,1
DA:121,1
DA:123,1
DA:125,1
DA:131,0
DA:133,0
DA:136,0
DA:137,0
DA:138,0
DA:144,0
DA:145,0
DA:146,0
DA:148,0
DA:152,1
DA:154,1
DA:192,2
DA:200,0
DA:206,1
DA:208,1
DA:209,1
DA:211,1
DA:213,1
DA:214,1
LF:64
LH:43
end_of_record
