TN:
SF:/home/lgxZJ/Projects/Tiger-Compiler/Chapter 5/recursiveFile.c
FN:28,isExpOneTypeOrIllegal
FN:47,isExpNoReturn
FN:52,isTypeDefined
FN:60,isExpLegal
FN:82,MySemantic_Dec_Type_OnePass
FN:121,MySemantic_Dec_Type_Named_TwoPass
FN:140,updateType_Named
FN:150,processNamedDecErrors
FN:178,MySemantic_Dec_Type_Record_TwoPass
FN:194,updateType_Record
FN:202,makeTypeFieldsFromTyFields_TwoPass
FN:243,MySemantic_Dec_Type_Array_TwoPass
FN:262,updateType_Array
FN:270,processArrayDecErrors
FN:283,MySemantic_Dec_Type_TwoPass
FN:319,MySemantic_Dec_Func_Procedure_OnePass
FN:339,AddOneProcedure_OnePass
FN:365,MySemantic_Dec_Func_Function_OnePass
FN:386,AddOneFunction_OnePass
FN:392,processFunctionErrors_OnePass
FN:410,MySemantic_Dec_Func_OnePass
FN:439,MySemantic_Dec_Func_Procedure_TwoPass
FN:478,MySemantic_Dec_Func_Function_TwoPass
FN:505,MySemantic_Dec_Func_TwoPass
FN:526,MySemantic_Dec_FuncOrType_OnePass
FN:543,MySemantic_Dec_FuncOrType_TwoPass
FN:561,MySemantic_Dec_Var_Pass
FN:577,MySemantic_Decs_FuncsOrTypes_OnePass
FN:584,MySemantic_Decs_FuncsOrTypes_TwoPass
FN:591,MySemantic_Decs_Vars_Pass
FN:598,PassTemplate
FN:618,MySemantic_Decs_Recursive
FN:651,getNextConsecutivePart
FN:671,detectIllegalRecursive_NamedTypes
FN:692,findRecordAndSetError
FN:703,addRecord
FNDA:8,isExpOneTypeOrIllegal
FNDA:8,isExpNoReturn
FNDA:25,isTypeDefined
FNDA:7,isExpLegal
FNDA:19,MySemantic_Dec_Type_OnePass
FNDA:10,MySemantic_Dec_Type_Named_TwoPass
FNDA:8,updateType_Named
FNDA:2,processNamedDecErrors
FNDA:4,MySemantic_Dec_Type_Record_TwoPass
FNDA:3,updateType_Record
FNDA:7,makeTypeFieldsFromTyFields_TwoPass
FNDA:5,MySemantic_Dec_Type_Array_TwoPass
FNDA:3,updateType_Array
FNDA:2,processArrayDecErrors
FNDA:6,MySemantic_Dec_Type_TwoPass
FNDA:8,MySemantic_Dec_Func_Procedure_OnePass
FNDA:7,AddOneProcedure_OnePass
FNDA:6,MySemantic_Dec_Func_Function_OnePass
FNDA:4,AddOneFunction_OnePass
FNDA:2,processFunctionErrors_OnePass
FNDA:3,MySemantic_Dec_Func_OnePass
FNDA:8,MySemantic_Dec_Func_Procedure_TwoPass
FNDA:7,MySemantic_Dec_Func_Function_TwoPass
FNDA:3,MySemantic_Dec_Func_TwoPass
FNDA:6,MySemantic_Dec_FuncOrType_OnePass
FNDA:6,MySemantic_Dec_FuncOrType_TwoPass
FNDA:4,MySemantic_Dec_Var_Pass
FNDA:2,MySemantic_Decs_FuncsOrTypes_OnePass
FNDA:2,MySemantic_Decs_FuncsOrTypes_TwoPass
FNDA:2,MySemantic_Decs_Vars_Pass
FNDA:6,PassTemplate
FNDA:7,MySemantic_Decs_Recursive
FNDA:8,getNextConsecutivePart
FNDA:2,detectIllegalRecursive_NamedTypes
FNDA:6,findRecordAndSetError
FNDA:7,addRecord
FNF:36
FNH:36
DA:28,8
DA:32,8
DA:34,8
DA:36,8
DA:38,8
DA:40,0
DA:41,8
DA:42,0
DA:43,0
DA:47,8
DA:49,8
DA:52,25
DA:54,25
DA:56,25
DA:60,7
DA:63,7
DA:65,7
DA:68,7
DA:69,6
DA:82,19
DA:84,19
DA:86,19
DA:89,19
DA:92,11
DA:93,11
DA:95,4
DA:96,4
DA:98,4
DA:99,4
DA:102,19
DA:103,19
DA:121,10
DA:124,10
DA:126,10
DA:127,10
DA:128,10
DA:130,8
DA:131,8
DA:135,2
DA:136,2
DA:140,8
DA:143,8
DA:145,8
DA:147,8
DA:148,8
DA:150,2
DA:153,2
DA:154,1
DA:156,2
DA:157,1
DA:159,2
DA:178,4
DA:182,4
DA:185,4
DA:187,3
DA:188,3
DA:191,1
DA:194,3
DA:197,3
DA:198,3
DA:199,3
DA:202,7
DA:205,7
DA:207,4
DA:209,4
DA:211,3
DA:215,3
DA:217,3
DA:218,3
DA:221,1
DA:223,1
DA:243,5
DA:246,5
DA:247,5
DA:249,5
DA:251,3
DA:252,3
DA:256,2
DA:258,2
DA:262,3
DA:265,3
DA:266,3
DA:267,3
DA:268,3
DA:270,2
DA:273,2
DA:274,1
DA:276,2
DA:277,1
DA:279,2
DA:283,6
DA:285,6
DA:286,6
DA:289,6
DA:290,6
DA:292,0
DA:293,0
DA:295,0
DA:296,0
DA:298,0
DA:319,8
DA:322,8
DA:323,8
DA:325,8
DA:327,7
DA:328,7
DA:332,1
DA:335,1
DA:339,7
DA:342,7
DA:343,7
DA:365,6
DA:368,6
DA:369,6
DA:370,6
DA:371,6
DA:373,6
DA:375,4
DA:376,4
DA:380,2
DA:382,2
DA:386,4
DA:389,4
DA:390,4
DA:392,2
DA:395,2
DA:397,2
DA:398,1
DA:401,2
DA:402,1
DA:405,2
DA:410,3
DA:413,3
DA:415,3
DA:418,3
DA:421,0
DA:424,0
DA:439,8
DA:442,8
DA:443,8
DA:445,8
DA:446,8
DA:448,8
DA:450,8
DA:451,7
DA:454,1
DA:457,1
DA:478,7
DA:481,7
DA:482,7
DA:484,7
DA:485,7
DA:487,7
DA:488,7
DA:489,6
DA:492,7
DA:494,7
DA:495,5
DA:498,2
DA:501,2
DA:505,3
DA:508,3
DA:510,3
DA:513,3
DA:516,0
DA:519,0
DA:526,6
DA:528,6
DA:531,3
DA:533,3
DA:535,0
DA:543,6
DA:546,6
DA:549,3
DA:552,3
DA:555,0
DA:561,4
DA:564,4
DA:577,2
DA:580,2
DA:584,2
DA:587,2
DA:591,2
DA:594,2
DA:598,6
DA:602,27
DA:604,16
DA:605,1
DA:606,15
DA:608,5
DA:618,7
DA:621,7
DA:622,7
DA:623,2
DA:625,5
DA:627,13
DA:629,5
DA:631,2
DA:633,1
DA:637,5
DA:638,2
DA:639,1
DA:641,2
DA:642,2
DA:643,2
DA:645,0
DA:648,3
DA:651,8
DA:653,8
DA:655,5
DA:656,26
DA:657,8
DA:658,8
DA:660,5
DA:661,0
DA:663,5
DA:671,2
DA:673,2
DA:674,2
DA:676,9
DA:678,6
DA:679,6
DA:680,1
DA:682,5
DA:683,5
DA:684,2
DA:685,2
DA:687,5
DA:689,1
DA:692,6
DA:694,6
DA:696,1
DA:698,1
DA:700,5
DA:703,7
DA:705,7
DA:706,7
DA:707,7
LF:238
LH:222
end_of_record
