TN:
SF:/home/lgxZJ/Projects/Tiger-Compiler/Chapter 5/recursiveDecs.c
FN:37,MySemantic_Dec_Type_OnePass
FN:76,MySemantic_Dec_Type_Named_TwoPass
FN:95,updateType_Named
FN:105,processNamedDecErrors
FN:133,MySemantic_Dec_Type_Record_TwoPass
FN:149,updateType_Record
FN:157,makeTypeFieldsFromTyFields_TwoPass
FN:202,MySemantic_Dec_Type_Array_TwoPass
FN:221,updateType_Array
FN:229,processArrayDecErrors
FN:242,MySemantic_Dec_Type_TwoPass
FN:280,MySemantic_Dec_Func_Procedure_OnePass
FN:300,isFuncParamTypesDefined
FN:320,AddOneProcedure_OnePass
FN:326,getTypesFromTyFields
FN:338,AddOneFunc
FN:351,AddOneProcedure
FN:378,MySemantic_Dec_Func_Function_OnePass
FN:405,AddOneFunction_OnePass
FN:410,AddOneFunction
FN:420,processFunctionErrors_OnePass
FN:438,MySemantic_Dec_Func_OnePass
FN:471,MySemantic_Dec_Func_Procedure_TwoPass
FN:493,addFormalsToScope
FN:527,MySemantic_Dec_Func_Function_TwoPass
FN:554,isFunctionReturnTypeMatchesOrNil
FN:567,MySemantic_Dec_Func_TwoPass
FN:589,MySemantic_Dec_FuncOrType_OnePass
FN:603,MySemantic_Dec_FuncOrType_TwoPass
FN:619,MySemantic_Dec_Var_Pass
FN:635,MySemantic_Decs_FuncsOrTypes_OnePass
FN:642,MySemantic_Decs_FuncsOrTypes_TwoPass
FN:649,MySemantic_Decs_Vars_Pass
FN:656,PassTemplate
FN:678,MySemantic_Decs_Recursive
FN:713,copyDecs
FN:732,isAllDecsNamed
FN:744,getNextConsecutivePart
FN:772,detectIllegalRecursive_SameTypeOrFuncDecs
FN:791,detectIllegalRecursive_SameTypeOrFuncDec
FN:804,resetDetectState
FN:818,detectConsecutivelySameFuncOrTypeDec
FN:839,getNameFromFuncDec
FN:849,getNameFromDec
FN:869,detectIllegalRecursive_NamedTypes
FN:891,findRecordAndSetError
FN:902,isSymbolIntOrString
FN:908,addRecord
FNDA:19,MySemantic_Dec_Type_OnePass
FNDA:10,MySemantic_Dec_Type_Named_TwoPass
FNDA:8,updateType_Named
FNDA:2,processNamedDecErrors
FNDA:4,MySemantic_Dec_Type_Record_TwoPass
FNDA:3,updateType_Record
FNDA:7,makeTypeFieldsFromTyFields_TwoPass
FNDA:5,MySemantic_Dec_Type_Array_TwoPass
FNDA:3,updateType_Array
FNDA:2,processArrayDecErrors
FNDA:6,MySemantic_Dec_Type_TwoPass
FNDA:8,MySemantic_Dec_Func_Procedure_OnePass
FNDA:14,isFuncParamTypesDefined
FNDA:7,AddOneProcedure_OnePass
FNDA:14,getTypesFromTyFields
FNDA:11,AddOneFunc
FNDA:7,AddOneProcedure
FNDA:6,MySemantic_Dec_Func_Function_OnePass
FNDA:4,AddOneFunction_OnePass
FNDA:4,AddOneFunction
FNDA:2,processFunctionErrors_OnePass
FNDA:3,MySemantic_Dec_Func_OnePass
FNDA:8,MySemantic_Dec_Func_Procedure_TwoPass
FNDA:15,addFormalsToScope
FNDA:7,MySemantic_Dec_Func_Function_TwoPass
FNDA:6,isFunctionReturnTypeMatchesOrNil
FNDA:3,MySemantic_Dec_Func_TwoPass
FNDA:6,MySemantic_Dec_FuncOrType_OnePass
FNDA:6,MySemantic_Dec_FuncOrType_TwoPass
FNDA:4,MySemantic_Dec_Var_Pass
FNDA:2,MySemantic_Decs_FuncsOrTypes_OnePass
FNDA:2,MySemantic_Decs_FuncsOrTypes_TwoPass
FNDA:2,MySemantic_Decs_Vars_Pass
FNDA:6,PassTemplate
FNDA:7,MySemantic_Decs_Recursive
FNDA:5,copyDecs
FNDA:3,isAllDecsNamed
FNDA:8,getNextConsecutivePart
FNDA:7,detectIllegalRecursive_SameTypeOrFuncDecs
FNDA:17,detectIllegalRecursive_SameTypeOrFuncDec
FNDA:7,resetDetectState
FNDA:13,detectConsecutivelySameFuncOrTypeDec
FNDA:5,getNameFromFuncDec
FNDA:13,getNameFromDec
FNDA:2,detectIllegalRecursive_NamedTypes
FNDA:6,findRecordAndSetError
FNDA:5,isSymbolIntOrString
FNDA:6,addRecord
FNF:48
FNH:48
DA:37,19
DA:39,19
DA:41,19
DA:44,19
DA:47,11
DA:48,11
DA:50,4
DA:51,4
DA:53,4
DA:54,4
DA:57,19
DA:58,19
DA:76,10
DA:79,10
DA:81,10
DA:82,10
DA:83,10
DA:85,8
DA:86,8
DA:90,2
DA:91,2
DA:95,8
DA:98,8
DA:100,8
DA:102,8
DA:103,8
DA:105,2
DA:108,2
DA:109,1
DA:111,2
DA:112,1
DA:114,2
DA:133,4
DA:137,4
DA:140,4
DA:142,3
DA:143,3
DA:146,1
DA:149,3
DA:152,3
DA:153,3
DA:154,3
DA:157,7
DA:160,7
DA:162,4
DA:164,4
DA:166,3
DA:170,3
DA:172,3
DA:173,3
DA:175,0
DA:179,1
DA:181,1
DA:202,5
DA:205,5
DA:206,5
DA:208,5
DA:210,3
DA:211,3
DA:215,2
DA:217,2
DA:221,3
DA:224,3
DA:225,3
DA:226,3
DA:227,3
DA:229,2
DA:232,2
DA:233,1
DA:235,2
DA:236,1
DA:238,2
DA:242,6
DA:244,6
DA:245,6
DA:248,6
DA:249,6
DA:251,0
DA:252,0
DA:254,0
DA:255,0
DA:257,0
DA:280,8
DA:283,8
DA:284,8
DA:286,8
DA:288,7
DA:289,7
DA:293,1
DA:296,1
DA:300,14
DA:302,32
DA:304,6
DA:305,6
DA:306,2
DA:308,4
DA:311,12
DA:320,7
DA:323,7
DA:324,7
DA:326,14
DA:329,14
DA:331,3
DA:332,3
DA:333,3
DA:338,11
DA:342,11
DA:345,11
DA:347,11
DA:349,11
DA:351,7
DA:354,7
DA:356,7
DA:378,6
DA:381,6
DA:382,6
DA:383,6
DA:384,6
DA:386,6
DA:388,4
DA:389,4
DA:393,2
DA:395,2
DA:405,4
DA:408,4
DA:409,4
DA:410,4
DA:413,4
DA:414,4
DA:415,4
DA:417,4
DA:420,2
DA:423,2
DA:425,2
DA:426,1
DA:429,2
DA:430,1
DA:433,2
DA:438,3
DA:441,3
DA:443,3
DA:446,3
DA:449,0
DA:452,0
DA:471,8
DA:474,8
DA:475,8
DA:477,8
DA:478,8
DA:480,8
DA:482,8
DA:483,7
DA:486,1
DA:489,1
DA:493,15
DA:496,37
DA:498,7
DA:499,7
DA:500,7
DA:502,7
DA:506,7
DA:508,15
DA:527,7
DA:530,7
DA:531,7
DA:533,7
DA:534,7
DA:536,7
DA:537,7
DA:538,6
DA:541,7
DA:543,7
DA:544,5
DA:547,2
DA:550,2
DA:554,6
DA:557,6
DA:558,6
DA:559,6
DA:560,6
DA:561,13
DA:562,3
DA:567,3
DA:570,3
DA:572,3
DA:575,3
DA:578,0
DA:581,0
DA:589,6
DA:591,6
DA:594,3
DA:596,3
DA:598,0
DA:603,6
DA:606,6
DA:609,3
DA:612,3
DA:615,0
DA:619,4
DA:622,4
DA:635,2
DA:638,2
DA:642,2
DA:645,2
DA:649,2
DA:652,2
DA:656,6
DA:660,27
DA:662,16
DA:663,1
DA:664,15
DA:666,5
DA:678,7
DA:681,7
DA:682,7
DA:683,2
DA:687,5
DA:689,13
DA:691,5
DA:693,2
DA:695,1
DA:699,5
DA:700,2
DA:701,1
DA:703,2
DA:704,2
DA:705,2
DA:707,0
DA:710,3
DA:713,5
DA:715,5
DA:717,5
DA:719,5
DA:720,23
DA:722,13
DA:723,13
DA:724,21
DA:725,8
DA:727,13
DA:729,5
DA:732,3
DA:734,12
DA:736,13
DA:737,6
DA:738,1
DA:739,6
DA:741,2
DA:744,8
DA:746,8
DA:748,5
DA:749,26
DA:750,8
DA:751,8
DA:753,5
DA:754,0
DA:756,5
DA:772,7
DA:774,29
DA:776,17
DA:778,2
DA:779,2
DA:781,15
DA:783,5
DA:784,5
DA:791,17
DA:793,17
DA:795,4
DA:796,4
DA:797,4
DA:800,13
DA:804,7
DA:806,7
DA:807,7
DA:808,7
DA:818,13
DA:821,13
DA:822,13
DA:824,21
DA:825,8
DA:827,2
DA:829,2
DA:833,11
DA:834,11
DA:835,11
DA:839,5
DA:841,5
DA:843,0
DA:844,5
DA:845,0
DA:849,13
DA:851,13
DA:854,8
DA:856,5
DA:857,0
DA:869,2
DA:871,2
DA:872,2
DA:874,9
DA:876,6
DA:877,6
DA:878,1
DA:880,5
DA:881,4
DA:882,5
DA:883,2
DA:884,2
DA:886,5
DA:888,1
DA:891,6
DA:893,6
DA:895,1
DA:897,1
DA:899,5
DA:902,5
DA:904,9
DA:905,4
DA:908,6
DA:910,6
DA:911,6
DA:912,6
LF:320
LH:303
end_of_record
