TN:
SF:/home/lgxZJ/Projects/Tiger-Compiler/Chapter 5/myError.c
FN:100,MyError_pushErrorCodeWithMsg
FN:123,MyError_pushErrorCode
FN:130,MyError_getErrorCode
FN:137,MyError_getErrorMsg
FN:146,MyError_getErrorCount
FN:152,MyError_getErrorCapacity
FN:157,MyError_isErrorSet
FN:163,MyError_clearErrors
FN:169,MyError_printErrors
FNDA:38,MyError_pushErrorCodeWithMsg
FNDA:4,MyError_pushErrorCode
FNDA:35,MyError_getErrorCode
FNDA:36,MyError_getErrorMsg
FNDA:13,MyError_getErrorCount
FNDA:1,MyError_getErrorCapacity
FNDA:1,MyError_isErrorSet
FNDA:2,MyError_clearErrors
FNDA:1,MyError_printErrors
FNF:9
FNH:9
DA:100,38
DA:105,38
DA:107,2
DA:108,2
DA:110,2
DA:112,2
DA:113,2
DA:114,2
DA:118,38
DA:119,38
DA:120,38
DA:121,38
DA:123,4
DA:125,4
DA:126,4
DA:130,35
DA:132,35
DA:134,35
DA:137,36
DA:139,36
DA:141,36
DA:146,13
DA:148,13
DA:152,1
DA:154,1
DA:157,1
DA:159,1
DA:163,2
DA:165,2
DA:166,2
DA:169,1
DA:173,4
DA:175,3
DA:177,3
DA:178,2
DA:180,1
DA:183,1
DA:184,1
LF:38
LH:38
end_of_record
