TN:
SF:/home/lgxZJ/Projects/Tiger-Compiler/Chapter 5/myError.c
FN:103,MyError_pushErrorCodeWithMsg
FN:126,MyError_pushErrorCode
FN:133,MyError_getErrorCode
FN:140,MyError_getErrorMsg
FN:149,MyError_getErrorCount
FN:155,MyError_getErrorCapacity
FN:160,MyError_isErrorSet
FN:166,MyError_clearErrors
FN:172,MyError_printErrors
FNDA:38,MyError_pushErrorCodeWithMsg
FNDA:4,MyError_pushErrorCode
FNDA:35,MyError_getErrorCode
FNDA:36,MyError_getErrorMsg
FNDA:13,MyError_getErrorCount
FNDA:1,MyError_getErrorCapacity
FNDA:1,MyError_isErrorSet
FNDA:2,MyError_clearErrors
FNDA:1,MyError_printErrors
FNF:9
FNH:9
DA:103,38
DA:108,38
DA:110,2
DA:111,2
DA:113,2
DA:115,2
DA:116,2
DA:117,2
DA:121,38
DA:122,38
DA:123,38
DA:124,38
DA:126,4
DA:128,4
DA:129,4
DA:133,35
DA:135,35
DA:137,35
DA:140,36
DA:142,36
DA:144,36
DA:149,13
DA:151,13
DA:155,1
DA:157,1
DA:160,1
DA:162,1
DA:166,2
DA:168,2
DA:169,2
DA:172,1
DA:174,4
DA:176,3
DA:178,3
DA:179,2
DA:181,1
DA:184,1
DA:185,1
LF:38
LH:38
end_of_record
