TN:
SF:/home/lgxZJ/Projects/Tiger-Compiler/Chapter 5/mySymbol.c
FN:27,MySymbol_InvalidSymbol
FN:38,makeSymbol_
FN:55,hashFunc_MySymbol
FN:66,MySymbol_MakeSymbol
FN:87,MySymbol_GetName
FN:100,MySymbol_MakeNewTable
FN:106,MySymbol_Enter
FN:115,MySymbol_Look
FN:128,MySymbol_BeginScope
FN:135,MySymbol_EndScope
FNDA:36,MySymbol_InvalidSymbol
FNDA:9,makeSymbol_
FNDA:17,hashFunc_MySymbol
FNDA:19,MySymbol_MakeSymbol
FNDA:36,MySymbol_GetName
FNDA:9,MySymbol_MakeNewTable
FNDA:22,MySymbol_Enter
FNDA:12,MySymbol_Look
FNDA:7,MySymbol_BeginScope
FNDA:2,MySymbol_EndScope
FNF:10
FNH:10
DA:27,36
DA:29,36
DA:30,35
DA:32,71
DA:38,9
DA:41,9
DA:42,0
DA:44,9
DA:46,9
DA:47,9
DA:49,9
DA:55,17
DA:58,17
DA:59,17
DA:66,19
DA:69,19
DA:70,2
DA:73,17
DA:74,25
DA:77,16
DA:81,9
DA:82,9
DA:84,9
DA:87,36
DA:89,36
DA:90,36
DA:100,9
DA:102,9
DA:106,22
DA:108,22
DA:109,22
DA:110,22
DA:111,22
DA:115,12
DA:117,12
DA:118,12
DA:119,12
DA:128,7
DA:130,7
DA:131,7
DA:132,7
DA:135,5
DA:141,5
DA:142,5
DA:143,2
LF:45
LH:44
end_of_record
