TN:
SF:/home/lgxZJ/Projects/Tiger-Compiler/Chapter 6/myTemp.c
FN:15,Temp_getTotalTempCount
FN:20,Temp_getTotalLabelCount
FN:26,Temp_isLabelEqual
FN:31,Temp_newTemp
FN:40,Temp_newLabel
FN:51,Temp_newNamedLabel
FN:56,Temp_getLabelString
FNDA:2,Temp_getTotalTempCount
FNDA:2,Temp_getTotalLabelCount
FNDA:3,Temp_isLabelEqual
FNDA:2,Temp_newTemp
FNDA:7,Temp_newLabel
FNDA:12,Temp_newNamedLabel
FNDA:4,Temp_getLabelString
FNF:7
FNH:7
DA:15,2
DA:20,2
DA:26,3
DA:28,3
DA:31,2
DA:33,2
DA:34,2
DA:36,2
DA:37,2
DA:40,7
DA:42,7
DA:43,7
DA:45,7
DA:46,7
DA:51,12
DA:53,12
DA:56,4
DA:58,4
LF:18
LH:18
end_of_record
