TN:
SF:/home/lgxZJ/Projects/Tiger-Compiler/Chapter 5/myEnvironment.c
FN:9,makeEntry_Var
FN:21,makeEntry_Func
FN:34,myEnvironment_isVarEntry
FN:39,myEnvironment_isFuncEntry
FN:45,MyEnvironment_addNewVarOrFunc
FN:52,MyEnvironment_addNewType
FN:60,MyEnvironment_getVarOrFunc
FN:67,MyEnvironment_getType
FN:77,myEnvironment_BaseVarAndFunc
FN:165,myEnvironment_BaseType
FNDA:2,makeEntry_Var
FNDA:21,makeEntry_Func
FNDA:1,myEnvironment_isVarEntry
FNDA:1,myEnvironment_isFuncEntry
FNDA:1,MyEnvironment_addNewVarOrFunc
FNDA:1,MyEnvironment_addNewType
FNDA:1,MyEnvironment_getVarOrFunc
FNDA:1,MyEnvironment_getType
FNDA:2,myEnvironment_BaseVarAndFunc
FNDA:2,myEnvironment_BaseType
FNF:10
FNH:10
DA:9,2
DA:11,2
DA:13,2
DA:15,2
DA:16,2
DA:18,2
DA:21,21
DA:23,21
DA:25,21
DA:27,21
DA:28,21
DA:29,21
DA:31,21
DA:34,1
DA:36,1
DA:39,1
DA:41,1
DA:45,1
DA:48,1
DA:49,1
DA:50,1
DA:52,1
DA:55,1
DA:56,1
DA:57,1
DA:60,1
DA:63,1
DA:67,1
DA:70,1
DA:77,2
DA:79,2
DA:80,2
DA:84,2
DA:87,2
DA:88,2
DA:91,2
DA:94,2
DA:95,2
DA:98,2
DA:101,2
DA:102,2
DA:105,2
DA:108,2
DA:109,2
DA:112,2
DA:115,2
DA:116,2
DA:119,2
DA:122,2
DA:123,2
DA:126,2
DA:133,2
DA:134,2
DA:137,2
DA:144,2
DA:145,2
DA:148,2
DA:151,2
DA:152,2
DA:155,2
DA:158,2
DA:159,2
DA:161,2
DA:165,2
DA:167,2
DA:168,2
DA:171,2
DA:173,2
DA:174,2
DA:176,2
DA:177,2
DA:178,2
DA:180,2
LF:73
LH:73
end_of_record
