TN:
SF:/home/lgxZJ/Projects/Tiger-Compiler/Chapter 5/myEnvironment.c
FN:21,myEnvironment_makeVarEntry
FN:33,myEnvironment_makeFuncEntry
FN:47,myEnvironment_isVarEntry
FN:52,myEnvironment_isFuncEntry
FN:58,MyEnvironment_addNewVarOrFunc
FN:64,MyEnvironment_addNewType
FN:71,MyEnvironment_getVarOrFuncFromName
FN:77,MyEnvironment_getVarTypeOfVar
FN:85,MyEnvironment_getTypeFromName
FN:92,MyEnvironment_getFormalTypesOfFunc
FN:100,MyEnvironment_getReturnTypeOfFunc
FN:107,MyEnvironment_setTypeFromName
FN:119,myEnvironment_BaseVarAndFunc
FN:197,myEnvironment_BaseType
FNDA:2,myEnvironment_makeVarEntry
FNDA:21,myEnvironment_makeFuncEntry
FNDA:2,myEnvironment_isVarEntry
FNDA:3,myEnvironment_isFuncEntry
FNDA:1,MyEnvironment_addNewVarOrFunc
FNDA:2,MyEnvironment_addNewType
FNDA:1,MyEnvironment_getVarOrFuncFromName
FNDA:1,MyEnvironment_getVarTypeOfVar
FNDA:2,MyEnvironment_getTypeFromName
FNDA:1,MyEnvironment_getFormalTypesOfFunc
FNDA:1,MyEnvironment_getReturnTypeOfFunc
FNDA:1,MyEnvironment_setTypeFromName
FNDA:2,myEnvironment_BaseVarAndFunc
FNDA:3,myEnvironment_BaseType
FNF:14
FNH:14
DA:21,2
DA:23,2
DA:25,2
DA:27,2
DA:28,2
DA:30,2
DA:33,21
DA:36,21
DA:38,21
DA:40,21
DA:41,21
DA:42,21
DA:44,21
DA:47,2
DA:49,2
DA:52,3
DA:54,3
DA:58,1
DA:61,1
DA:62,1
DA:64,2
DA:67,2
DA:68,2
DA:71,1
DA:74,1
DA:77,1
DA:79,1
DA:80,1
DA:81,1
DA:85,2
DA:88,2
DA:92,1
DA:94,1
DA:95,1
DA:96,1
DA:100,1
DA:102,1
DA:103,1
DA:104,1
DA:107,1
DA:110,1
DA:111,1
DA:112,1
DA:119,2
DA:121,2
DA:122,2
DA:125,2
DA:128,2
DA:131,2
DA:134,2
DA:138,2
DA:141,2
DA:144,2
DA:147,2
DA:150,2
DA:153,2
DA:156,2
DA:159,2
DA:162,2
DA:169,2
DA:172,2
DA:179,2
DA:182,2
DA:185,2
DA:188,2
DA:191,2
DA:193,2
DA:197,3
DA:199,3
DA:200,3
DA:202,3
DA:204,3
DA:206,3
DA:207,3
DA:209,3
LF:75
LH:75
end_of_record
