TN:
SF:/home/lgxZJ/Projects/Tiger-Compiler/Chapter 5/typeChecker.c
FN:10,checkType_RecordContainsFields
FN:30,isTypeInt
FN:31,isTypeString
FN:32,isTypeNil
FN:33,isTypeNoReturn
FN:34,isTypeArray
FN:35,isTypeRecord
FN:36,isTypeNamed
FN:42,isArrayEqual_
FN:49,isRecordEqual_
FN:56,isNamedEqual_
FN:61,isTypeEqual
FNDA:5,checkType_RecordContainsFields
FNDA:2,isTypeInt
FNDA:2,isTypeString
FNDA:2,isTypeNil
FNDA:2,isTypeNoReturn
FNDA:5,isTypeArray
FNDA:2,isTypeRecord
FNDA:2,isTypeNamed
FNDA:4,isArrayEqual_
FNDA:2,isRecordEqual_
FNDA:2,isNamedEqual_
FNDA:17,isTypeEqual
FNF:12
FNH:12
DA:10,5
DA:12,5
DA:13,2
DA:14,3
DA:15,1
DA:17,2
DA:18,5
DA:20,2
DA:21,1
DA:22,1
DA:25,1
DA:30,2
DA:31,2
DA:32,2
DA:33,2
DA:34,5
DA:35,2
DA:36,2
DA:42,4
DA:44,4
DA:49,2
DA:51,2
DA:56,2
DA:58,2
DA:61,17
DA:63,17
DA:65,2
DA:66,2
DA:67,2
DA:68,2
DA:70,9
DA:71,4
DA:73,4
DA:74,2
DA:76,4
DA:77,2
DA:79,0
LF:37
LH:36
end_of_record
