TN:
SF:/home/lgxZJ/Projects/Tiger-Compiler/Compiler/Lexical-Analysis/myReport.c
FN:10,resetPos
FN:16,recordTokenPos
FN:25,getCurrentPosInfo
FN:33,outputReport
FN:107,errorReport
FNDA:1,resetPos
FNDA:2,recordTokenPos
FNDA:5,getCurrentPosInfo
FNDA:0,outputReport
FNDA:0,errorReport
FNF:5
FNH:3
DA:10,1
DA:12,1
DA:13,1
DA:14,1
DA:16,2
DA:18,2
DA:19,1
DA:20,1
DA:22,2
DA:23,2
DA:25,5
DA:27,5
DA:33,0
DA:35,0
DA:38,0
DA:39,0
DA:41,0
DA:42,0
DA:43,0
DA:44,0
DA:45,0
DA:46,0
DA:47,0
DA:48,0
DA:49,0
DA:50,0
DA:51,0
DA:52,0
DA:53,0
DA:54,0
DA:55,0
DA:56,0
DA:57,0
DA:58,0
DA:59,0
DA:60,0
DA:61,0
DA:62,0
DA:63,0
DA:64,0
DA:65,0
DA:66,0
DA:67,0
DA:68,0
DA:69,0
DA:70,0
DA:71,0
DA:72,0
DA:73,0
DA:74,0
DA:75,0
DA:76,0
DA:77,0
DA:78,0
DA:79,0
DA:80,0
DA:81,0
DA:82,0
DA:83,0
DA:84,0
DA:85,0
DA:88,0
DA:90,0
DA:91,0
DA:93,0
DA:94,0
DA:95,0
DA:97,0
DA:99,0
DA:100,0
DA:101,0
DA:104,0
DA:107,0
DA:109,0
LF:74
LH:12
end_of_record
