TN:
SF:/home/lgxZJ/Projects/Tiger-Compiler/Chapter 5/mySemantic.c
FN:31,isExpLegal
FN:43,isExpOneTypeOrIllegal
FN:62,isExpInt
FN:67,isExpNoReturn
FN:72,isExpArray
FN:77,isExpSameInstance
FN:82,isTwoExpsTypeMatches
FN:93,isExpThisArrayElement
FN:106,isLValueExpLegal
FN:115,getExpResultType
FN:126,getLValueExpResultType
FN:144,make_MyTranslationAndType
FN:164,getTypeFromName
FN:172,getVarOrFuncFromName
FN:180,getVariableType
FN:190,getFunctionReturnType
FN:200,getFunctionFormalTypes
FN:211,isVariableDeclared
FN:224,isFuncDefined
FN:237,isTypeDefined
FN:245,getActualType
FN:291,MySemantic_LValueExp
FN:328,MySemantic_LValueExp_SimpleVar
FN:379,MySemantic_LValueExp_RecordField
FN:406,isVariableRecordType
FN:412,processRecordFieldErrors
FN:430,analyzeRecordFields
FN:461,typeContainsLValueAux
FN:477,recordContainsLValueAux
FN:514,arrayContainsLValueAux
FN:566,MySemantic_LValueExp_ArraySubscript
FN:591,isVariableArrayType
FN:602,processArraySubscriptErrors
FN:629,analyzeRecursiveArraySubscripts
FN:689,MySemantic_FunctionCallExp
FN:715,MySemantic_FunctionCallExp_NoParam
FN:744,MySemantic_FunctionCallExp_Param
FN:770,analyzeParamsOfFunction
FN:809,isNilValueOfRecordType
FN:814,isFormalTypeMatchesRealTypeOrNil
FN:835,MySemantic_NilExp
FN:858,MySemantic_IntegerLiteralExp
FN:881,MySemantic_StringLiteralExp
FN:912,MySemantic_ArrayCreationExp
FN:935,isValueTypeMatchesArrayElementOrNil
FN:948,isTypeDefinedAsArray
FN:955,processArrayCreationErrors
FN:997,MySemantic_RecordCreationExp
FN:1024,MySemantic_RecordCreationExp_NoField
FN:1064,MySemantic_RecordCreationExp_Field
FN:1087,processFieldRecordCreationErrors
FN:1101,isTypeDefinedAsRecord
FN:1117,ifFieldNamesAndTypesMatches
FN:1140,isOneFieldMatches
FN:1162,isTypeAndNameMatchesOrNil
FN:1186,MySemantic_ArithmeticExp
FN:1202,processArithmeticErrors
FN:1225,MySemantic_ParenthesesExp
FN:1247,MySemantic_NoValueExp
FN:1266,MySemantic_SequencingExp
FN:1311,MySemantic_ForExp
FN:1334,addLoopVarToScope
FN:1341,processForErrors
FN:1376,MySemantic_IfThenElseExp
FN:1405,getThenElseResultType
FN:1425,isTwoClausesTypeMatchesOrNil
FN:1431,isOneRecordTypeAnotherNil
FN:1437,processIfThenElseErrors
FN:1470,MySemantic_IfThenExp
FN:1485,processIfThenErrors
FN:1515,MySemantic_ComparisonExp
FN:1540,isTwoComparisonOperandsAllIntsOrNil
FN:1552,processComparisonErrors
FN:1581,MySemantic_BooleanOperateExp
FN:1598,processBooleanOperateErrors
FN:1627,MySemantic_AssignmentExp
FN:1652,isAssignmentOperandsTypeMatchOrNil
FN:1663,processAssignmentErrors
FN:1687,MySemantic_Dec_Type_Named
FN:1720,MySemantic_Dec_Type_Record
FN:1736,makeRecordFromTyFields
FN:1746,makeTypeFieldsFromTyFields
FN:1779,MySemantic_Dec_Type_Array
FN:1806,MySemantic_Dec_Type
FN:1838,MySemantic_Dec_Var_ShortForm
FN:1882,MySemantic_Dec_Var_LongForm
FN:1911,isVarDecValueTypeMatchesGivenType
FN:1922,processLongFormVarDecErrors
FN:1946,MySemantic_Dec_Var
FN:1987,MySemantic_Dec_Func_Procedure
FN:2018,isFuncParamTypesDefined
FN:2032,addFormalsToScope
FN:2053,AddOneProcedure
FN:2061,AddOneFunc
FN:2074,getTypesFromTyFields
FN:2086,processProcedureErrors
FN:2127,MySemantic_Dec_Func_Function
FN:2165,isFunctionReturnTypeMatchesOrNil
FN:2176,AddOneFunction
FN:2185,processFunctionErrors
FN:2216,MySemantic_Dec_Func
FN:2235,MySemantic_Dec
FN:2265,MySemantic_Decs
FN:2283,getNameFromFuncDec
FN:2293,getNameFromDec
FN:2305,detectConsecutivelySameFuncOrTypeDec
FN:2326,detectConsecutivelySameDec
FN:2342,detectConsecutivelySameDecs
FN:2376,MySemantic_LetExp
FN:2403,areExpressionsLegal
FN:2416,getLastExpResultType
FN:2426,processLetErrors
FN:2451,MySemantic_WhileExp
FN:2468,processWhileErrors
FN:2491,MySemantic_NegationExp
FN:2504,processNegationErrors
FN:2523,MySemantic_BreakExp
FN:2533,MySemantic_Exp
FNDA:89,isExpLegal
FNDA:90,isExpOneTypeOrIllegal
FNDA:70,isExpInt
FNDA:20,isExpNoReturn
FNDA:0,isExpArray
FNDA:0,isExpSameInstance
FNDA:0,isTwoExpsTypeMatches
FNDA:6,isExpThisArrayElement
FNDA:8,isLValueExpLegal
FNDA:50,getExpResultType
FNDA:6,getLValueExpResultType
FNDA:323,make_MyTranslationAndType
FNDA:82,getTypeFromName
FNDA:8,getVarOrFuncFromName
FNDA:20,getVariableType
FNDA:5,getFunctionReturnType
FNDA:3,getFunctionFormalTypes
FNDA:28,isVariableDeclared
FNDA:8,isFuncDefined
FNDA:68,isTypeDefined
FNDA:8,getActualType
FNDA:18,MySemantic_LValueExp
FNDA:20,MySemantic_LValueExp_SimpleVar
FNDA:4,MySemantic_LValueExp_RecordField
FNDA:3,isVariableRecordType
FNDA:2,processRecordFieldErrors
FNDA:2,analyzeRecordFields
FNDA:12,typeContainsLValueAux
FNDA:7,recordContainsLValueAux
FNDA:5,arrayContainsLValueAux
FNDA:4,MySemantic_LValueExp_ArraySubscript
FNDA:3,isVariableArrayType
FNDA:2,processArraySubscriptErrors
FNDA:2,analyzeRecursiveArraySubscripts
FNDA:2,MySemantic_FunctionCallExp
FNDA:4,MySemantic_FunctionCallExp_NoParam
FNDA:4,MySemantic_FunctionCallExp_Param
FNDA:3,analyzeParamsOfFunction
FNDA:21,isNilValueOfRecordType
FNDA:6,isFormalTypeMatchesRealTypeOrNil
FNDA:25,MySemantic_NilExp
FNDA:145,MySemantic_IntegerLiteralExp
FNDA:45,MySemantic_StringLiteralExp
FNDA:7,MySemantic_ArrayCreationExp
FNDA:6,isValueTypeMatchesArrayElementOrNil
FNDA:7,isTypeDefinedAsArray
FNDA:3,processArrayCreationErrors
FNDA:8,MySemantic_RecordCreationExp
FNDA:11,MySemantic_RecordCreationExp_NoField
FNDA:5,MySemantic_RecordCreationExp_Field
FNDA:3,processFieldRecordCreationErrors
FNDA:16,isTypeDefinedAsRecord
FNDA:3,ifFieldNamesAndTypesMatches
FNDA:3,isOneFieldMatches
FNDA:3,isTypeAndNameMatchesOrNil
FNDA:4,MySemantic_ArithmeticExp
FNDA:3,processArithmeticErrors
FNDA:1,MySemantic_ParenthesesExp
FNDA:40,MySemantic_NoValueExp
FNDA:5,MySemantic_SequencingExp
FNDA:8,MySemantic_ForExp
FNDA:3,addLoopVarToScope
FNDA:6,processForErrors
FNDA:16,MySemantic_IfThenElseExp
FNDA:16,getThenElseResultType
FNDA:14,isTwoClausesTypeMatchesOrNil
FNDA:7,isOneRecordTypeAnotherNil
FNDA:13,processIfThenElseErrors
FNDA:3,MySemantic_IfThenExp
FNDA:2,processIfThenErrors
FNDA:7,MySemantic_ComparisonExp
FNDA:5,isTwoComparisonOperandsAllIntsOrNil
FNDA:4,processComparisonErrors
FNDA:3,MySemantic_BooleanOperateExp
FNDA:2,processBooleanOperateErrors
FNDA:8,MySemantic_AssignmentExp
FNDA:6,isAssignmentOperandsTypeMatchOrNil
FNDA:3,processAssignmentErrors
FNDA:9,MySemantic_Dec_Type_Named
FNDA:2,MySemantic_Dec_Type_Record
FNDA:2,makeRecordFromTyFields
FNDA:3,makeTypeFieldsFromTyFields
FNDA:3,MySemantic_Dec_Type_Array
FNDA:6,MySemantic_Dec_Type
FNDA:10,MySemantic_Dec_Var_ShortForm
FNDA:6,MySemantic_Dec_Var_LongForm
FNDA:5,isVarDecValueTypeMatchesGivenType
FNDA:3,processLongFormVarDecErrors
FNDA:6,MySemantic_Dec_Var
FNDA:7,MySemantic_Dec_Func_Procedure
FNDA:19,isFuncParamTypesDefined
FNDA:14,addFormalsToScope
FNDA:4,AddOneProcedure
FNDA:12,AddOneFunc
FNDA:18,getTypesFromTyFields
FNDA:3,processProcedureErrors
FNDA:12,MySemantic_Dec_Func_Function
FNDA:10,isFunctionReturnTypeMatchesOrNil
FNDA:8,AddOneFunction
FNDA:4,processFunctionErrors
FNDA:6,MySemantic_Dec_Func
FNDA:18,MySemantic_Dec
FNDA:13,MySemantic_Decs
FNDA:8,getNameFromFuncDec
FNDA:16,getNameFromDec
FNDA:16,detectConsecutivelySameFuncOrTypeDec
FNDA:22,detectConsecutivelySameDec
FNDA:13,detectConsecutivelySameDecs
FNDA:6,MySemantic_LetExp
FNDA:6,areExpressionsLegal
FNDA:4,getLastExpResultType
FNDA:2,processLetErrors
FNDA:3,MySemantic_WhileExp
FNDA:2,processWhileErrors
FNDA:2,MySemantic_NegationExp
FNDA:1,processNegationErrors
FNDA:5,MySemantic_BreakExp
FNDA:285,MySemantic_Exp
FNF:118
FNH:115
DA:31,89
DA:34,89
DA:36,89
DA:39,89
DA:40,81
DA:43,90
DA:47,90
DA:49,90
DA:51,90
DA:53,90
DA:55,70
DA:56,20
DA:57,0
DA:58,0
DA:62,70
DA:64,70
DA:67,20
DA:69,20
DA:72,0
DA:74,0
DA:77,0
DA:79,0
DA:82,0
DA:85,0
DA:87,0
DA:89,0
DA:93,6
DA:97,6
DA:99,12
DA:100,6
DA:101,6
DA:103,6
DA:106,8
DA:109,8
DA:111,8
DA:115,50
DA:117,50
DA:119,50
DA:121,50
DA:123,50
DA:126,6
DA:129,6
DA:131,6
DA:133,6
DA:135,6
DA:144,323
DA:147,323
DA:149,323
DA:151,323
DA:152,323
DA:154,323
DA:164,82
DA:166,82
DA:167,82
DA:172,8
DA:174,8
DA:175,8
DA:180,20
DA:182,20
DA:184,20
DA:190,5
DA:192,5
DA:194,5
DA:200,3
DA:203,3
DA:205,3
DA:211,28
DA:213,28
DA:215,28
DA:218,28
DA:219,4
DA:221,24
DA:224,8
DA:226,8
DA:228,8
DA:231,8
DA:232,2
DA:234,6
DA:237,68
DA:239,68
DA:241,68
DA:245,8
DA:247,8
DA:248,16
DA:250,0
DA:252,8
DA:291,18
DA:294,18
DA:297,18
DA:300,0
DA:303,0
DA:306,0
DA:328,20
DA:331,20
DA:333,2
DA:336,2
DA:339,18
DA:379,4
DA:382,4
DA:384,4
DA:385,4
DA:387,4
DA:388,3
DA:389,4
DA:391,2
DA:394,2
DA:395,1
DA:396,1
DA:400,2
DA:401,2
DA:406,3
DA:408,3
DA:409,3
DA:412,2
DA:415,2
DA:416,1
DA:419,2
DA:420,2
DA:423,2
DA:430,2
DA:433,2
DA:435,2
DA:436,2
DA:437,2
DA:438,2
DA:439,2
DA:442,2
DA:461,12
DA:464,12
DA:467,5
DA:469,7
DA:471,0
DA:477,7
DA:480,7
DA:481,7
DA:483,7
DA:484,7
DA:486,16
DA:488,8
DA:490,6
DA:491,6
DA:493,2
DA:496,7
DA:498,1
DA:500,1
DA:504,6
DA:505,2
DA:508,4
DA:514,5
DA:517,5
DA:518,5
DA:521,5
DA:522,5
DA:524,1
DA:525,1
DA:528,4
DA:529,2
DA:530,1
DA:532,3
DA:566,4
DA:569,4
DA:571,4
DA:573,4
DA:574,4
DA:575,3
DA:577,4
DA:578,4
DA:581,4
DA:582,2
DA:585,2
DA:587,2
DA:591,3
DA:593,3
DA:595,3
DA:596,3
DA:597,3
DA:599,0
DA:602,2
DA:606,2
DA:608,2
DA:610,2
DA:611,1
DA:614,2
DA:615,2
DA:618,2
DA:619,0
DA:622,2
DA:629,2
DA:632,2
DA:634,2
DA:638,2
DA:639,2
DA:641,2
DA:643,2
DA:646,2
DA:648,2
DA:650,2
DA:652,1
DA:653,1
DA:655,1
DA:660,0
DA:662,1
DA:689,2
DA:692,2
DA:695,2
DA:698,0
DA:702,0
DA:715,4
DA:719,4
DA:720,4
DA:722,1
DA:725,1
DA:728,3
DA:744,4
DA:748,4
DA:749,4
DA:751,1
DA:754,1
DA:757,3
DA:758,3
DA:760,3
DA:770,3
DA:775,3
DA:777,9
DA:779,4
DA:780,4
DA:781,4
DA:784,4
DA:787,1
DA:790,3
DA:791,3
DA:795,3
DA:797,1
DA:800,1
DA:804,2
DA:809,21
DA:811,21
DA:814,6
DA:816,9
DA:817,3
DA:835,25
DA:839,25
DA:858,145
DA:862,145
DA:881,45
DA:885,45
DA:912,7
DA:915,7
DA:917,7
DA:918,7
DA:919,7
DA:921,7
DA:922,6
DA:925,7
DA:926,4
DA:929,3
DA:931,3
DA:935,6
DA:939,12
DA:940,6
DA:941,6
DA:943,12
DA:944,8
DA:945,2
DA:948,7
DA:950,7
DA:951,6
DA:952,1
DA:955,3
DA:959,3
DA:960,3
DA:961,1
DA:963,3
DA:964,1
DA:966,3
DA:967,2
DA:969,3
DA:997,8
DA:1000,8
DA:1003,8
DA:1006,0
DA:1010,0
DA:1024,11
DA:1028,11
DA:1030,11
DA:1031,9
DA:1035,2
DA:1038,2
DA:1064,5
DA:1068,5
DA:1070,5
DA:1072,5
DA:1073,3
DA:1074,8
DA:1077,5
DA:1078,2
DA:1081,3
DA:1083,3
DA:1087,3
DA:1092,3
DA:1093,3
DA:1094,2
DA:1096,3
DA:1097,3
DA:1099,3
DA:1101,16
DA:1103,16
DA:1104,14
DA:1105,2
DA:1117,3
DA:1121,3
DA:1122,3
DA:1123,3
DA:1124,3
DA:1126,8
DA:1128,3
DA:1130,1
DA:1132,2
DA:1133,2
DA:1136,2
DA:1137,2
DA:1140,3
DA:1144,3
DA:1145,3
DA:1146,3
DA:1148,3
DA:1149,3
DA:1151,3
DA:1154,1
DA:1157,1
DA:1159,2
DA:1162,3
DA:1166,5
DA:1167,2
DA:1186,4
DA:1189,4
DA:1190,4
DA:1192,4
DA:1193,1
DA:1196,3
DA:1197,3
DA:1202,3
DA:1204,3
DA:1205,2
DA:1207,3
DA:1208,2
DA:1210,3
DA:1225,1
DA:1228,1
DA:1247,40
DA:1251,40
DA:1266,5
DA:1270,5
DA:1273,5
DA:1275,3
DA:1276,3
DA:1277,3
DA:1278,3
DA:1280,3
DA:1281,1
DA:1283,2
DA:1287,2
DA:1288,6
DA:1289,2
DA:1290,2
DA:1311,8
DA:1314,8
DA:1316,8
DA:1317,8
DA:1318,8
DA:1319,3
DA:1321,8
DA:1323,8
DA:1325,8
DA:1326,2
DA:1329,6
DA:1330,6
DA:1334,3
DA:1336,3
DA:1337,3
DA:1338,3
DA:1339,3
DA:1341,6
DA:1343,6
DA:1344,4
DA:1346,6
DA:1347,4
DA:1349,6
DA:1350,1
DA:1352,6
DA:1376,16
DA:1379,16
DA:1380,16
DA:1381,16
DA:1383,16
DA:1386,16
DA:1388,16
DA:1389,3
DA:1392,13
DA:1394,13
DA:1405,16
DA:1409,16
DA:1411,14
DA:1413,14
DA:1415,14
DA:1416,13
DA:1419,3
DA:1425,14
DA:1427,17
DA:1428,3
DA:1431,7
DA:1433,12
DA:1434,5
DA:1437,13
DA:1441,13
DA:1442,10
DA:1445,13
DA:1446,2
DA:1448,13
DA:1449,3
DA:1451,13
DA:1470,3
DA:1473,3
DA:1474,3
DA:1476,3
DA:1477,1
DA:1480,2
DA:1481,2
DA:1485,2
DA:1487,2
DA:1488,1
DA:1490,2
DA:1491,1
DA:1493,2
DA:1515,7
DA:1518,7
DA:1520,7
DA:1523,7
DA:1524,7
DA:1526,5
DA:1530,7
DA:1531,3
DA:1534,4
DA:1536,4
DA:1540,5
DA:1543,5
DA:1545,5
DA:1548,9
DA:1549,4
DA:1552,4
DA:1556,4
DA:1557,1
DA:1559,4
DA:1560,1
DA:1562,4
DA:1563,4
DA:1564,4
DA:1581,3
DA:1584,3
DA:1585,3
DA:1586,3
DA:1587,3
DA:1589,3
DA:1590,1
DA:1593,2
DA:1594,2
DA:1598,2
DA:1600,2
DA:1601,1
DA:1603,2
DA:1604,1
DA:1606,2
DA:1627,8
DA:1630,8
DA:1631,8
DA:1632,8
DA:1633,8
DA:1635,8
DA:1636,8
DA:1638,6
DA:1642,8
DA:1643,5
DA:1646,3
DA:1648,3
DA:1652,6
DA:1655,6
DA:1656,6
DA:1657,6
DA:1658,6
DA:1659,13
DA:1660,3
DA:1663,3
DA:1666,3
DA:1667,1
DA:1669,3
DA:1670,1
DA:1672,3
DA:1673,3
DA:1674,3
DA:1687,9
DA:1690,9
DA:1692,9
DA:1694,7
DA:1695,7
DA:1696,7
DA:1700,2
DA:1702,2
DA:1720,2
DA:1723,2
DA:1725,2
DA:1727,1
DA:1728,1
DA:1731,1
DA:1736,2
DA:1738,2
DA:1740,2
DA:1741,1
DA:1743,1
DA:1746,3
DA:1749,3
DA:1751,2
DA:1753,2
DA:1755,1
DA:1759,1
DA:1760,1
DA:1761,1
DA:1764,1
DA:1766,1
DA:1779,3
DA:1782,3
DA:1784,2
DA:1785,2
DA:1786,2
DA:1787,2
DA:1791,1
DA:1793,1
DA:1806,6
DA:1808,6
DA:1810,6
DA:1811,6
DA:1814,5
DA:1815,5
DA:1817,0
DA:1818,0
DA:1820,1
DA:1821,1
DA:1823,0
DA:1838,10
DA:1841,10
DA:1843,10
DA:1845,9
DA:1846,9
DA:1847,9
DA:1849,6
DA:1850,6
DA:1851,6
DA:1855,3
DA:1859,4
DA:1882,6
DA:1885,6
DA:1886,6
DA:1888,6
DA:1889,6
DA:1891,5
DA:1896,6
DA:1898,3
DA:1899,3
DA:1900,3
DA:1901,3
DA:1905,3
DA:1907,3
DA:1911,5
DA:1914,5
DA:1915,5
DA:1916,5
DA:1918,9
DA:1919,4
DA:1922,3
DA:1926,3
DA:1927,1
DA:1930,3
DA:1931,0
DA:1933,3
DA:1934,3
DA:1937,3
DA:1946,6
DA:1948,6
DA:1950,6
DA:1953,6
DA:1956,0
DA:1959,0
DA:1987,7
DA:1990,7
DA:1992,7
DA:1993,7
DA:1994,7
DA:1995,6
DA:1997,7
DA:1998,7
DA:1999,7
DA:2000,7
DA:2001,6
DA:2003,7
DA:2005,7
DA:2007,4
DA:2008,4
DA:2012,3
DA:2014,3
DA:2018,19
DA:2020,46
DA:2022,13
DA:2023,13
DA:2024,5
DA:2026,8
DA:2029,14
DA:2032,14
DA:2035,36
DA:2037,8
DA:2038,8
DA:2039,8
DA:2041,8
DA:2045,8
DA:2047,14
DA:2053,4
DA:2056,4
DA:2058,4
DA:2061,12
DA:2065,12
DA:2068,12
DA:2070,12
DA:2072,12
DA:2074,18
DA:2077,18
DA:2079,6
DA:2080,6
DA:2081,6
DA:2086,3
DA:2090,3
DA:2091,1
DA:2094,3
DA:2095,1
DA:2098,3
DA:2099,2
DA:2102,3
DA:2127,12
DA:2130,12
DA:2132,12
DA:2133,12
DA:2134,12
DA:2136,8
DA:2139,12
DA:2140,12
DA:2141,12
DA:2142,12
DA:2144,12
DA:2145,12
DA:2146,10
DA:2149,12
DA:2151,12
DA:2153,8
DA:2154,8
DA:2158,4
DA:2161,4
DA:2165,10
DA:2168,10
DA:2169,10
DA:2170,10
DA:2171,10
DA:2172,21
DA:2173,3
DA:2176,8
DA:2179,8
DA:2180,8
DA:2181,8
DA:2183,8
DA:2185,4
DA:2189,4
DA:2191,4
DA:2192,4
DA:2195,4
DA:2196,2
DA:2199,4
DA:2200,1
DA:2203,4
DA:2204,3
DA:2207,4
DA:2216,6
DA:2219,6
DA:2221,6
DA:2224,1
DA:2227,5
DA:2230,0
DA:2235,18
DA:2237,18
DA:2240,6
DA:2243,6
DA:2246,6
DA:2249,0
DA:2265,13
DA:2268,13
DA:2269,2
DA:2271,38
DA:2276,18
DA:2277,2
DA:2278,16
DA:2280,9
DA:2283,8
DA:2285,8
DA:2287,7
DA:2288,1
DA:2289,0
DA:2293,16
DA:2295,16
DA:2298,8
DA:2300,8
DA:2301,0
DA:2305,16
DA:2308,16
DA:2309,16
DA:2311,18
DA:2312,2
DA:2314,2
DA:2316,2
DA:2320,14
DA:2321,14
DA:2322,14
DA:2326,22
DA:2331,22
DA:2333,6
DA:2334,6
DA:2335,6
DA:2338,16
DA:2342,13
DA:2344,46
DA:2346,22
DA:2347,2
DA:2348,20
DA:2350,11
DA:2376,6
DA:2379,6
DA:2380,6
DA:2382,6
DA:2383,6
DA:2384,6
DA:2385,6
DA:2389,6
DA:2390,4
DA:2394,2
DA:2395,2
DA:2398,6
DA:2399,6
DA:2400,6
DA:2403,6
DA:2406,17
DA:2408,6
DA:2410,1
DA:2411,5
DA:2413,5
DA:2416,4
DA:2419,4
DA:2421,8
DA:2422,0
DA:2423,4
DA:2426,2
DA:2428,2
DA:2429,1
DA:2430,2
DA:2431,1
DA:2432,2
DA:2451,3
DA:2454,3
DA:2455,3
DA:2456,3
DA:2457,3
DA:2459,3
DA:2460,1
DA:2463,2
DA:2464,2
DA:2468,2
DA:2470,2
DA:2471,1
DA:2472,2
DA:2473,1
DA:2474,2
DA:2491,2
DA:2494,2
DA:2495,2
DA:2496,1
DA:2499,1
DA:2500,1
DA:2504,1
DA:2506,1
DA:2507,1
DA:2509,1
DA:2523,5
DA:2526,5
DA:2533,285
DA:2536,285
DA:2539,4
DA:2541,2
DA:2543,24
DA:2545,143
DA:2547,44
DA:2549,2
DA:2551,8
DA:2553,0
DA:2555,0
DA:2557,39
DA:2559,0
DA:2561,3
DA:2563,9
DA:2565,0
DA:2567,0
DA:2569,0
DA:2571,3
DA:2573,0
DA:2575,0
DA:2577,0
DA:2579,4
DA:2581,0
LF:820
LH:777
end_of_record
