TN:
SF:/home/lgxZJ/Projects/Tiger-Compiler/Chapter 5/mySemantic.c
FN:31,isExpLegal
FN:43,isExpOneTypeOrIllegal
FN:62,isExpInt
FN:67,isExpNoReturn
FN:72,isExpArray
FN:77,isExpSameInstance
FN:82,isTwoExpsTypeMatches
FN:93,isExpThisArrayElement
FN:106,isLValueExpLegal
FN:115,getExpResultType
FN:126,getLValueExpResultType
FN:144,make_MyTranslationAndType
FN:164,getTypeFromName
FN:172,getVarOrFuncFromName
FN:180,getVariableType
FN:190,getFunctionReturnType
FN:200,getFunctionFormalTypes
FN:211,isVariableDeclared
FN:224,isFuncDefined
FN:237,isTypeDefined
FN:245,getActualType
FN:291,MySemantic_LValueExp
FN:328,MySemantic_LValueExp_SimpleVar
FN:379,MySemantic_LValueExp_RecordField
FN:406,isVariableRecordType
FN:412,processRecordFieldErrors
FN:430,analyzeRecordFields
FN:461,typeContainsLValueAux
FN:477,recordContainsLValueAux
FN:514,arrayContainsLValueAux
FN:566,MySemantic_LValueExp_ArraySubscript
FN:591,isVariableArrayType
FN:602,processArraySubscriptErrors
FN:629,analyzeRecursiveArraySubscripts
FN:689,MySemantic_FunctionCallExp
FN:715,MySemantic_FunctionCallExp_NoParam
FN:744,MySemantic_FunctionCallExp_Param
FN:770,analyzeParamsOfFunction
FN:806,isNilValueOfRecordType
FN:811,isFormalTypeMatchesRealTypeOrNil
FN:832,MySemantic_NilExp
FN:855,MySemantic_IntegerLiteralExp
FN:878,MySemantic_StringLiteralExp
FN:909,MySemantic_ArrayCreationExp
FN:932,isValueTypeMatchesArrayElementOrNil
FN:945,isTypeDefinedAsArray
FN:952,processArrayCreationErrors
FN:994,MySemantic_RecordCreationExp
FN:1021,MySemantic_RecordCreationExp_NoField
FN:1061,MySemantic_RecordCreationExp_Field
FN:1084,processFieldRecordCreationErrors
FN:1098,isTypeDefinedAsRecord
FN:1114,ifFieldNamesAndTypesMatches
FN:1137,isOneFieldMatches
FN:1157,isTypeAndNameMatchesOrNil
FN:1181,MySemantic_ArithmeticExp
FN:1197,processArithmeticErrors
FN:1220,MySemantic_ParenthesesExp
FN:1242,MySemantic_NoValueExp
FN:1261,MySemantic_SequencingExp
FN:1295,MySemantic_ForExp
FN:1311,processForErrors
FN:1346,MySemantic_IfThenElseExp
FN:1375,getThenElseResultType
FN:1395,isTwoClausesTypeMatchesOrNil
FN:1401,isOneRecordTypeAnotherNil
FN:1407,processIfThenElseErrors
FN:1440,MySemantic_IfThenExp
FN:1455,processIfThenErrors
FN:1484,MySemantic_ComparisonExp
FN:1509,isTwoComparisonOperandsTypeMatchOrNil
FN:1521,processComparisonErrors
FN:1551,MySemantic_BooleanOperateExp
FN:1568,processBooleanOperateErrors
FN:1595,MySemantic_AssignmentExp
FN:1620,isAssignmentOperandsTypeMatchOrNil
FN:1631,processAssignmentErrors
FN:1656,MySemantic_Dec_Type_Named
FN:1689,MySemantic_Dec_Type_Record
FN:1705,makeRecordFromTyFields
FN:1715,makeTypeFieldsFromTyFields
FN:1748,MySemantic_Dec_Type_Array
FN:1775,MySemantic_Dec_Type
FN:1807,MySemantic_Dec_Var_ShortForm
FN:1849,MySemantic_Dec_Var_LongForm
FN:1882,isNilOfRecordType
FN:1887,processLongFormVarDecErrors
FN:1909,MySemantic_Dec_Var
FN:1948,MySemantic_Dec_Func_Procedure
FN:1973,isFuncParamTypesDefined
FN:1992,AddOneProcedure
FN:2000,AddOneFunc
FN:2013,getTypesFromTyFields
FN:2025,processProcedureErrors
FN:2062,MySemantic_Dec_Func_Function
FN:2091,isFunctionReturnTypeMatches
FN:2101,AddOneFunction
FN:2110,processFunctionErrors
FN:2137,MySemantic_Dec_Func
FN:2156,MySemantic_Dec
FN:2183,MySemantic_Decs
FN:2218,MySemantic_LetExp
FN:2236,areExpressionsLegal
FN:2249,getLastExpResultType
FN:2259,processLetErrors
FN:2284,MySemantic_WhileExp
FN:2301,processWhileErrors
FN:2324,MySemantic_NegationExp
FN:2337,processNegationErrors
FN:2355,MySemantic_BreakExp
FN:2365,MySemantic_Exp
FNDA:75,isExpLegal
FNDA:83,isExpOneTypeOrIllegal
FNDA:66,isExpInt
FNDA:17,isExpNoReturn
FNDA:0,isExpArray
FNDA:0,isExpSameInstance
FNDA:0,isTwoExpsTypeMatches
FNDA:6,isExpThisArrayElement
FNDA:5,isLValueExpLegal
FNDA:37,getExpResultType
FNDA:3,getLValueExpResultType
FNDA:279,make_MyTranslationAndType
FNDA:64,getTypeFromName
FNDA:8,getVarOrFuncFromName
FNDA:12,getVariableType
FNDA:5,getFunctionReturnType
FNDA:3,getFunctionFormalTypes
FNDA:20,isVariableDeclared
FNDA:8,isFuncDefined
FNDA:56,isTypeDefined
FNDA:5,getActualType
FNDA:10,MySemantic_LValueExp
FNDA:12,MySemantic_LValueExp_SimpleVar
FNDA:4,MySemantic_LValueExp_RecordField
FNDA:3,isVariableRecordType
FNDA:2,processRecordFieldErrors
FNDA:2,analyzeRecordFields
FNDA:12,typeContainsLValueAux
FNDA:7,recordContainsLValueAux
FNDA:5,arrayContainsLValueAux
FNDA:4,MySemantic_LValueExp_ArraySubscript
FNDA:3,isVariableArrayType
FNDA:2,processArraySubscriptErrors
FNDA:2,analyzeRecursiveArraySubscripts
FNDA:2,MySemantic_FunctionCallExp
FNDA:4,MySemantic_FunctionCallExp_NoParam
FNDA:4,MySemantic_FunctionCallExp_Param
FNDA:3,analyzeParamsOfFunction
FNDA:15,isNilValueOfRecordType
FNDA:6,isFormalTypeMatchesRealTypeOrNil
FNDA:21,MySemantic_NilExp
FNDA:127,MySemantic_IntegerLiteralExp
FNDA:41,MySemantic_StringLiteralExp
FNDA:7,MySemantic_ArrayCreationExp
FNDA:6,isValueTypeMatchesArrayElementOrNil
FNDA:7,isTypeDefinedAsArray
FNDA:3,processArrayCreationErrors
FNDA:8,MySemantic_RecordCreationExp
FNDA:11,MySemantic_RecordCreationExp_NoField
FNDA:5,MySemantic_RecordCreationExp_Field
FNDA:3,processFieldRecordCreationErrors
FNDA:16,isTypeDefinedAsRecord
FNDA:3,ifFieldNamesAndTypesMatches
FNDA:3,isOneFieldMatches
FNDA:3,isTypeAndNameMatchesOrNil
FNDA:4,MySemantic_ArithmeticExp
FNDA:3,processArithmeticErrors
FNDA:1,MySemantic_ParenthesesExp
FNDA:38,MySemantic_NoValueExp
FNDA:4,MySemantic_SequencingExp
FNDA:6,MySemantic_ForExp
FNDA:5,processForErrors
FNDA:16,MySemantic_IfThenElseExp
FNDA:16,getThenElseResultType
FNDA:14,isTwoClausesTypeMatchesOrNil
FNDA:6,isOneRecordTypeAnotherNil
FNDA:13,processIfThenElseErrors
FNDA:3,MySemantic_IfThenExp
FNDA:2,processIfThenErrors
FNDA:6,MySemantic_ComparisonExp
FNDA:4,isTwoComparisonOperandsTypeMatchOrNil
FNDA:3,processComparisonErrors
FNDA:3,MySemantic_BooleanOperateExp
FNDA:2,processBooleanOperateErrors
FNDA:5,MySemantic_AssignmentExp
FNDA:3,isAssignmentOperandsTypeMatchOrNil
FNDA:3,processAssignmentErrors
FNDA:6,MySemantic_Dec_Type_Named
FNDA:2,MySemantic_Dec_Type_Record
FNDA:2,makeRecordFromTyFields
FNDA:3,makeTypeFieldsFromTyFields
FNDA:3,MySemantic_Dec_Type_Array
FNDA:3,MySemantic_Dec_Type
FNDA:8,MySemantic_Dec_Var_ShortForm
FNDA:5,MySemantic_Dec_Var_LongForm
FNDA:3,isNilOfRecordType
FNDA:3,processLongFormVarDecErrors
FNDA:4,MySemantic_Dec_Var
FNDA:6,MySemantic_Dec_Func_Procedure
FNDA:13,isFuncParamTypesDefined
FNDA:3,AddOneProcedure
FNDA:6,AddOneFunc
FNDA:9,getTypesFromTyFields
FNDA:3,processProcedureErrors
FNDA:7,MySemantic_Dec_Func_Function
FNDA:5,isFunctionReturnTypeMatches
FNDA:3,AddOneFunction
FNDA:4,processFunctionErrors
FNDA:3,MySemantic_Dec_Func
FNDA:10,MySemantic_Dec
FNDA:8,MySemantic_Decs
FNDA:6,MySemantic_LetExp
FNDA:6,areExpressionsLegal
FNDA:4,getLastExpResultType
FNDA:2,processLetErrors
FNDA:3,MySemantic_WhileExp
FNDA:2,processWhileErrors
FNDA:2,MySemantic_NegationExp
FNDA:1,processNegationErrors
FNDA:1,MySemantic_BreakExp
FNDA:247,MySemantic_Exp
FNF:111
FNH:108
DA:31,75
DA:34,75
DA:36,75
DA:39,75
DA:40,67
DA:43,83
DA:47,83
DA:49,83
DA:51,83
DA:53,83
DA:55,66
DA:56,17
DA:57,0
DA:58,0
DA:62,66
DA:64,66
DA:67,17
DA:69,17
DA:72,0
DA:74,0
DA:77,0
DA:79,0
DA:82,0
DA:85,0
DA:87,0
DA:89,0
DA:93,6
DA:97,6
DA:99,12
DA:100,6
DA:101,6
DA:103,6
DA:106,5
DA:109,5
DA:111,5
DA:115,37
DA:117,37
DA:119,37
DA:121,37
DA:123,37
DA:126,3
DA:129,3
DA:131,3
DA:133,3
DA:135,3
DA:144,279
DA:147,279
DA:149,279
DA:151,279
DA:152,279
DA:154,279
DA:164,64
DA:166,64
DA:167,64
DA:172,8
DA:174,8
DA:175,8
DA:180,12
DA:182,12
DA:184,12
DA:190,5
DA:192,5
DA:194,5
DA:200,3
DA:203,3
DA:205,3
DA:211,20
DA:213,20
DA:215,20
DA:218,20
DA:219,4
DA:221,16
DA:224,8
DA:226,8
DA:228,8
DA:231,8
DA:232,2
DA:234,6
DA:237,56
DA:239,56
DA:241,56
DA:245,5
DA:247,5
DA:248,10
DA:250,0
DA:252,5
DA:291,10
DA:294,10
DA:297,10
DA:300,0
DA:303,0
DA:306,0
DA:328,12
DA:331,12
DA:333,2
DA:336,2
DA:339,10
DA:379,4
DA:382,4
DA:384,4
DA:385,4
DA:387,4
DA:388,3
DA:389,4
DA:391,2
DA:394,2
DA:395,1
DA:396,1
DA:400,2
DA:401,2
DA:406,3
DA:408,3
DA:409,3
DA:412,2
DA:415,2
DA:416,1
DA:419,2
DA:420,2
DA:423,2
DA:430,2
DA:433,2
DA:435,2
DA:436,2
DA:437,2
DA:438,2
DA:439,2
DA:442,2
DA:461,12
DA:464,12
DA:467,5
DA:469,7
DA:471,0
DA:477,7
DA:480,7
DA:481,7
DA:483,7
DA:484,7
DA:486,16
DA:488,8
DA:490,6
DA:491,6
DA:493,2
DA:496,7
DA:498,1
DA:500,1
DA:504,6
DA:505,2
DA:508,4
DA:514,5
DA:517,5
DA:518,5
DA:521,5
DA:522,5
DA:524,1
DA:525,1
DA:528,4
DA:529,2
DA:530,1
DA:532,3
DA:566,4
DA:569,4
DA:571,4
DA:573,4
DA:574,4
DA:575,3
DA:577,4
DA:578,4
DA:581,4
DA:582,2
DA:585,2
DA:587,2
DA:591,3
DA:593,3
DA:595,3
DA:596,3
DA:597,3
DA:599,0
DA:602,2
DA:606,2
DA:608,2
DA:610,2
DA:611,1
DA:614,2
DA:615,2
DA:618,2
DA:619,0
DA:622,2
DA:629,2
DA:632,2
DA:634,2
DA:638,2
DA:639,2
DA:641,2
DA:643,2
DA:646,2
DA:648,2
DA:650,2
DA:652,1
DA:653,1
DA:655,1
DA:660,0
DA:662,1
DA:689,2
DA:692,2
DA:695,2
DA:698,0
DA:702,0
DA:715,4
DA:719,4
DA:720,4
DA:722,1
DA:725,1
DA:728,3
DA:744,4
DA:748,4
DA:749,4
DA:751,1
DA:754,1
DA:757,3
DA:758,3
DA:760,3
DA:770,3
DA:775,3
DA:777,9
DA:779,4
DA:780,4
DA:781,4
DA:784,4
DA:787,1
DA:790,1
DA:793,3
DA:794,3
DA:798,2
DA:801,2
DA:806,15
DA:808,15
DA:811,6
DA:813,9
DA:814,3
DA:832,21
DA:836,21
DA:855,127
DA:859,127
DA:878,41
DA:882,41
DA:909,7
DA:912,7
DA:914,7
DA:915,7
DA:916,7
DA:918,7
DA:919,6
DA:922,7
DA:923,4
DA:926,3
DA:928,3
DA:932,6
DA:936,12
DA:937,6
DA:938,6
DA:940,12
DA:941,8
DA:942,2
DA:945,7
DA:947,7
DA:948,6
DA:949,1
DA:952,3
DA:956,3
DA:957,3
DA:958,1
DA:960,3
DA:961,1
DA:963,3
DA:964,2
DA:966,3
DA:994,8
DA:997,8
DA:1000,8
DA:1003,0
DA:1007,0
DA:1021,11
DA:1025,11
DA:1027,11
DA:1028,9
DA:1032,2
DA:1035,2
DA:1061,5
DA:1065,5
DA:1067,5
DA:1069,5
DA:1070,3
DA:1071,8
DA:1074,5
DA:1075,2
DA:1078,3
DA:1080,3
DA:1084,3
DA:1089,3
DA:1090,3
DA:1091,2
DA:1093,3
DA:1094,3
DA:1096,3
DA:1098,16
DA:1100,16
DA:1101,14
DA:1102,2
DA:1114,3
DA:1118,3
DA:1119,3
DA:1120,3
DA:1121,3
DA:1123,8
DA:1125,3
DA:1127,1
DA:1129,2
DA:1130,2
DA:1133,2
DA:1134,2
DA:1137,3
DA:1141,3
DA:1142,3
DA:1143,3
DA:1145,3
DA:1146,3
DA:1148,3
DA:1151,1
DA:1152,1
DA:1154,2
DA:1157,3
DA:1161,5
DA:1162,2
DA:1181,4
DA:1184,4
DA:1185,4
DA:1187,4
DA:1188,1
DA:1191,3
DA:1192,3
DA:1197,3
DA:1199,3
DA:1200,1
DA:1202,3
DA:1203,1
DA:1205,3
DA:1220,1
DA:1223,1
DA:1242,38
DA:1246,38
DA:1261,4
DA:1265,4
DA:1268,4
DA:1269,2
DA:1272,2
DA:1273,6
DA:1274,2
DA:1275,2
DA:1295,6
DA:1298,6
DA:1299,6
DA:1300,6
DA:1302,6
DA:1303,1
DA:1306,5
DA:1307,5
DA:1311,5
DA:1313,5
DA:1314,3
DA:1316,5
DA:1317,3
DA:1319,5
DA:1320,1
DA:1322,5
DA:1346,16
DA:1349,16
DA:1350,16
DA:1351,16
DA:1353,16
DA:1356,16
DA:1358,16
DA:1359,3
DA:1362,13
DA:1364,13
DA:1375,16
DA:1379,16
DA:1381,14
DA:1383,14
DA:1385,14
DA:1386,13
DA:1389,3
DA:1395,14
DA:1397,17
DA:1398,3
DA:1401,6
DA:1403,10
DA:1404,4
DA:1407,13
DA:1411,13
DA:1412,11
DA:1415,13
DA:1416,2
DA:1418,13
DA:1419,10
DA:1421,13
DA:1440,3
DA:1443,3
DA:1444,3
DA:1446,3
DA:1447,1
DA:1450,2
DA:1451,2
DA:1455,2
DA:1457,2
DA:1458,1
DA:1460,2
DA:1461,1
DA:1463,2
DA:1484,6
DA:1487,6
DA:1489,6
DA:1492,6
DA:1493,6
DA:1495,4
DA:1499,6
DA:1500,3
DA:1503,3
DA:1505,3
DA:1509,4
DA:1512,4
DA:1514,4
DA:1517,7
DA:1518,3
DA:1521,3
DA:1525,3
DA:1526,1
DA:1528,3
DA:1529,1
DA:1531,3
DA:1532,3
DA:1534,3
DA:1551,3
DA:1554,3
DA:1555,3
DA:1556,3
DA:1557,3
DA:1559,3
DA:1560,1
DA:1563,2
DA:1564,2
DA:1568,2
DA:1570,2
DA:1571,1
DA:1572,2
DA:1573,1
DA:1574,2
DA:1595,5
DA:1598,5
DA:1599,5
DA:1600,5
DA:1601,5
DA:1603,5
DA:1604,5
DA:1606,3
DA:1610,5
DA:1611,2
DA:1614,3
DA:1616,3
DA:1620,3
DA:1623,3
DA:1624,3
DA:1625,3
DA:1626,3
DA:1627,7
DA:1628,3
DA:1631,3
DA:1634,3
DA:1635,1
DA:1637,3
DA:1638,1
DA:1640,3
DA:1641,3
DA:1643,3
DA:1656,6
DA:1659,6
DA:1661,6
DA:1663,4
DA:1664,4
DA:1665,4
DA:1669,2
DA:1671,2
DA:1689,2
DA:1692,2
DA:1694,2
DA:1696,1
DA:1697,1
DA:1700,1
DA:1705,2
DA:1707,2
DA:1709,2
DA:1710,1
DA:1712,1
DA:1715,3
DA:1718,3
DA:1720,2
DA:1722,2
DA:1724,1
DA:1728,1
DA:1729,1
DA:1730,1
DA:1733,1
DA:1735,1
DA:1748,3
DA:1751,3
DA:1753,2
DA:1754,2
DA:1755,2
DA:1756,2
DA:1760,1
DA:1762,1
DA:1775,3
DA:1777,3
DA:1779,3
DA:1780,3
DA:1783,2
DA:1784,2
DA:1786,0
DA:1787,0
DA:1789,1
DA:1790,1
DA:1792,0
DA:1807,8
DA:1810,8
DA:1812,8
DA:1814,7
DA:1815,7
DA:1816,7
DA:1818,4
DA:1819,4
DA:1820,4
DA:1824,3
DA:1827,4
DA:1849,5
DA:1852,5
DA:1853,5
DA:1855,5
DA:1856,5
DA:1858,4
DA:1859,4
DA:1860,4
DA:1862,7
DA:1863,3
DA:1867,5
DA:1869,2
DA:1870,2
DA:1871,2
DA:1872,2
DA:1876,3
DA:1878,3
DA:1882,3
DA:1884,3
DA:1887,3
DA:1891,3
DA:1892,1
DA:1894,3
DA:1895,0
DA:1897,3
DA:1898,3
DA:1900,3
DA:1909,4
DA:1911,4
DA:1913,4
DA:1916,4
DA:1919,0
DA:1922,0
DA:1948,6
DA:1951,6
DA:1952,6
DA:1953,6
DA:1954,6
DA:1955,6
DA:1957,6
DA:1958,5
DA:1960,6
DA:1962,3
DA:1963,3
DA:1967,3
DA:1969,3
DA:1973,13
DA:1975,31
DA:1977,10
DA:1978,10
DA:1979,5
DA:1981,5
DA:1984,8
DA:1992,3
DA:1995,3
DA:1997,3
DA:2000,6
DA:2004,6
DA:2007,6
DA:2009,6
DA:2011,6
DA:2013,9
DA:2016,9
DA:2018,3
DA:2019,3
DA:2020,3
DA:2025,3
DA:2029,3
DA:2030,1
DA:2032,3
DA:2033,1
DA:2035,3
DA:2036,2
DA:2038,3
DA:2062,7
DA:2065,7
DA:2066,7
DA:2067,7
DA:2068,7
DA:2069,7
DA:2070,7
DA:2072,7
DA:2073,7
DA:2074,5
DA:2077,7
DA:2079,3
DA:2080,3
DA:2084,4
DA:2087,4
DA:2091,5
DA:2094,5
DA:2095,5
DA:2096,5
DA:2097,5
DA:2098,5
DA:2101,3
DA:2104,3
DA:2105,3
DA:2106,3
DA:2108,3
DA:2110,4
DA:2114,4
DA:2116,4
DA:2117,4
DA:2119,4
DA:2120,2
DA:2122,4
DA:2123,1
DA:2125,4
DA:2126,3
DA:2128,4
DA:2137,3
DA:2140,3
DA:2142,3
DA:2145,1
DA:2148,2
DA:2151,0
DA:2156,10
DA:2158,10
DA:2161,3
DA:2164,4
DA:2167,3
DA:2170,0
DA:2183,8
DA:2186,24
DA:2188,10
DA:2189,2
DA:2190,8
DA:2192,6
DA:2218,6
DA:2221,6
DA:2222,6
DA:2223,6
DA:2224,6
DA:2226,6
DA:2227,4
DA:2231,2
DA:2232,2
DA:2236,6
DA:2239,17
DA:2241,6
DA:2243,1
DA:2244,5
DA:2246,5
DA:2249,4
DA:2252,4
DA:2254,8
DA:2255,0
DA:2256,4
DA:2259,2
DA:2261,2
DA:2262,1
DA:2263,2
DA:2264,1
DA:2265,2
DA:2284,3
DA:2287,3
DA:2288,3
DA:2289,3
DA:2290,3
DA:2292,3
DA:2293,1
DA:2296,2
DA:2297,2
DA:2301,2
DA:2303,2
DA:2304,1
DA:2305,2
DA:2306,1
DA:2307,2
DA:2324,2
DA:2327,2
DA:2328,2
DA:2329,1
DA:2332,1
DA:2333,1
DA:2337,1
DA:2339,1
DA:2340,1
DA:2341,1
DA:2355,1
DA:2358,1
DA:2365,247
DA:2368,247
DA:2371,2
DA:2373,2
DA:2375,20
DA:2377,125
DA:2379,40
DA:2381,2
DA:2383,8
DA:2385,0
DA:2387,0
DA:2389,37
DA:2391,0
DA:2393,2
DA:2395,9
DA:2397,0
DA:2399,0
DA:2401,0
DA:2403,0
DA:2405,0
DA:2407,0
DA:2409,0
DA:2411,0
DA:2413,0
LF:748
LH:705
end_of_record
