TN:
SF:/home/lgxZJ/Projects/Tiger-Compiler/Chapter 6/myFrame_X86.c
FN:43,viewShift
FN:48,makeInFrameAccess
FN:58,makeInRegAccess
FN:70,Frame_makeBoolList
FN:80,Frame_makeAccessList
FN:90,Frame_getBoolListCount
FN:95,Frame_getAccessListCount
FN:104,Frame_newFrame
FN:117,fillFrameWithFormals
FN:145,Frame_isFrameEqual
FN:152,Frame_allocateLocal
FN:160,Frame_getLocalCount
FN:168,Frame_getFormals
FNDA:8,viewShift
FNDA:5,makeInFrameAccess
FNDA:4,makeInRegAccess
FNDA:6,Frame_makeBoolList
FNDA:6,Frame_makeAccessList
FNDA:2,Frame_getBoolListCount
FNDA:6,Frame_getAccessListCount
FNDA:8,Frame_newFrame
FNDA:8,fillFrameWithFormals
FNDA:2,Frame_isFrameEqual
FNDA:4,Frame_allocateLocal
FNDA:4,Frame_getLocalCount
FNDA:6,Frame_getFormals
FNF:13
FNH:13
DA:43,8
DA:46,8
DA:48,5
DA:50,5
DA:51,5
DA:53,5
DA:54,5
DA:55,5
DA:58,4
DA:60,4
DA:61,4
DA:63,4
DA:64,4
DA:65,4
DA:70,6
DA:72,6
DA:73,6
DA:75,6
DA:76,6
DA:77,6
DA:80,6
DA:82,6
DA:83,6
DA:85,6
DA:86,6
DA:87,6
DA:90,2
DA:92,2
DA:95,6
DA:97,6
DA:104,8
DA:106,8
DA:107,8
DA:109,8
DA:111,8
DA:112,8
DA:113,8
DA:114,8
DA:117,8
DA:119,8
DA:120,8
DA:121,6
DA:123,2
DA:125,8
DA:126,21
DA:130,5
DA:131,3
DA:133,2
DA:135,5
DA:136,8
DA:137,3
DA:138,5
DA:139,5
DA:141,8
DA:145,2
DA:147,2
DA:152,4
DA:154,4
DA:155,2
DA:157,2
DA:160,4
DA:162,4
DA:163,4
DA:168,6
DA:170,6
LF:65
LH:65
end_of_record
