TN:
SF:/home/lgxZJ/Projects/Tiger-Compiler/Chapter 6/myFrame_X86.c
FN:43,viewShift
FN:48,makeInFrameAccess
FN:58,makeInRegAccess
FN:70,Frame_makeBoolList
FN:80,Frame_makeAccessList
FN:90,Frame_getBoolListCount
FN:95,Frame_getAccessListCount
FN:112,Frame_newFrame
FN:125,fillFrameWithFormals
FN:153,Frame_allocateLocal
FN:161,Frame_getLocalCount
FN:168,Frame_getFormals
FNDA:6,viewShift
FNDA:5,makeInFrameAccess
FNDA:4,makeInRegAccess
FNDA:6,Frame_makeBoolList
FNDA:6,Frame_makeAccessList
FNDA:2,Frame_getBoolListCount
FNDA:6,Frame_getAccessListCount
FNDA:6,Frame_newFrame
FNDA:6,fillFrameWithFormals
FNDA:4,Frame_allocateLocal
FNDA:4,Frame_getLocalCount
FNDA:6,Frame_getFormals
FNF:12
FNH:12
DA:43,6
DA:46,6
DA:48,5
DA:50,5
DA:51,5
DA:53,5
DA:54,5
DA:55,5
DA:58,4
DA:60,4
DA:61,4
DA:63,4
DA:64,4
DA:65,4
DA:70,6
DA:72,6
DA:73,6
DA:75,6
DA:76,6
DA:77,6
DA:80,6
DA:82,6
DA:83,6
DA:85,6
DA:86,6
DA:87,6
DA:90,2
DA:92,2
DA:95,6
DA:98,6
DA:100,17
DA:102,5
DA:103,5
DA:105,6
DA:112,6
DA:114,6
DA:115,6
DA:117,6
DA:119,6
DA:120,6
DA:121,6
DA:122,6
DA:125,6
DA:127,6
DA:128,6
DA:129,4
DA:131,2
DA:133,6
DA:134,17
DA:138,5
DA:139,3
DA:141,2
DA:143,5
DA:144,8
DA:145,3
DA:146,5
DA:147,5
DA:149,6
DA:153,4
DA:155,4
DA:156,2
DA:158,2
DA:161,4
DA:163,4
DA:168,6
DA:171,6
LF:66
LH:66
end_of_record
