TN:
SF:/home/lgxZJ/Projects/Tiger-Compiler/Chapter 6/myTranslate.c
FN:29,Trans_makeAccess
FN:40,Trans_convertAccessFromFrameToLevel
FN:65,Trans_makeAccessList
FN:79,Trans_getAccessListCount
FN:92,Trans_getAccessLevel
FN:99,Trans_isLevelEqual
FN:108,Trans_outermostLevel
FN:125,Trans_isOutermostLevel
FN:134,Trans_newLevel
FN:153,Trans_allocateLocal
FN:167,Trans_getFormals
FNDA:9,Trans_makeAccess
FNDA:7,Trans_convertAccessFromFrameToLevel
FNDA:13,Trans_makeAccessList
FNDA:5,Trans_getAccessListCount
FNDA:2,Trans_getAccessLevel
FNDA:6,Trans_isLevelEqual
FNDA:5,Trans_outermostLevel
FNDA:4,Trans_isOutermostLevel
FNDA:6,Trans_newLevel
FNDA:2,Trans_allocateLocal
FNDA:4,Trans_getFormals
FNF:11
FNH:11
DA:29,9
DA:31,9
DA:33,9
DA:35,9
DA:36,9
DA:37,9
DA:40,7
DA:43,7
DA:45,7
DA:46,23
DA:48,9
DA:49,9
DA:51,9
DA:52,9
DA:53,12
DA:54,3
DA:56,9
DA:57,9
DA:59,7
DA:65,13
DA:68,13
DA:70,13
DA:72,13
DA:73,13
DA:74,13
DA:79,5
DA:81,5
DA:82,15
DA:84,5
DA:85,5
DA:87,5
DA:92,2
DA:94,2
DA:99,6
DA:101,6
DA:108,5
DA:110,5
DA:112,1
DA:113,1
DA:114,1
DA:116,1
DA:117,1
DA:118,1
DA:119,2
DA:120,1
DA:122,5
DA:125,4
DA:127,4
DA:128,4
DA:129,4
DA:134,6
DA:138,6
DA:139,6
DA:143,6
DA:144,6
DA:145,6
DA:146,6
DA:148,6
DA:153,2
DA:155,2
DA:157,2
DA:158,2
DA:160,2
DA:161,2
DA:162,2
DA:167,4
DA:169,4
DA:170,2
DA:173,2
LF:69
LH:69
end_of_record
