TN:
SF:/home/lgxZJ/Projects/Tiger-Compiler/Chapter 5/myTable.c
FN:27,hashFunc_MyTable
FN:37,makeMyBinder
FN:52,MyTable_MakeEmptyTable_
FN:67,MyTable_Enter_
FN:86,MyTable_Look_
FN:105,MyTable_Pop_
FNDA:38,hashFunc_MyTable
FNDA:13,makeMyBinder
FNDA:11,MyTable_MakeEmptyTable_
FNDA:15,MyTable_Enter_
FNDA:11,MyTable_Look_
FNDA:6,MyTable_Pop_
FNF:6
FNH:6
DA:27,38
DA:30,38
DA:31,32
DA:37,13
DA:40,13
DA:43,13
DA:44,13
DA:45,13
DA:46,13
DA:47,13
DA:49,13
DA:52,11
DA:54,11
DA:55,11
DA:58,11
DA:59,1408
DA:60,1397
DA:62,11
DA:67,15
DA:70,15
DA:71,2
DA:73,13
DA:74,13
DA:76,13
DA:77,13
DA:78,13
DA:79,13
DA:81,13
DA:86,11
DA:89,11
DA:90,2
DA:93,9
DA:94,18
DA:97,8
DA:98,0
DA:101,1
DA:105,6
DA:107,6
DA:108,3
DA:111,3
DA:112,3
DA:113,3
DA:115,3
DA:116,3
DA:118,3
LF:45
LH:44
end_of_record
