TN:
SF:/home/lgxZJ/Projects/Tiger-Compiler/Chapter 5/typeMaker.c
FN:10,wrapToType_
FN:32,makeType_Int
FN:38,makeType_String
FN:45,makeType_Nil
FN:51,makeType_NoReturn
FN:58,makeType_Record
FN:74,makeType_Array
FN:90,makeType_Named
FN:105,makeType_TypeField
FN:117,makeType_TypeFieldList
FN:129,makeType_TypeList
FNDA:7,wrapToType_
FNDA:1,makeType_Int
FNDA:1,makeType_String
FNDA:1,makeType_Nil
FNDA:1,makeType_NoReturn
FNDA:1,makeType_Record
FNDA:1,makeType_Array
FNDA:1,makeType_Named
FNDA:1,makeType_TypeField
FNDA:1,makeType_TypeFieldList
FNDA:1,makeType_TypeList
FNF:11
FNH:11
DA:10,7
DA:12,7
DA:13,7
DA:15,7
DA:16,7
DA:18,1
DA:19,1
DA:20,1
DA:21,1
DA:22,1
DA:23,1
DA:24,1
DA:27,7
DA:32,1
DA:34,1
DA:38,1
DA:40,1
DA:45,1
DA:47,1
DA:51,1
DA:53,1
DA:58,1
DA:62,1
DA:64,1
DA:66,1
DA:68,1
DA:69,1
DA:71,1
DA:74,1
DA:78,1
DA:80,1
DA:82,1
DA:84,1
DA:85,1
DA:87,1
DA:90,1
DA:92,1
DA:94,1
DA:96,1
DA:97,1
DA:99,1
DA:105,1
DA:107,1
DA:109,1
DA:111,1
DA:112,1
DA:114,1
DA:117,1
DA:119,1
DA:121,1
DA:123,1
DA:124,1
DA:126,1
DA:129,1
DA:131,1
DA:133,1
DA:135,1
DA:136,1
DA:138,1
LF:59
LH:59
end_of_record
