TN:
SF:/home/lgxZJ/Projects/Tiger-Compiler/Chapter 5/recursiveDecs.c
FN:34,MySemantic_Dec_Type_OnePass
FN:74,MySemantic_Dec_Type_Named_TwoPass
FN:93,updateType_Named
FN:103,processNamedDecErrors
FN:131,MySemantic_Dec_Type_Record_TwoPass
FN:147,updateType_Record
FN:156,makeTypeFieldsFromTyFields_TwoPass
FN:202,MySemantic_Dec_Type_Array_TwoPass
FN:221,updateType_Array
FN:230,processArrayDecErrors
FN:243,MySemantic_Dec_Type_TwoPass
FN:280,MySemantic_Dec_Func_Procedure_OnePass
FN:300,isFuncParamTypesDefined
FN:319,AddOneProcedure_OnePass
FN:324,getTypesFromTyFields
FN:335,AddOneFunc
FN:348,AddOneProcedure
FN:373,MySemantic_Dec_Func_Function_OnePass
FN:400,AddOneFunction_OnePass
FN:404,AddOneFunction
FN:413,processFunctionErrors_OnePass
FN:431,MySemantic_Dec_Func_OnePass
FN:463,MySemantic_Dec_Func_Procedure_TwoPass
FN:485,addFormalsToScope
FN:520,MySemantic_Dec_Func_Function_TwoPass
FN:546,isFunctionReturnTypeMatchesOrNil
FN:559,MySemantic_Dec_Func_TwoPass
FN:581,MySemantic_Dec_FuncOrType_OnePass
FN:595,MySemantic_Dec_FuncOrType_TwoPass
FN:608,MySemantic_Dec_Var_Pass
FN:620,MySemantic_Decs_FuncsOrTypes_OnePass
FN:626,MySemantic_Decs_FuncsOrTypes_TwoPass
FN:632,MySemantic_Decs_Vars_Pass
FN:638,PassTemplate
FN:659,MySemantic_Decs_Recursive
FN:691,copyDecs
FN:710,isAllDecsNamed
FN:722,getNextConsecutivePart
FN:750,detectIllegalRecursive_SameTypeOrFuncDecs
FN:769,detectIllegalRecursive_SameTypeOrFuncDec
FN:782,resetDetectState
FN:796,detectConsecutivelySameFuncOrTypeDec
FN:817,getNameFromFuncDec
FN:827,getNameFromDec
FN:847,detectIllegalRecursive_NamedTypes
FN:869,findRecordAndSetError
FN:880,isSymbolIntOrString
FN:886,addRecord
FNDA:19,MySemantic_Dec_Type_OnePass
FNDA:10,MySemantic_Dec_Type_Named_TwoPass
FNDA:8,updateType_Named
FNDA:2,processNamedDecErrors
FNDA:4,MySemantic_Dec_Type_Record_TwoPass
FNDA:3,updateType_Record
FNDA:7,makeTypeFieldsFromTyFields_TwoPass
FNDA:5,MySemantic_Dec_Type_Array_TwoPass
FNDA:3,updateType_Array
FNDA:2,processArrayDecErrors
FNDA:6,MySemantic_Dec_Type_TwoPass
FNDA:8,MySemantic_Dec_Func_Procedure_OnePass
FNDA:14,isFuncParamTypesDefined
FNDA:7,AddOneProcedure_OnePass
FNDA:14,getTypesFromTyFields
FNDA:11,AddOneFunc
FNDA:7,AddOneProcedure
FNDA:6,MySemantic_Dec_Func_Function_OnePass
FNDA:4,AddOneFunction_OnePass
FNDA:4,AddOneFunction
FNDA:2,processFunctionErrors_OnePass
FNDA:3,MySemantic_Dec_Func_OnePass
FNDA:8,MySemantic_Dec_Func_Procedure_TwoPass
FNDA:15,addFormalsToScope
FNDA:7,MySemantic_Dec_Func_Function_TwoPass
FNDA:6,isFunctionReturnTypeMatchesOrNil
FNDA:3,MySemantic_Dec_Func_TwoPass
FNDA:6,MySemantic_Dec_FuncOrType_OnePass
FNDA:6,MySemantic_Dec_FuncOrType_TwoPass
FNDA:4,MySemantic_Dec_Var_Pass
FNDA:2,MySemantic_Decs_FuncsOrTypes_OnePass
FNDA:2,MySemantic_Decs_FuncsOrTypes_TwoPass
FNDA:2,MySemantic_Decs_Vars_Pass
FNDA:6,PassTemplate
FNDA:7,MySemantic_Decs_Recursive
FNDA:5,copyDecs
FNDA:3,isAllDecsNamed
FNDA:8,getNextConsecutivePart
FNDA:7,detectIllegalRecursive_SameTypeOrFuncDecs
FNDA:17,detectIllegalRecursive_SameTypeOrFuncDec
FNDA:7,resetDetectState
FNDA:13,detectConsecutivelySameFuncOrTypeDec
FNDA:5,getNameFromFuncDec
FNDA:13,getNameFromDec
FNDA:2,detectIllegalRecursive_NamedTypes
FNDA:6,findRecordAndSetError
FNDA:5,isSymbolIntOrString
FNDA:6,addRecord
FNF:48
FNH:48
DA:34,19
DA:36,19
DA:38,19
DA:41,19
DA:44,11
DA:45,11
DA:47,4
DA:48,4
DA:50,4
DA:51,4
DA:54,19
DA:55,19
DA:56,19
DA:74,10
DA:77,10
DA:79,10
DA:80,10
DA:81,10
DA:83,8
DA:84,8
DA:88,2
DA:89,2
DA:93,8
DA:95,8
DA:96,8
DA:98,8
DA:100,8
DA:101,8
DA:103,2
DA:106,2
DA:107,1
DA:109,2
DA:110,1
DA:112,2
DA:131,4
DA:135,4
DA:138,4
DA:140,3
DA:141,3
DA:144,1
DA:147,3
DA:150,3
DA:151,3
DA:152,3
DA:153,3
DA:156,7
DA:159,7
DA:161,4
DA:163,4
DA:165,3
DA:166,3
DA:170,3
DA:172,3
DA:173,3
DA:175,0
DA:179,1
DA:181,1
DA:202,5
DA:205,5
DA:206,5
DA:208,5
DA:210,3
DA:211,3
DA:215,2
DA:217,2
DA:221,3
DA:224,3
DA:225,3
DA:226,3
DA:227,3
DA:228,3
DA:230,2
DA:233,2
DA:234,1
DA:236,2
DA:237,1
DA:239,2
DA:243,6
DA:245,6
DA:246,6
DA:249,6
DA:250,6
DA:252,0
DA:253,0
DA:255,0
DA:256,0
DA:258,0
DA:280,8
DA:283,8
DA:284,8
DA:286,8
DA:288,7
DA:289,7
DA:293,1
DA:296,1
DA:300,14
DA:302,32
DA:304,6
DA:305,6
DA:306,2
DA:308,4
DA:311,12
DA:319,7
DA:321,7
DA:322,7
DA:324,14
DA:326,14
DA:328,3
DA:329,3
DA:330,3
DA:335,11
DA:338,11
DA:341,11
DA:342,11
DA:344,11
DA:346,11
DA:348,7
DA:350,7
DA:352,7
DA:373,6
DA:376,6
DA:377,6
DA:378,6
DA:379,6
DA:381,6
DA:383,4
DA:384,4
DA:388,2
DA:390,2
DA:400,4
DA:402,4
DA:403,4
DA:404,4
DA:406,4
DA:407,4
DA:408,4
DA:409,4
DA:410,4
DA:413,2
DA:416,2
DA:418,2
DA:419,1
DA:422,2
DA:423,1
DA:426,2
DA:431,3
DA:434,3
DA:436,3
DA:439,3
DA:442,0
DA:445,0
DA:463,8
DA:466,8
DA:467,8
DA:469,8
DA:470,8
DA:472,8
DA:474,8
DA:475,7
DA:478,1
DA:481,1
DA:485,15
DA:488,37
DA:490,7
DA:491,7
DA:492,7
DA:494,7
DA:495,7
DA:499,7
DA:501,15
DA:520,7
DA:523,7
DA:524,7
DA:526,7
DA:528,7
DA:529,7
DA:530,6
DA:533,7
DA:535,7
DA:536,5
DA:539,2
DA:542,2
DA:546,6
DA:549,6
DA:550,6
DA:551,6
DA:552,6
DA:553,13
DA:554,3
DA:559,3
DA:562,3
DA:564,3
DA:567,3
DA:570,0
DA:573,0
DA:581,6
DA:583,6
DA:586,3
DA:588,3
DA:590,0
DA:595,6
DA:597,6
DA:600,3
DA:602,3
DA:604,0
DA:608,4
DA:610,4
DA:620,2
DA:623,2
DA:626,2
DA:629,2
DA:632,2
DA:635,2
DA:638,6
DA:641,27
DA:643,16
DA:644,1
DA:645,15
DA:647,5
DA:659,7
DA:662,7
DA:663,7
DA:664,2
DA:668,5
DA:670,13
DA:672,5
DA:674,2
DA:675,1
DA:679,5
DA:680,2
DA:681,1
DA:683,4
DA:684,2
DA:685,0
DA:688,3
DA:691,5
DA:693,5
DA:695,5
DA:697,5
DA:698,23
DA:700,13
DA:701,13
DA:702,21
DA:703,8
DA:705,13
DA:707,5
DA:710,3
DA:712,12
DA:714,13
DA:715,6
DA:716,1
DA:717,6
DA:719,2
DA:722,8
DA:724,8
DA:726,5
DA:727,26
DA:728,8
DA:729,8
DA:731,5
DA:732,0
DA:734,5
DA:750,7
DA:752,29
DA:754,17
DA:756,2
DA:757,2
DA:759,15
DA:761,5
DA:762,5
DA:769,17
DA:771,17
DA:773,4
DA:774,4
DA:775,4
DA:778,13
DA:782,7
DA:784,7
DA:785,7
DA:786,7
DA:796,13
DA:799,13
DA:800,13
DA:802,21
DA:803,8
DA:805,2
DA:807,2
DA:811,11
DA:812,11
DA:813,11
DA:817,5
DA:819,5
DA:821,0
DA:822,5
DA:823,0
DA:827,13
DA:829,13
DA:832,8
DA:834,5
DA:835,0
DA:847,2
DA:849,2
DA:850,2
DA:852,9
DA:854,6
DA:855,6
DA:856,1
DA:858,5
DA:859,4
DA:860,5
DA:861,2
DA:862,2
DA:864,5
DA:866,1
DA:869,6
DA:871,6
DA:873,1
DA:875,1
DA:877,5
DA:880,5
DA:882,9
DA:883,4
DA:886,6
DA:888,6
DA:889,6
DA:890,6
LF:326
LH:309
end_of_record
