TN:
SF:/home/lgxZJ/Projects/Tiger-Compiler/Chapter 5/recursiveFile.c
FN:27,isTypeDefined
FN:34,getActualType
FN:54,MySemantic_Dec_Type_OnePass
FN:81,MySemantic_Dec_Func_Procedure_OnePass
FN:101,AddOneProcedure_OnePass
FN:127,MySemantic_Dec_Func_Function_OnePass
FN:148,AddOneFunction_OnePass
FN:154,processFunctionErrors_OnePass
FN:172,MySemantic_Dec_Func_OnePass
FN:193,MySemantic_FuncOrType_OnePass
FN:217,MySemantic_Dec_Type_Named_TwoPass
FN:250,MySemantic_Dec_Type_Record_TwoPass
FN:278,MySemantic_Dec_Type_Array_TwoPass
FN:297,MySemantic_Dec_Type_TwoPass
FN:318,MySemantic_FuncOrType_TwoPass
FN:333,PassTemplate
FN:346,MySemantic_FuncsOrTypes_OnePass
FN:353,MySemantic_FuncsOrTypes_TwoPass
FN:360,MySemantic_Decs_Recursive
FNDA:7,isTypeDefined
FNDA:1,getActualType
FNDA:4,MySemantic_Dec_Type_OnePass
FNDA:2,MySemantic_Dec_Func_Procedure_OnePass
FNDA:1,AddOneProcedure_OnePass
FNDA:3,MySemantic_Dec_Func_Function_OnePass
FNDA:1,AddOneFunction_OnePass
FNDA:2,processFunctionErrors_OnePass
FNDA:0,MySemantic_Dec_Func_OnePass
FNDA:0,MySemantic_FuncOrType_OnePass
FNDA:2,MySemantic_Dec_Type_Named_TwoPass
FNDA:2,MySemantic_Dec_Type_Record_TwoPass
FNDA:2,MySemantic_Dec_Type_Array_TwoPass
FNDA:0,MySemantic_Dec_Type_TwoPass
FNDA:0,MySemantic_FuncOrType_TwoPass
FNDA:0,PassTemplate
FNDA:0,MySemantic_FuncsOrTypes_OnePass
FNDA:0,MySemantic_FuncsOrTypes_TwoPass
FNDA:0,MySemantic_Decs_Recursive
FNF:19
FNH:11
DA:27,7
DA:29,7
DA:31,7
DA:34,1
DA:36,1
DA:37,2
DA:39,0
DA:41,1
DA:54,4
DA:56,4
DA:58,4
DA:59,4
DA:60,4
DA:61,4
DA:81,2
DA:84,2
DA:85,2
DA:87,2
DA:89,1
DA:90,1
DA:94,1
DA:97,1
DA:101,1
DA:104,1
DA:105,1
DA:127,3
DA:130,3
DA:131,3
DA:132,3
DA:133,3
DA:135,3
DA:137,1
DA:138,1
DA:142,2
DA:144,2
DA:148,1
DA:151,1
DA:152,1
DA:154,2
DA:157,2
DA:159,2
DA:160,1
DA:163,2
DA:164,1
DA:167,2
DA:172,0
DA:175,0
DA:177,0
DA:180,0
DA:183,0
DA:186,0
DA:193,0
DA:195,0
DA:198,0
DA:200,0
DA:202,0
DA:217,2
DA:220,2
DA:222,2
DA:224,1
DA:225,1
DA:227,1
DA:229,1
DA:233,1
DA:235,1
DA:250,2
DA:253,2
DA:255,2
DA:256,1
DA:259,1
DA:261,1
DA:263,1
DA:278,2
DA:281,2
DA:283,1
DA:284,1
DA:285,1
DA:286,1
DA:290,1
DA:292,1
DA:297,0
DA:300,0
DA:301,0
DA:304,0
DA:305,0
DA:307,0
DA:308,0
DA:313,0
DA:318,0
DA:320,0
DA:323,0
DA:327,0
DA:333,0
DA:337,0
DA:339,0
DA:340,0
DA:341,0
DA:343,0
DA:346,0
DA:349,0
DA:353,0
DA:356,0
DA:360,0
DA:366,0
LF:104
LH:68
end_of_record
