TN:
SF:/home/lgxZJ/Projects/Tiger-Compiler/Chapter 6/myEnvironment.c
FN:22,myEnvironment_makeVarEntry
FN:36,myEnvironment_makeFuncEntry
FN:53,myEnvironment_isVarEntry
FN:58,myEnvironment_isFuncEntry
FN:64,MyEnvironment_addNewVarOrFunc
FN:70,MyEnvironment_addNewType
FN:77,MyEnvironment_getVarOrFuncFromName
FN:83,MyEnvironment_getVarType
FN:91,MyEnvironment_getTypeFromName
FN:98,MyEnvironment_getFuncFormalTypes
FN:106,MyEnvironment_getFuncReturnType
FN:113,MyEnvironment_setTypeFromName
FN:125,myEnvironment_BaseVarAndFunc
FN:223,myEnvironment_BaseType
FNDA:2,myEnvironment_makeVarEntry
FNDA:21,myEnvironment_makeFuncEntry
FNDA:2,myEnvironment_isVarEntry
FNDA:3,myEnvironment_isFuncEntry
FNDA:1,MyEnvironment_addNewVarOrFunc
FNDA:2,MyEnvironment_addNewType
FNDA:1,MyEnvironment_getVarOrFuncFromName
FNDA:1,MyEnvironment_getVarType
FNDA:2,MyEnvironment_getTypeFromName
FNDA:1,MyEnvironment_getFuncFormalTypes
FNDA:1,MyEnvironment_getFuncReturnType
FNDA:1,MyEnvironment_setTypeFromName
FNDA:2,myEnvironment_BaseVarAndFunc
FNDA:3,myEnvironment_BaseType
FNF:14
FNH:14
DA:22,2
DA:25,2
DA:27,2
DA:29,2
DA:30,2
DA:31,2
DA:33,2
DA:36,21
DA:40,21
DA:42,21
DA:44,21
DA:45,21
DA:46,21
DA:47,21
DA:48,21
DA:50,21
DA:53,2
DA:55,2
DA:58,3
DA:60,3
DA:64,1
DA:67,1
DA:68,1
DA:70,2
DA:73,2
DA:74,2
DA:77,1
DA:80,1
DA:83,1
DA:85,1
DA:86,1
DA:87,1
DA:91,2
DA:94,2
DA:98,1
DA:100,1
DA:101,1
DA:102,1
DA:106,1
DA:108,1
DA:109,1
DA:110,1
DA:113,1
DA:116,1
DA:117,1
DA:118,1
DA:125,2
DA:127,2
DA:128,2
DA:131,2
DA:136,2
DA:139,2
DA:144,2
DA:148,2
DA:153,2
DA:156,2
DA:161,2
DA:164,2
DA:169,2
DA:172,2
DA:177,2
DA:180,2
DA:189,2
DA:192,2
DA:201,2
DA:204,2
DA:209,2
DA:212,2
DA:217,2
DA:219,2
DA:223,3
DA:225,3
DA:226,3
DA:228,3
DA:230,3
DA:232,3
DA:233,3
DA:235,3
LF:78
LH:78
end_of_record
